epoch,loss,mean_absolute_error,val_loss,val_mean_absolute_error
0,0.060329798609018326,0.060329798609018326,0.7291042804718018,0.7291042804718018
1,0.034189701080322266,0.034189701080322266,0.6686733365058899,0.6686733365058899
2,0.03063361719250679,0.03063361719250679,0.6394439935684204,0.6394439935684204
3,0.029538601636886597,0.029538605362176895,0.5631675124168396,0.5631675124168396
4,0.030462298542261124,0.030462298542261124,0.4203549027442932,0.4203549027442932
5,0.026801053434610367,0.026801053434610367,0.30854877829551697,0.30854877829551697
6,0.026117203757166862,0.026117203757166862,0.28232941031455994,0.28232938051223755
7,0.022894833236932755,0.022894833236932755,0.21433107554912567,0.21433107554912567
8,0.023656288161873817,0.023656288161873817,0.0889454111456871,0.0889454111456871
9,0.025630351155996323,0.025630351155996323,0.07452233880758286,0.07452233135700226
10,0.02820233255624771,0.02820233255624771,0.06411883980035782,0.06411883980035782
11,0.022463276982307434,0.022463276982307434,0.06076542288064957,0.06076542288064957
12,0.023917512968182564,0.023917512968182564,0.09308569878339767,0.09308569878339767
13,0.021867336705327034,0.021867336705327034,0.08693959563970566,0.08693959563970566
14,0.021212154999375343,0.021212154999375343,0.13420961797237396,0.13420961797237396
15,0.022247953340411186,0.022247953340411186,0.08084218204021454,0.08084218204021454
16,0.022006452083587646,0.022006452083587646,0.18421867489814758,0.18421867489814758
17,0.02198168635368347,0.02198168635368347,0.06373254954814911,0.06373254954814911
18,0.020041028037667274,0.020041028037667274,0.17401403188705444,0.17401403188705444
19,0.02307664416730404,0.02307664416730404,0.09457774460315704,0.09457774460315704
20,0.018853988498449326,0.018853988498449326,0.04250171408057213,0.04250171408057213
21,0.019598888233304024,0.019598888233304024,0.0999097228050232,0.0999097228050232
22,0.022066956385970116,0.022066956385970116,0.08590849488973618,0.08590849488973618
23,0.019937308505177498,0.019937308505177498,0.10585606843233109,0.10585606843233109
24,0.019792979583144188,0.019792979583144188,0.11698328703641891,0.11698328703641891
25,0.021323006600141525,0.021323006600141525,0.12656503915786743,0.12656503915786743
26,0.01953209564089775,0.01953209564089775,0.08380484580993652,0.08380484580993652
27,0.01960722915828228,0.01960722915828228,0.07905279844999313,0.07905279844999313
28,0.018385760486125946,0.018385760486125946,0.08077932894229889,0.08077932894229889
29,0.02165345661342144,0.02165345661342144,0.10498441755771637,0.10498441755771637
30,0.019541533663868904,0.019541533663868904,0.04456731677055359,0.04456731677055359
31,0.018567128106951714,0.018567128106951714,0.12597814202308655,0.12597814202308655
32,0.019631216302514076,0.019631216302514076,0.23203028738498688,0.23203028738498688
33,0.02107827551662922,0.02107827551662922,0.043937161564826965,0.043937161564826965
34,0.019337216392159462,0.019337216392159462,0.09849105030298233,0.09849105030298233
35,0.01963972859084606,0.01963972859084606,0.1519269049167633,0.1519269049167633
36,0.018531573936343193,0.018531573936343193,0.1425621062517166,0.1425621062517166
37,0.018607808277010918,0.018607808277010918,0.12059963494539261,0.12059963494539261
38,0.018854597583413124,0.018854597583413124,0.10236755013465881,0.10236755013465881
39,0.019004562869668007,0.019004562869668007,0.10838290303945541,0.10838290303945541
40,0.018254254013299942,0.018254254013299942,0.14084261655807495,0.14084261655807495
41,0.016984732821583748,0.016984732821583748,0.06990549713373184,0.06990549713373184
42,0.0169569943100214,0.0169569943100214,0.14555150270462036,0.14555150270462036
43,0.018224017694592476,0.018224017694592476,0.18176992237567902,0.18176992237567902
44,0.017403414472937584,0.017403414472937584,0.13832129538059235,0.13832129538059235
45,0.018170077353715897,0.018170077353715897,0.21421824395656586,0.21421824395656586
0,0.12464982271194458,0.12464982271194458,0.7031674385070801,0.7031674385070801
1,0.046346742659807205,0.046346742659807205,0.7145684361457825,0.7145684361457825
2,0.03277552127838135,0.03277552127838135,0.7094082236289978,0.7094082236289978
3,0.0317169725894928,0.0317169725894928,0.6897104382514954,0.6897104382514954
4,0.02521892637014389,0.02521892637014389,0.6983411312103271,0.6983411312103271
5,0.02439909428358078,0.02439909428358078,0.6931812167167664,0.6931812167167664
6,0.023163985460996628,0.023163985460996628,0.6797987222671509,0.6797987222671509
7,0.02252490259706974,0.02252490259706974,0.691112220287323,0.691112220287323
8,0.021318111568689346,0.021318111568689346,0.6805217266082764,0.6805217266082764
9,0.02329273335635662,0.02329273335635662,0.6835428476333618,0.6835428476333618
10,0.018609387800097466,0.018609387800097466,0.6740947365760803,0.6740947365760803
11,0.022687437012791634,0.022687437012791634,0.6774669289588928,0.6774669289588928
12,0.019011128693819046,0.019011128693819046,0.6809614896774292,0.6809614896774292
13,0.0189947709441185,0.0189947709441185,0.6743867993354797,0.6743867993354797
14,0.020519863814115524,0.020519863814115524,0.6727212071418762,0.6727212071418762
15,0.023275893181562424,0.023275893181562424,0.6723323464393616,0.6723323464393616
16,0.019679594784975052,0.019679594784975052,0.6577317714691162,0.6577317714691162
17,0.019149405881762505,0.019149405881762505,0.6497654318809509,0.6497654318809509
18,0.020145665854215622,0.020145665854215622,0.6527973413467407,0.6527973413467407
19,0.017333120107650757,0.017333120107650757,0.6493379473686218,0.6493379473686218
20,0.017414066940546036,0.017414066940546036,0.6479964256286621,0.6479964256286621
21,0.018684646114706993,0.018684646114706993,0.644071102142334,0.644071102142334
22,0.01926160417497158,0.01926160417497158,0.6342283487319946,0.6342283487319946
23,0.018047694116830826,0.018047694116830826,0.6382195353507996,0.6382195353507996
24,0.017333701252937317,0.017333701252937317,0.631037175655365,0.631037175655365
25,0.0179836917668581,0.0179836917668581,0.6310535073280334,0.6310535073280334
26,0.021032361313700676,0.021032361313700676,0.6073470115661621,0.6073470115661621
27,0.01814696192741394,0.01814696192741394,0.6057602763175964,0.6057602763175964
28,0.017850836738944054,0.017850836738944054,0.6131097674369812,0.6131097674369812
29,0.018224889412522316,0.018224889412522316,0.5865595936775208,0.5865595936775208
30,0.01975799724459648,0.01975799724459648,0.5798213481903076,0.5798213481903076
31,0.017827322706580162,0.017827322706580162,0.58196622133255,0.58196622133255
32,0.020289702340960503,0.020289702340960503,0.5812010765075684,0.5812010765075684
33,0.019718920812010765,0.019718920812010765,0.5511307716369629,0.5511307716369629
34,0.017814399674534798,0.017814399674534798,0.5271163582801819,0.5271163582801819
35,0.022521497681736946,0.022521497681736946,0.5389077663421631,0.5389077663421631
36,0.01694224588572979,0.01694224588572979,0.5284664630889893,0.5284664630889893
37,0.016870370134711266,0.016870370134711266,0.5078834295272827,0.5078834295272827
38,0.016230115666985512,0.016230115666985512,0.50900799036026,0.5090079307556152
39,0.016067739576101303,0.016067739576101303,0.49048635363578796,0.49048635363578796
40,0.017751051113009453,0.017751051113009453,0.4983302652835846,0.4983302652835846
41,0.020533611997961998,0.020533611997961998,0.44346553087234497,0.44346553087234497
42,0.01840350031852722,0.01840350031852722,0.4504656493663788,0.4504656493663788
43,0.017372211441397667,0.017372211441397667,0.44549068808555603,0.44549068808555603
44,0.014569378457963467,0.014569378457963467,0.439403772354126,0.439403772354126
45,0.017230087891221046,0.017230087891221046,0.4107082784175873,0.4107082784175873
46,0.014599750749766827,0.014599750749766827,0.40891367197036743,0.40891367197036743
47,0.01606256701052189,0.01606256701052189,0.3958497941493988,0.3958497941493988
48,0.015153655782341957,0.015153655782341957,0.36474859714508057,0.36474859714508057
49,0.016189245507121086,0.016189245507121086,0.35088488459587097,0.35088488459587097
50,0.019657718017697334,0.019657718017697334,0.3755517303943634,0.3755517303943634
51,0.017104756087064743,0.017104756087064743,0.3380902409553528,0.3380902409553528
52,0.016240108758211136,0.016240108758211136,0.31689417362213135,0.31689417362213135
53,0.015870481729507446,0.015870481729507446,0.31837326288223267,0.31837326288223267
54,0.016521545127034187,0.016521545127034187,0.3143446743488312,0.3143446743488312
55,0.016556955873966217,0.016556955873966217,0.29000288248062134,0.29000288248062134
56,0.016784578561782837,0.016784578561782837,0.31595292687416077,0.31595292687416077
57,0.015558237209916115,0.015558237209916115,0.2858944535255432,0.2858944535255432
58,0.017840661108493805,0.017840661108493805,0.2302566021680832,0.2302566021680832
59,0.017133940011262894,0.017133940011262894,0.24956655502319336,0.24956655502319336
60,0.01715465821325779,0.01715465821325779,0.2501499354839325,0.2501499056816101
61,0.01401449553668499,0.01401449553668499,0.2400476336479187,0.2400476336479187
62,0.014131413772702217,0.014131413772702217,0.21504119038581848,0.21504119038581848
63,0.015576433390378952,0.015576433390378952,0.2527080476284027,0.2527080476284027
64,0.014532806351780891,0.014532806351780891,0.20723778009414673,0.20723778009414673
65,0.01703881472349167,0.01703881472349167,0.17691916227340698,0.17691916227340698
66,0.015923215076327324,0.015923215076327324,0.1955386996269226,0.1955386996269226
67,0.015832414850592613,0.015832414850592613,0.18282699584960938,0.18282699584960938
68,0.013937504030764103,0.013937504030764103,0.18432140350341797,0.18432140350341797
69,0.013920819386839867,0.013920819386839867,0.20526453852653503,0.20526453852653503
70,0.015018866397440434,0.015018866397440434,0.1625259667634964,0.1625259667634964
71,0.014964696019887924,0.014964696019887924,0.1461733877658844,0.1461733877658844
72,0.01654687523841858,0.01654687523841858,0.1793031245470047,0.1793031245470047
73,0.01600554771721363,0.01600554771721363,0.2088729441165924,0.2088729441165924
74,0.014203286729753017,0.014203286729753017,0.14128409326076508,0.14128409326076508
75,0.015401864424347878,0.015401864424347878,0.1424543261528015,0.1424543261528015
76,0.01543869636952877,0.01543869636952877,0.1642589569091797,0.1642589569091797
77,0.01668131723999977,0.01668131723999977,0.1717304289340973,0.1717304289340973
78,0.015215685591101646,0.015215685591101646,0.14916914701461792,0.14916914701461792
79,0.014302242547273636,0.014302242547273636,0.15834954380989075,0.15834954380989075
80,0.01418262254446745,0.01418262254446745,0.12620262801647186,0.12620262801647186
81,0.014868983998894691,0.014868983998894691,0.14548352360725403,0.14548352360725403
82,0.014509697444736958,0.014509697444736958,0.16471995413303375,0.16471995413303375
83,0.01630244590342045,0.01630244590342045,0.15736077725887299,0.15736077725887299
84,0.018641052767634392,0.018641052767634392,0.12297606468200684,0.12297606468200684
85,0.015087147243320942,0.015087147243320942,0.12099583446979523,0.12099583446979523
86,0.015937717631459236,0.015937717631459236,0.1498476266860962,0.1498476266860962
87,0.014627015218138695,0.014627015218138695,0.15155841410160065,0.15155841410160065
88,0.01393334660679102,0.01393334660679102,0.15050306916236877,0.15050306916236877
89,0.014254709705710411,0.014254709705710411,0.12659314274787903,0.12659314274787903
90,0.014231047593057156,0.014231047593057156,0.15678918361663818,0.15678918361663818
91,0.014512870460748672,0.014512870460748672,0.15136034786701202,0.15136034786701202
92,0.01586899906396866,0.01586899906396866,0.13363532721996307,0.13363532721996307
93,0.015213015489280224,0.015213015489280224,0.13160693645477295,0.13160693645477295
94,0.014585280790925026,0.014585280790925026,0.11145932972431183,0.11145932972431183
95,0.01686359941959381,0.01686359941959381,0.13494229316711426,0.13494229316711426
96,0.014769328758120537,0.014769328758120537,0.13996665179729462,0.13996665179729462
97,0.014841493219137192,0.014841493219137192,0.1288793683052063,0.1288793683052063
98,0.014411795884370804,0.014411795884370804,0.12020464986562729,0.12020464986562729
99,0.015968946740031242,0.015968946740031242,0.06973499804735184,0.06973499804735184
100,0.0163070410490036,0.0163070410490036,0.1537449210882187,0.1537449210882187
101,0.014877917245030403,0.014877917245030403,0.12263496220111847,0.12263496220111847
102,0.014001482166349888,0.014001482166349888,0.11415910720825195,0.11415910720825195
103,0.013180029578506947,0.013180029578506947,0.14979593455791473,0.14979593455791473
104,0.013872960582375526,0.013872960582375526,0.09663062542676926,0.09663062542676926
105,0.014511245302855968,0.014511245302855968,0.13614419102668762,0.13614419102668762
106,0.014441581442952156,0.014441581442952156,0.14209546148777008,0.14209546148777008
107,0.013715961016714573,0.013715961016714573,0.14300446212291718,0.14300446212291718
108,0.014372185803949833,0.014372185803949833,0.15985049307346344,0.15985049307346344
109,0.014299828559160233,0.014299828559160233,0.11951116472482681,0.11951116472482681
110,0.01419083122164011,0.01419083122164011,0.09623569995164871,0.09623569995164871
111,0.01611652411520481,0.01611652411520481,0.13640587031841278,0.13640587031841278
112,0.0165528766810894,0.0165528766810894,0.1281602531671524,0.1281602531671524
113,0.01443779468536377,0.01443779468536377,0.13242946565151215,0.13242946565151215
114,0.013852863572537899,0.013852863572537899,0.12261812388896942,0.12261812388896942
115,0.01772819459438324,0.01772819459438324,0.09217433631420135,0.09217433631420135
116,0.015521809458732605,0.015521809458732605,0.13496816158294678,0.13496816158294678
117,0.014962177723646164,0.014962177723646164,0.13907960057258606,0.13907960057258606
118,0.013887683860957623,0.013887683860957623,0.11056061834096909,0.11056061834096909
119,0.013517147861421108,0.013517147861421108,0.11336266249418259,0.11336266249418259
120,0.013903356157243252,0.013903356157243252,0.11914072185754776,0.11914072185754776
121,0.013280841521918774,0.013280841521918774,0.12817591428756714,0.12817591428756714
122,0.013323632068932056,0.013323632068932056,0.14801807701587677,0.14801807701587677
123,0.014011513441801071,0.014011513441801071,0.1319640874862671,0.1319640874862671
124,0.012713737785816193,0.012713737785816193,0.09694591909646988,0.09694591909646988
