epoch,loss,mean_absolute_error,val_loss,val_mean_absolute_error
0,0.11863306909799576,0.11863306909799576,0.05542436242103577,0.05542436242103577
1,0.06957544386386871,0.06957544386386871,0.10165179520845413,0.10165179520845413
2,0.05533985793590546,0.05533985793590546,0.05592023581266403,0.05592023581266403
3,0.04682072624564171,0.04682072624564171,0.07887137681245804,0.07887137681245804
4,0.04732641577720642,0.04732641577720642,0.08184706419706345,0.08184706419706345
5,0.04811492934823036,0.04811492934823036,0.05526496097445488,0.05526496097445488
6,0.041896454989910126,0.041896454989910126,0.07319415360689163,0.07319415360689163
7,0.043190401047468185,0.043190401047468185,0.06806971877813339,0.06806971877813339
8,0.04451342299580574,0.04451342299580574,0.05792189761996269,0.05792189761996269
9,0.04428200051188469,0.04428200051188469,0.06965024024248123,0.06965024769306183
10,0.04097563028335571,0.04097563028335571,0.07257959246635437,0.07257959991693497
11,0.0437619648873806,0.0437619648873806,0.07601549476385117,0.07601549476385117
12,0.03947298973798752,0.03947298973798752,0.06776322424411774,0.06776322424411774
13,0.03950952738523483,0.03950952738523483,0.060990359634160995,0.060990359634160995
14,0.037430547177791595,0.037430547177791595,0.06305946409702301,0.06305946409702301
15,0.039697546511888504,0.039697546511888504,0.051427211612463,0.051427211612463
16,0.03620614856481552,0.03620614856481552,0.05739215761423111,0.05739215761423111
17,0.039494842290878296,0.039494842290878296,0.05592355504631996,0.05592355504631996
18,0.03997430205345154,0.03997430205345154,0.06702820211648941,0.06702820211648941
19,0.03647121414542198,0.03647121414542198,0.06887471675872803,0.06887470930814743
20,0.03811414912343025,0.03811414912343025,0.07813459634780884,0.07813459634780884
21,0.04682578146457672,0.04682578146457672,0.05884430184960365,0.05884430184960365
22,0.040582310408353806,0.040582310408353806,0.062497127801179886,0.062497127801179886
23,0.04302800074219704,0.04302800074219704,0.059681057929992676,0.059681057929992676
24,0.03623923659324646,0.03623923659324646,0.05330728366971016,0.05330728366971016
25,0.038156528025865555,0.038156528025865555,0.06735305488109589,0.06735305488109589
26,0.037385277450084686,0.037385277450084686,0.05227045342326164,0.052270449697971344
27,0.035206809639930725,0.035206809639930725,0.06307605654001236,0.06307605654001236
28,0.04031822830438614,0.04031822830438614,0.054821766912937164,0.054821766912937164
29,0.03781616687774658,0.03781616687774658,0.05856878682971001,0.05856878682971001
30,0.037700455635786057,0.037700455635786057,0.06803110241889954,0.06803110241889954
31,0.03755049407482147,0.03755049407482147,0.05805111676454544,0.05805111676454544
32,0.035998325794935226,0.035998325794935226,0.05087509751319885,0.05087509751319885
33,0.034557171165943146,0.034557171165943146,0.05759234353899956,0.05759234353899956
34,0.037142038345336914,0.037142038345336914,0.08295842260122299,0.08295842260122299
35,0.03886570408940315,0.03886570408940315,0.05881379172205925,0.05881379172205925
36,0.035246070474386215,0.035246070474386215,0.07500405609607697,0.07500405609607697
37,0.03552327677607536,0.03552327677607536,0.05755258724093437,0.05755258724093437
38,0.034212492406368256,0.034212492406368256,0.05121404305100441,0.05121404305100441
39,0.03626084700226784,0.03626084700226784,0.06591032445430756,0.06591032445430756
40,0.03980351239442825,0.03980351239442825,0.06678114086389542,0.06678114086389542
41,0.034505028277635574,0.034505028277635574,0.07339105755090714,0.07339105755090714
42,0.03821065276861191,0.03821065276861191,0.050873540341854095,0.0508735366165638
43,0.03926077485084534,0.03926077485084534,0.06293091922998428,0.06293091922998428
44,0.036459099501371384,0.036459099501371384,0.06574045866727829,0.06574045866727829
45,0.0340765118598938,0.0340765118598938,0.0453580841422081,0.0453580841422081
46,0.035250551998615265,0.035250551998615265,0.05940892919898033,0.05940892919898033
47,0.035386472940444946,0.035386472940444946,0.04989397153258324,0.04989397153258324
48,0.03706337884068489,0.03706337884068489,0.05929437279701233,0.05929437279701233
49,0.03740112856030464,0.03740112856030464,0.04915629327297211,0.04915629327297211
50,0.033825140446424484,0.033825140446424484,0.06336326897144318,0.06336326897144318
51,0.03398062661290169,0.03398062661290169,0.058884669095277786,0.058884669095277786
52,0.03700893744826317,0.03700893744826317,0.05899571254849434,0.05899571254849434
53,0.03787001222372055,0.03787001222372055,0.07855851948261261,0.07855851948261261
54,0.03632107749581337,0.03632107749581337,0.04808758199214935,0.04808758199214935
55,0.035319000482559204,0.035319000482559204,0.062424588948488235,0.06242459639906883
56,0.03518427163362503,0.03518427163362503,0.0666256994009018,0.0666256994009018
57,0.034181538969278336,0.034181538969278336,0.05169675126671791,0.05169675126671791
58,0.039052192121744156,0.039052192121744156,0.052501194179058075,0.052501194179058075
59,0.03447352722287178,0.03447352722287178,0.05398721992969513,0.05398721992969513
60,0.033953361213207245,0.033953361213207245,0.05364203453063965,0.05364202335476875
61,0.03154695779085159,0.03154695779085159,0.05804581940174103,0.05804581940174103
62,0.032502032816410065,0.032502032816410065,0.04768191650509834,0.04768191650509834
63,0.03641276806592941,0.03641276806592941,0.060344044119119644,0.060344044119119644
64,0.03279251977801323,0.03279251977801323,0.04792437329888344,0.04792437329888344
65,0.036097388714551926,0.036097388714551926,0.055430375039577484,0.055430375039577484
66,0.0346243791282177,0.0346243791282177,0.058185312896966934,0.058185312896966934
67,0.03375815600156784,0.03375815600156784,0.05394325777888298,0.05394325777888298
68,0.03426386043429375,0.03426386043429375,0.053283169865608215,0.053283169865608215
69,0.034512959420681,0.034512959420681,0.06544113904237747,0.06544113904237747
70,0.03342767804861069,0.03342767804861069,0.04488259553909302,0.04488259553909302
71,0.03508731722831726,0.03508731722831726,0.052460312843322754,0.052460312843322754
72,0.0324847511947155,0.0324847511947155,0.0503881461918354,0.0503881461918354
73,0.03244321793317795,0.03244321793317795,0.05700534209609032,0.05700533464550972
74,0.03505733609199524,0.03505733609199524,0.04982345551252365,0.04982345551252365
75,0.03521983325481415,0.03521983325481415,0.05004173144698143,0.05004173144698143
76,0.033985864371061325,0.033985864371061325,0.04900374636054039,0.04900374636054039
77,0.03370584920048714,0.03370584920048714,0.06283470243215561,0.06283470243215561
78,0.032453447580337524,0.032453447580337524,0.047226130962371826,0.047226130962371826
79,0.03530941158533096,0.03530941158533096,0.06539984792470932,0.06539984792470932
80,0.035417623817920685,0.035417623817920685,0.062013186514377594,0.062013186514377594
81,0.032856255769729614,0.032856255769729614,0.05076482892036438,0.05076482892036438
82,0.03494345769286156,0.03494345769286156,0.04859594628214836,0.04859594628214836
83,0.03527342528104782,0.03527342528104782,0.04649069160223007,0.04649069160223007
84,0.03422805666923523,0.03422805666923523,0.05744408443570137,0.05744408443570137
85,0.03422015160322189,0.03422015160322189,0.0548342764377594,0.0548342764377594
86,0.033834557980298996,0.033834557980298996,0.04982731491327286,0.04982731491327286
87,0.031805284321308136,0.031805284321308136,0.05820561572909355,0.05820561572909355
88,0.03358547016978264,0.03358547016978264,0.04586561769247055,0.04586561769247055
89,0.03307728469371796,0.03307728469371796,0.06345093995332718,0.06345093995332718
90,0.0320342481136322,0.0320342481136322,0.053577616810798645,0.053577616810798645
91,0.032919593155384064,0.032919593155384064,0.049663811922073364,0.049663811922073364
92,0.033007435500621796,0.033007435500621796,0.04925186187028885,0.04925186559557915
93,0.03519478067755699,0.03519478067755699,0.04563946649432182,0.04563946649432182
94,0.035488929599523544,0.035488929599523544,0.050026096403598785,0.050026096403598785
95,0.03372641280293465,0.03372641280293465,0.06820032745599747,0.06820032745599747
0,0.42677807807922363,0.42677807807922363,0.2888867259025574,0.2888867259025574
1,0.35174065828323364,0.35174065828323364,0.19341039657592773,0.19341039657592773
2,0.2309514880180359,0.2309514880180359,0.07621092349290848,0.07621092349290848
3,0.11541177332401276,0.11541177332401276,0.17922960221767426,0.17922960221767426
4,0.11530488729476929,0.11530488729476929,0.07703990489244461,0.07703990489244461
5,0.10450617223978043,0.10450617223978043,0.06846898794174194,0.06846898794174194
6,0.09549254179000854,0.09549254179000854,0.06576930731534958,0.06576930731534958
7,0.07787468284368515,0.07787468284368515,0.07282056659460068,0.07282056659460068
8,0.0653248056769371,0.0653248056769371,0.058430589735507965,0.058430589735507965
9,0.05986259505152702,0.05986259505152702,0.05394440516829491,0.05394440516829491
10,0.05434538796544075,0.05434538796544075,0.05609419569373131,0.05609419569373131
11,0.05110804736614227,0.05110804736614227,0.06347835808992386,0.06347835808992386
12,0.050096239894628525,0.050096239894628525,0.06061562895774841,0.06061562895774841
13,0.04907624050974846,0.04907624050974846,0.06730248779058456,0.06730248779058456
14,0.04782331734895706,0.04782331734895706,0.07066170871257782,0.07066170871257782
15,0.04828678444027901,0.04828678444027901,0.06758279353380203,0.06758279353380203
16,0.04602603614330292,0.04602603614330292,0.0720205083489418,0.0720205083489418
17,0.044950466603040695,0.044950466603040695,0.07057768851518631,0.07057768851518631
18,0.04459360986948013,0.04459360986948013,0.069526307284832,0.069526307284832
19,0.04417341202497482,0.04417341202497482,0.06353019922971725,0.06353019922971725
20,0.04239553585648537,0.04239553585648537,0.05881796404719353,0.05881796404719353
21,0.0428955964744091,0.0428955964744091,0.06009837985038757,0.06009837985038757
22,0.04078858718276024,0.04078858718276024,0.06530048698186874,0.06530048698186874
23,0.040749095380306244,0.040749095380306244,0.058465626090765,0.058465626090765
24,0.03998780995607376,0.03998780995607376,0.07082430273294449,0.07082430273294449
25,0.04146987572312355,0.04146987572312355,0.05292448401451111,0.05292448401451111
26,0.038430411368608475,0.038430411368608475,0.06087540462613106,0.06087540462613106
27,0.0394282341003418,0.0394282341003418,0.055030833929777145,0.055030833929777145
28,0.03761424496769905,0.03761424496769905,0.05186920613050461,0.05186920613050461
29,0.03985024616122246,0.03985024616122246,0.052859846502542496,0.052859846502542496
30,0.03919997438788414,0.03919997438788414,0.06412407010793686,0.06412407010793686
31,0.04128112643957138,0.04128112643957138,0.052179966121912,0.052179966121912
32,0.03596345707774162,0.03596345707774162,0.05822699889540672,0.05822699889540672
33,0.03649420291185379,0.03649420291185379,0.051214732229709625,0.051214732229709625
34,0.038749758154153824,0.038749758154153824,0.06595516949892044,0.06595516949892044
35,0.041170112788677216,0.041170112788677216,0.049471739679574966,0.049471739679574966
36,0.04237449914216995,0.04237449914216995,0.05910663679242134,0.05910663679242134
37,0.038061268627643585,0.038061268627643585,0.05829446390271187,0.05829446390271187
38,0.03692268580198288,0.03692268580198288,0.0554390512406826,0.0554390512406826
39,0.038409993052482605,0.038409993052482605,0.059984464198350906,0.059984464198350906
40,0.036531176418066025,0.036531176418066025,0.05031413957476616,0.05031413957476616
41,0.03709503635764122,0.03709503635764122,0.06051667779684067,0.06051667779684067
42,0.03667139261960983,0.03667139261960983,0.04937098175287247,0.04937098175287247
43,0.037677038460969925,0.037677038460969925,0.05101373791694641,0.05101373791694641
44,0.03437896817922592,0.03437896817922592,0.04897676035761833,0.04897676035761833
45,0.03682293742895126,0.03682293742895126,0.05494651198387146,0.05494651198387146
46,0.03480368107557297,0.03480368107557297,0.048713065683841705,0.048713065683841705
47,0.034481775015592575,0.034481775015592575,0.04969125613570213,0.04969125613570213
48,0.03572636842727661,0.03572636842727661,0.04772968217730522,0.04772968217730522
49,0.03866277262568474,0.03866277262568474,0.058348700404167175,0.058348700404167175
50,0.04063352942466736,0.04063352942466736,0.04765350744128227,0.04765350744128227
51,0.03778199851512909,0.03778199851512909,0.05665075033903122,0.05665075033903122
52,0.03784220665693283,0.03784220665693283,0.05038025975227356,0.05038025975227356
53,0.03674059361219406,0.03674059361219406,0.05415990576148033,0.05415990576148033
54,0.035611022263765335,0.035611022263765335,0.0500742606818676,0.0500742606818676
55,0.03381740674376488,0.03381740674376488,0.05604011192917824,0.05604011192917824
56,0.036175381392240524,0.036175381392240524,0.04742162302136421,0.04742162302136421
57,0.034373342990875244,0.034373342990875244,0.05149247497320175,0.05149247497320175
58,0.03394004702568054,0.03394004702568054,0.04896053671836853,0.04896053671836853
59,0.03383670002222061,0.03383670002222061,0.060175251215696335,0.060175251215696335
60,0.04140567034482956,0.04140567034482956,0.04679740220308304,0.04679740220308304
61,0.03303647041320801,0.03303647041320801,0.05202997848391533,0.05202997848391533
62,0.033852554857730865,0.033852554857730865,0.05486048012971878,0.05486048012971878
63,0.03320862725377083,0.03320862725377083,0.04954062029719353,0.04954062029719353
64,0.03327378258109093,0.03327378258109093,0.05179297551512718,0.05179297551512718
65,0.03405381739139557,0.03405381739139557,0.046306438744068146,0.046306438744068146
66,0.03932301327586174,0.03932301327586174,0.06018224358558655,0.06018224358558655
67,0.03616233542561531,0.03616233542561531,0.04743441939353943,0.04743441939353943
68,0.03753145411610603,0.03753145411610603,0.05543254688382149,0.05543254688382149
69,0.03898189589381218,0.03898189589381218,0.04690819978713989,0.04690819978713989
70,0.0353534072637558,0.0353534072637558,0.05421433225274086,0.05421433225274086
71,0.032590243965387344,0.032590243965387344,0.04621626064181328,0.04621626064181328
72,0.04214223101735115,0.04214223101735115,0.06150886416435242,0.06150886416435242
73,0.035792186856269836,0.035792186856269836,0.048741113394498825,0.048741113394498825
74,0.03348305821418762,0.03348305821418762,0.049919791519641876,0.049919791519641876
75,0.03535297513008118,0.03535297513008118,0.04550743103027344,0.04550743103027344
76,0.03574206307530403,0.03574206307530403,0.05792926996946335,0.05792926996946335
77,0.03459838032722473,0.03459838032722473,0.0508284717798233,0.0508284717798233
78,0.03394477441906929,0.03394477441906929,0.04710473120212555,0.04710473120212555
79,0.034842051565647125,0.034842051565647125,0.050183940678834915,0.050183940678834915
80,0.03423118591308594,0.03423118591308594,0.04609807953238487,0.04609807953238487
81,0.040847379714250565,0.040847379714250565,0.06137092411518097,0.06137092411518097
82,0.04468803107738495,0.04468803107738495,0.045729029923677444,0.045729029923677444
83,0.04418141394853592,0.04418141394853592,0.04878142476081848,0.04878142476081848
84,0.035362787544727325,0.035362787544727325,0.0488479882478714,0.0488479882478714
85,0.03274749964475632,0.03274749964475632,0.04940558597445488,0.04940558597445488
86,0.032180845737457275,0.032180845737457275,0.04751831293106079,0.04751831293106079
87,0.032791998237371445,0.032791998237371445,0.04907036945223808,0.04907036945223808
88,0.0329708606004715,0.0329708606004715,0.047132983803749084,0.047132983803749084
89,0.03373808041214943,0.03373808041214943,0.051770493388175964,0.051770493388175964
90,0.03194955736398697,0.03194955736398697,0.046499863266944885,0.046499863266944885
91,0.03250851854681969,0.03250851854681969,0.05069056525826454,0.05069056525826454
92,0.032269544899463654,0.032269544899463654,0.04803047701716423,0.04803047701716423
93,0.03251112252473831,0.03251112252473831,0.0478656068444252,0.0478656068444252
94,0.0318591482937336,0.0318591482937336,0.05033942684531212,0.05033942684531212
95,0.03202391043305397,0.03202391043305397,0.050439465790987015,0.050439465790987015
96,0.03217906504869461,0.03217906504869461,0.04999632015824318,0.04999632015824318
97,0.03186843544244766,0.03186843544244766,0.04729288071393967,0.04729288071393967
98,0.03278130292892456,0.03278130292892456,0.048534244298934937,0.048534244298934937
99,0.031584881246089935,0.031584881246089935,0.04567021131515503,0.04567021131515503
100,0.032047417014837265,0.032047417014837265,0.048642002046108246,0.048642002046108246
