epoch,loss,mean_absolute_error,val_loss,val_mean_absolute_error
0,0.17923110723495483,0.17923107743263245,0.13430774211883545,0.13430774211883545
1,0.06497867405414581,0.06497867405414581,0.17211686074733734,0.17211686074733734
2,0.05368958041071892,0.05368958041071892,0.1256708949804306,0.1256708949804306
3,0.054463498294353485,0.054463498294353485,0.15872138738632202,0.15872138738632202
4,0.05076441168785095,0.05076441168785095,0.12826348841190338,0.1282634735107422
5,0.049964554607868195,0.049964554607868195,0.1164751648902893,0.1164751648902893
6,0.04724626615643501,0.04724626615643501,0.13756194710731506,0.13756194710731506
7,0.04561636969447136,0.04561636969447136,0.1301976889371872,0.1301976889371872
8,0.040999338030815125,0.040999338030815125,0.1340620070695877,0.1340620070695877
9,0.04022711515426636,0.04022711515426636,0.1121562048792839,0.1121562048792839
10,0.04043082147836685,0.04043082147836685,0.08478938788175583,0.08478938788175583
11,0.040206823498010635,0.040206823498010635,0.07628417760133743,0.07628417760133743
12,0.038999855518341064,0.038999855518341064,0.15033522248268127,0.15033522248268127
13,0.04131675511598587,0.04131675511598587,0.10327567905187607,0.10327567905187607
14,0.0367986261844635,0.0367986261844635,0.12590867280960083,0.12590867280960083
15,0.03458908945322037,0.034589093178510666,0.05981539189815521,0.05981539189815521
16,0.032763853669166565,0.032763853669166565,0.09422726184129715,0.09422726184129715
17,0.03332487866282463,0.03332487866282463,0.07661363482475281,0.07661363482475281
18,0.03544780984520912,0.03544780984520912,0.10557252168655396,0.10557252168655396
19,0.032668400555849075,0.032668400555849075,0.07152523100376129,0.07152523100376129
20,0.031724411994218826,0.031724411994218826,0.07362891733646393,0.07362891733646393
21,0.03329150751233101,0.03329150751233101,0.06550859659910202,0.06550859659910202
22,0.030262593179941177,0.030262593179941177,0.0668654516339302,0.0668654516339302
23,0.030335931107401848,0.030335931107401848,0.06936942785978317,0.06936942785978317
24,0.030773943290114403,0.030773943290114403,0.06271257251501083,0.06271257251501083
25,0.030642230063676834,0.030642230063676834,0.07503634691238403,0.07503634691238403
26,0.029767503961920738,0.029767503961920738,0.06776365637779236,0.06776365637779236
27,0.03143914416432381,0.03143914416432381,0.05620446428656578,0.05620446428656578
28,0.029660895466804504,0.029660895466804504,0.08301772177219391,0.08301772177219391
29,0.028102010488510132,0.028102010488510132,0.04146641120314598,0.04146641120314598
30,0.029317298904061317,0.029317298904061317,0.0648694783449173,0.0648694783449173
31,0.02921328879892826,0.02921328879892826,0.06598466634750366,0.06598466634750366
32,0.03170424699783325,0.03170424699783325,0.10339885950088501,0.10339885950088501
33,0.030292948707938194,0.030292948707938194,0.055989764630794525,0.055989764630794525
34,0.030637722462415695,0.030637722462415695,0.06497222930192947,0.06497222930192947
35,0.029310088604688644,0.029310088604688644,0.051395975053310394,0.051395975053310394
36,0.030187830328941345,0.030187830328941345,0.06108133867383003,0.06108133867383003
37,0.0308946892619133,0.0308946892619133,0.05300093814730644,0.05300093814730644
38,0.03125053271651268,0.03125053271651268,0.04796791449189186,0.04796791449189186
39,0.026934437453746796,0.026934437453746796,0.06251132488250732,0.06251132488250732
40,0.027412012219429016,0.027412012219429016,0.07258468866348267,0.07258468866348267
41,0.030633607879281044,0.030633607879281044,0.039058927446603775,0.039058927446603775
42,0.030856819823384285,0.030856819823384285,0.06297870725393295,0.06297870725393295
43,0.028857551515102386,0.028857551515102386,0.07013927400112152,0.07013927400112152
44,0.02755623683333397,0.02755623683333397,0.03986680507659912,0.03986680507659912
45,0.028341583907604218,0.028341583907604218,0.05987365171313286,0.05987365171313286
46,0.029322855174541473,0.029322855174541473,0.04320923238992691,0.04320923238992691
47,0.027221055701375008,0.027221055701375008,0.045565295964479446,0.045565295964479446
48,0.028366990387439728,0.028366990387439728,0.03841174393892288,0.03841174393892288
49,0.02857673540711403,0.02857673540711403,0.05932716652750969,0.05932716652750969
50,0.028896544128656387,0.028896544128656387,0.05994566157460213,0.05994566157460213
51,0.027568768709897995,0.027568768709897995,0.05768120288848877,0.05768120288848877
52,0.027956964448094368,0.027956964448094368,0.0451473705470562,0.0451473705470562
53,0.027384953573346138,0.027384953573346138,0.07970906794071198,0.07970906794071198
54,0.026811854913830757,0.026811854913830757,0.04987411946058273,0.04987411946058273
55,0.028031297028064728,0.028031297028064728,0.0345919132232666,0.0345919132232666
56,0.028513295575976372,0.028513295575976372,0.05602562054991722,0.05602562054991722
57,0.029529796913266182,0.029529796913266182,0.03940517082810402,0.03940517082810402
58,0.02807367779314518,0.02807367779314518,0.04792095348238945,0.04792095348238945
59,0.027798736467957497,0.027798736467957497,0.034112490713596344,0.034112490713596344
60,0.0290702935308218,0.0290702935308218,0.040567852556705475,0.040567852556705475
61,0.026574749499559402,0.026574749499559402,0.04946863278746605,0.04946863278746605
62,0.027892431244254112,0.027892431244254112,0.03979196771979332,0.03979196771979332
63,0.027303459122776985,0.027303459122776985,0.043259672820568085,0.043259672820568085
64,0.028188815340399742,0.028188815340399742,0.04118052124977112,0.04118052124977112
65,0.026654593646526337,0.026654593646526337,0.032946228981018066,0.032946228981018066
66,0.02687886543571949,0.02687886543571949,0.05183952674269676,0.05183952674269676
67,0.02846917137503624,0.02846917137503624,0.04949565976858139,0.04949565976858139
68,0.026268433779478073,0.026268433779478073,0.036733485758304596,0.036733485758304596
69,0.026146430522203445,0.026146430522203445,0.05998547002673149,0.05998547002673149
70,0.026648230850696564,0.026648230850696564,0.053784213960170746,0.053784213960170746
71,0.025607820600271225,0.025607820600271225,0.04124464839696884,0.04124464839696884
72,0.02553592622280121,0.02553592622280121,0.06130945309996605,0.06130945309996605
73,0.028729120269417763,0.028729120269417763,0.048557307571172714,0.048557307571172714
74,0.02833804115653038,0.02833804115653038,0.05043061822652817,0.05043061822652817
75,0.026255261152982712,0.026255261152982712,0.051853474229574203,0.051853474229574203
76,0.02692885883152485,0.02692885883152485,0.06515370309352875,0.06515370309352875
77,0.027303770184516907,0.027303770184516907,0.033217690885066986,0.033217690885066986
78,0.027669312432408333,0.027669312432408333,0.03938000649213791,0.03938000649213791
79,0.02809671312570572,0.02809671312570572,0.061070140451192856,0.061070140451192856
80,0.0269478652626276,0.0269478652626276,0.04908277839422226,0.04908277839422226
81,0.02945784479379654,0.02945784479379654,0.04966865852475166,0.04966865852475166
82,0.026199260726571083,0.026199260726571083,0.055686403065919876,0.055686403065919876
83,0.027727855369448662,0.027727855369448662,0.03996365889906883,0.03996365889906883
84,0.026928355917334557,0.026928355917334557,0.06569284945726395,0.06569284945726395
85,0.02616286836564541,0.02616286836564541,0.05463781952857971,0.05463781952857971
86,0.026005618274211884,0.026005618274211884,0.04520902782678604,0.04520902782678604
87,0.02541717328131199,0.02541717328131199,0.03235692158341408,0.03235692158341408
88,0.0271453894674778,0.0271453894674778,0.04955808073282242,0.04955808073282242
89,0.02721259742975235,0.02721259742975235,0.039321135729551315,0.039321135729551315
90,0.025479473173618317,0.025479473173618317,0.038926053792238235,0.038926053792238235
91,0.025843452662229538,0.025843452662229538,0.05461902171373367,0.05461902171373367
92,0.025435468181967735,0.025435468181967735,0.041893284767866135,0.041893284767866135
93,0.02741619013249874,0.02741619013249874,0.035363346338272095,0.035363346338272095
94,0.026653841137886047,0.026653841137886047,0.04026066139340401,0.04026066139340401
95,0.026219328865408897,0.026219328865408897,0.04879412055015564,0.04879412055015564
96,0.026048924773931503,0.026048924773931503,0.047196730971336365,0.047196730971336365
97,0.026900639757514,0.026900639757514,0.03495025262236595,0.03495025262236595
98,0.024422749876976013,0.024422749876976013,0.0372905507683754,0.0372905507683754
99,0.027340926229953766,0.027340926229953766,0.040480028837919235,0.040480028837919235
100,0.026083672419190407,0.026083672419190407,0.054005689918994904,0.054005689918994904
101,0.027227524667978287,0.027227524667978287,0.06624161452054977,0.06624161452054977
102,0.026418132707476616,0.026418132707476616,0.050113026052713394,0.050113026052713394
103,0.02457292377948761,0.02457292377948761,0.04003094136714935,0.04003094136714935
104,0.02512815035879612,0.02512815035879612,0.0425385907292366,0.0425385907292366
105,0.024192985147237778,0.024192985147237778,0.05325327068567276,0.05325327068567276
106,0.02763095311820507,0.02763095311820507,0.035410214215517044,0.035410214215517044
107,0.02747376263141632,0.02747376263141632,0.050236884504556656,0.050236884504556656
108,0.024973681196570396,0.024973681196570396,0.05604984983801842,0.05604984983801842
109,0.0269385427236557,0.0269385427236557,0.03958760201931,0.03958760201931
110,0.027218060567975044,0.027218060567975044,0.05648443475365639,0.05648443475365639
111,0.02511700987815857,0.02511700987815857,0.04118505120277405,0.04118505120277405
112,0.028936270624399185,0.028936270624399185,0.05228409916162491,0.05228409916162491
0,0.40110719203948975,0.40110719203948975,0.39107441902160645,0.39107441902160645
1,0.38022059202194214,0.38022059202194214,0.36775916814804077,0.36775916814804077
2,0.35348090529441833,0.35348090529441833,0.33420178294181824,0.33420178294181824
3,0.26909559965133667,0.26909559965133667,0.18989942967891693,0.18989942967891693
4,0.11515019088983536,0.11515019088983536,0.1404513418674469,0.1404513418674469
5,0.08878930658102036,0.08878930658102036,0.10751426964998245,0.10751426964998245
6,0.07846353203058243,0.07846353203058243,0.09384360164403915,0.09384360164403915
7,0.07198461145162582,0.07198461145162582,0.07769326865673065,0.07769326865673065
8,0.06976660341024399,0.06976660341024399,0.09734432399272919,0.09734432399272919
9,0.06508951634168625,0.06508951634168625,0.11684523522853851,0.11684523522853851
10,0.060701992362737656,0.060701992362737656,0.1311025321483612,0.1311025321483612
11,0.05765914171934128,0.05765914171934128,0.1334162950515747,0.1334162950515747
12,0.05482272803783417,0.05482272803783417,0.1368156522512436,0.1368156522512436
13,0.05197916179895401,0.05197916179895401,0.1464860588312149,0.1464860588312149
14,0.04969102144241333,0.04969102144241333,0.16379356384277344,0.16379356384277344
15,0.04885182902216911,0.04885182902216911,0.16093003749847412,0.16093003749847412
16,0.04583035781979561,0.04583035781979561,0.15074357390403748,0.15074357390403748
17,0.04680828005075455,0.04680828005075455,0.17619498074054718,0.17619498074054718
18,0.04439375177025795,0.04439375177025795,0.1587081402540207,0.1587081402540207
19,0.042801931500434875,0.042801931500434875,0.16572090983390808,0.16572090983390808
20,0.04293328896164894,0.04293328896164894,0.17136462032794952,0.17136462032794952
21,0.04202381893992424,0.04202381893992424,0.14515142142772675,0.14515142142772675
22,0.03896915540099144,0.03896915540099144,0.14134326577186584,0.14134326577186584
23,0.037743523716926575,0.037743523716926575,0.1343255490064621,0.1343255490064621
24,0.0392986424267292,0.0392986424267292,0.13409161567687988,0.13409161567687988
25,0.03712977096438408,0.03712977096438408,0.13479578495025635,0.13479578495025635
26,0.037250254303216934,0.037250254303216934,0.14291727542877197,0.14291727542877197
27,0.035756997764110565,0.035756997764110565,0.12943437695503235,0.12943437695503235
28,0.03382860869169235,0.03382860869169235,0.12154743075370789,0.12154743075370789
29,0.03544438257813454,0.03544438257813454,0.1325332224369049,0.1325332224369049
30,0.03569228574633598,0.03569228574633598,0.12556780874729156,0.12556780874729156
31,0.04661797359585762,0.04661797359585762,0.1684136688709259,0.1684136688709259
32,0.04641863331198692,0.04641863331198692,0.11978176236152649,0.11978176236152649
