epoch,loss,mean_absolute_error,val_loss,val_mean_absolute_error
0,0.16585604846477509,0.16585604846477509,0.4370637536048889,0.4370637536048889
1,0.1299009770154953,0.1299009770154953,0.33628177642822266,0.33628177642822266
2,0.071566641330719,0.071566641330719,0.26561200618743896,0.26561200618743896
3,0.0597066804766655,0.0597066730260849,0.19546501338481903,0.19546501338481903
4,0.05714994668960571,0.05714994668960571,0.20930010080337524,0.20930010080337524
5,0.05754121020436287,0.05754121020436287,0.2033143788576126,0.2033143788576126
6,0.05797932669520378,0.05797933414578438,0.1630706936120987,0.1630706936120987
7,0.05381762236356735,0.05381762236356735,0.1389816552400589,0.1389816552400589
8,0.04886230453848839,0.04886230453848839,0.15510320663452148,0.15510320663452148
9,0.06059902161359787,0.06059902161359787,0.21456074714660645,0.21456074714660645
10,0.059723883867263794,0.059723883867263794,0.13957993686199188,0.13957993686199188
11,0.04567384719848633,0.04567384719848633,0.07530516386032104,0.07530516386032104
12,0.0553094781935215,0.0553094744682312,0.19223421812057495,0.19223421812057495
13,0.040216680616140366,0.040216680616140366,0.08371703326702118,0.08371703326702118
14,0.04076657444238663,0.04076657444238663,0.1038539707660675,0.1038539707660675
15,0.0446789413690567,0.0446789413690567,0.11421890556812286,0.11421890556812286
16,0.038634199649095535,0.038634199649095535,0.10016240179538727,0.10016240179538727
17,0.03830882906913757,0.03830882906913757,0.1785963475704193,0.1785963475704193
18,0.04064130410552025,0.04064130410552025,0.19109821319580078,0.19109821319580078
19,0.03349030762910843,0.03349030762910843,0.14641627669334412,0.14641627669334412
20,0.03186529129743576,0.03186529129743576,0.047507304698228836,0.047507304698228836
21,0.032488103955984116,0.032488103955984116,0.12489326298236847,0.12489326298236847
22,0.031298279762268066,0.031298279762268066,0.15369948744773865,0.15369948744773865
23,0.02939489856362343,0.02939489856362343,0.12735870480537415,0.12735870480537415
24,0.03523746505379677,0.03523746505379677,0.22984936833381653,0.22984936833381653
25,0.0392964631319046,0.0392964631319046,0.14156082272529602,0.14156082272529602
26,0.030670201405882835,0.030670201405882835,0.12484715133905411,0.12484715133905411
27,0.03014775924384594,0.03014775924384594,0.12265272438526154,0.12265272438526154
28,0.02950194850564003,0.02950194850564003,0.1299401819705963,0.1299401819705963
29,0.026725856587290764,0.026725856587290764,0.08370950818061829,0.08370950818061829
30,0.029221702367067337,0.029221702367067337,0.1217404156923294,0.12174040079116821
31,0.029734676703810692,0.029734676703810692,0.08747105300426483,0.08747105300426483
32,0.02809603326022625,0.02809603326022625,0.1349065899848938,0.1349065899848938
33,0.027531778439879417,0.027531778439879417,0.12396606057882309,0.12396606057882309
34,0.02851175144314766,0.02851175144314766,0.128296360373497,0.128296360373497
35,0.029022034257650375,0.029022034257650375,0.11128035187721252,0.11128035187721252
36,0.03013421595096588,0.03013421595096588,0.13056978583335876,0.13056978583335876
37,0.028544599190354347,0.028544599190354347,0.12459327280521393,0.12459328770637512
38,0.025810236111283302,0.025810236111283302,0.0990338921546936,0.0990338921546936
39,0.028003687039017677,0.028003687039017677,0.15609726309776306,0.15609726309776306
40,0.028321964666247368,0.028321964666247368,0.14452354609966278,0.14452354609966278
41,0.027598150074481964,0.027598150074481964,0.14763695001602173,0.14763695001602173
42,0.026385126635432243,0.026385126635432243,0.09769253432750702,0.09769253432750702
43,0.02768244966864586,0.02768244966864586,0.14886197447776794,0.14886197447776794
44,0.02982788160443306,0.02982788160443306,0.14211446046829224,0.14211446046829224
45,0.02537538670003414,0.02537538670003414,0.11760178953409195,0.11760178953409195
0,0.18059220910072327,0.18059220910072327,0.47054994106292725,0.47054994106292725
1,0.16974115371704102,0.16974115371704102,0.4572991728782654,0.4572991728782654
2,0.15836602449417114,0.15836602449417114,0.4433094561100006,0.4433094561100006
3,0.148401141166687,0.148401141166687,0.42911916971206665,0.42911916971206665
4,0.13916553556919098,0.13916553556919098,0.4150847792625427,0.4150847792625427
5,0.1309812068939209,0.1309812068939209,0.40022897720336914,0.40022897720336914
6,0.12271569669246674,0.12271569669246674,0.38396233320236206,0.38396233320236206
7,0.11501900851726532,0.11501900851726532,0.36566320061683655,0.36566320061683655
8,0.10541629046201706,0.10541629046201706,0.344032347202301,0.344032347202301
9,0.0950867310166359,0.0950867310166359,0.3180542588233948,0.3180542588233948
10,0.08280891180038452,0.08280891180038452,0.2843474745750427,0.2843474745750427
11,0.07291588187217712,0.07291588187217712,0.24329134821891785,0.24329134821891785
12,0.07130832970142365,0.07130832970142365,0.20676389336585999,0.20676389336585999
13,0.0751197338104248,0.0751197338104248,0.1905815452337265,0.1905815452337265
14,0.07647643983364105,0.07647643983364105,0.19920289516448975,0.19920289516448975
15,0.07362660020589828,0.07362660020589828,0.21945640444755554,0.21945640444755554
16,0.06946895271539688,0.06946895271539688,0.23204362392425537,0.23204362392425537
17,0.06805455684661865,0.06805455684661865,0.23334470391273499,0.23334470391273499
18,0.06713519990444183,0.06713519990444183,0.2356770932674408,0.2356770932674408
19,0.06609174609184265,0.06609174609184265,0.23141992092132568,0.23141992092132568
20,0.06473391503095627,0.06473391503095627,0.2232305258512497,0.2232305258512497
21,0.06327282637357712,0.06327282637357712,0.2223568707704544,0.2223568707704544
22,0.061970796436071396,0.061970796436071396,0.2094525843858719,0.2094525843858719
23,0.060332655906677246,0.060332655906677246,0.19777435064315796,0.19777435064315796
24,0.059333574026823044,0.059333574026823044,0.20126888155937195,0.20126888155937195
25,0.05832545459270477,0.05832545459270477,0.20415854454040527,0.20415854454040527
26,0.05795978382229805,0.05795978382229805,0.21072593331336975,0.21072593331336975
27,0.058004964143037796,0.058004964143037796,0.1813640296459198,0.1813640296459198
28,0.055766817182302475,0.055766817182302475,0.1272222399711609,0.1272222399711609
29,0.060680828988552094,0.060680828988552094,0.1412438452243805,0.1412438452243805
30,0.055203575640916824,0.055203575640916824,0.20614999532699585,0.20614999532699585
31,0.05964335799217224,0.05964335799217224,0.22156891226768494,0.22156891226768494
32,0.059877909719944,0.059877909719944,0.1784588098526001,0.1784588098526001
33,0.055400457233190536,0.055400457233190536,0.1326563060283661,0.1326563060283661
34,0.057338714599609375,0.057338714599609375,0.14776752889156342,0.14776752889156342
35,0.05521378666162491,0.05521378666162491,0.14784188568592072,0.14784188568592072
36,0.05439756438136101,0.05439756438136101,0.1558750867843628,0.1558750867843628
37,0.05389196425676346,0.05389196425676346,0.1627834588289261,0.1627834588289261
38,0.05306760594248772,0.05306760594248772,0.14017702639102936,0.14017702639102936
39,0.05298839882016182,0.05298839882016182,0.13255305588245392,0.13255305588245392
40,0.053151797503232956,0.053151797503232956,0.13116520643234253,0.13116520643234253
41,0.052944835275411606,0.052944835275411606,0.12908068299293518,0.12908068299293518
42,0.05208738520741463,0.05208738520741463,0.1455608606338501,0.1455608606338501
43,0.051213234663009644,0.051213234663009644,0.15377604961395264,0.15377604961395264
44,0.051757682114839554,0.051757682114839554,0.1609754115343094,0.1609754115343094
45,0.05162432789802551,0.05162432789802551,0.16116386651992798,0.16116386651992798
46,0.05165155977010727,0.05165155977010727,0.15997454524040222,0.15997454524040222
47,0.05070844665169716,0.05070844665169716,0.12639044225215912,0.12639044225215912
48,0.05031069740653038,0.05031069740653038,0.08260814845561981,0.08260814845561981
49,0.055565349757671356,0.055565349757671356,0.10681255161762238,0.10681255161762238
50,0.04923808574676514,0.04923808574676514,0.17298617959022522,0.17298617959022522
51,0.05403163656592369,0.05403163656592369,0.18665802478790283,0.18665802478790283
52,0.05512480437755585,0.05512480437755585,0.15559731423854828,0.15559731423854828
53,0.04878132417798042,0.04878132417798042,0.06689812242984772,0.06689812242984772
54,0.05841847136616707,0.05841847136616707,0.04417289420962334,0.04417289420962334
55,0.06254925578832626,0.06254925578832626,0.09459803998470306,0.09459803998470306
56,0.04738158360123634,0.04738158360123634,0.17632992565631866,0.17632992565631866
57,0.05570506677031517,0.05570506677031517,0.21561077237129211,0.21561077237129211
58,0.0638233870267868,0.0638233870267868,0.2131916582584381,0.2131916582584381
59,0.061515551060438156,0.061515551060438156,0.180942565202713,0.180942565202713
60,0.05227140709757805,0.05227140709757805,0.12181776762008667,0.12181776762008667
61,0.04774099960923195,0.04774099960923195,0.07650622725486755,0.07650622725486755
62,0.05051443725824356,0.05051443725824356,0.07688556611537933,0.07688556611537933
63,0.04772555083036423,0.04772555083036423,0.11155475676059723,0.11155475676059723
64,0.04495668783783913,0.04495668783783913,0.1428520679473877,0.1428520679473877
65,0.04885657876729965,0.04885657876729965,0.14956510066986084,0.14956510066986084
66,0.0490899495780468,0.0490899495780468,0.1219286397099495,0.1219286397099495
67,0.04580247402191162,0.04580247402191162,0.09164713323116302,0.09164713323116302
68,0.04402817413210869,0.04402817413210869,0.10363052040338516,0.10363052040338516
69,0.04428444430232048,0.04428444430232048,0.1304721236228943,0.1304721236228943
70,0.04606520012021065,0.04606520012021065,0.11189380288124084,0.11189380288124084
71,0.04418289288878441,0.04418289288878441,0.05921486020088196,0.05921486020088196
72,0.045436274260282516,0.045436274260282516,0.08740702271461487,0.08740702271461487
73,0.04195050895214081,0.04195050895214081,0.1258939802646637,0.1258939802646637
74,0.04378388449549675,0.04378388449549675,0.10487048327922821,0.10487048327922821
75,0.040738459676504135,0.040738459676504135,0.06363050639629364,0.06363050639629364
76,0.042871445417404175,0.042871445417404175,0.07852885127067566,0.07852885127067566
77,0.04034188389778137,0.04034188389778137,0.11808878183364868,0.11808878183364868
78,0.04237325116991997,0.04237325116991997,0.09534743428230286,0.09534743428230286
79,0.040598154067993164,0.040598154067993164,0.06692159920930862,0.06692159920930862
