epoch,loss,mean_absolute_error,val_loss,val_mean_absolute_error
0,0.170873761177063,0.170873761177063,0.34587106108665466,0.34587106108665466
1,0.07207507640123367,0.07207507640123367,0.33134087920188904,0.33134087920188904
2,0.055195387452840805,0.055195387452840805,0.33126387000083923,0.33126387000083923
3,0.05443362146615982,0.05443362146615982,0.32759976387023926,0.32759976387023926
4,0.049469076097011566,0.049469076097011566,0.32502201199531555,0.32502201199531555
5,0.04937878996133804,0.04937878996133804,0.3234592080116272,0.3234592080116272
6,0.045030687004327774,0.045030687004327774,0.3238825798034668,0.3238825798034668
7,0.046802274882793427,0.046802274882793427,0.31892505288124084,0.31892505288124084
8,0.04315023496747017,0.04315023496747017,0.3182797431945801,0.3182797431945801
9,0.046118706464767456,0.046118706464767456,0.31736189126968384,0.31736189126968384
10,0.04012955725193024,0.04012955725193024,0.3162989616394043,0.3162989616394043
11,0.03946441784501076,0.03946441784501076,0.3160477876663208,0.3160477876663208
12,0.0406707338988781,0.0406707338988781,0.31624025106430054,0.31624025106430054
13,0.04684855788946152,0.04684855788946152,0.31031152606010437,0.31031152606010437
14,0.04424886777997017,0.04424886777997017,0.30685630440711975,0.30685630440711975
15,0.04441673308610916,0.04441673308610916,0.3042985200881958,0.3042985200881958
16,0.043132100254297256,0.043132100254297256,0.3047565221786499,0.3047565221786499
17,0.04096364602446556,0.04096364602446556,0.3047485649585724,0.3047485649585724
18,0.04115339741110802,0.04115339741110802,0.3003041446208954,0.3003041446208954
19,0.03676754981279373,0.03676754981279373,0.29969871044158936,0.29969871044158936
20,0.039184119552373886,0.039184119552373886,0.2969346046447754,0.2969346046447754
21,0.03760313615202904,0.03760313615202904,0.29846861958503723,0.29846861958503723
22,0.039164938032627106,0.039164938032627106,0.2923735976219177,0.2923735976219177
23,0.041186001151800156,0.041186001151800156,0.29037314653396606,0.29037314653396606
24,0.03531048819422722,0.03531048819422722,0.2934423089027405,0.2934423089027405
25,0.03898779675364494,0.03898779675364494,0.2906283736228943,0.2906283736228943
26,0.03513382375240326,0.03513382375240326,0.29342377185821533,0.29342377185821533
27,0.0361754447221756,0.0361754447221756,0.28291693329811096,0.28291693329811096
28,0.038035228848457336,0.038035228848457336,0.28487372398376465,0.28487372398376465
29,0.03657333552837372,0.03657333552837372,0.2862374484539032,0.2862374484539032
30,0.03708966448903084,0.03708966448903084,0.2824048101902008,0.2824048101902008
31,0.04061439260840416,0.04061439260840416,0.2741476595401764,0.2741476595401764
32,0.03845839202404022,0.03845839202404022,0.27611666917800903,0.27611666917800903
33,0.034611355513334274,0.034611355513334274,0.27728259563446045,0.27728259563446045
34,0.03720290958881378,0.03720290958881378,0.26801958680152893,0.26801958680152893
35,0.037373222410678864,0.037373222410678864,0.25806620717048645,0.25806620717048645
36,0.03578987717628479,0.03578987717628479,0.2605244517326355,0.2605244517326355
37,0.03197723254561424,0.03197723254561424,0.2566007077693939,0.2566007077693939
38,0.03292850777506828,0.03292850777506828,0.2506907284259796,0.250690758228302
39,0.0320652537047863,0.0320652537047863,0.24657100439071655,0.24657100439071655
40,0.03266061469912529,0.03266061469912529,0.24394097924232483,0.24394097924232483
41,0.033906709402799606,0.033906709402799606,0.24237625300884247,0.24237625300884247
42,0.030909329652786255,0.030909329652786255,0.24685996770858765,0.24685996770858765
43,0.032598868012428284,0.032598868012428284,0.23714874684810638,0.23714874684810638
44,0.03537951409816742,0.03537951409816742,0.22980771958827972,0.22980771958827972
45,0.03497827798128128,0.03497827798128128,0.22512920200824738,0.22512920200824738
46,0.034403763711452484,0.034403763711452484,0.2148764282464981,0.2148764282464981
47,0.0325932577252388,0.0325932577252388,0.2198188602924347,0.2198188602924347
48,0.031323064118623734,0.031323064118623734,0.2052791565656662,0.2052791565656662
49,0.033016037195920944,0.033016037195920944,0.20572008192539215,0.20572008192539215
50,0.033290404826402664,0.033290404826402664,0.2100948691368103,0.2100948691368103
51,0.035188041627407074,0.035188041627407074,0.19917446374893188,0.19917446374893188
52,0.02860262431204319,0.02860262431204319,0.19033542275428772,0.19033542275428772
53,0.02934427373111248,0.02934427373111248,0.1967688798904419,0.1967688798904419
54,0.03640168905258179,0.03640168905258179,0.18428431451320648,0.18428431451320648
55,0.030110307037830353,0.030110307037830353,0.1719081997871399,0.1719081997871399
56,0.02893570251762867,0.02893570251762867,0.18235234916210175,0.18235234916210175
57,0.03080923855304718,0.03080923855304718,0.17233505845069885,0.17233505845069885
58,0.03196030110120773,0.03196030110120773,0.1815386563539505,0.1815386563539505
59,0.040419213473796844,0.040419213473796844,0.16603469848632812,0.16603469848632812
60,0.029864072799682617,0.029864072799682617,0.16607585549354553,0.16607585549354553
61,0.030501991510391235,0.030501991510391235,0.1515265256166458,0.1515265256166458
62,0.02949589118361473,0.02949589118361473,0.15407192707061768,0.15407192707061768
63,0.03406771272420883,0.03406771272420883,0.14841513335704803,0.14841513335704803
64,0.03237838298082352,0.03237838298082352,0.14767976105213165,0.14767976105213165
65,0.0308732520788908,0.0308732520788908,0.13853619992733002,0.13853619992733002
66,0.03143369033932686,0.03143369033932686,0.12529082596302032,0.12529082596302032
67,0.030029740184545517,0.030029740184545517,0.13874773681163788,0.13874773681163788
68,0.0339951254427433,0.0339951254427433,0.14005328714847565,0.14005328714847565
69,0.03174477070569992,0.03174477070569992,0.1321800947189331,0.1321800947189331
70,0.03024095669388771,0.03024095669388771,0.13155417144298553,0.13155417144298553
71,0.03386852145195007,0.03386852145195007,0.11876904219388962,0.11876904219388962
72,0.03011048026382923,0.03011048026382923,0.10255815088748932,0.10255815088748932
73,0.029294438660144806,0.029294436797499657,0.0986008420586586,0.0986008420586586
74,0.03212714195251465,0.03212714195251465,0.10969632118940353,0.10969632118940353
75,0.03137083724141121,0.03137083724141121,0.12045805156230927,0.12045805156230927
76,0.03067420981824398,0.03067420981824398,0.12486974895000458,0.12486974895000458
77,0.029968099668622017,0.029968099668622017,0.10148707777261734,0.10148707777261734
78,0.03177986294031143,0.03177986294031143,0.09707853198051453,0.09707853198051453
79,0.03168604522943497,0.03168604522943497,0.10077989101409912,0.10077989101409912
80,0.030029745772480965,0.030029745772480965,0.10052875429391861,0.10052875429391861
81,0.02925255335867405,0.02925255335867405,0.09757582098245621,0.09757582098245621
82,0.030688831582665443,0.030688831582665443,0.0992644727230072,0.0992644727230072
83,0.028223909437656403,0.028223909437656403,0.1068929135799408,0.1068929135799408
84,0.027577562257647514,0.027577562257647514,0.11365034431219101,0.11365034431219101
85,0.03142194822430611,0.03142194822430611,0.11880777776241302,0.11880777776241302
86,0.033348508179187775,0.033348508179187775,0.11549145728349686,0.11549145728349686
87,0.03251904249191284,0.03251904249191284,0.11698482930660248,0.11698482930660248
88,0.031975679099559784,0.031975679099559784,0.10714612156152725,0.10714612156152725
89,0.030301449820399284,0.030301449820399284,0.09494326263666153,0.09494326263666153
90,0.028708655387163162,0.028708655387163162,0.10002226382493973,0.10002226382493973
91,0.029498375952243805,0.029498375952243805,0.11029630154371262,0.11029630154371262
92,0.026898829266428947,0.026898829266428947,0.10585501044988632,0.10585501044988632
93,0.026196634396910667,0.026196634396910667,0.11033584922552109,0.11033584922552109
94,0.02863118052482605,0.02863118052482605,0.0964631661772728,0.0964631661772728
95,0.027217349037528038,0.027217349037528038,0.09645640105009079,0.09645640105009079
96,0.02984100580215454,0.02984100580215454,0.10459071397781372,0.10459071397781372
97,0.03370993211865425,0.03370993211865425,0.07315956801176071,0.07315956801176071
98,0.03183912858366966,0.03183912858366966,0.09737274795770645,0.09737274795770645
99,0.03131905943155289,0.03131905943155289,0.09217678010463715,0.09217678010463715
100,0.027718273922801018,0.027718273922801018,0.09254445135593414,0.09254445135593414
101,0.029593702405691147,0.029593702405691147,0.09074562042951584,0.09074562042951584
102,0.03163427859544754,0.03163427859544754,0.08868974447250366,0.08868974447250366
103,0.028681689873337746,0.028681689873337746,0.0902940109372139,0.0902940109372139
104,0.027799054980278015,0.027799054980278015,0.09316451102495193,0.09316451102495193
105,0.027937619015574455,0.027937619015574455,0.09163949638605118,0.09163949638605118
106,0.026726048439741135,0.026726048439741135,0.09289748966693878,0.09289748966693878
107,0.026647785678505898,0.026647785678505898,0.10695192962884903,0.10695192962884903
108,0.02709653042256832,0.02709653042256832,0.11550126224756241,0.11550126224756241
109,0.02826152741909027,0.02826152741909027,0.10228004306554794,0.10228004306554794
110,0.02994515933096409,0.02994515933096409,0.09484250843524933,0.09484251588582993
111,0.028670361265540123,0.028670361265540123,0.0931018739938736,0.0931018739938736
112,0.028781119734048843,0.028781119734048843,0.09192607551813126,0.09192607551813126
113,0.027421901002526283,0.027421901002526283,0.09612239897251129,0.09612239897251129
114,0.028191128745675087,0.028191128745675087,0.08721558004617691,0.08721558004617691
115,0.027627119794487953,0.027627119794487953,0.09122168272733688,0.09122168272733688
116,0.02831508405506611,0.02831508405506611,0.0912107527256012,0.0912107527256012
117,0.02658720128238201,0.02658720128238201,0.08313596248626709,0.08313596248626709
118,0.026777368038892746,0.026777368038892746,0.09712652117013931,0.09712652117013931
119,0.025318482890725136,0.025318482890725136,0.08962639421224594,0.08962639421224594
120,0.027171021327376366,0.027171021327376366,0.1051001027226448,0.1051001027226448
121,0.028229855000972748,0.028229855000972748,0.08944777399301529,0.08944777399301529
122,0.028646167367696762,0.028646167367696762,0.10565682500600815,0.10565682500600815
