epoch,loss,mean_absolute_error,val_loss,val_mean_absolute_error
0,0.1834665983915329,0.18346653878688812,0.11697421222925186,0.11697421222925186
1,0.061040543019771576,0.061040546745061874,0.050800736993551254,0.050800736993551254
2,0.03368508815765381,0.033685103058815,0.04402651637792587,0.04402651637792587
3,0.027336906641721725,0.027336914092302322,0.03069189004600048,0.03069189377129078
4,0.025695940479636192,0.02569594234228134,0.027067920193076134,0.027067920193076134
5,0.02573714591562748,0.02573714219033718,0.03259929269552231,0.03259929269552231
6,0.023476697504520416,0.023476693779230118,0.02550456114113331,0.02550456114113331
7,0.023793155327439308,0.023793155327439308,0.025740712881088257,0.025740714743733406
8,0.021711114794015884,0.021711112931370735,0.029296066612005234,0.02929607219994068
9,0.026653960347175598,0.0266539566218853,0.0228011105209589,0.0228011105209589
10,0.02502002939581871,0.02502002753317356,0.025662193074822426,0.025662191212177277
11,0.019928300753235817,0.019928302615880966,0.028486181050539017,0.028486179187893867
12,0.02014729753136635,0.02014729380607605,0.023397358134388924,0.023397356271743774
13,0.020873280242085457,0.020873278379440308,0.023618116974830627,0.023618118837475777
14,0.01907041296362877,0.01907041110098362,0.025542626157402992,0.02554262802004814
15,0.020396726205945015,0.020396728068590164,0.022491708397865295,0.022491706535220146
16,0.019090568646788597,0.019090570509433746,0.023548759520053864,0.023548759520053864
17,0.020144060254096985,0.020144058391451836,0.021122191101312637,0.021122189238667488
18,0.018744174391031265,0.018744172528386116,0.029838822782039642,0.029838820919394493
19,0.021842410787940025,0.021842414513230324,0.030129333958029747,0.030129333958029747
20,0.02226029336452484,0.022260289639234543,0.02133561670780182,0.02133561484515667
21,0.01865941286087036,0.01865941286087036,0.028136946260929108,0.02813694439828396
22,0.017636800184845924,0.017636798322200775,0.021037835627794266,0.021037835627794266
23,0.01774577610194683,0.01774577423930168,0.022627495229244232,0.022627495229244232
24,0.019313311204314232,0.01931331306695938,0.020776495337486267,0.020776495337486267
25,0.020903555676341057,0.020903553813695908,0.02040662243962288,0.02040662057697773
26,0.017769629135727882,0.017769627273082733,0.026380393654108047,0.026380395516753197
27,0.017185445874929428,0.01718544401228428,0.0248249564319849,0.0248249564319849
28,0.019660793244838715,0.019660795107483864,0.02191556803882122,0.02191556803882122
29,0.017227178439497948,0.017227180302143097,0.025046424940228462,0.025046424940228462
30,0.017343653365969658,0.01734365150332451,0.02061181515455246,0.02061181515455246
31,0.017263567075133324,0.017263568937778473,0.030266638845205307,0.030266636982560158
32,0.019640909507870674,0.019640907645225525,0.02573428675532341,0.02573428861796856
33,0.017683904618024826,0.017683900892734528,0.022877121344208717,0.022877121344208717
34,0.01772167906165123,0.017721686512231827,0.027273405343294144,0.027273405343294144
35,0.01821889728307724,0.01821889914572239,0.02082919329404831,0.02082919329404831
36,0.017594655975699425,0.017594655975699425,0.020563406869769096,0.020563406869769096
37,0.017190977931022644,0.017190979793667793,0.021968180313706398,0.0219681765884161
38,0.016927262768149376,0.016927262768149376,0.020896200090646744,0.020896200090646744
39,0.017328450456261635,0.017328450456261635,0.021196020767092705,0.021196018904447556
40,0.01782141998410225,0.0178214181214571,0.021595917642116547,0.021595917642116547
41,0.01753714680671692,0.017537148669362068,0.022043682634830475,0.022043680772185326
42,0.01922156661748886,0.01922156661748886,0.022399626672267914,0.022399626672267914
43,0.017259003594517708,0.01725899986922741,0.022676751017570496,0.022676751017570496
44,0.01688167080283165,0.0168816689401865,0.02196190319955349,0.02196190319955349
45,0.017632795497775078,0.017632795497775078,0.031945373862981796,0.031945373862981796
46,0.01785425655543804,0.01785425655543804,0.03129591792821884,0.03129591792821884
47,0.017446771264076233,0.017446767538785934,0.02443920075893402,0.024439198896288872
48,0.017140600830316544,0.017140602692961693,0.020292816683650017,0.020292816683650017
49,0.01667727157473564,0.016677267849445343,0.02101745456457138,0.02101745456457138
50,0.016558228060603142,0.016558224335312843,0.02105225808918476,0.02105225808918476
51,0.017169339582324028,0.017169339582324028,0.01995687000453472,0.01995687186717987
52,0.016585344448685646,0.016585342586040497,0.020601194351911545,0.020601194351911545
53,0.016654862090945244,0.016654865816235542,0.024018604308366776,0.024018604308366776
54,0.017191797494888306,0.017191795632243156,0.023369738832116127,0.023369736969470978
55,0.018578412011265755,0.018578417599201202,0.025133810937404633,0.025133810937404633
56,0.016530409455299377,0.016530409455299377,0.022544361650943756,0.022544363513588905
57,0.016847750172019005,0.016847750172019005,0.022648559883236885,0.022648559883236885
58,0.01766040548682213,0.01766040176153183,0.02484973520040512,0.024849731475114822
59,0.019841371104121208,0.01984136924147606,0.02122875675559044,0.02122875675559044
60,0.018669405952095985,0.018669411540031433,0.02388128638267517,0.02388128824532032
61,0.0175432488322258,0.01754325069487095,0.030822081491351128,0.03082207776606083
62,0.01894795522093773,0.01894795335829258,0.025577200576663017,0.025577202439308167
63,0.016364088281989098,0.0163640845566988,0.023029835894703865,0.023029832169413567
64,0.016745755448937416,0.016745751723647118,0.021831732243299484,0.021831732243299484
65,0.017168661579489708,0.017168663442134857,0.021179111674427986,0.021179113537073135
66,0.016206873580813408,0.01620687171816826,0.020266419276595116,0.020266419276595116
67,0.016172261908650398,0.016172261908650398,0.025013873353600502,0.025013873353600502
68,0.017385119572281837,0.017385121434926987,0.03162549063563347,0.03162549436092377
69,0.01676180399954319,0.01676180772483349,0.02333959937095642,0.02333960123360157
70,0.01680491492152214,0.016804911196231842,0.020418016240000725,0.020418014377355576
71,0.016809778288006783,0.016809776425361633,0.02026877924799919,0.02026878111064434
72,0.01630076766014099,0.016300765797495842,0.020094670355319977,0.020094670355319977
73,0.01690579205751419,0.01690579019486904,0.023867612704634666,0.023867614567279816
74,0.01720276102423668,0.017202764749526978,0.020953575149178505,0.020953573286533356
75,0.016737423837184906,0.016737423837184906,0.020990807563066483,0.020990809425711632
76,0.016322042793035507,0.01632203906774521,0.02160007692873478,0.02160007506608963
