epoch,loss,mean_absolute_error,val_loss,val_mean_absolute_error
0,0.2920839488506317,0.2920839488506317,0.5535600781440735,0.5535600781440735
1,0.2381783127784729,0.2381783127784729,0.5353316068649292,0.5353316068649292
2,0.21745474636554718,0.21745474636554718,0.5170603394508362,0.5170603394508362
3,0.19956737756729126,0.19956737756729126,0.503096342086792,0.503096342086792
4,0.18395134806632996,0.18395134806632996,0.4930194616317749,0.4930194616317749
5,0.1727045774459839,0.1727045774459839,0.47416937351226807,0.47416937351226807
6,0.15699739754199982,0.15699739754199982,0.46160072088241577,0.46160072088241577
7,0.14269497990608215,0.14269497990608215,0.44928887486457825,0.44928887486457825
8,0.12512770295143127,0.12512770295143127,0.42803114652633667,0.42803114652633667
9,0.10158368200063705,0.10158368200063705,0.42625337839126587,0.42625337839126587
10,0.09054188430309296,0.09054188430309296,0.40552622079849243,0.40552622079849243
11,0.07639339566230774,0.07639339566230774,0.3982760012149811,0.3982760012149811
12,0.06794588267803192,0.06794588267803192,0.3754141330718994,0.3754141330718994
13,0.06115679070353508,0.06115679070353508,0.3790205419063568,0.3790205419063568
14,0.055853746831417084,0.055853746831417084,0.36456921696662903,0.3645692467689514
15,0.054784685373306274,0.054784685373306274,0.3470572531223297,0.3470572531223297
16,0.05322130769491196,0.05322130769491196,0.3493717610836029,0.3493717610836029
17,0.04948261380195618,0.04948261380195618,0.32524728775024414,0.32524728775024414
18,0.04821329936385155,0.04821329936385155,0.3115980923175812,0.3115980923175812
19,0.04785681143403053,0.04785681143403053,0.31398335099220276,0.31398335099220276
20,0.045563653111457825,0.045563653111457825,0.28338226675987244,0.28338226675987244
21,0.04640932008624077,0.04640932008624077,0.268032968044281,0.268032968044281
22,0.04480591043829918,0.04480591043829918,0.2513754963874817,0.2513754963874817
23,0.045128900557756424,0.045128900557756424,0.23657667636871338,0.23657667636871338
24,0.043688904494047165,0.043688904494047165,0.20913060009479523,0.20913060009479523
25,0.041895557194948196,0.041895557194948196,0.18224716186523438,0.18224716186523438
26,0.0412784181535244,0.0412784181535244,0.1930849701166153,0.1930849701166153
27,0.04194572940468788,0.04194572940468788,0.18098941445350647,0.18098941445350647
28,0.040734391659498215,0.040734391659498215,0.1735210120677948,0.1735210120677948
29,0.041179411113262177,0.041179411113262177,0.1355130523443222,0.1355130523443222
30,0.04103671386837959,0.04103671386837959,0.163165882229805,0.163165882229805
31,0.04070623964071274,0.04070623964071274,0.12485238164663315,0.12485238164663315
32,0.03993573784828186,0.03993573784828186,0.10296019911766052,0.10296019911766052
33,0.04371314123272896,0.04371314123272896,0.14617811143398285,0.14617811143398285
34,0.040574993938207626,0.040574993938207626,0.07049864530563354,0.07049864530563354
35,0.04272891953587532,0.04272891953587532,0.10696364939212799,0.10696364939212799
36,0.04116570204496384,0.04116570204496384,0.11792372167110443,0.11792372167110443
37,0.03898603096604347,0.03898603096604347,0.08398451656103134,0.08398451656103134
38,0.03847083821892738,0.03847083821892738,0.09348183870315552,0.09348183870315552
39,0.03999815881252289,0.03999815881252289,0.1074254959821701,0.1074254959821701
40,0.03769958019256592,0.03769958019256592,0.08372437208890915,0.08372437208890915
41,0.039666563272476196,0.039666563272476196,0.07179013639688492,0.07179013639688492
42,0.0368732325732708,0.0368732325732708,0.09030307084321976,0.09030307084321976
43,0.03683215379714966,0.03683215379714966,0.09272266179323196,0.09272266179323196
44,0.03739066794514656,0.03739066794514656,0.05570884421467781,0.05570884421467781
45,0.037852052599191666,0.037852052599191666,0.06390945613384247,0.06390945613384247
46,0.03642452135682106,0.03642452135682106,0.11164416372776031,0.11164416372776031
47,0.035386111587285995,0.035386111587285995,0.07325787842273712,0.07325787842273712
48,0.0344083309173584,0.0344083309173584,0.09183038771152496,0.09183038771152496
49,0.0363529771566391,0.0363529771566391,0.06700947880744934,0.06700947880744934
50,0.03500477224588394,0.03500477224588394,0.05876021087169647,0.05876021087169647
51,0.03792349994182587,0.03792349994182587,0.05105443671345711,0.05105443671345711
52,0.03645701706409454,0.03645701706409454,0.06096325442194939,0.06096325442194939
53,0.03697499632835388,0.03697499632835388,0.07549300789833069,0.07549300789833069
54,0.03435231372714043,0.03435231372714043,0.07484802603721619,0.07484802603721619
55,0.03343511372804642,0.03343511372804642,0.06328674405813217,0.06328674405813217
56,0.03536595404148102,0.03536595404148102,0.07781516015529633,0.07781516015529633
57,0.03456436097621918,0.03456436097621918,0.08177514374256134,0.08177514374256134
58,0.033305808901786804,0.033305808901786804,0.09045996516942978,0.09045996516942978
59,0.03335556015372276,0.03335556015372276,0.08488847315311432,0.08488847315311432
60,0.03349906951189041,0.03349906951189041,0.09199225157499313,0.09199225157499313
61,0.03343433141708374,0.03343433141708374,0.08671144396066666,0.08671144396066666
62,0.033605724573135376,0.033605724573135376,0.09399112313985825,0.09399112313985825
63,0.03292087838053703,0.03292087838053703,0.0684291198849678,0.0684291198849678
64,0.03188567981123924,0.03188567981123924,0.08972560614347458,0.08972560614347458
65,0.03196948766708374,0.03196948766708374,0.08176853507757187,0.08176853507757187
66,0.032674070447683334,0.032674070447683334,0.06633193045854568,0.06633193045854568
67,0.03210932016372681,0.03210932016372681,0.06590473651885986,0.06590473651885986
68,0.033440280705690384,0.033440280705690384,0.061772942543029785,0.061772942543029785
69,0.032636839896440506,0.032636839896440506,0.0783785730600357,0.0783785730600357
70,0.030670955777168274,0.030670955777168274,0.08328559249639511,0.08328559249639511
71,0.03316503018140793,0.03316503018140793,0.0735703632235527,0.0735703632235527
72,0.032346419990062714,0.032346419990062714,0.06431635469198227,0.06431635469198227
73,0.031096993014216423,0.031096993014216423,0.08657184988260269,0.08657184988260269
74,0.033430639654397964,0.033430639654397964,0.08065789192914963,0.08065789192914963
75,0.03212796896696091,0.03212796896696091,0.08304684609174728,0.08304684609174728
76,0.031135275959968567,0.031135275959968567,0.06615211814641953,0.06615211814641953
