epoch,loss,mean_absolute_error,val_loss,val_mean_absolute_error
0,0.07331731170415878,0.07331731170415878,0.06297024339437485,0.06297024339437485
1,0.042710285633802414,0.042710285633802414,0.06104859709739685,0.06104859709739685
2,0.03703043609857559,0.03703043609857559,0.04314029961824417,0.04314029961824417
3,0.03434786945581436,0.03434786945581436,0.026544777676463127,0.026544777676463127
4,0.031399935483932495,0.031399935483932495,0.026029033586382866,0.026029033586382866
5,0.029075855389237404,0.029075855389237404,0.03074844554066658,0.03074844926595688
6,0.027474956586956978,0.027474956586956978,0.033626604825258255,0.033626604825258255
7,0.026440737769007683,0.026440737769007683,0.0258012767881155,0.0258012767881155
8,0.026530031114816666,0.026530031114816666,0.03912469744682312,0.03912469744682312
9,0.02598448656499386,0.02598448656499386,0.023777849972248077,0.023777849972248077
10,0.02527587115764618,0.02527587115764618,0.022371899336576462,0.022371899336576462
11,0.025556368753314018,0.025556368753314018,0.027838734909892082,0.027838734909892082
12,0.024187510833144188,0.024187510833144188,0.024893760681152344,0.024893760681152344
13,0.024403220042586327,0.024403220042586327,0.02654997818171978,0.02654997818171978
14,0.025154180824756622,0.025154180824756622,0.03425608575344086,0.03425608575344086
15,0.023867759853601456,0.023867759853601456,0.02947888895869255,0.02947888895869255
16,0.023676782846450806,0.023676782846450806,0.030958956107497215,0.030958956107497215
17,0.022875428199768066,0.022875428199768066,0.02843739651143551,0.02843739651143551
18,0.023222530260682106,0.023222530260682106,0.029518449679017067,0.029518449679017067
19,0.023107945919036865,0.023107945919036865,0.023667363449931145,0.023667363449931145
20,0.02271866239607334,0.02271866239607334,0.0238171499222517,0.0238171499222517
21,0.022890644147992134,0.022890644147992134,0.025710023939609528,0.025710023939609528
22,0.0230206698179245,0.0230206698179245,0.02241046540439129,0.02241046540439129
23,0.022362221032381058,0.022362221032381058,0.026722004637122154,0.026722004637122154
24,0.02197115123271942,0.02197115123271942,0.02199125848710537,0.02199125848710537
25,0.022301672026515007,0.022301672026515007,0.025603704154491425,0.025603704154491425
26,0.022133367136120796,0.022133367136120796,0.029188033193349838,0.029188033193349838
27,0.02176191471517086,0.02176191471517086,0.02601836435496807,0.02601836435496807
28,0.021619673818349838,0.021619673818349838,0.02577456831932068,0.02577456831932068
29,0.022150548174977303,0.022150548174977303,0.024282367900013924,0.024282367900013924
30,0.02195185050368309,0.02195185050368309,0.03106612339615822,0.03106612339615822
31,0.02221142314374447,0.02221142314374447,0.030850758776068687,0.030850758776068687
32,0.022126436233520508,0.022126436233520508,0.02688649483025074,0.02688649483025074
33,0.02196113020181656,0.02196113020181656,0.035436563193798065,0.035436563193798065
34,0.0214524082839489,0.0214524082839489,0.02982257306575775,0.02982257306575775
35,0.022016970440745354,0.022016970440745354,0.04253187030553818,0.04253187030553818
36,0.02277025766670704,0.02277025766670704,0.02572418935596943,0.02572418935596943
37,0.02116011641919613,0.02116011641919613,0.02670237049460411,0.02670237049460411
38,0.02102149836719036,0.02102149836719036,0.032512012869119644,0.032512012869119644
39,0.021160729229450226,0.021160729229450226,0.02199462428689003,0.02199462428689003
40,0.020981648936867714,0.020981648936867714,0.02064071036875248,0.02064071036875248
41,0.020930273458361626,0.020930273458361626,0.03454951196908951,0.03454951196908951
42,0.020729873329401016,0.020729873329401016,0.03159390017390251,0.03159390017390251
43,0.020586974918842316,0.020586974918842316,0.025221187621355057,0.025221187621355057
44,0.021233702078461647,0.021233702078461647,0.03518081456422806,0.03518081456422806
45,0.0206011813133955,0.0206011813133955,0.034494467079639435,0.034494467079639435
46,0.020388629287481308,0.020388629287481308,0.03172128275036812,0.03172128275036812
47,0.020674929022789,0.020674929022789,0.020877782255411148,0.020877782255411148
48,0.02080419659614563,0.02080419659614563,0.02208075486123562,0.02208075486123562
49,0.021280165761709213,0.021280165761709213,0.033685240894556046,0.033685240894556046
50,0.019975608214735985,0.019975608214735985,0.0232312623411417,0.0232312623411417
51,0.020238308236002922,0.020238308236002922,0.025746174156665802,0.025746174156665802
52,0.020380239933729172,0.020380239933729172,0.03696652129292488,0.03696652129292488
53,0.021442202851176262,0.021442202851176262,0.020072493702173233,0.020072493702173233
54,0.02003600262105465,0.02003600262105465,0.02689344808459282,0.02689344808459282
55,0.02008882723748684,0.02008882723748684,0.022334443405270576,0.022334443405270576
56,0.020099695771932602,0.020099695771932602,0.025001974776387215,0.025001974776387215
57,0.019525904208421707,0.019525904208421707,0.025865500792860985,0.025865500792860985
58,0.019650856032967567,0.019650856032967567,0.024445539340376854,0.024445539340376854
59,0.020418765023350716,0.020418765023350716,0.022139165550470352,0.022139165550470352
60,0.020491044968366623,0.020491044968366623,0.026222117245197296,0.026222117245197296
61,0.020739568397402763,0.020739568397402763,0.024700269103050232,0.024700269103050232
62,0.019943352788686752,0.019943352788686752,0.028988927602767944,0.028988927602767944
63,0.0196970347315073,0.0196970347315073,0.020413437858223915,0.020413437858223915
64,0.019488614052534103,0.019488614052534103,0.024037204682826996,0.024037204682826996
65,0.019854314625263214,0.019854314625263214,0.02705531194806099,0.02705531194806099
66,0.019798673689365387,0.019798673689365387,0.025968680158257484,0.025968680158257484
67,0.021145131438970566,0.021145131438970566,0.030827151611447334,0.030827151611447334
68,0.020094851031899452,0.020094851031899452,0.021235596388578415,0.021235596388578415
69,0.01967800036072731,0.01967800036072731,0.021158743649721146,0.021158743649721146
70,0.01944682188332081,0.01944682188332081,0.021519538015127182,0.021519538015127182
71,0.02031688764691353,0.02031688764691353,0.022025886923074722,0.022025886923074722
72,0.019077299162745476,0.019077299162745476,0.02343781478703022,0.02343781478703022
73,0.019148726016283035,0.019148726016283035,0.02092452347278595,0.02092452347278595
74,0.019039690494537354,0.019039690494537354,0.027471790090203285,0.027471790090203285
75,0.018844516947865486,0.018844516947865486,0.02339940145611763,0.02339940145611763
76,0.0190987978130579,0.0190987978130579,0.028479641303420067,0.028479641303420067
77,0.019005186855793,0.019005186855793,0.02646533213555813,0.02646533213555813
78,0.018696626648306847,0.018696626648306847,0.028822166845202446,0.028822166845202446
