epoch,loss,mean_absolute_error,val_loss,val_mean_absolute_error
0,0.084291972219944,0.084291972219944,0.05664467066526413,0.05664467066526413
1,0.034352924674749374,0.034352924674749374,0.04358852282166481,0.04358852282166481
2,0.03127148002386093,0.03127148002386093,0.043840356171131134,0.043840356171131134
3,0.029090696945786476,0.029090696945786476,0.03410233557224274,0.03410233557224274
4,0.025956735014915466,0.025956735014915466,0.03747928887605667,0.03747928887605667
5,0.02506321482360363,0.02506321482360363,0.037850476801395416,0.037850476801395416
6,0.023403719067573547,0.023403719067573547,0.027160894125699997,0.027160894125699997
7,0.024124113842844963,0.024124113842844963,0.02989085391163826,0.02989085391163826
8,0.021660825237631798,0.021660825237631798,0.0313606783747673,0.0313606783747673
9,0.02345248870551586,0.02345248870551586,0.03262122720479965,0.03262122720479965
10,0.021666787564754486,0.021666787564754486,0.03373322635889053,0.03373322635889053
11,0.021229486912488937,0.021229486912488937,0.024312345311045647,0.024312345311045647
12,0.020263293758034706,0.020263293758034706,0.026653556153178215,0.026653556153178215
13,0.02003300003707409,0.02003300003707409,0.028048725798726082,0.028048725798726082
14,0.019963692873716354,0.019963692873716354,0.0231225173920393,0.0231225173920393
15,0.01928941160440445,0.01928941160440445,0.02217402681708336,0.02217402681708336
16,0.019396593794226646,0.019396593794226646,0.02243761532008648,0.02243761532008648
17,0.018877500668168068,0.018877500668168068,0.02473774179816246,0.02473774179816246
18,0.01882380060851574,0.01882380060851574,0.021099843084812164,0.021099843084812164
19,0.018228692933917046,0.018228692933917046,0.021861735731363297,0.021861735731363297
20,0.01779882423579693,0.01779882423579693,0.021344324573874474,0.021344324573874474
21,0.019696444272994995,0.019696444272994995,0.023569047451019287,0.023569047451019287
22,0.0190251674503088,0.0190251674503088,0.021424641832709312,0.021424641832709312
23,0.018285011872649193,0.018285011872649193,0.02125796116888523,0.02125796116888523
24,0.01908227428793907,0.01908227428793907,0.023292861878871918,0.023292861878871918
25,0.017883436754345894,0.017883436754345894,0.021657537668943405,0.021657537668943405
26,0.017927775159478188,0.017927775159478188,0.021281683817505836,0.021281683817505836
27,0.018210042268037796,0.018210042268037796,0.02005668170750141,0.02005668170750141
28,0.01778886653482914,0.01778886653482914,0.022050442174077034,0.022050442174077034
29,0.017401069402694702,0.017401069402694702,0.021286271512508392,0.021286271512508392
30,0.017036207020282745,0.017036207020282745,0.02287341095507145,0.02287341095507145
31,0.017736386507749557,0.017736386507749557,0.021718328818678856,0.021718328818678856
32,0.017385292798280716,0.017385292798280716,0.019799381494522095,0.019799381494522095
33,0.017315415665507317,0.017315415665507317,0.02206633798778057,0.02206633798778057
34,0.016896642744541168,0.016896642744541168,0.022287636995315552,0.022287636995315552
35,0.01805410534143448,0.01805410534143448,0.020052900537848473,0.020052900537848473
36,0.017609011381864548,0.017609011381864548,0.020054856315255165,0.020054856315255165
37,0.01761467196047306,0.01761467196047306,0.0202846210449934,0.0202846210449934
38,0.017314402386546135,0.017314402386546135,0.01936958357691765,0.01936958357691765
39,0.016889385879039764,0.016889385879039764,0.021940402686595917,0.021940402686595917
40,0.016830146312713623,0.016830146312713623,0.019454587250947952,0.019454587250947952
41,0.017057308927178383,0.017057308927178383,0.02113952673971653,0.02113952673971653
42,0.016199273988604546,0.016199273988604546,0.02109518088400364,0.02109518088400364
43,0.016593780368566513,0.016593780368566513,0.020519349724054337,0.020519349724054337
44,0.016558559611439705,0.016558559611439705,0.02377202920615673,0.02377202920615673
45,0.016820162534713745,0.016820162534713745,0.02084130048751831,0.02084130048751831
46,0.01682158373296261,0.01682158373296261,0.01974821463227272,0.01974821463227272
47,0.016744766384363174,0.016744766384363174,0.020400477573275566,0.020400477573275566
48,0.016358984634280205,0.016358984634280205,0.022112272679805756,0.022112272679805756
49,0.015985513105988503,0.015985513105988503,0.02263241820037365,0.02263241820037365
50,0.016305914148688316,0.016305914148688316,0.019281934946775436,0.019281934946775436
51,0.016454897820949554,0.016454897820949554,0.019897200167179108,0.019897200167179108
52,0.01599499024450779,0.01599499024450779,0.02041761390864849,0.02041761390864849
53,0.016430580988526344,0.016430580988526344,0.022125406190752983,0.022125406190752983
54,0.015927668660879135,0.015927668660879135,0.024898117408156395,0.024898117408156395
55,0.016411427408456802,0.016411427408456802,0.020396409556269646,0.020396409556269646
56,0.01571049913764,0.01571049913764,0.02014623023569584,0.02014623023569584
57,0.016284946352243423,0.016284946352243423,0.02180866152048111,0.02180866152048111
58,0.015881717205047607,0.015881717205047607,0.021797679364681244,0.021797679364681244
59,0.015587964095175266,0.015587964095175266,0.02253817394375801,0.02253817394375801
60,0.016466325148940086,0.016466325148940086,0.02128237672150135,0.02128237672150135
61,0.015689825639128685,0.015689825639128685,0.02048918791115284,0.02048918791115284
62,0.015534230507910252,0.015534230507910252,0.022457817569375038,0.022457817569375038
63,0.01544888410717249,0.01544888410717249,0.02017606794834137,0.02017606794834137
64,0.01589912921190262,0.01589912921190262,0.021612130105495453,0.021612130105495453
65,0.01650335267186165,0.01650335267186165,0.020738808438181877,0.020738808438181877
66,0.015389157459139824,0.015389157459139824,0.020861489698290825,0.020861489698290825
67,0.015593328513205051,0.015593328513205051,0.020462123677134514,0.020462123677134514
68,0.015424101613461971,0.015424101613461971,0.024183480069041252,0.024183480069041252
69,0.015597019344568253,0.015597019344568253,0.020080087706446648,0.020080087706446648
70,0.015349596738815308,0.015349596738815308,0.021480217576026917,0.021480217576026917
71,0.01621604524552822,0.01621604524552822,0.018140260130167007,0.018140260130167007
72,0.015871111303567886,0.015871111303567886,0.019618721678853035,0.019618721678853035
73,0.01603911817073822,0.01603911817073822,0.02069423347711563,0.02069423347711563
74,0.015266170725226402,0.015266170725226402,0.02192811481654644,0.02192811481654644
75,0.01512940600514412,0.01512940600514412,0.023940298706293106,0.023940298706293106
76,0.015696894377470016,0.015696894377470016,0.019250022247433662,0.019250022247433662
77,0.015527474693953991,0.015527474693953991,0.02300836145877838,0.02300836145877838
78,0.015365948900580406,0.015365948900580406,0.02332438714802265,0.02332438714802265
79,0.01502703595906496,0.01502703595906496,0.02191966213285923,0.02191966213285923
80,0.015219664201140404,0.015219664201140404,0.02062738873064518,0.02062738873064518
81,0.01521519385278225,0.01521519385278225,0.021683184430003166,0.021683184430003166
82,0.014798356220126152,0.014798356220126152,0.020478079095482826,0.020478079095482826
83,0.015282061882317066,0.015282061882317066,0.020996300503611565,0.020996300503611565
84,0.015230984427034855,0.015230984427034855,0.022083671763539314,0.022083671763539314
85,0.015436640940606594,0.015436640940606594,0.02271243743598461,0.02271243743598461
86,0.014967186376452446,0.014967186376452446,0.0232242364436388,0.0232242364436388
87,0.015174934640526772,0.015174934640526772,0.022040199488401413,0.022040199488401413
88,0.01533554494380951,0.01533554494380951,0.021346071735024452,0.021346071735024452
89,0.015320798382163048,0.015320798382163048,0.025020381435751915,0.025020381435751915
90,0.015448938123881817,0.015448938123881817,0.02123909257352352,0.02123909257352352
91,0.015143289230763912,0.015143289230763912,0.022449960932135582,0.022449960932135582
92,0.015101647935807705,0.015101647935807705,0.023302415385842323,0.023302415385842323
93,0.014810452237725258,0.014810452237725258,0.02594820410013199,0.02594820410013199
94,0.01514904759824276,0.01514904759824276,0.024184897541999817,0.024184897541999817
95,0.014772386290133,0.014772386290133,0.024175139144062996,0.024175139144062996
96,0.015014903619885445,0.015014903619885445,0.02700480818748474,0.02700480818748474
