epoch,loss,mean_absolute_error,val_loss,val_mean_absolute_error
0,0.12861134111881256,0.12861134111881256,0.7424833178520203,0.7424833178520203
1,0.08060318976640701,0.08060318976640701,0.7331685423851013,0.7331685423851013
2,0.061861518770456314,0.061861518770456314,0.7295784950256348,0.7295784950256348
3,0.0539894737303257,0.0539894737303257,0.7359786033630371,0.7359786033630371
4,0.04638652130961418,0.04638652130961418,0.7383760809898376,0.7383760809898376
5,0.05202361196279526,0.05202361196279526,0.7209439873695374,0.7209439873695374
6,0.04803727567195892,0.04803727567195892,0.7269241213798523,0.7269241213798523
7,0.049224115908145905,0.049224115908145905,0.7338467836380005,0.7338467836380005
8,0.04379049688577652,0.04379049688577652,0.7272887229919434,0.7272887229919434
9,0.04220262169837952,0.04220262169837952,0.7311171293258667,0.7311171293258667
10,0.04616686329245567,0.04616686329245567,0.7271091938018799,0.7271091938018799
11,0.04434370994567871,0.04434370994567871,0.7247366905212402,0.7247366905212402
12,0.038594458252191544,0.038594458252191544,0.7234552502632141,0.7234552502632141
13,0.03954564407467842,0.03954564407467842,0.7259942889213562,0.7259942889213562
14,0.04640555381774902,0.04640555381774902,0.7155860066413879,0.7155860066413879
15,0.04369485750794411,0.04369485750794411,0.7119574546813965,0.7119574546813965
16,0.03991496190428734,0.03991496190428734,0.709271252155304,0.709271252155304
17,0.040102243423461914,0.040102243423461914,0.6974230408668518,0.6974230408668518
18,0.04028655216097832,0.04028655216097832,0.7008798122406006,0.7008798122406006
19,0.043878138065338135,0.043878138065338135,0.6970903277397156,0.6970903277397156
20,0.042740583419799805,0.042740583419799805,0.6981360912322998,0.6981360912322998
21,0.04410392418503761,0.04410392418503761,0.6921712756156921,0.6921712756156921
22,0.04082828015089035,0.04082828015089035,0.6890987753868103,0.6890987753868103
23,0.043014392256736755,0.043014392256736755,0.6872531175613403,0.6872531175613403
24,0.042614467442035675,0.042614467442035675,0.687473475933075,0.687473475933075
25,0.036412276327610016,0.036412276327610016,0.6812583208084106,0.6812583208084106
26,0.039142802357673645,0.039142802357673645,0.6841500401496887,0.6841500401496887
27,0.05035344883799553,0.05035344883799553,0.669295608997345,0.669295608997345
28,0.03840506821870804,0.03840506821870804,0.6530372500419617,0.6530372500419617
29,0.04449386149644852,0.04449386149644852,0.6647375822067261,0.6647375822067261
30,0.03773018345236778,0.03773018345236778,0.6485996246337891,0.6485996246337891
31,0.03745924308896065,0.03745924308896065,0.636367917060852,0.636367917060852
32,0.03931140527129173,0.03931140527129173,0.625868022441864,0.625868022441864
33,0.03689287230372429,0.03689287230372429,0.6360155344009399,0.6360155344009399
34,0.039275191724300385,0.039275191724300385,0.6282997131347656,0.6282997131347656
35,0.03847270831465721,0.03847270831465721,0.6248794794082642,0.6248794794082642
36,0.04031918942928314,0.04031918942928314,0.6204324960708618,0.6204324960708618
37,0.039333801716566086,0.039333801716566086,0.6071386337280273,0.6071386337280273
38,0.034727104008197784,0.034727104008197784,0.5908783674240112,0.5908783674240112
39,0.034036774188280106,0.034036774188280106,0.5870242118835449,0.5870242118835449
40,0.03734106570482254,0.03734106570482254,0.5666373372077942,0.5666373372077942
41,0.03509817644953728,0.03509817644953728,0.5475645661354065,0.5475645661354065
42,0.03890892490744591,0.03890892490744591,0.5560731887817383,0.5560731887817383
43,0.03889849781990051,0.03889849781990051,0.5474861860275269,0.5474861860275269
44,0.045235227793455124,0.045235227793455124,0.5238754153251648,0.5238754153251648
45,0.03727686032652855,0.03727686032652855,0.5202062726020813,0.5202062726020813
46,0.03576396033167839,0.03576396033167839,0.4980891942977905,0.4980891942977905
47,0.037271928042173386,0.037271928042173386,0.5038822293281555,0.5038822293281555
48,0.03465433418750763,0.03465433418750763,0.49809008836746216,0.49809008836746216
49,0.03858250007033348,0.03858250007033348,0.48862358927726746,0.48862358927726746
50,0.0332503505051136,0.0332503505051136,0.4839126467704773,0.4839126467704773
51,0.03467125818133354,0.03467125818133354,0.45007622241973877,0.45007622241973877
52,0.03448858857154846,0.03448858857154846,0.43891164660453796,0.43891164660453796
53,0.036953214555978775,0.036953214555978775,0.46342745423316956,0.46342745423316956
54,0.03879499062895775,0.03879499062895775,0.4277973175048828,0.4277973175048828
55,0.03629986569285393,0.03629986569285393,0.41450586915016174,0.41450586915016174
56,0.0356864370405674,0.0356864370405674,0.38858118653297424,0.38858118653297424
57,0.038254473358392715,0.038254473358392715,0.38973766565322876,0.38973766565322876
58,0.033878713846206665,0.033878713846206665,0.36223167181015015,0.36223167181015015
59,0.036123212426900864,0.036123212426900864,0.3531174659729004,0.3531174659729004
60,0.04009820893406868,0.04009820893406868,0.3765036463737488,0.3765036463737488
61,0.034148119390010834,0.034148119390010834,0.37485677003860474,0.37485677003860474
62,0.03369951993227005,0.03369951993227005,0.3473150432109833,0.3473150432109833
63,0.03596606105566025,0.03596606105566025,0.3285852372646332,0.3285852372646332
64,0.04621294140815735,0.04621294140815735,0.3290996253490448,0.3290996253490448
65,0.035000991076231,0.035000991076231,0.34314391016960144,0.34314391016960144
66,0.03475354239344597,0.03475354239344597,0.33076906204223633,0.33076906204223633
67,0.033546049147844315,0.033546049147844315,0.3353005349636078,0.3353005349636078
68,0.03577207028865814,0.03577207028865814,0.3278992474079132,0.3278992474079132
69,0.034157413989305496,0.034157413989305496,0.3232448995113373,0.3232448995113373
70,0.034686680883169174,0.034686680883169174,0.27830827236175537,0.27830827236175537
71,0.038074951618909836,0.038074951618909836,0.30317142605781555,0.30317142605781555
72,0.03235789015889168,0.03235789015889168,0.32369762659072876,0.32369762659072876
73,0.03607334569096565,0.03607334569096565,0.3074096143245697,0.3074096143245697
74,0.03504236042499542,0.03504236042499542,0.28778529167175293,0.28778529167175293
75,0.03335347771644592,0.03335347771644592,0.25440120697021484,0.25440120697021484
76,0.03553684800863266,0.03553684800863266,0.2410321682691574,0.2410321682691574
77,0.032070863991975784,0.032070863991975784,0.23276063799858093,0.23276063799858093
78,0.03489013761281967,0.03489013761281967,0.26817867159843445,0.26817867159843445
79,0.033655907958745956,0.033655907958745956,0.24867287278175354,0.24867287278175354
80,0.0342027023434639,0.0342027023434639,0.26673415303230286,0.26673415303230286
81,0.030388107523322105,0.030388107523322105,0.246591717004776,0.246591717004776
82,0.029674720019102097,0.029674720019102097,0.21120810508728027,0.21120810508728027
83,0.03501071408390999,0.03501071408390999,0.23126301169395447,0.23126301169395447
84,0.031778186559677124,0.031778186559677124,0.2792676091194153,0.2792676091194153
85,0.0322372205555439,0.0322372205555439,0.2432902753353119,0.2432902753353119
86,0.03158755227923393,0.03158755227923393,0.2730727195739746,0.2730727195739746
87,0.03121558204293251,0.03121558204293251,0.2651975452899933,0.2651975452899933
88,0.030036987736821175,0.030036987736821175,0.2526981830596924,0.2526981830596924
89,0.030744876712560654,0.030744876712560654,0.2494683414697647,0.2494683414697647
90,0.03004402294754982,0.03004402294754982,0.2406829297542572,0.2406829297542572
91,0.03599557280540466,0.03599557280540466,0.23851817846298218,0.23851817846298218
92,0.03056204319000244,0.03056204319000244,0.2941637933254242,0.2941637933254242
93,0.03269929066300392,0.03269929066300392,0.2555549740791321,0.2555549740791321
94,0.033565592020750046,0.033565592020750046,0.21701541543006897,0.21701541543006897
95,0.03929983079433441,0.03929983079433441,0.2371770441532135,0.2371770441532135
96,0.03909900784492493,0.03909900784492493,0.18763498961925507,0.18763498961925507
97,0.03856934234499931,0.03856934234499931,0.20716020464897156,0.20716020464897156
98,0.03815668821334839,0.03815668821334839,0.2256888598203659,0.2256888598203659
99,0.0314347930252552,0.0314347930252552,0.23936055600643158,0.23936055600643158
100,0.030527928844094276,0.030527928844094276,0.23507672548294067,0.23507672548294067
101,0.02974606491625309,0.02974606491625309,0.21589799225330353,0.21589799225330353
102,0.032651908695697784,0.032651908695697784,0.2367517650127411,0.2367517650127411
103,0.03024831786751747,0.03024831786751747,0.23857469856739044,0.23857469856739044
104,0.030401021242141724,0.030401021242141724,0.24154327809810638,0.24154327809810638
105,0.03121919371187687,0.03121919371187687,0.2705424427986145,0.2705424427986145
106,0.030416402965784073,0.030416402965784073,0.23949015140533447,0.23949015140533447
107,0.029147163033485413,0.029147163033485413,0.22261838614940643,0.22261838614940643
108,0.02771400474011898,0.02771400474011898,0.2660681903362274,0.2660681903362274
109,0.032029133290052414,0.032029133290052414,0.27645495533943176,0.27645495533943176
110,0.03716699779033661,0.03716699779033661,0.23577234148979187,0.23577234148979187
111,0.03270958364009857,0.03270958364009857,0.2508452534675598,0.2508452534675598
112,0.030563460662961006,0.030563460662961006,0.25587472319602966,0.25587472319602966
113,0.031106065958738327,0.031106065958738327,0.2792202830314636,0.2792202830314636
114,0.030260998755693436,0.030260998755693436,0.2429816573858261,0.2429816573858261
115,0.030480369925498962,0.030480369925498962,0.2683147192001343,0.2683147192001343
116,0.031840160489082336,0.031840160489082336,0.2648967504501343,0.2648967504501343
117,0.03474361449480057,0.03474361449480057,0.26830926537513733,0.26830926537513733
118,0.03290756046772003,0.03290756046772003,0.2589290142059326,0.2589290142059326
119,0.030772723257541656,0.030772723257541656,0.26398515701293945,0.26398515701293945
120,0.02987642027437687,0.02987642027437687,0.23798370361328125,0.23798370361328125
121,0.03200933709740639,0.03200933709740639,0.23391684889793396,0.23391684889793396
