epoch,loss,mean_absolute_error,val_loss,val_mean_absolute_error
0,0.17624785006046295,0.17624785006046295,0.27456989884376526,0.27456989884376526
1,0.08349394798278809,0.08349394798278809,0.2051248699426651,0.2051248699426651
2,0.04679233208298683,0.04679233208298683,0.22904160618782043,0.22904160618782043
3,0.04044335335493088,0.04044335335493088,0.27340400218963623,0.27340400218963623
4,0.03710446506738663,0.03710446506738663,0.24988609552383423,0.24988609552383423
5,0.03358975052833557,0.03358975052833557,0.2606368064880371,0.2606368064880371
6,0.03652473911643028,0.03652473911643028,0.26714158058166504,0.26714158058166504
7,0.03534041345119476,0.03534041345119476,0.2493816465139389,0.2493816465139389
8,0.03209521621465683,0.03209521621465683,0.23523853719234467,0.23523853719234467
9,0.031593386083841324,0.031593386083841324,0.23948894441127777,0.23948894441127777
10,0.030755193904042244,0.030755193904042244,0.24225415289402008,0.24225415289402008
11,0.03094177506864071,0.03094177506864071,0.22588160634040833,0.22588160634040833
12,0.03168460726737976,0.03168460726737976,0.2592203617095947,0.2592203617095947
13,0.03176788240671158,0.03176788240671158,0.2386581003665924,0.2386581003665924
14,0.03129054233431816,0.03129054233431816,0.20956164598464966,0.20956164598464966
15,0.03155389055609703,0.03155389055609703,0.23592011630535126,0.23592011630535126
16,0.03005068004131317,0.03005068004131317,0.24197281897068024,0.24197281897068024
17,0.029814891517162323,0.029814891517162323,0.22137759625911713,0.22137759625911713
18,0.02953903190791607,0.02953903190791607,0.20120461285114288,0.20120461285114288
19,0.028671246021986008,0.028671246021986008,0.2389184534549713,0.2389184534549713
20,0.031223801895976067,0.031223801895976067,0.24690330028533936,0.24690330028533936
21,0.029467251151800156,0.029467251151800156,0.23926670849323273,0.23926670849323273
22,0.02825830690562725,0.02825830690562725,0.22798041999340057,0.22798041999340057
23,0.029791776090860367,0.029791776090860367,0.22962893545627594,0.22962893545627594
24,0.027414774522185326,0.027414774522185326,0.20539012551307678,0.20539012551307678
25,0.029104674234986305,0.029104674234986305,0.18152736127376556,0.18152736127376556
26,0.027045559138059616,0.027045559138059616,0.20543654263019562,0.20543654263019562
27,0.025858161970973015,0.025858161970973015,0.206903874874115,0.206903874874115
28,0.025391332805156708,0.025391332805156708,0.17272987961769104,0.17272987961769104
29,0.02516062930226326,0.02516062930226326,0.17793448269367218,0.17793448269367218
30,0.02406221255660057,0.02406221255660057,0.17822259664535522,0.17822259664535522
31,0.025254739448428154,0.025254739448428154,0.19378264248371124,0.19378264248371124
32,0.02299761399626732,0.02299761399626732,0.17444457113742828,0.17444457113742828
33,0.023423977196216583,0.023423977196216583,0.15519657731056213,0.15519657731056213
34,0.025954166427254677,0.025954166427254677,0.1881236433982849,0.1881236433982849
35,0.027378501370549202,0.027378501370549202,0.1577850729227066,0.1577850729227066
36,0.02256028540432453,0.02256028540432453,0.14236332476139069,0.14236332476139069
37,0.020838243886828423,0.020838243886828423,0.1419362723827362,0.1419362723827362
38,0.023367026820778847,0.023367026820778847,0.14654476940631866,0.14654476940631866
39,0.02049604244530201,0.02049604244530201,0.13030311465263367,0.13030311465263367
40,0.01973024196922779,0.01973024196922779,0.1290094405412674,0.1290094405412674
41,0.01913033239543438,0.01913033239543438,0.133810892701149,0.133810892701149
42,0.022598236799240112,0.022598236799240112,0.09099839627742767,0.09099839627742767
43,0.026203356683254242,0.026203356683254242,0.12986886501312256,0.12986886501312256
44,0.021128132939338684,0.021128132939338684,0.11682740598917007,0.11682740598917007
45,0.017382962629199028,0.017382962629199028,0.1237817332148552,0.1237817332148552
46,0.017470693215727806,0.017470693215727806,0.1225399374961853,0.1225399374961853
47,0.017176339402794838,0.017176339402794838,0.11002852022647858,0.11002852022647858
48,0.018070053309202194,0.018070053309202194,0.1190439984202385,0.1190439984202385
49,0.019189205020666122,0.019189205020666122,0.094361811876297,0.094361811876297
50,0.017538191750645638,0.017538191750645638,0.11924571543931961,0.11924571543931961
51,0.016839904710650444,0.016839904710650444,0.08936131000518799,0.08936131000518799
52,0.016330420970916748,0.016330420970916748,0.11280431598424911,0.11280431598424911
53,0.015949003398418427,0.015949003398418427,0.09259293973445892,0.09259293973445892
54,0.015334807336330414,0.015334807336330414,0.08841139823198318,0.08841139823198318
55,0.014971868135035038,0.014971868135035038,0.08580481261014938,0.08580481261014938
56,0.018019091337919235,0.018019091337919235,0.10722803324460983,0.10722803324460983
57,0.01604265719652176,0.01604265719652176,0.09117073565721512,0.09117073565721512
58,0.01811889372766018,0.01811889372766018,0.0890612006187439,0.0890612006187439
59,0.018048664554953575,0.018048664554953575,0.1037544384598732,0.1037544384598732
60,0.01644035242497921,0.01644035242497921,0.0862017497420311,0.0862017497420311
61,0.015773670747876167,0.015773670747876167,0.08923075348138809,0.08923075348138809
62,0.014716783538460732,0.014716783538460732,0.08806803822517395,0.08806803822517395
63,0.014727779664099216,0.014727779664099216,0.07783868163824081,0.07783868163824081
64,0.014650563709437847,0.014650563709437847,0.0867038145661354,0.0867038145661354
65,0.015084803104400635,0.015084803104400635,0.09958510845899582,0.09958510845899582
66,0.018084630370140076,0.018084630370140076,0.07899578660726547,0.07899578660726547
67,0.015371670015156269,0.015371670015156269,0.09950637817382812,0.09950637817382812
68,0.01662079244852066,0.01662079244852066,0.08547639101743698,0.08547639101743698
69,0.017361193895339966,0.017361193895339966,0.08515048027038574,0.08515048027038574
70,0.016007155179977417,0.016007155179977417,0.08398912847042084,0.08398912847042084
71,0.014298263005912304,0.014298263005912304,0.09644455462694168,0.09644455462694168
72,0.014365664683282375,0.014365664683282375,0.08069581538438797,0.08069581538438797
73,0.01447422243654728,0.01447422243654728,0.08340000361204147,0.08340000361204147
74,0.01536034420132637,0.01536034420132637,0.08248484879732132,0.08248484879732132
75,0.014849444851279259,0.014849444851279259,0.08254688233137131,0.08254688233137131
76,0.014583861455321312,0.014583861455321312,0.07581330090761185,0.07581330090761185
77,0.01492113433778286,0.01492113433778286,0.08409595489501953,0.08409595489501953
78,0.014766708016395569,0.014766708016395569,0.08494856208562851,0.08494856208562851
79,0.014588367193937302,0.014588367193937302,0.07685241848230362,0.07685241848230362
80,0.014240146614611149,0.014240146614611149,0.08808716386556625,0.08808716386556625
81,0.014010127633810043,0.014010127633810043,0.08082833886146545,0.08082833886146545
82,0.013970056548714638,0.013970056548714638,0.07744110375642776,0.07744110375642776
83,0.015021693892776966,0.015021693892776966,0.07683724910020828,0.07683724910020828
84,0.014012902975082397,0.014012902975082397,0.08551124483346939,0.08551124483346939
85,0.014057964086532593,0.014057964086532593,0.07359705120325089,0.07359705120325089
86,0.013499138876795769,0.013499138876795769,0.0839553251862526,0.0839553251862526
87,0.014549831859767437,0.014549831859767437,0.07368917763233185,0.07368917763233185
88,0.014695268124341965,0.014695268124341965,0.0899413451552391,0.0899413451552391
89,0.01652166247367859,0.01652166247367859,0.07254600524902344,0.07254600524902344
90,0.01540142111480236,0.01540142111480236,0.0819525346159935,0.0819525346159935
91,0.014561116695404053,0.014561116695404053,0.07840379327535629,0.07840379327535629
92,0.014523893594741821,0.014523893594741821,0.07100645452737808,0.07100645452737808
93,0.015557179227471352,0.015557179227471352,0.08968964964151382,0.08968964964151382
94,0.01981535740196705,0.01981535740196705,0.06988351047039032,0.06988351047039032
95,0.015399588271975517,0.015399588271975517,0.07634352147579193,0.07634352147579193
96,0.013827393762767315,0.013827393762767315,0.0764288380742073,0.0764288380742073
97,0.015947576612234116,0.015947576612234116,0.08164200931787491,0.08164200931787491
98,0.015356726944446564,0.015356726944446564,0.0827159509062767,0.0827159509062767
99,0.014884314499795437,0.014884314499795437,0.07380534708499908,0.07380534708499908
100,0.014845943078398705,0.014845943078398705,0.0804012268781662,0.0804012268781662
101,0.01401437260210514,0.01401437260210514,0.07452753186225891,0.07452753931283951
102,0.013401691801846027,0.013401691801846027,0.08007372915744781,0.08007372915744781
103,0.013771669939160347,0.013771669939160347,0.08241106569766998,0.08241106569766998
104,0.015131651423871517,0.015131651423871517,0.06922336667776108,0.06922336667776108
105,0.015392487868666649,0.015392487868666649,0.07667192071676254,0.07667191326618195
106,0.014239487238228321,0.014239487238228321,0.07543922960758209,0.07543922960758209
107,0.013509431853890419,0.013509431853890419,0.08265405893325806,0.08265405893325806
108,0.013825727626681328,0.013825727626681328,0.06745994836091995,0.06745994836091995
109,0.015183083713054657,0.015183083713054657,0.0723273828625679,0.0723273828625679
110,0.016268743202090263,0.016268743202090263,0.08961474895477295,0.08961474895477295
111,0.014806008897721767,0.014806008897721767,0.06935478746891022,0.06935478746891022
112,0.014233759604394436,0.014233759604394436,0.0732535794377327,0.0732535794377327
113,0.013381045311689377,0.013381045311689377,0.07746349275112152,0.07746349275112152
114,0.013678953051567078,0.013678953051567078,0.06842637807130814,0.06842637807130814
115,0.01340438611805439,0.01340438611805439,0.07635516673326492,0.07635516673326492
116,0.014300856739282608,0.014300856739282608,0.0698685348033905,0.0698685348033905
117,0.013092348352074623,0.013092348352074623,0.07384465634822845,0.07384465634822845
118,0.013622380793094635,0.013622380793094635,0.07403676956892014,0.07403676211833954
119,0.014503943733870983,0.014503943733870983,0.06759975105524063,0.06759975105524063
120,0.01324352528899908,0.01324352528899908,0.078022301197052,0.078022301197052
121,0.013022586703300476,0.013022586703300476,0.07272178679704666,0.07272178679704666
122,0.013526001013815403,0.013526001013815403,0.07281356304883957,0.07281356304883957
123,0.01413842011243105,0.01413842011243105,0.07431289553642273,0.07431289553642273
124,0.014742337167263031,0.014742337167263031,0.06704135984182358,0.06704135984182358
125,0.014387301169335842,0.014387301169335842,0.07261550426483154,0.07261550426483154
126,0.015025041066110134,0.015025041066110134,0.07753445208072662,0.07753445208072662
127,0.01525683794170618,0.01525683794170618,0.0713806077837944,0.0713806077837944
128,0.016415512189269066,0.016415512189269066,0.0722149983048439,0.0722149983048439
129,0.013388504274189472,0.013388504274189472,0.07544562220573425,0.07544562220573425
130,0.014151004143059254,0.014151004143059254,0.07185640186071396,0.07185640186071396
131,0.015953123569488525,0.015953123569488525,0.07470612972974777,0.07470612972974777
132,0.01477109920233488,0.01477109920233488,0.06571728736162186,0.06571728736162186
133,0.016200555488467216,0.016200555488467216,0.09478805959224701,0.09478805959224701
134,0.016632182523608208,0.016632182523608208,0.06552588194608688,0.06552588194608688
135,0.01327044703066349,0.01327044703066349,0.0777314081788063,0.0777314081788063
136,0.01412069983780384,0.01412069983780384,0.064639151096344,0.064639151096344
137,0.014498402364552021,0.014498402364552021,0.07085005193948746,0.07085005193948746
138,0.014851377345621586,0.014851377345621586,0.06478264182806015,0.06478264182806015
139,0.014844165183603764,0.014844165183603764,0.07337129861116409,0.07337129861116409
140,0.013168259523808956,0.013168259523808956,0.06872843205928802,0.06872843205928802
141,0.014033639803528786,0.014033639803528786,0.06455788016319275,0.06455788016319275
142,0.014261653646826744,0.014261653646826744,0.07251743227243423,0.07251743227243423
143,0.01488211378455162,0.01488211378455162,0.06691001355648041,0.06691001355648041
144,0.014266754500567913,0.014266754500567913,0.06905883550643921,0.06905883550643921
145,0.013482820242643356,0.013482820242643356,0.0670539140701294,0.0670539140701294
146,0.01370426919311285,0.01370426919311285,0.0661039724946022,0.0661039724946022
147,0.01293883565813303,0.01293883565813303,0.07669141888618469,0.07669141888618469
148,0.013025825843214989,0.013025825843214989,0.06437356770038605,0.06437356770038605
149,0.013134945183992386,0.013134945183992386,0.06335605680942535,0.06335605680942535
150,0.013257274404168129,0.013257274404168129,0.07186012715101242,0.07186013460159302
151,0.01434402260929346,0.01434402260929346,0.06205107644200325,0.06205107644200325
152,0.01350640319287777,0.01350640319287777,0.06703275442123413,0.06703275442123413
153,0.012907881289720535,0.012907881289720535,0.06803545355796814,0.06803545355796814
154,0.012659727595746517,0.012659727595746517,0.06288789212703705,0.06288789212703705
155,0.012675290927290916,0.012675290927290916,0.06275191903114319,0.06275191903114319
156,0.012663652189075947,0.012663652189075947,0.06717883050441742,0.06717883050441742
157,0.013396049849689007,0.013396049849689007,0.0657925084233284,0.0657925084233284
158,0.012976993806660175,0.012976993806660175,0.06597860902547836,0.06597860902547836
159,0.013223493471741676,0.013223493471741676,0.061365291476249695,0.061365291476249695
160,0.013618240132927895,0.013618240132927895,0.06434459239244461,0.06434459239244461
161,0.015248418785631657,0.015248418785631657,0.06360889226198196,0.06360889226198196
162,0.013231662102043629,0.013231662102043629,0.06605765968561172,0.06605765968561172
163,0.012580165639519691,0.012580165639519691,0.06343445181846619,0.06343445181846619
164,0.012612415477633476,0.012612415477633476,0.06299395114183426,0.06299395114183426
165,0.012658800929784775,0.012658800929784775,0.06087702885270119,0.06087702885270119
166,0.013359107077121735,0.013359107077121735,0.06281669437885284,0.06281669437885284
167,0.012480203993618488,0.012480203993618488,0.06060197949409485,0.06060197949409485
168,0.012702468782663345,0.012702468782663345,0.06242694705724716,0.06242694705724716
169,0.014944546855986118,0.014944546855986118,0.06176832318305969,0.06176832318305969
170,0.013982701115310192,0.013982701115310192,0.06610426306724548,0.06610426306724548
171,0.01317923329770565,0.01317923329770565,0.06057858467102051,0.06057858467102051
172,0.013792031444609165,0.013792031444609165,0.06741413474082947,0.06741413474082947
173,0.012582836672663689,0.012582836672663689,0.06286458671092987,0.06286458671092987
174,0.013001631945371628,0.013001631945371628,0.06127402186393738,0.06127402186393738
175,0.01346523780375719,0.01346523780375719,0.06307600438594818,0.06307600438594818
176,0.012461372651159763,0.012461372651159763,0.06329397112131119,0.06329397112131119
177,0.01266248058527708,0.01266248058527708,0.06260209530591965,0.06260209530591965
178,0.012427171692252159,0.012427171692252159,0.06181604415178299,0.06181604415178299
179,0.01449565403163433,0.01449565403163433,0.05978253111243248,0.05978253111243248
180,0.014396751299500465,0.014396751299500465,0.0652189776301384,0.0652189776301384
181,0.013493627309799194,0.013493627309799194,0.06299657374620438,0.06299657374620438
182,0.014597907662391663,0.014597907662391663,0.062031909823417664,0.062031909823417664
183,0.013665230013430119,0.013665230013430119,0.06289417296648026,0.06289417296648026
184,0.013108107261359692,0.013108107261359692,0.06228341907262802,0.06228341907262802
185,0.012853192165493965,0.012853192165493965,0.0636945366859436,0.0636945366859436
186,0.012663474306464195,0.01266347337514162,0.05987020581960678,0.05987020581960678
187,0.013712150044739246,0.013712150044739246,0.0667669028043747,0.0667669028043747
188,0.01482021901756525,0.01482021901756525,0.0597718171775341,0.0597718171775341
189,0.013022086583077908,0.013022086583077908,0.06582861393690109,0.06582861393690109
190,0.014028414152562618,0.014028414152562618,0.06130003184080124,0.06130003184080124
191,0.012866436503827572,0.012866436503827572,0.06211753934621811,0.06211753934621811
192,0.013231788761913776,0.013231788761913776,0.058735571801662445,0.058735571801662445
193,0.013086186721920967,0.013086186721920967,0.06416276842355728,0.06416276842355728
194,0.012545614503324032,0.012545614503324032,0.06009938195347786,0.06009938195347786
195,0.01235866267234087,0.01235866267234087,0.061494290828704834,0.061494290828704834
196,0.012768392451107502,0.012768392451107502,0.06046000495553017,0.06046000495553017
197,0.01218454446643591,0.01218454446643591,0.058385446667671204,0.058385446667671204
198,0.012710531242191792,0.012710531242191792,0.05923888087272644,0.05923888087272644
199,0.012722945772111416,0.012722945772111416,0.061195507645606995,0.061195507645606995
200,0.012104025110602379,0.012104025110602379,0.05940891057252884,0.05940891057252884
201,0.013751879334449768,0.013751877471804619,0.06088414415717125,0.06088414415717125
202,0.013006213121116161,0.013006213121116161,0.058322422206401825,0.058322422206401825
203,0.01281005423516035,0.01281005423516035,0.06465684622526169,0.06465684622526169
204,0.014169281348586082,0.014169281348586082,0.059077560901641846,0.059077560901641846
205,0.014324740506708622,0.014324740506708622,0.0664728656411171,0.0664728656411171
206,0.01583332195878029,0.01583332195878029,0.06963229924440384,0.06963229924440384
207,0.016291404142975807,0.016291404142975807,0.06153613328933716,0.06153613328933716
208,0.014848968014121056,0.014848968014121056,0.06311577558517456,0.06311577558517456
209,0.013260235078632832,0.013260235078632832,0.061516713351011276,0.061516713351011276
210,0.012758392840623856,0.012758392840623856,0.060456741601228714,0.060456741601228714
211,0.013017764315009117,0.013017764315009117,0.05815284699201584,0.05815284699201584
212,0.012239367701113224,0.012239367701113224,0.06149115413427353,0.06149115413427353
213,0.013396673835814,0.013396673835814,0.05819098278880119,0.05819098278880119
214,0.012435870245099068,0.012435870245099068,0.06546537578105927,0.06546537578105927
215,0.012829257175326347,0.012829257175326347,0.057764891535043716,0.057764891535043716
216,0.01209153700619936,0.01209153700619936,0.05945918336510658,0.05945918336510658
217,0.013096573762595654,0.013096573762595654,0.0602366141974926,0.0602366141974926
218,0.013017389923334122,0.013017389923334122,0.060639698058366776,0.060639698058366776
219,0.01295951846987009,0.01295951846987009,0.058539360761642456,0.058539360761642456
220,0.013205273076891899,0.013205273076891899,0.05944744870066643,0.05944744870066643
221,0.01270605344325304,0.01270605344325304,0.06633304059505463,0.06633304059505463
222,0.012984729371964931,0.012984729371964931,0.06024760380387306,0.06024760380387306
223,0.013178445398807526,0.013178445398807526,0.06179628148674965,0.06179628148674965
224,0.013057376258075237,0.013057376258075237,0.060758017003536224,0.060758017003536224
225,0.012902076356112957,0.012902076356112957,0.05995374917984009,0.05995374917984009
226,0.012242096476256847,0.012242096476256847,0.05835745111107826,0.05835745111107826
227,0.013145008124411106,0.013145008124411106,0.05754731222987175,0.05754731222987175
228,0.012814550660550594,0.012814550660550594,0.0592825673520565,0.0592825673520565
229,0.013201283290982246,0.013201283290982246,0.05892292782664299,0.05892292782664299
230,0.013096969574689865,0.013096969574689865,0.06177712604403496,0.06177712604403496
231,0.013384915888309479,0.013384915888309479,0.05868760868906975,0.05868760868906975
232,0.012606439180672169,0.012606439180672169,0.06174521520733833,0.06174521520733833
233,0.012349353171885014,0.012349353171885014,0.061235591769218445,0.061235591769218445
234,0.012444762513041496,0.012444762513041496,0.059409018605947495,0.059409018605947495
235,0.013167137280106544,0.013167137280106544,0.0584721639752388,0.0584721639752388
236,0.012409761548042297,0.012409761548042297,0.06056332588195801,0.06056332588195801
237,0.012536844238638878,0.012536844238638878,0.06010746210813522,0.06010746210813522
238,0.013023707084357738,0.013023707084357738,0.0587625615298748,0.0587625615298748
239,0.012693381868302822,0.012693381868302822,0.060035981237888336,0.060035981237888336
240,0.012453418225049973,0.012453418225049973,0.05722741410136223,0.05722741410136223
241,0.011793877929449081,0.011793877929449081,0.05786028876900673,0.05786028876900673
242,0.012308876030147076,0.012308876030147076,0.060151226818561554,0.060151226818561554
243,0.012471365742385387,0.012471365742385387,0.057845667004585266,0.057845667004585266
244,0.01237222459167242,0.01237222459167242,0.06610887497663498,0.06610887497663498
245,0.012439980171620846,0.012439980171620846,0.05875932425260544,0.05875932425260544
246,0.011916182935237885,0.011916182935237885,0.05794982239603996,0.05794982239603996
247,0.012840382754802704,0.012840382754802704,0.0578121654689312,0.0578121654689312
248,0.01307849120348692,0.01307849120348692,0.05658844858407974,0.05658844858407974
249,0.012420286424458027,0.012420286424458027,0.05787521228194237,0.05787521228194237
250,0.012059430591762066,0.012059430591762066,0.05861333757638931,0.05861333757638931
251,0.0125248022377491,0.0125248022377491,0.05647927522659302,0.05647927522659302
252,0.012742501683533192,0.012742501683533192,0.058137282729148865,0.058137282729148865
253,0.012871208600699902,0.012871208600699902,0.06189880520105362,0.06189880520105362
254,0.012113651260733604,0.012113651260733604,0.05624118074774742,0.05624118074774742
255,0.013909811154007912,0.013909811154007912,0.06047140061855316,0.06047140061855316
256,0.012885338626801968,0.012885338626801968,0.05915988236665726,0.05915988236665726
257,0.01203297358006239,0.01203297358006239,0.056631285697221756,0.056631285697221756
258,0.013525339774787426,0.013525339774787426,0.064580038189888,0.064580038189888
259,0.013446054421365261,0.013446054421365261,0.0567798987030983,0.0567798987030983
260,0.012819858267903328,0.012819858267903328,0.061009034514427185,0.061009034514427185
261,0.012025902047753334,0.012025902047753334,0.0578061006963253,0.0578061006963253
262,0.012441282160580158,0.012441282160580158,0.05911930277943611,0.05911930277943611
263,0.012180314399302006,0.012180314399302006,0.05593669041991234,0.05593669041991234
264,0.012187903746962547,0.012187903746962547,0.05790645629167557,0.05790645629167557
265,0.013079086318612099,0.013079086318612099,0.057150572538375854,0.057150572538375854
266,0.012155285105109215,0.012155285105109215,0.05847204104065895,0.05847204104065895
267,0.012211387977004051,0.012211387977004051,0.05655701830983162,0.05655701830983162
268,0.01311843004077673,0.01311843004077673,0.05839917063713074,0.05839917063713074
269,0.01306992582976818,0.01306992582976818,0.05719779059290886,0.05719779059290886
270,0.013589209876954556,0.013589209876954556,0.05921265482902527,0.05921265482902527
271,0.012869398109614849,0.012869398109614849,0.05603865534067154,0.05603865534067154
272,0.01262449100613594,0.01262449100613594,0.05872255563735962,0.05872255563735962
273,0.012421835213899612,0.012421835213899612,0.05633370205760002,0.05633370205760002
274,0.012820223346352577,0.012820223346352577,0.057137586176395416,0.057137586176395416
275,0.01387045718729496,0.01387045718729496,0.058671120554208755,0.058671120554208755
276,0.012450816109776497,0.012450816109776497,0.05536401644349098,0.05536401644349098
277,0.01416382659226656,0.01416382659226656,0.0553896501660347,0.0553896501660347
278,0.012841356918215752,0.012841356918215752,0.05717633292078972,0.05717633292078972
279,0.012094387784600258,0.012094387784600258,0.058469027280807495,0.058469027280807495
280,0.01172496285289526,0.01172496285289526,0.05502593144774437,0.05502593144774437
281,0.012928858399391174,0.012928858399391174,0.0635589063167572,0.0635589063167572
282,0.014959556981921196,0.014959556981921196,0.05636431649327278,0.05636431649327278
283,0.012742513790726662,0.012742513790726662,0.05788701772689819,0.05788701772689819
284,0.012704476714134216,0.012704478576779366,0.05568509176373482,0.05568509176373482
285,0.012251113541424274,0.012251113541424274,0.05786142498254776,0.05786142498254776
286,0.011824368499219418,0.011824368499219418,0.05566924810409546,0.05566924810409546
287,0.012753751128911972,0.012753751128911972,0.058848362416028976,0.058848362416028976
288,0.012733361683785915,0.012733361683785915,0.05570543184876442,0.05570543184876442
289,0.012515464797616005,0.012515464797616005,0.05875752493739128,0.05875752493739128
290,0.012264263816177845,0.012264263816177845,0.057231541723012924,0.057231541723012924
291,0.013610653579235077,0.013610653579235077,0.05681424215435982,0.05681424215435982
292,0.012337439693510532,0.012337439693510532,0.06784172356128693,0.06784172356128693
293,0.014668034389615059,0.014668034389615059,0.05563413351774216,0.05563413351774216
294,0.013534818775951862,0.013534818775951862,0.055414505302906036,0.055414505302906036
295,0.013014081865549088,0.013014081865549088,0.06037832051515579,0.06037832051515579
296,0.012438584119081497,0.012438584119081497,0.056802622973918915,0.056802622973918915
297,0.01166749931871891,0.01166749931871891,0.056808311492204666,0.056808311492204666
298,0.011477261781692505,0.011477261781692505,0.057364560663700104,0.057364560663700104
299,0.01257655955851078,0.01257655955851078,0.05504247546195984,0.05504247546195984
300,0.013466505333781242,0.013466505333781242,0.05708803981542587,0.05708803981542587
301,0.013079115189611912,0.013079115189611912,0.056363459676504135,0.056363459676504135
302,0.012023190967738628,0.012023190967738628,0.05772026255726814,0.05772026255726814
303,0.012424422428011894,0.012424422428011894,0.05745956674218178,0.05745956674218178
304,0.01211149338632822,0.01211149338632822,0.05597761273384094,0.05597761273384094
305,0.011570187285542488,0.011570187285542488,0.05682603642344475,0.05682603642344475
