epoch,loss,mean_absolute_error,val_loss,val_mean_absolute_error
0,0.30521368980407715,0.30521368980407715,0.7182871699333191,0.7182871699333191
1,0.27646204829216003,0.27646204829216003,0.6726928353309631,0.6726928353309631
2,0.25366172194480896,0.25366172194480896,0.583318829536438,0.583318829536438
3,0.18562956154346466,0.18562956154346466,0.1877722144126892,0.1877722144126892
4,0.14687980711460114,0.14687980711460114,0.2791646718978882,0.2791646718978882
5,0.12506593763828278,0.12506593763828278,0.14475809037685394,0.14475809037685394
6,0.10110160708427429,0.10110160708427429,0.12314360588788986,0.12314360588788986
7,0.09102772921323776,0.09102772921323776,0.12699800729751587,0.12699800729751587
8,0.08175322413444519,0.08175322413444519,0.111177459359169,0.111177459359169
9,0.07209035754203796,0.07209035754203796,0.12447460740804672,0.12447460740804672
10,0.061499856412410736,0.061499856412410736,0.08810056746006012,0.08810056746006012
11,0.05375451594591141,0.05375451594591141,0.1452607363462448,0.1452607363462448
12,0.04601207375526428,0.04601207375526428,0.09262808412313461,0.09262808412313461
13,0.04725078493356705,0.04725078493356705,0.09089235216379166,0.09089235216379166
14,0.04244321212172508,0.04244321212172508,0.1118464320898056,0.1118464320898056
15,0.04013964906334877,0.04013964906334877,0.12857723236083984,0.12857723236083984
16,0.040748052299022675,0.040748052299022675,0.11260601878166199,0.11260601878166199
17,0.039763983339071274,0.039763983339071274,0.07634367793798447,0.07634367793798447
18,0.04284060746431351,0.04284060746431351,0.10919323563575745,0.10919323563575745
19,0.038246240466833115,0.038246240466833115,0.09031108021736145,0.09031108021736145
20,0.038963377475738525,0.038963377475738525,0.14123784005641937,0.14123784005641937
21,0.040548864752054214,0.040548864752054214,0.0978439524769783,0.0978439524769783
22,0.036912381649017334,0.036912381649017334,0.08285292983055115,0.08285292983055115
23,0.03602862358093262,0.03602862358093262,0.09685848653316498,0.09685848653316498
24,0.03454761207103729,0.03454761207103729,0.08288969099521637,0.08288969099521637
25,0.0363139882683754,0.0363139882683754,0.11445650458335876,0.11445650458335876
26,0.03481724485754967,0.03481724485754967,0.1387738585472107,0.1387738585472107
27,0.04169883579015732,0.04169883579015732,0.06310630589723587,0.06310630589723587
28,0.0374743826687336,0.0374743826687336,0.10862510651350021,0.10862510651350021
29,0.033156223595142365,0.033156223595142365,0.11353777348995209,0.11353777348995209
30,0.03290877118706703,0.03290877118706703,0.08706177771091461,0.08706177771091461
31,0.03078257292509079,0.03078257292509079,0.07052091509103775,0.07052091509103775
32,0.03598461300134659,0.03598461300134659,0.11652052402496338,0.11652052402496338
33,0.03102641925215721,0.03102641925215721,0.06534530222415924,0.06534530222415924
34,0.044022366404533386,0.044022366404533386,0.12930084764957428,0.12930084764957428
35,0.03383222594857216,0.03383222594857216,0.12165539711713791,0.12165539711713791
36,0.03498786687850952,0.03498786687850952,0.06674691289663315,0.06674691289663315
37,0.03263193368911743,0.03263193368911743,0.07683351635932922,0.07683351635932922
38,0.03256622329354286,0.03256622329354286,0.0931638702750206,0.0931638702750206
39,0.028817709535360336,0.028817709535360336,0.10147079080343246,0.10147079080343246
40,0.03019670583307743,0.03019670583307743,0.1147519201040268,0.1147519201040268
41,0.02970375120639801,0.02970375120639801,0.09286639094352722,0.09286639094352722
42,0.027660882100462914,0.027660882100462914,0.1504853069782257,0.1504853069782257
43,0.03276180475950241,0.03276180475950241,0.09979523718357086,0.09979523718357086
44,0.030351296067237854,0.030351296067237854,0.1081734225153923,0.1081734225153923
45,0.033160917460918427,0.033160917460918427,0.09116729348897934,0.09116729348897934
46,0.03495711460709572,0.03495711460709572,0.05097438395023346,0.05097438395023346
47,0.03060818836092949,0.03060818836092949,0.09953556209802628,0.09953556209802628
48,0.028390200808644295,0.028390200808644295,0.07170849293470383,0.07170849293470383
49,0.031129125505685806,0.031129125505685806,0.09786178171634674,0.09786178171634674
50,0.03615735471248627,0.03615735471248627,0.06769018620252609,0.06769018620252609
51,0.03355799987912178,0.03355799987912178,0.08790353685617447,0.08790353685617447
52,0.028080705553293228,0.028080705553293228,0.1268319934606552,0.1268319934606552
53,0.031577687710523605,0.031577687710523605,0.08553405106067657,0.08553405106067657
54,0.026640815660357475,0.026640815660357475,0.09512311965227127,0.09512311965227127
55,0.02822686731815338,0.02822686731815338,0.08512759953737259,0.08512759953737259
56,0.028078986331820488,0.028078986331820488,0.056278008967638016,0.056278008967638016
57,0.02688474766910076,0.02688474766910076,0.09494748711585999,0.09494748711585999
58,0.0254018884152174,0.0254018884152174,0.0863238275051117,0.0863238275051117
59,0.029419945552945137,0.029419945552945137,0.08046755194664001,0.08046755194664001
60,0.027932055294513702,0.027932055294513702,0.08035364747047424,0.08035364747047424
61,0.025949805974960327,0.025949805974960327,0.09708675742149353,0.09708675742149353
62,0.027985528111457825,0.027985528111457825,0.0833602324128151,0.0833602324128151
63,0.026407331228256226,0.026407331228256226,0.08777215331792831,0.08777215331792831
64,0.02848939038813114,0.02848939038813114,0.08087301254272461,0.08087301254272461
65,0.02575596608221531,0.02575596608221531,0.10433536022901535,0.10433536022901535
66,0.028302066028118134,0.028302066028118134,0.09233462065458298,0.09233462065458298
67,0.02789340168237686,0.02789340168237686,0.06004602462053299,0.06004602462053299
68,0.02782386541366577,0.02782386541366577,0.09013447910547256,0.09013447910547256
69,0.025455143302679062,0.025455143302679062,0.07875631004571915,0.07875631004571915
70,0.025909412652254105,0.025909412652254105,0.08749324828386307,0.08749324828386307
71,0.024688517674803734,0.024688517674803734,0.07604934275150299,0.07604934275150299
0,0.29917967319488525,0.29917967319488525,0.7007790207862854,0.7007790207862854
1,0.2665243148803711,0.2665243148803711,0.6411839723587036,0.6411839723587036
2,0.24129033088684082,0.24129033088684082,0.5303226113319397,0.5303226113319397
3,0.17471261322498322,0.17471261322498322,0.12558205425739288,0.12558205425739288
4,0.11556177586317062,0.11556177586317062,0.17882244288921356,0.17882244288921356
5,0.10271058231592178,0.10271058231592178,0.11983498185873032,0.11983498185873032
6,0.09890527278184891,0.09890527278184891,0.13442543148994446,0.13442543148994446
7,0.0912594422698021,0.0912594422698021,0.13445089757442474,0.13445089757442474
8,0.0833362340927124,0.0833362340927124,0.1438244879245758,0.1438244879245758
9,0.07027196884155273,0.07027196884155273,0.09253445267677307,0.09253445267677307
10,0.06161859631538391,0.06161859631538391,0.15522043406963348,0.15522043406963348
11,0.04867302626371384,0.04867302626371384,0.08078587800264359,0.08078587800264359
12,0.043805211782455444,0.043805211782455444,0.10085713863372803,0.10085713863372803
13,0.04134957864880562,0.04134957864880562,0.10405199229717255,0.10405199229717255
14,0.040110234171152115,0.040110234171152115,0.10603410750627518,0.10603410750627518
15,0.035148121416568756,0.035148121416568756,0.0944797620177269,0.0944797620177269
16,0.033515166491270065,0.033515166491270065,0.05779892951250076,0.05779892951250076
17,0.03650892898440361,0.03650892898440361,0.08313963562250137,0.08313963562250137
18,0.0318044051527977,0.0318044051527977,0.053455159068107605,0.053455159068107605
19,0.0334426574409008,0.0334426574409008,0.051513832062482834,0.051513832062482834
20,0.03191136568784714,0.03191136568784714,0.0932687371969223,0.0932687371969223
21,0.0395769402384758,0.0395769402384758,0.06848278641700745,0.06848278641700745
22,0.03246880695223808,0.03246880695223808,0.06702558696269989,0.06702558696269989
23,0.03461669385433197,0.03461669385433197,0.058058783411979675,0.058058783411979675
24,0.03071831539273262,0.03071831539273262,0.06649237871170044,0.06649237871170044
25,0.02846900187432766,0.02846900187432766,0.04984202980995178,0.04984202980995178
26,0.037656281143426895,0.037656281143426895,0.06296727061271667,0.06296727061271667
27,0.03266744688153267,0.03266744688153267,0.06425593048334122,0.06425593048334122
28,0.031154362484812737,0.031154362484812737,0.10313650220632553,0.10313650220632553
29,0.028594106435775757,0.028594106435775757,0.10326103121042252,0.10326103121042252
30,0.030545830726623535,0.030545830726623535,0.1272069662809372,0.1272069662809372
31,0.03046512044966221,0.03046512044966221,0.05528376251459122,0.05528376251459122
32,0.0352664478123188,0.0352664478123188,0.07955116778612137,0.07955116778612137
33,0.029525399208068848,0.029525399208068848,0.09525319933891296,0.09525319933891296
34,0.028036057949066162,0.028036057949066162,0.08653444051742554,0.08653444051742554
35,0.02700824663043022,0.02700824663043022,0.06926676630973816,0.06926676630973816
36,0.027366383001208305,0.027366383001208305,0.07453116774559021,0.07453116774559021
37,0.027355797588825226,0.027355797588825226,0.09213417023420334,0.09213417023420334
38,0.03090193308889866,0.03090193308889866,0.06440043449401855,0.06440043449401855
39,0.026489969342947006,0.026489969342947006,0.055977530777454376,0.055977530777454376
40,0.02651217207312584,0.02651217207312584,0.0506073422729969,0.0506073422729969
41,0.03666556254029274,0.03666556254029274,0.10065465420484543,0.10065465420484543
42,0.026877911761403084,0.026877911761403084,0.10672696679830551,0.10672696679830551
43,0.028014540672302246,0.028014540672302246,0.0938359797000885,0.0938359797000885
44,0.02989109419286251,0.02989109419286251,0.08072572946548462,0.08072572946548462
45,0.028402384370565414,0.028402384370565414,0.10218269377946854,0.10218269377946854
46,0.03896079957485199,0.03896079957485199,0.07082010060548782,0.07082010060548782
47,0.029364174231886864,0.029364174231886864,0.05888720229268074,0.05888720229268074
48,0.026338055729866028,0.026338055729866028,0.06757029891014099,0.06757029891014099
49,0.02737610973417759,0.02737610973417759,0.08756168186664581,0.08756168186664581
50,0.02574939839541912,0.02574939839541912,0.06461256742477417,0.06461256742477417
