epoch,loss,mean_absolute_error,val_loss,val_mean_absolute_error
0,0.11954078078269958,0.11954078078269958,0.11825069040060043,0.11825069040060043
1,0.06143151968717575,0.06143151968717575,0.1051303893327713,0.1051303893327713
2,0.03782106190919876,0.03782106190919876,0.08433595299720764,0.08433595299720764
3,0.03444112092256546,0.03444112092256546,0.09240373969078064,0.09240373969078064
4,0.030387304723262787,0.030387304723262787,0.08994153887033463,0.08994153887033463
5,0.02933301217854023,0.02933301217854023,0.09018706530332565,0.09018706530332565
6,0.027963906526565552,0.027963906526565552,0.08644483983516693,0.08644483983516693
7,0.02671896666288376,0.02671896666288376,0.09730932116508484,0.09730932116508484
8,0.025752782821655273,0.025752782821655273,0.08632640540599823,0.08632640540599823
9,0.02511807158589363,0.02511807158589363,0.08286651968955994,0.08286651968955994
10,0.023731589317321777,0.023731589317321777,0.09933304041624069,0.09933304041624069
11,0.022609103471040726,0.022609103471040726,0.0731794536113739,0.0731794536113739
12,0.027951916679739952,0.027951916679739952,0.07555276155471802,0.07555276155471802
13,0.02692653425037861,0.02692653425037861,0.0727296769618988,0.0727296769618988
14,0.022859372198581696,0.022859372198581696,0.0743434727191925,0.0743434727191925
15,0.024060232564806938,0.024060232564806938,0.0778922364115715,0.0778922364115715
16,0.01986776292324066,0.01986776292324066,0.07096581161022186,0.07096581161022186
17,0.020511528477072716,0.020511528477072716,0.08814256638288498,0.08814256638288498
18,0.024059094488620758,0.024059094488620758,0.06993120163679123,0.06993120163679123
19,0.021736234426498413,0.021736234426498413,0.06493707001209259,0.06493707001209259
20,0.023665104061365128,0.023665104061365128,0.06862788647413254,0.06862788647413254
21,0.023934517055749893,0.023934517055749893,0.11520414799451828,0.11520414799451828
22,0.020649520680308342,0.020649520680308342,0.07109381258487701,0.07109381258487701
23,0.021040331572294235,0.021040331572294235,0.09864122420549393,0.09864122420549393
24,0.02978997491300106,0.02978997491300106,0.062264006584882736,0.062264006584882736
25,0.02158297970890999,0.02158297970890999,0.06881606578826904,0.06881606578826904
26,0.01879042014479637,0.01879042014479637,0.061171334236860275,0.061171334236860275
27,0.01936997100710869,0.01936997100710869,0.06415753811597824,0.06415753811597824
28,0.01852470263838768,0.01852470263838768,0.06509535014629364,0.06509535014629364
29,0.022392671555280685,0.022392671555280685,0.06587430834770203,0.06587430834770203
30,0.020309899002313614,0.020309899002313614,0.08098480105400085,0.08098480105400085
31,0.0189230777323246,0.0189230777323246,0.06989497691392899,0.06989497691392899
32,0.01846206560730934,0.01846206560730934,0.06257569044828415,0.06257569044828415
33,0.01819675788283348,0.01819675788283348,0.06003758683800697,0.06003758683800697
34,0.01837124489247799,0.01837124489247799,0.06003008782863617,0.06003008782863617
35,0.017686132341623306,0.017686132341623306,0.05973125249147415,0.05973125249147415
36,0.017522606998682022,0.017522606998682022,0.06232490763068199,0.06232490763068199
37,0.01744191348552704,0.01744191348552704,0.06135179474949837,0.06135179474949837
38,0.017151787877082825,0.017151787877082825,0.05971488729119301,0.05971488729119301
39,0.01791154220700264,0.01791154220700264,0.060129325836896896,0.060129325836896896
40,0.01740444265305996,0.01740444265305996,0.05817285552620888,0.05817285552620888
41,0.016857489943504333,0.016857489943504333,0.0581885501742363,0.0581885501742363
42,0.017161881551146507,0.017161881551146507,0.06587207317352295,0.06587207317352295
43,0.017908761277794838,0.017908761277794838,0.06389880180358887,0.06389880180358887
44,0.016916945576667786,0.016916945576667786,0.05916746333241463,0.05916746333241463
45,0.019643619656562805,0.019643619656562805,0.08966264128684998,0.08966264128684998
46,0.026336800307035446,0.026336800307035446,0.07100629806518555,0.07100629806518555
47,0.021013455465435982,0.021013455465435982,0.06138582527637482,0.06138582527637482
48,0.02046540565788746,0.02046540565788746,0.0634542852640152,0.0634542852640152
49,0.018204649910330772,0.018204649910330772,0.061975691467523575,0.061975691467523575
50,0.017756618559360504,0.017756618559360504,0.05993493273854256,0.05993493273854256
51,0.01830662600696087,0.01830662600696087,0.06069435179233551,0.06069435179233551
52,0.019714323803782463,0.019714323803782463,0.05442459136247635,0.05442459136247635
53,0.018205421045422554,0.018205421045422554,0.0602785162627697,0.0602785162627697
54,0.017785780131816864,0.017785780131816864,0.05728660523891449,0.05728660523891449
55,0.020970018580555916,0.020970018580555916,0.061308808624744415,0.061308808624744415
56,0.019154222682118416,0.019154222682118416,0.060673050582408905,0.060673050582408905
57,0.01759897544980049,0.01759897544980049,0.06533440947532654,0.06533440947532654
58,0.018098969012498856,0.018098969012498856,0.058120980858802795,0.058120980858802795
59,0.016513239592313766,0.016513239592313766,0.06772975623607635,0.06772975623607635
60,0.01770884171128273,0.01770884171128273,0.07438501715660095,0.07438501715660095
61,0.01765662617981434,0.01765662617981434,0.07961859554052353,0.07961859554052353
62,0.018071865662932396,0.018071865662932396,0.05639008805155754,0.05639008805155754
63,0.01672598160803318,0.01672598160803318,0.057965200394392014,0.057965200394392014
64,0.017443055287003517,0.017443055287003517,0.056974589824676514,0.056974589824676514
65,0.017671188339591026,0.017671188339591026,0.057900745421648026,0.057900745421648026
66,0.016628185287117958,0.016628185287117958,0.05998896807432175,0.05998896807432175
67,0.017299246042966843,0.017299246042966843,0.05573569983243942,0.05573569983243942
68,0.016129959374666214,0.016129959374666214,0.05979907512664795,0.05979907512664795
69,0.016845831647515297,0.016845831647515297,0.07174424082040787,0.07174424082040787
70,0.017330778762698174,0.017330778762698174,0.07042688876390457,0.07042688876390457
71,0.017463263124227524,0.017463263124227524,0.06485096365213394,0.06485096365213394
72,0.017997991293668747,0.017997991293668747,0.06150338426232338,0.06150338426232338
73,0.01689247414469719,0.01689247414469719,0.05516738444566727,0.05516738444566727
74,0.016611818224191666,0.016611818224191666,0.06531834602355957,0.06531834602355957
75,0.016686569899320602,0.016686569899320602,0.058851055800914764,0.058851055800914764
76,0.01648653671145439,0.01648653671145439,0.06069187447428703,0.06069187447428703
77,0.01703437976539135,0.01703437976539135,0.058313436806201935,0.058313436806201935
