epoch,loss,val_loss
0,120.3570785522461,123.38325500488281
1,32.11024856567383,95.12570190429688
2,24.07959747314453,61.4439697265625
3,37.051448822021484,87.18453216552734
4,20.02252197265625,98.09170532226562
5,19.0656681060791,48.194759368896484
6,24.37464714050293,67.32841491699219
7,31.004772186279297,30.922752380371094
8,17.122404098510742,49.38176727294922
9,18.745574951171875,37.65641403198242
10,16.610857009887695,45.988563537597656
11,20.71585464477539,75.36251068115234
12,15.83713150024414,52.705711364746094
13,15.549545288085938,37.21033477783203
14,12.637042045593262,46.809791564941406
15,588130.5,457.2228088378906
16,155.68243408203125,77.29409790039062
17,45.94550323486328,80.25618743896484
18,46.57497024536133,65.33256530761719
19,34.50921630859375,52.28615188598633
20,22.380111694335938,37.335601806640625
21,35.16703414916992,51.40977096557617
22,43.66288375854492,90.89334106445312
23,31.543821334838867,41.87716293334961
24,14.390946388244629,36.9054069519043
25,14.250722885131836,57.40047073364258
26,14.264514923095703,44.128170013427734
27,29.600828170776367,141.49534606933594
28,48.268959045410156,57.2412109375
29,25.242403030395508,70.80449676513672
30,12.739206314086914,81.92800903320312
31,21.143680572509766,76.68428802490234
32,28.62377166748047,21.89371109008789
33,28.37257194519043,27.03618812561035
34,14.505266189575195,38.93916320800781
35,11.50200080871582,35.80248260498047
36,10.484067916870117,35.843170166015625
37,10.669221878051758,25.71795654296875
38,9.878851890563965,40.18834686279297
39,7.9888410568237305,45.85194396972656
40,9.74995231628418,32.641517639160156
41,9.192763328552246,36.22372817993164
42,7.815973281860352,41.44928741455078
43,8.83720588684082,38.42565155029297
44,8.028564453125,42.57455062866211
45,7.860092639923096,41.14314270019531
46,7.255134582519531,37.526763916015625
47,8.223896980285645,31.57415771484375
48,8.964865684509277,35.482322692871094
49,7.9541015625,48.85672378540039
50,9.20494556427002,52.40327835083008
51,9.620528221130371,40.58587646484375
52,8.529343605041504,35.3957633972168
53,7.836811542510986,45.17097854614258
54,7.498779296875,22.132535934448242
55,10.480713844299316,31.514835357666016
56,9.910672187805176,46.301151275634766
57,7.322968482971191,31.983182907104492
0,26.941123962402344,21.25111961364746
1,10.048257827758789,36.113677978515625
2,8.663497924804688,31.918350219726562
3,8.169042587280273,16.984697341918945
4,8.149558067321777,12.112167358398438
5,7.122687816619873,22.102279663085938
6,7.429263114929199,11.324050903320312
7,6.774125099182129,7.351144313812256
8,7.194020748138428,28.455646514892578
9,8.427075386047363,33.58609390258789
10,6.55094051361084,37.15415573120117
11,6.122398853302002,22.63076400756836
12,6.142584800720215,33.69004821777344
13,5.896877765655518,27.371915817260742
14,6.061592102050781,28.62757110595703
15,5.863383769989014,7.321200370788574
16,5.904852390289307,16.987218856811523
17,5.59630823135376,7.059568405151367
18,5.397458553314209,25.163057327270508
19,5.580374240875244,40.597957611083984
20,5.396613121032715,12.391532897949219
21,5.421106338500977,24.660432815551758
22,4.980971813201904,33.51148223876953
23,5.217313766479492,12.400732040405273
24,5.200645923614502,13.338970184326172
25,4.652378559112549,28.741832733154297
26,5.1049323081970215,8.328285217285156
27,4.976545810699463,12.363719940185547
28,4.444279193878174,11.936427116394043
29,5.052534103393555,9.77496337890625
30,4.539017677307129,14.924641609191895
31,4.582422733306885,15.420174598693848
32,10.20785140991211,18.792278289794922
33,4.3333964347839355,11.369797706604004
34,4.492962837219238,7.8159637451171875
35,8.934499740600586,17.84020233154297
36,10.901811599731445,29.504322052001953
37,3.9137446880340576,17.43639373779297
38,4.445711135864258,17.988719940185547
39,4.252069473266602,13.739535331726074
40,4.116038799285889,8.54418659210205
41,3.8513338565826416,28.461223602294922
42,4.034177303314209,28.754871368408203
43,6.126389026641846,36.41184616088867
44,3.446570873260498,8.040260314941406
45,4.111029624938965,25.495969772338867
46,26.168359756469727,25.169811248779297
47,3.8457796573638916,20.727222442626953
48,3.9209229946136475,23.5510311126709
49,3.8244035243988037,10.506174087524414
50,3.827227830886841,11.60877513885498
51,13.265358924865723,22.99832534790039
52,3.8834211826324463,13.325860023498535
53,3.5775506496429443,15.897157669067383
54,3.528137683868408,11.578814506530762
55,3.3701281547546387,21.766433715820312
56,3.337655544281006,15.662345886230469
57,3.5312185287475586,37.871429443359375
58,3.9884209632873535,30.898962020874023
59,3.2984297275543213,35.263946533203125
60,3.306018352508545,26.408370971679688
61,3.322183609008789,17.471601486206055
62,3.162733793258667,23.116376876831055
63,3.1750433444976807,24.602052688598633
64,3.654874086380005,6.244531154632568
65,2.957099676132202,45.89967727661133
66,3.449061155319214,43.865943908691406
67,12.273981094360352,33.82984924316406
68,3.1552305221557617,27.98694610595703
69,3.213690757751465,30.944841384887695
70,3.2269446849823,19.140108108520508
71,2.8974063396453857,23.196735382080078
72,3.373734951019287,55.56650161743164
73,3.0989973545074463,11.157793045043945
74,2.750086545944214,37.894012451171875
75,3.145611047744751,26.959430694580078
76,2.9719274044036865,27.791152954101562
77,2.823324203491211,41.642879486083984
78,2.9078452587127686,18.119998931884766
79,4.215672969818115,59.12604904174805
80,2.7805495262145996,26.896921157836914
81,16.032821655273438,28.001005172729492
82,7.632598876953125,22.237775802612305
83,2.6221625804901123,51.19052505493164
84,2.8256123065948486,36.12195587158203
85,3.0713489055633545,50.0906867980957
86,2.9649837017059326,45.83767318725586
87,2.6181159019470215,104.29292297363281
88,2.6522281169891357,30.961963653564453
89,2.6705164909362793,56.965599060058594
90,5.854770183563232,75.90923309326172
91,2.5177805423736572,39.708473205566406
92,2.303178548812866,17.723783493041992
93,2.8845136165618896,41.76781463623047
94,2.4718480110168457,42.10813522338867
95,3.521735429763794,27.05412483215332
96,2.542144298553467,113.85198974609375
97,2.589003801345825,44.9410514831543
98,2.618170976638794,42.09734344482422
99,3.057469606399536,92.61019134521484
100,3.784665822982788,33.17092514038086
101,16.678340911865234,36.550968170166016
102,2.2835116386413574,44.25413131713867
103,51.44718551635742,63.158935546875
104,2.3517675399780273,80.93954467773438
105,2.2705821990966797,57.5314826965332
106,2.4024291038513184,74.72819519042969
107,246.06747436523438,43.75673294067383
108,23.547462463378906,28.90821647644043
109,2.6749260425567627,26.300214767456055
110,2.3617255687713623,28.48489761352539
111,2.226020574569702,39.00392532348633
112,2.3182144165039062,100.28256225585938
113,2.3982651233673096,21.0183048248291
114,2.218015193939209,64.74187469482422
115,2.259286642074585,43.00045394897461
116,2.363057851791382,45.196136474609375
117,2.254751205444336,44.410560607910156
118,2.156233072280884,77.3690185546875
119,2.1963682174682617,53.5963134765625
120,2.1510534286499023,41.30928039550781
121,2.1746206283569336,44.552764892578125
122,2.125704765319824,15.730759620666504
123,2.306126832962036,51.637149810791016
124,2.083402156829834,62.692195892333984
125,2.2364096641540527,54.52476501464844
126,2.2497007846832275,59.02046585083008
127,2.129716396331787,31.630970001220703
128,2.0453484058380127,70.5924301147461
129,2.1597211360931396,37.99586486816406
130,2.133854627609253,84.47013092041016
131,2.0516397953033447,14.546829223632812
132,2.189283609390259,44.48651123046875
133,1.8660235404968262,67.46623992919922
134,2.0576164722442627,76.78073120117188
135,2.116868734359741,70.4119873046875
136,1.918880581855774,50.76641845703125
137,1.8686246871948242,49.6107292175293
138,1.9537376165390015,60.47306442260742
139,1.722503900527954,32.07024383544922
140,1.9651716947555542,43.712005615234375
141,1.819270372390747,26.359020233154297
142,1.703345775604248,36.33574295043945
143,1.7519818544387817,31.323230743408203
144,1.7162573337554932,32.038089752197266
145,1.9243160486221313,17.99509620666504
146,1.9586232900619507,57.88506317138672
147,1.7116296291351318,14.177596092224121
148,1.994187355041504,42.94027328491211
149,1.7805273532867432,18.22662925720215
150,1.8385528326034546,44.35232162475586
151,1.9027162790298462,42.749481201171875
152,1.7284808158874512,41.55287551879883
153,1.5450552701950073,41.012969970703125
154,1.8648841381072998,58.643653869628906
155,1.5286825895309448,41.40775680541992
156,1.688903570175171,20.395278930664062
157,1.6818338632583618,33.475894927978516
158,1.6343692541122437,27.32151222229004
159,1.678529143333435,33.29360580444336
160,1.6441545486450195,39.86628341674805
161,1.6601600646972656,61.99854278564453
162,1.792834997177124,64.33370208740234
163,1.620621681213379,68.11565399169922
164,2.0342934131622314,44.5965461730957
0,836.5888061523438,2817.93017578125
1,829.7107543945312,2800.105224609375
2,823.2505493164062,2782.091796875
3,816.8954467773438,2764.90185546875
4,810.449462890625,2747.052734375
5,804.0590209960938,2729.754150390625
6,797.5673828125,2712.15673828125
7,791.2562866210938,2695.3701171875
8,784.7766723632812,2677.75048828125
9,778.2918090820312,2660.380859375
10,771.89404296875,2643.224609375
11,765.4456787109375,2625.873046875
12,759.031982421875,2608.950439453125
13,752.8258666992188,2592.9453125
14,746.5481567382812,2575.991943359375
15,740.3257446289062,2558.96337890625
16,734.0751953125,2542.117431640625
17,727.8729248046875,2524.982421875
18,721.720947265625,2508.479248046875
19,715.56640625,2491.374755859375
20,709.5521850585938,2474.222900390625
21,703.5236206054688,2457.67529296875
22,697.5222778320312,2440.365234375
23,691.5840454101562,2423.326171875
24,685.6598510742188,2406.658935546875
25,679.9081420898438,2389.35546875
26,673.992919921875,2371.779052734375
27,668.1654663085938,2354.40234375
28,662.4945068359375,2337.076904296875
29,656.8408813476562,2319.1728515625
30,651.1838989257812,2302.113525390625
31,645.7255859375,2284.75634765625
32,640.2326049804688,2267.27490234375
33,635.0322875976562,2249.795654296875
34,629.6995239257812,2231.826171875
35,624.5453491210938,2214.847900390625
36,619.4259643554688,2196.778564453125
37,614.4468994140625,2179.5546875
38,609.5321655273438,2161.984619140625
39,604.8524780273438,2145.0166015625
40,600.1796264648438,2127.491943359375
41,595.6849365234375,2110.471435546875
42,591.30712890625,2093.198486328125
43,586.9193115234375,2075.767578125
44,582.642578125,2058.28515625
45,578.4822387695312,2040.7359619140625
46,574.4214477539062,2022.7757568359375
47,570.46533203125,2005.2950439453125
48,566.592041015625,1987.8228759765625
49,562.8600463867188,1970.312744140625
50,559.2490234375,1953.375732421875
51,555.6927490234375,1935.921875
52,552.2532348632812,1919.0067138671875
53,548.878173828125,1902.0009765625
54,545.5758666992188,1885.06884765625
55,542.33349609375,1868.4017333984375
56,539.3189086914062,1852.506591796875
57,536.268310546875,1835.8487548828125
58,533.2119140625,1819.1981201171875
59,530.3096923828125,1803.194580078125
60,527.4473266601562,1786.625732421875
61,524.7531127929688,1771.0419921875
62,522.0632934570312,1755.1217041015625
63,519.4115600585938,1738.45361328125
64,516.828125,1722.3427734375
65,514.3444213867188,1706.6397705078125
66,511.8885803222656,1690.7432861328125
67,509.5452880859375,1676.1927490234375
68,507.2545166015625,1661.50927734375
69,505.01593017578125,1647.489990234375
70,502.7995910644531,1634.2366943359375
71,500.6249084472656,1620.8631591796875
72,498.533447265625,1608.6002197265625
73,496.4309997558594,1596.150390625
74,494.4377746582031,1584.4989013671875
75,492.4184265136719,1572.811279296875
76,490.469970703125,1561.9124755859375
77,488.561767578125,1551.0654296875
78,486.71319580078125,1540.7735595703125
79,484.8807678222656,1530.28759765625
80,483.0939025878906,1520.30029296875
81,481.3675537109375,1510.783203125
82,479.65777587890625,1501.1337890625
83,477.94781494140625,1491.8544921875
84,476.27130126953125,1482.8653564453125
85,474.6517028808594,1474.3807373046875
86,473.0791320800781,1466.3338623046875
87,471.4859619140625,1458.1298828125
88,469.9030456542969,1450.2164306640625
89,468.3421325683594,1442.728271484375
90,466.8445739746094,1435.614013671875
91,465.33782958984375,1428.6533203125
92,463.8654479980469,1421.9649658203125
93,462.4039001464844,1415.55126953125
94,460.9565734863281,1409.319580078125
95,459.52862548828125,1403.186767578125
96,458.0835876464844,1397.0594482421875
97,456.68109130859375,1391.360107421875
98,455.2732238769531,1385.695556640625
99,453.923095703125,1380.462890625
100,452.5726623535156,1375.017333984375
101,451.2272033691406,1369.834716796875
102,449.89508056640625,1364.7982177734375
103,448.5475158691406,1359.8160400390625
104,447.2367858886719,1354.9549560546875
105,445.9185791015625,1350.2001953125
106,444.6253662109375,1345.56298828125
107,443.330322265625,1340.8726806640625
108,442.04803466796875,1336.331787109375
109,440.7735290527344,1331.9373779296875
110,439.51025390625,1327.6591796875
111,438.2376403808594,1323.3170166015625
112,436.98956298828125,1319.12451171875
113,435.7249450683594,1314.8543701171875
114,434.487060546875,1310.7347412109375
115,433.24530029296875,1306.64892578125
116,432.0121154785156,1302.593994140625
117,430.79388427734375,1298.6771240234375
118,429.5888977050781,1294.7906494140625
119,428.3758850097656,1290.8792724609375
120,427.1763610839844,1287.0421142578125
121,425.9546813964844,1283.1121826171875
122,424.7421875,1279.28076171875
123,423.5401916503906,1275.4986572265625
124,422.3570861816406,1271.8095703125
125,421.174072265625,1268.163818359375
126,419.9938659667969,1264.523193359375
127,418.8258056640625,1260.919921875
128,417.6455078125,1257.35302734375
129,416.48406982421875,1253.8785400390625
130,415.3199157714844,1250.3438720703125
131,414.1563415527344,1246.90283203125
132,412.9955139160156,1243.4111328125
133,411.8526916503906,1240.0537109375
134,410.69171142578125,1236.6240234375
135,409.5510559082031,1233.2998046875
136,408.41656494140625,1229.99560546875
137,407.28375244140625,1226.7022705078125
138,406.1480407714844,1223.4150390625
139,405.0168151855469,1220.1795654296875
140,403.8812255859375,1216.909912109375
141,402.73968505859375,1213.687255859375
142,401.6135559082031,1210.4737548828125
143,400.52484130859375,1207.433837890625
144,399.3985290527344,1204.2515869140625
145,398.2984924316406,1201.2408447265625
146,397.1932067871094,1198.1041259765625
147,396.08074951171875,1195.078125
148,394.9804992675781,1192.034912109375
149,393.8859558105469,1189.05517578125
150,392.80029296875,1186.10400390625
151,391.6952209472656,1183.113037109375
152,390.6239929199219,1180.209716796875
153,389.5314025878906,1177.2584228515625
154,388.4459228515625,1174.3994140625
155,387.3711853027344,1171.5308837890625
156,386.27978515625,1168.5960693359375
0,362.4227600097656,18.994951248168945
1,29.80513572692871,13.178840637207031
2,22.253616333007812,51.205665588378906
3,23.494060516357422,11.16199779510498
4,13.424253463745117,15.930785179138184
5,18.060169219970703,13.457371711730957
6,11.036181449890137,8.954946517944336
7,10.69609260559082,10.17777156829834
8,10.868941307067871,15.352851867675781
9,9.941844940185547,12.14777660369873
10,9.974713325500488,18.712696075439453
11,9.404050827026367,19.495500564575195
