epoch,loss,val_loss
0,166.5800018310547,59.8055419921875
1,92.54209899902344,51.0704460144043
2,75.0007095336914,44.118263244628906
3,61.851139068603516,35.03662872314453
4,50.713558197021484,29.32086181640625
5,42.210975646972656,25.045379638671875
6,36.7854118347168,23.013219833374023
7,32.37071228027344,18.14110565185547
8,29.408105850219727,16.39101791381836
9,23.296031951904297,15.212373733520508
10,22.058412551879883,14.259963989257812
11,22.100175857543945,13.014630317687988
12,17.72357940673828,12.610815048217773
13,17.933713912963867,11.44307804107666
14,17.900020599365234,11.691003799438477
15,15.74032974243164,11.692117691040039
16,17.394685745239258,9.936988830566406
17,14.998990058898926,10.396345138549805
18,14.154195785522461,9.725716590881348
19,14.58107852935791,8.97691535949707
20,13.864364624023438,9.054909706115723
21,13.268980979919434,8.841768264770508
22,12.715353012084961,8.468721389770508
23,12.543896675109863,8.307647705078125
24,11.703934669494629,8.830221176147461
25,10.91821002960205,8.48404312133789
26,12.059754371643066,8.73164176940918
27,11.344146728515625,8.53235912322998
28,15.139318466186523,8.289055824279785
29,10.878288269042969,9.30479621887207
30,11.13897705078125,8.795443534851074
31,10.822489738464355,8.188375473022461
32,9.846142768859863,7.604790687561035
33,10.371573448181152,7.861624240875244
34,9.216424942016602,7.330430030822754
35,11.234305381774902,8.210988998413086
36,9.90225601196289,8.189006805419922
37,11.682511329650879,6.942456245422363
38,9.669607162475586,7.050457954406738
39,10.694530487060547,6.83646297454834
40,9.019350051879883,7.243517875671387
41,8.663588523864746,7.3048996925354
42,8.864208221435547,8.10756778717041
43,9.396331787109375,7.691162109375
44,9.202683448791504,7.160178184509277
45,9.446554183959961,6.992203712463379
46,9.664826393127441,7.686412811279297
47,9.048779487609863,7.556648254394531
48,8.596426010131836,6.942196846008301
49,8.500372886657715,6.603320121765137
50,9.532407760620117,6.785799503326416
51,9.382067680358887,6.761096000671387
52,8.318487167358398,6.583120822906494
53,8.505167961120605,6.689745903015137
54,8.178296089172363,6.616943359375
55,8.163156509399414,6.9001264572143555
56,8.147010803222656,6.595645904541016
57,8.980237007141113,6.196166515350342
58,9.443294525146484,6.789465427398682
59,8.862163543701172,6.452605247497559
60,8.655243873596191,6.566969871520996
61,8.770886421203613,6.2723798751831055
62,7.6061553955078125,6.068027496337891
63,7.584819316864014,6.575258731842041
64,8.741686820983887,5.999541282653809
65,8.024255752563477,6.139395713806152
66,9.867718696594238,5.766724586486816
67,8.52374267578125,6.02761173248291
68,9.208581924438477,6.020004749298096
69,7.23695182800293,6.215823650360107
70,7.443544864654541,6.260729789733887
71,7.66717529296875,6.296899318695068
72,8.148767471313477,6.140192985534668
73,9.320579528808594,5.9919209480285645
74,6.200406074523926,6.059271812438965
75,8.286704063415527,6.075699806213379
76,7.673162937164307,6.231875896453857
77,6.880141258239746,6.323277950286865
78,9.200798988342285,5.984523296356201
79,8.757792472839355,6.170172691345215
80,8.886727333068848,5.8850998878479
81,6.830989360809326,6.1589765548706055
82,7.583497524261475,6.159262180328369
83,7.816321849822998,6.348662376403809
84,8.107657432556152,6.6250128746032715
85,6.293097972869873,6.659571170806885
86,8.01635456085205,6.394617557525635
87,9.218935012817383,5.966888427734375
88,7.817580223083496,5.974046230316162
89,8.015076637268066,5.685818195343018
90,8.646337509155273,5.942791938781738
91,6.97137451171875,6.028740882873535
92,8.030384063720703,5.921574592590332
93,7.473456382751465,5.912106513977051
94,8.123740196228027,5.965176582336426
95,7.1716437339782715,5.640069961547852
96,8.515270233154297,5.659455299377441
97,6.853593826293945,5.882664680480957
98,7.62987756729126,5.872572422027588
99,7.8382463455200195,5.587167263031006
100,7.891546726226807,5.4943084716796875
101,8.634191513061523,6.009811878204346
102,7.403908729553223,6.062124729156494
103,9.311881065368652,5.586077690124512
104,7.799535751342773,5.524657249450684
105,6.59986686706543,5.91910457611084
106,7.249780178070068,5.696829795837402
107,6.412936210632324,5.509126663208008
108,7.49250602722168,5.9652791023254395
109,7.6928558349609375,6.087224006652832
110,7.425102233886719,5.733311653137207
111,6.160492420196533,5.7880473136901855
112,7.758429050445557,5.937501907348633
113,8.297371864318848,6.090777397155762
114,7.102529048919678,5.959003448486328
115,8.003003120422363,5.772821426391602
116,5.939777851104736,5.8079986572265625
117,7.368484973907471,5.595774173736572
118,7.4197611808776855,5.675478935241699
119,6.794068336486816,5.695359230041504
120,7.247960090637207,5.654555320739746
121,7.800968647003174,5.473074436187744
122,5.886860370635986,5.708389759063721
123,6.947329521179199,5.462526321411133
124,8.355157852172852,5.516022682189941
125,7.665584087371826,5.436232566833496
126,8.21051025390625,5.727557182312012
127,6.77593469619751,5.765209197998047
128,7.734790802001953,5.577570915222168
129,8.901756286621094,5.827470302581787
130,6.871297836303711,5.852558612823486
131,7.539246559143066,5.579256534576416
132,8.445194244384766,5.212527275085449
133,6.955845355987549,5.308589458465576
134,7.125393390655518,5.345937252044678
135,6.68950080871582,5.400698184967041
136,6.0729146003723145,5.703105926513672
137,7.522317886352539,5.708391189575195
138,6.262267112731934,5.6522603034973145
139,7.509807109832764,5.425610542297363
140,5.998234272003174,5.361424446105957
141,7.010151386260986,5.064093589782715
142,6.8555192947387695,5.273386001586914
143,7.718657970428467,5.263435363769531
144,7.22039794921875,5.379088878631592
145,6.022968769073486,5.375102996826172
146,6.805154800415039,5.355657577514648
147,7.255285263061523,5.301632881164551
148,7.460046291351318,5.501033306121826
149,7.0279669761657715,5.4959001541137695
150,7.649232387542725,5.225523948669434
151,6.723917484283447,5.2053728103637695
152,6.6464080810546875,5.163207054138184
153,8.383708000183105,5.3543267250061035
154,6.933727741241455,5.509941101074219
155,6.908383369445801,5.516046047210693
156,7.62153434753418,5.45154333114624
157,7.260735511779785,5.497722625732422
158,7.158566951751709,5.553554058074951
159,6.933825969696045,5.532916069030762
160,7.923480033874512,5.2111921310424805
161,8.334500312805176,5.065659523010254
162,7.340179920196533,5.0183491706848145
163,7.858702659606934,5.4191718101501465
164,7.576247215270996,5.405158042907715
165,6.4706315994262695,5.491388320922852
166,6.5699591636657715,5.468644142150879
167,7.029667377471924,5.577121257781982
168,7.742340564727783,5.396610260009766
169,6.085236072540283,5.401420593261719
170,7.555752277374268,5.490154266357422
171,7.112517833709717,5.303055763244629
172,6.069414138793945,5.013700008392334
173,5.935466289520264,5.042360782623291
174,6.1579484939575195,5.09478759765625
175,6.687902927398682,5.074411392211914
176,7.658936977386475,5.242635726928711
177,7.484805107116699,5.073970317840576
178,7.382603168487549,4.906379222869873
179,7.451626777648926,4.892941474914551
180,9.525520324707031,5.025748252868652
181,7.353596210479736,4.899293422698975
182,6.759464740753174,4.885836124420166
0,124.01786804199219,18.914413452148438
1,29.711000442504883,12.78331184387207
2,17.602277755737305,12.062173843383789
3,14.348756790161133,10.563307762145996
4,13.263099670410156,9.045478820800781
5,11.656875610351562,8.77592945098877
6,11.290038108825684,8.127206802368164
7,10.506464004516602,7.58492374420166
8,9.390174865722656,8.18980598449707
9,8.488151550292969,8.557724952697754
10,9.048553466796875,9.204805374145508
11,10.246247291564941,7.936121940612793
12,8.315285682678223,6.87177038192749
13,8.946250915527344,6.99053955078125
14,8.847780227661133,6.8266496658325195
15,9.285868644714355,7.159794807434082
16,10.110374450683594,7.139279365539551
17,8.140787124633789,6.786109924316406
18,7.398786544799805,6.668396949768066
19,9.279387474060059,7.74312686920166
20,9.84549331665039,6.813210487365723
21,9.194451332092285,6.706294059753418
22,8.465067863464355,6.679286956787109
23,7.376549243927002,7.289302825927734
24,6.479671478271484,7.291299343109131
25,7.49420690536499,7.420518398284912
26,7.566643714904785,7.261571407318115
27,8.390827178955078,7.179168701171875
28,7.804130554199219,7.108151435852051
29,7.538097381591797,6.823672294616699
30,8.750138282775879,6.910935878753662
31,7.278038501739502,6.589457035064697
32,7.8206281661987305,6.284482002258301
33,6.977070331573486,7.246128082275391
34,7.078274726867676,6.621453762054443
35,6.875548362731934,6.9888715744018555
36,7.846401691436768,6.675638675689697
37,7.454936981201172,6.636195182800293
38,8.523277282714844,6.013882160186768
39,7.8161115646362305,5.990577697753906
40,6.9389753341674805,5.864490985870361
41,7.852774143218994,6.48907995223999
42,7.855251789093018,7.131874084472656
43,6.671165943145752,6.43283224105835
44,7.032261848449707,6.341758728027344
45,7.3412017822265625,5.926329135894775
46,6.909661293029785,6.308401584625244
47,7.7299957275390625,6.696734428405762
48,7.286284923553467,6.603843688964844
49,7.393632411956787,6.646491050720215
50,7.345041751861572,5.749789237976074
51,7.142070770263672,5.973458766937256
52,7.878040313720703,5.705278396606445
53,6.241855144500732,5.643226623535156
54,7.323561668395996,5.768471717834473
55,6.867865562438965,6.873390197753906
56,6.6127800941467285,6.5464067459106445
57,6.635772228240967,5.932747840881348
58,6.769695281982422,6.133831977844238
59,6.303450584411621,6.36793851852417
60,7.754496097564697,6.706442356109619
61,7.439258575439453,6.583765983581543
62,6.100236415863037,6.081991672515869
63,8.840794563293457,5.897129535675049
64,6.4027605056762695,5.704938888549805
65,6.412275791168213,5.60784912109375
66,7.113740921020508,5.606542587280273
67,6.557519435882568,5.446402549743652
68,6.960502624511719,5.888004302978516
69,6.5079264640808105,5.640315055847168
70,7.22772216796875,5.847928524017334
71,6.601377010345459,5.5824079513549805
72,6.776739597320557,5.229798793792725
73,7.627411365509033,5.343701362609863
74,6.976048469543457,5.814032077789307
75,7.423498630523682,5.729173183441162
76,6.8988776206970215,6.1889448165893555
77,5.894314289093018,6.052184581756592
78,7.116087436676025,5.9098310470581055
79,6.546054363250732,6.041635513305664
80,7.307657241821289,5.838875770568848
81,7.095039367675781,6.0465898513793945
82,6.869549751281738,6.09636116027832
83,6.197299003601074,5.746737480163574
84,6.905867099761963,5.6287055015563965
85,7.197629451751709,5.651301860809326
86,6.361858367919922,5.892580509185791
87,6.980633735656738,5.884417533874512
88,5.580960750579834,6.17891788482666
89,7.400567531585693,6.0890655517578125
90,7.260369300842285,6.431041717529297
91,6.392538070678711,5.95078182220459
92,6.5738525390625,5.471304416656494
93,6.470010757446289,5.398197174072266
94,6.04225492477417,5.3186750411987305
95,5.980520248413086,5.390258312225342
96,7.7822041511535645,5.507136344909668
97,5.952532768249512,5.7461466789245605
0,210.4865264892578,74.30917358398438
1,102.26057434082031,49.28759002685547
2,59.85845947265625,19.441320419311523
3,31.278820037841797,12.497068405151367
4,22.44624900817871,10.507569313049316
5,18.92756462097168,10.517701148986816
6,18.11043357849121,9.318159103393555
7,16.440410614013672,9.621774673461914
8,14.75448226928711,10.183534622192383
9,14.290244102478027,8.406856536865234
10,11.77481746673584,6.815663814544678
11,11.078043937683105,7.054925441741943
12,10.23031234741211,7.186135292053223
13,9.909777641296387,7.140627861022949
14,7.773659706115723,7.472906589508057
15,9.425168991088867,6.963141441345215
16,8.830329895019531,7.5969038009643555
17,8.60136604309082,6.858870506286621
18,8.847747802734375,6.650500297546387
19,9.952300071716309,6.376070976257324
20,9.596656799316406,5.72758150100708
21,8.830299377441406,6.2684712409973145
22,10.031716346740723,5.2764716148376465
23,10.442281723022461,5.571396827697754
24,9.353386878967285,5.593467712402344
25,8.869959831237793,5.9996337890625
26,9.772157669067383,6.0505828857421875
27,9.080775260925293,6.9987688064575195
28,9.810837745666504,6.35659646987915
29,8.419507026672363,7.04840087890625
30,8.876653671264648,6.945847511291504
31,9.86590576171875,6.1518235206604
32,8.966443061828613,6.212420463562012
33,9.213757514953613,6.354355812072754
34,8.01148509979248,6.138513088226318
35,8.466574668884277,6.567840576171875
36,8.264244079589844,7.071370601654053
37,7.527231693267822,6.131241321563721
38,8.179060935974121,6.021653175354004
39,7.409016132354736,5.5803632736206055
40,7.205750942230225,5.549542427062988
41,6.861215114593506,5.698468208312988
42,8.390192985534668,5.977943420410156
43,9.904031753540039,6.541146755218506
44,7.5986199378967285,6.324734687805176
45,8.061455726623535,6.443778038024902
46,7.816769599914551,6.042667388916016
47,8.094598770141602,6.148984432220459
0,217.8846435546875,104.6739501953125
1,127.90666961669922,42.37224197387695
2,61.952369689941406,17.079151153564453
3,35.33081817626953,9.060874938964844
4,21.793582916259766,7.357720851898193
5,18.66379165649414,6.975003242492676
6,18.34479522705078,6.865659236907959
7,16.256549835205078,6.754940032958984
8,14.891168594360352,6.196136474609375
9,15.380871772766113,5.482631683349609
10,12.095223426818848,5.956832408905029
11,13.566591262817383,5.612895488739014
12,13.712750434875488,7.011034965515137
13,16.419065475463867,5.6837568283081055
14,14.639720916748047,5.071595668792725
15,14.372169494628906,5.666079044342041
16,13.312108039855957,5.91549015045166
17,13.447301864624023,5.440833568572998
18,11.554537773132324,5.731058597564697
19,13.0205078125,5.717530727386475
20,13.85511589050293,5.193634986877441
21,13.414817810058594,6.477644443511963
22,12.135591506958008,6.484522819519043
23,12.699457168579102,6.049880504608154
24,11.717852592468262,5.612586975097656
25,12.518072128295898,5.901276588439941
26,13.774897575378418,5.432461738586426
27,13.319153785705566,5.4303765296936035
28,12.636645317077637,6.075742244720459
29,11.786236763000488,5.571418285369873
30,12.726092338562012,5.570298194885254
31,11.67543888092041,5.476395606994629
32,11.813446044921875,5.416287422180176
33,12.909124374389648,5.214447975158691
34,10.904522895812988,5.759969234466553
35,12.656712532043457,5.730376243591309
36,12.552740097045898,5.722809791564941
37,11.711920738220215,5.221229553222656
38,11.718605041503906,5.404748916625977
39,11.4586763381958,5.645718574523926
0,291.83489990234375,188.90721130371094
1,292.4599304199219,188.320068359375
2,290.4399719238281,187.77587890625
3,290.38092041015625,187.19650268554688
4,287.7490234375,186.6233367919922
5,290.12164306640625,186.06130981445312
6,286.4635314941406,185.48785400390625
7,286.3897705078125,184.92823791503906
8,285.7727966308594,184.334716796875
9,282.20196533203125,183.77389526367188
10,283.8577880859375,183.15850830078125
11,281.8922119140625,182.61337280273438
12,285.0429382324219,182.02627563476562
13,284.9673156738281,181.43472290039062
14,282.8121032714844,180.84396362304688
15,281.9892883300781,180.18307495117188
16,280.55340576171875,179.60897827148438
17,280.3443298339844,179.00814819335938
18,280.97186279296875,178.3890838623047
19,276.7513732910156,177.8002471923828
20,277.3146667480469,177.2324676513672
21,278.80596923828125,176.61105346679688
22,277.49420166015625,176.01931762695312
23,273.583251953125,175.38711547851562
24,275.03179931640625,174.7827911376953
25,272.5920715332031,174.2030487060547
26,274.9407043457031,173.59002685546875
27,272.9850158691406,173.0198211669922
28,273.5033874511719,172.4386749267578
29,269.2541809082031,171.80752563476562
30,269.6313781738281,171.19882202148438
31,270.04522705078125,170.57003784179688
32,271.1830749511719,169.96849060058594
33,268.35382080078125,169.39031982421875
34,266.5562438964844,168.78146362304688
35,269.2456970214844,168.16282653808594
36,263.9150695800781,167.5550994873047
37,266.4697570800781,166.95018005371094
38,266.0669250488281,166.36158752441406
39,262.27325439453125,165.7748260498047
40,263.7278137207031,165.1911163330078
41,264.75457763671875,164.58261108398438
42,259.94110107421875,163.99386596679688
43,262.8081970214844,163.3910369873047
44,259.6676940917969,162.79452514648438
45,260.9895935058594,162.2126007080078
46,257.97265625,161.62754821777344
47,257.4656982421875,161.02548217773438
48,256.0701599121094,160.42636108398438
49,256.2593078613281,159.8282928466797
50,255.9065704345703,159.23165893554688
51,253.09848022460938,158.64450073242188
52,252.7677764892578,158.05776977539062
53,252.4553680419922,157.4658203125
54,249.5882568359375,156.89488220214844
55,252.2403564453125,156.3069610595703
56,248.25137329101562,155.69985961914062
57,250.4977569580078,155.09832763671875
58,251.85459899902344,154.52389526367188
59,247.06814575195312,153.92868041992188
60,249.22369384765625,153.34555053710938
61,245.20611572265625,152.7372589111328
62,249.32057189941406,152.1503143310547
63,246.05784606933594,151.567626953125
64,245.2325439453125,150.98556518554688
65,242.4627685546875,150.41879272460938
66,243.646484375,149.83905029296875
67,241.52627563476562,149.27536010742188
68,243.3626251220703,148.70359802246094
69,240.54026794433594,148.13693237304688
70,240.46763610839844,147.56134033203125
71,239.48089599609375,146.99600219726562
72,239.11514282226562,146.42628479003906
73,237.7122802734375,145.8518829345703
74,235.88514709472656,145.28121948242188
75,237.46578979492188,144.72059631347656
76,235.08560180664062,144.1534881591797
77,234.18800354003906,143.58465576171875
78,234.01031494140625,143.0083465576172
79,234.04371643066406,142.44265747070312
80,230.1599884033203,141.86326599121094
81,231.44680786132812,141.27671813964844
82,230.88681030273438,140.69717407226562
83,231.69131469726562,140.11221313476562
84,229.2898406982422,139.52883911132812
85,230.28990173339844,138.9394989013672
86,223.9141387939453,138.34835815429688
87,226.15658569335938,137.7529296875
88,221.85264587402344,137.16778564453125
89,226.05477905273438,136.59214782714844
90,224.00399780273438,136.00845336914062
91,223.9277801513672,135.4281463623047
92,227.39581298828125,134.8412628173828
93,220.5540313720703,134.25039672851562
94,220.3534698486328,133.67166137695312
95,219.69378662109375,133.08358764648438
96,217.37823486328125,132.50143432617188
97,217.50169372558594,131.91307067871094
98,220.16900634765625,131.33009338378906
99,219.40870666503906,130.74502563476562
100,213.0248565673828,130.15638732910156
101,214.24020385742188,129.56614685058594
102,211.85800170898438,128.96484375
103,213.67332458496094,128.366455078125
104,211.10646057128906,127.76363372802734
105,209.43251037597656,127.16358947753906
106,209.77464294433594,126.5640640258789
107,206.22950744628906,125.95589447021484
108,209.18463134765625,125.33990478515625
109,209.16854858398438,124.734375
110,205.24684143066406,124.1229019165039
111,207.45233154296875,123.5082015991211
112,206.7882843017578,122.8923568725586
113,203.7872772216797,122.27775573730469
114,206.37075805664062,121.6583023071289
115,201.0736846923828,121.04191589355469
116,202.0230255126953,120.4301528930664
117,199.45933532714844,119.8182601928711
118,199.51255798339844,119.1998519897461
119,198.74722290039062,118.5795669555664
120,198.6647186279297,117.96142578125
121,196.03018188476562,117.34870910644531
122,196.95301818847656,116.72943115234375
123,195.5201873779297,116.12164306640625
124,194.89712524414062,115.51351165771484
125,192.55873107910156,114.8918228149414
126,192.21102905273438,114.27388763427734
127,190.2766571044922,113.64793395996094
128,189.61642456054688,113.02166748046875
129,187.67697143554688,112.3951187133789
130,190.25538635253906,111.7686538696289
131,187.82896423339844,111.14994812011719
132,185.1676025390625,110.52750396728516
133,183.7517852783203,109.90644836425781
134,183.54737854003906,109.2757339477539
135,184.03782653808594,108.65550231933594
136,183.64117431640625,108.03422546386719
137,185.25315856933594,107.41111755371094
138,180.91831970214844,106.78215026855469
139,180.05494689941406,106.1526870727539
140,177.11277770996094,105.5220947265625
141,181.0110626220703,104.8901596069336
142,176.44993591308594,104.2538070678711
143,175.25563049316406,103.6188735961914
144,173.9353790283203,102.98625183105469
145,171.63644409179688,102.35189056396484
146,172.649658203125,101.72138977050781
147,173.01182556152344,101.0857162475586
148,172.40794372558594,100.45509338378906
149,170.11392211914062,99.82730865478516
150,167.62750244140625,99.19291687011719
151,167.98626708984375,98.56204986572266
152,167.65565490722656,97.93113708496094
153,164.92678833007812,97.30367279052734
154,168.32362365722656,96.67451477050781
155,166.2931671142578,96.033935546875
156,164.2169952392578,95.40760803222656
157,161.8621063232422,94.77935791015625
158,162.93775939941406,94.16438293457031
159,159.7630615234375,93.55448913574219
160,157.66859436035156,92.95365142822266
161,157.04478454589844,92.33588409423828
162,157.5885009765625,91.72640228271484
163,159.2210235595703,91.1170425415039
164,155.96560668945312,90.50548553466797
165,153.8859405517578,89.9044189453125
166,151.9584503173828,89.29954528808594
167,156.09625244140625,88.69020080566406
168,150.94309997558594,88.06784057617188
169,151.2955322265625,87.44309997558594
170,154.3463592529297,86.81243133544922
171,151.01194763183594,86.1699447631836
172,148.00955200195312,85.53975677490234
173,148.05374145507812,84.9083480834961
174,146.67613220214844,84.2510757446289
175,144.22457885742188,83.60234832763672
176,145.3979034423828,82.95277404785156
177,144.10720825195312,82.32526397705078
178,142.25735473632812,81.68875885009766
179,139.07139587402344,81.0605239868164
180,141.34225463867188,80.42222595214844
181,140.0884552001953,79.79486083984375
182,140.1773681640625,79.15254211425781
183,139.3329315185547,78.53597259521484
184,137.2579345703125,77.8995590209961
185,133.83815002441406,77.24617004394531
186,132.75877380371094,76.60669708251953
187,131.50314331054688,75.96006774902344
188,132.69610595703125,75.30119323730469
189,131.26007080078125,74.65998840332031
190,131.61972045898438,74.01488494873047
191,129.0896453857422,73.35935974121094
192,130.80426025390625,72.72539520263672
193,125.11617279052734,72.07434844970703
194,127.32093811035156,71.4368896484375
195,127.773681640625,70.82867431640625
196,125.37162780761719,70.18623352050781
197,123.34327697753906,69.5355453491211
198,124.87267303466797,68.89801025390625
199,121.18966674804688,68.27055358886719
200,122.00846099853516,67.64813995361328
201,118.55657958984375,67.03194427490234
202,117.92829132080078,66.4337387084961
203,115.93145751953125,65.81253051757812
204,117.69005584716797,65.20564270019531
205,115.09009552001953,64.58975982666016
206,115.93311309814453,64.0151138305664
207,113.85731506347656,63.416717529296875
208,115.32594299316406,62.82416534423828
209,112.48654174804688,62.223243713378906
210,113.57434844970703,61.649169921875
211,108.24392700195312,61.088157653808594
212,107.83805847167969,60.5095100402832
213,109.71484375,59.954734802246094
214,106.83577728271484,59.385032653808594
215,111.17129516601562,58.82355880737305
216,107.57901763916016,58.263885498046875
217,105.23104858398438,57.73841094970703
218,104.272705078125,57.21308135986328
219,103.52505493164062,56.6851921081543
220,104.1014404296875,56.14900588989258
221,104.29053497314453,55.62736892700195
222,101.43880462646484,55.126548767089844
223,99.76709747314453,54.61564254760742
224,100.2499008178711,54.109397888183594
225,102.64319610595703,53.6122932434082
226,98.77511596679688,53.11639404296875
227,98.02847290039062,52.628997802734375
228,96.6158447265625,52.148902893066406
229,97.04490661621094,51.6961784362793
230,95.30497741699219,51.246917724609375
231,93.93836212158203,50.784751892089844
232,92.4117431640625,50.35051727294922
233,94.04100036621094,49.8979606628418
234,90.9017562866211,49.45441436767578
235,90.49986267089844,49.034236907958984
236,89.70640563964844,48.601890563964844
237,90.64360046386719,48.168609619140625
238,89.76242065429688,47.74680709838867
239,89.15843963623047,47.333740234375
240,88.2922134399414,46.93186950683594
241,87.58109283447266,46.545196533203125
242,85.01297760009766,46.165740966796875
243,86.15634155273438,45.790321350097656
244,86.32546997070312,45.410301208496094
245,84.57483673095703,45.039764404296875
246,82.37237548828125,44.68735885620117
247,83.09266662597656,44.32300567626953
248,81.63650512695312,43.97903060913086
249,83.40142059326172,43.651981353759766
250,81.82405090332031,43.324710845947266
251,78.9405746459961,43.015769958496094
252,81.18216705322266,42.699729919433594
253,80.3794174194336,42.388633728027344
254,76.2863540649414,42.09135055541992
255,81.44805908203125,41.80207824707031
256,78.38627624511719,41.50712585449219
257,75.59860229492188,41.22160339355469
258,73.74705505371094,40.94633102416992
259,73.72330474853516,40.67073440551758
260,77.55087280273438,40.394126892089844
261,74.80130767822266,40.140785217285156
262,74.8516616821289,39.89132308959961
263,76.54098510742188,39.64997100830078
264,71.77162170410156,39.403663635253906
265,72.08446502685547,39.16515350341797
266,70.89972686767578,38.936058044433594
267,72.49346923828125,38.71779251098633
268,69.66839599609375,38.5103645324707
269,71.869873046875,38.29737091064453
270,72.33135986328125,38.09291458129883
271,69.96601104736328,37.88381576538086
272,70.47856140136719,37.70275115966797
273,69.6197738647461,37.52543258666992
274,67.24978637695312,37.33722686767578
275,69.4012222290039,37.16292953491211
276,68.85903930664062,36.99859619140625
277,66.58268737792969,36.82549285888672
278,68.13167572021484,36.66271209716797
279,65.95862579345703,36.5046501159668
280,63.45307540893555,36.34774398803711
281,66.82242584228516,36.19340515136719
282,64.82940673828125,36.03940963745117
283,64.14907836914062,35.889976501464844
284,65.84680938720703,35.76430892944336
285,63.480010986328125,35.618370056152344
286,64.42725372314453,35.482852935791016
287,65.3504409790039,35.35932540893555
288,62.99755859375,35.23395538330078
289,61.277034759521484,35.11746597290039
290,61.966007232666016,35.013282775878906
291,61.58908462524414,34.900821685791016
292,63.80409240722656,34.79304885864258
293,61.56359100341797,34.67314529418945
294,59.05706787109375,34.573219299316406
295,59.25117492675781,34.470924377441406
296,59.95050811767578,34.37268829345703
297,61.4649772644043,34.26893615722656
298,59.23616409301758,34.17780303955078
299,60.3746337890625,34.08652877807617
300,58.03085708618164,34.009971618652344
301,58.85419845581055,33.926307678222656
302,59.30671310424805,33.84731674194336
303,58.798526763916016,33.76158905029297
304,57.391136169433594,33.669517517089844
305,56.72744369506836,33.5820426940918
306,57.0538330078125,33.50373458862305
307,56.52734375,33.42616271972656
308,55.843544006347656,33.34850311279297
309,57.02127456665039,33.290061950683594
310,58.21297073364258,33.235107421875
311,57.45748519897461,33.18103790283203
312,55.6392822265625,33.126373291015625
313,55.99864196777344,33.05931854248047
314,55.60696792602539,32.99555206298828
315,54.960636138916016,32.91813659667969
316,53.9907341003418,32.854469299316406
317,55.00324249267578,32.78439712524414
318,55.14658737182617,32.732479095458984
319,53.32567596435547,32.673187255859375
320,55.4642219543457,32.61687469482422
321,54.57540512084961,32.556846618652344
322,52.79317855834961,32.489471435546875
323,55.611629486083984,32.431297302246094
324,53.682857513427734,32.36477279663086
325,53.97627258300781,32.295257568359375
326,52.500694274902344,32.23668670654297
327,52.977630615234375,32.169219970703125
328,52.49261474609375,32.10275650024414
329,52.205101013183594,32.035953521728516
330,52.63346481323242,31.984439849853516
331,51.58966827392578,31.90614891052246
332,51.213802337646484,31.83991050720215
333,52.826568603515625,31.77138900756836
334,51.00480270385742,31.70709228515625
335,50.42926788330078,31.64219093322754
336,50.075103759765625,31.568599700927734
337,49.140228271484375,31.517492294311523
338,50.98457336425781,31.440372467041016
339,49.21554183959961,31.388757705688477
340,49.454566955566406,31.30039405822754
341,50.458518981933594,31.238256454467773
342,49.78349685668945,31.184650421142578
343,49.530635833740234,31.126232147216797
344,49.16143798828125,31.081226348876953
345,50.308387756347656,31.015817642211914
346,48.067806243896484,30.964893341064453
347,49.594329833984375,30.925212860107422
348,49.42721939086914,30.880828857421875
349,48.76935958862305,30.811777114868164
350,45.716922760009766,30.739105224609375
351,49.11917495727539,30.67057228088379
352,48.82027053833008,30.593496322631836
353,48.337486267089844,30.503536224365234
354,47.308895111083984,30.39994239807129
355,47.70559310913086,30.31569480895996
356,45.025875091552734,30.18454933166504
357,45.94460678100586,30.053020477294922
358,45.41378402709961,29.9140682220459
359,47.52793502807617,29.767099380493164
360,46.41488265991211,29.60495376586914
361,49.22321319580078,29.450061798095703
362,46.31519317626953,29.242069244384766
363,45.846500396728516,29.045141220092773
364,45.54500198364258,28.855419158935547
365,46.48420333862305,28.664794921875
366,45.08272933959961,28.4382266998291
367,46.10947799682617,28.22775650024414
368,43.92189407348633,27.981552124023438
369,44.892433166503906,27.78946304321289
370,46.30915832519531,27.5935115814209
371,46.07313537597656,27.367443084716797
372,43.329307556152344,27.161739349365234
373,45.71418762207031,26.988296508789062
374,45.213661193847656,26.79764175415039
375,43.308197021484375,26.595417022705078
376,45.39518356323242,26.3978328704834
377,44.905338287353516,26.209529876708984
378,42.1546630859375,25.999536514282227
379,42.84575271606445,25.745819091796875
380,43.746681213378906,25.50328254699707
381,43.55583572387695,25.266311645507812
382,42.58399200439453,25.050283432006836
383,41.680118560791016,24.802417755126953
384,43.432823181152344,24.562366485595703
385,40.9974365234375,24.326204299926758
386,42.82164001464844,24.0329647064209
387,40.49197006225586,23.800296783447266
388,39.99616241455078,23.583927154541016
389,42.31503677368164,23.352867126464844
390,41.54278564453125,23.097341537475586
391,40.42779541015625,22.855073928833008
392,42.26414489746094,22.64278793334961
393,37.9887809753418,22.41623306274414
394,39.414573669433594,22.197832107543945
395,39.47059631347656,21.934024810791016
396,40.743778228759766,21.713581085205078
397,39.54044723510742,21.499317169189453
398,39.33408737182617,21.251550674438477
399,38.80708694458008,20.96678924560547
400,38.214134216308594,20.739837646484375
401,37.093509674072266,20.487483978271484
402,38.11387634277344,20.240161895751953
403,38.8414421081543,20.001148223876953
404,38.774383544921875,19.78580665588379
405,35.75434494018555,19.52797508239746
406,38.86723709106445,19.318082809448242
407,37.77409744262695,19.035415649414062
408,37.04648208618164,18.784265518188477
409,35.3818359375,18.521663665771484
410,37.45704650878906,18.28657341003418
411,36.713497161865234,18.02835464477539
412,36.675472259521484,17.813735961914062
413,36.69524002075195,17.608501434326172
414,33.84914779663086,17.369808197021484
415,37.16389846801758,17.148509979248047
416,33.858680725097656,16.906728744506836
417,33.32642364501953,16.68269920349121
418,34.551631927490234,16.460859298706055
419,34.826236724853516,16.244245529174805
420,33.76063537597656,16.01739501953125
421,33.96663284301758,15.773849487304688
422,34.363590240478516,15.562402725219727
423,30.809425354003906,15.342999458312988
424,32.56447219848633,15.115877151489258
425,31.729087829589844,14.89539623260498
426,32.18109130859375,14.697247505187988
427,30.89337921142578,14.497248649597168
428,29.250930786132812,14.292691230773926
429,31.54627227783203,14.103780746459961
430,31.32297706604004,13.875955581665039
431,30.147014617919922,13.660131454467773
432,31.063947677612305,13.464884757995605
433,29.26764678955078,13.272439956665039
434,29.996305465698242,13.077178955078125
435,29.880489349365234,12.886459350585938
436,31.713050842285156,12.697568893432617
437,29.94588279724121,12.524107933044434
438,28.498748779296875,12.365153312683105
439,30.917369842529297,12.170316696166992
440,26.767147064208984,12.007322311401367
441,27.13300895690918,11.816217422485352
442,27.271818161010742,11.67237377166748
443,27.870018005371094,11.520364761352539
444,26.78447151184082,11.351603507995605
445,26.95416831970215,11.220829963684082
446,25.97724723815918,11.079019546508789
447,26.396989822387695,10.923870086669922
448,25.2341365814209,10.785659790039062
449,25.644075393676758,10.632291793823242
450,27.215789794921875,10.484926223754883
451,25.096052169799805,10.358207702636719
452,23.749515533447266,10.193675994873047
453,26.475616455078125,10.051804542541504
454,25.255237579345703,9.922164916992188
455,23.263166427612305,9.825075149536133
456,23.337583541870117,9.671632766723633
457,26.33052635192871,9.564536094665527
458,25.528152465820312,9.45497989654541
459,23.819303512573242,9.345427513122559
460,25.62308692932129,9.248056411743164
461,25.450637817382812,9.15436840057373
462,22.89919662475586,9.071142196655273
463,22.346057891845703,8.974044799804688
464,25.69675636291504,8.868972778320312
465,23.237030029296875,8.775729179382324
466,21.877243041992188,8.682247161865234
467,20.771648406982422,8.592996597290039
468,23.277673721313477,8.504110336303711
469,23.749828338623047,8.448694229125977
470,23.67217254638672,8.357325553894043
471,22.741518020629883,8.27630615234375
472,20.96571159362793,8.209745407104492
473,21.957115173339844,8.134092330932617
474,22.40428352355957,8.040553092956543
475,21.878198623657227,7.983950138092041
476,21.70993423461914,7.932755470275879
477,21.78371810913086,7.8697829246521
478,19.817331314086914,7.812008857727051
479,18.931306838989258,7.741805076599121
480,21.508214950561523,7.689206600189209
481,22.23933982849121,7.634056091308594
482,19.950231552124023,7.5671844482421875
483,19.28537940979004,7.507906913757324
484,22.01796531677246,7.473641872406006
485,20.259958267211914,7.422926902770996
486,19.712556838989258,7.390535831451416
487,20.268625259399414,7.350931644439697
488,20.98320198059082,7.3052473068237305
489,20.744409561157227,7.270763397216797
490,18.62847900390625,7.241676330566406
491,20.117151260375977,7.175540924072266
492,18.822040557861328,7.129843235015869
493,19.121097564697266,7.096174716949463
494,19.290142059326172,7.049859046936035
495,20.993839263916016,7.01117467880249
496,20.87110710144043,7.005537986755371
497,18.645877838134766,6.9778313636779785
498,17.977169036865234,6.922857761383057
499,18.72709083557129,6.886180877685547
500,17.846439361572266,6.890385627746582
501,18.713354110717773,6.878660678863525
502,18.056230545043945,6.85748291015625
503,20.388916015625,6.844738006591797
504,19.765533447265625,6.823917388916016
505,18.383731842041016,6.788362979888916
506,18.176362991333008,6.776246070861816
507,18.83526611328125,6.75466251373291
508,18.90964698791504,6.730731964111328
509,19.36701011657715,6.695804595947266
510,17.718839645385742,6.691889762878418
511,20.459619522094727,6.683454990386963
512,18.90679168701172,6.656414985656738
513,18.562973022460938,6.658690452575684
514,18.9169979095459,6.659243583679199
515,18.584697723388672,6.644200325012207
516,19.815027236938477,6.632872104644775
517,16.17930030822754,6.615553379058838
518,17.877962112426758,6.611917018890381
519,18.886035919189453,6.604853630065918
520,18.444595336914062,6.5980939865112305
521,18.394210815429688,6.577483177185059
522,17.001232147216797,6.569169521331787
523,19.222545623779297,6.574723720550537
524,17.96685791015625,6.571649074554443
525,18.106786727905273,6.537750244140625
526,17.15591812133789,6.531388759613037
527,16.033056259155273,6.516915798187256
528,17.49062728881836,6.528685092926025
529,15.730061531066895,6.5258893966674805
530,17.484298706054688,6.495967864990234
531,16.939041137695312,6.492289066314697
532,16.892696380615234,6.487120151519775
533,16.22100067138672,6.505962371826172
534,18.04351806640625,6.514575004577637
535,16.64156150817871,6.509274482727051
536,17.254276275634766,6.480571746826172
537,18.3713321685791,6.4547014236450195
538,15.674225807189941,6.471762657165527
539,17.026092529296875,6.457143306732178
540,17.234750747680664,6.456564903259277
541,14.51294231414795,6.457045078277588
542,17.046953201293945,6.4600653648376465
543,17.286014556884766,6.470466613769531
544,16.97580337524414,6.474062442779541
545,16.215322494506836,6.458985328674316
546,15.476678848266602,6.487814903259277
547,15.550999641418457,6.498740196228027
548,15.639180183410645,6.513730049133301
549,13.541909217834473,6.511651515960693
550,14.71070671081543,6.511900424957275
551,14.63354778289795,6.535860538482666
552,15.420039176940918,6.5493903160095215
553,16.760889053344727,6.571174621582031
554,16.372339248657227,6.574418067932129
555,15.503098487854004,6.5759758949279785
556,14.669225692749023,6.58394718170166
557,16.2835750579834,6.591510772705078
558,15.799084663391113,6.61116886138916
559,14.893362045288086,6.594069004058838
560,15.189484596252441,6.611729621887207
561,17.227224349975586,6.596236228942871
562,15.614744186401367,6.589550971984863
0,312.58868408203125,196.88491821289062
1,308.6905517578125,195.8257598876953
2,309.0539855957031,194.81192016601562
3,308.58587646484375,193.80308532714844
4,311.34423828125,192.92526245117188
5,311.4947204589844,191.99998474121094
6,305.89923095703125,191.0139617919922
7,308.4579162597656,190.09913635253906
8,305.11138916015625,189.2296905517578
9,302.63360595703125,188.40383911132812
10,299.6712951660156,187.6453399658203
11,299.9497985839844,186.95132446289062
12,297.7894592285156,186.20367431640625
13,294.678955078125,185.46853637695312
14,297.1826477050781,184.74517822265625
15,296.5778503417969,184.03228759765625
16,290.613525390625,183.3300018310547
17,292.8178405761719,182.65016174316406
18,296.5132141113281,181.9818572998047
19,289.5523376464844,181.2647705078125
20,290.7754211425781,180.58419799804688
21,288.5322265625,179.8925018310547
22,286.42425537109375,179.20689392089844
23,287.450439453125,178.50213623046875
24,286.96722412109375,177.80960083007812
25,285.86895751953125,177.13577270507812
26,281.22088623046875,176.46485900878906
27,281.3244934082031,175.78851318359375
28,282.1597595214844,175.11734008789062
29,282.27227783203125,174.43605041503906
30,280.1142272949219,173.762939453125
31,280.7757873535156,173.10098266601562
32,277.6002502441406,172.44309997558594
33,278.12213134765625,171.80181884765625
34,274.80010986328125,171.13583374023438
35,276.2826843261719,170.49549865722656
36,273.28485107421875,169.83639526367188
37,273.298583984375,169.17904663085938
38,271.106201171875,168.53280639648438
39,270.5132751464844,167.8856658935547
40,272.1907653808594,167.22853088378906
41,266.068359375,166.58726501464844
42,264.6678771972656,165.93890380859375
43,268.533447265625,165.30612182617188
44,262.3291931152344,164.66989135742188
45,263.4182434082031,164.0501708984375
46,259.745849609375,163.41790771484375
47,262.14215087890625,162.77708435058594
48,260.44427490234375,162.13864135742188
49,260.8319396972656,161.50352478027344
50,259.0399169921875,160.8715362548828
51,257.75860595703125,160.2454376220703
52,257.48504638671875,159.62612915039062
53,255.60227966308594,159.00576782226562
54,255.55963134765625,158.38729858398438
55,254.0078582763672,157.76121520996094
56,252.974609375,157.14630126953125
57,253.5684356689453,156.53646850585938
58,250.2677459716797,155.94845581054688
59,249.85903930664062,155.3418426513672
60,248.7967987060547,154.73463439941406
61,247.66334533691406,154.1395263671875
62,247.42086791992188,153.54176330566406
63,247.04287719726562,152.94204711914062
64,245.2466278076172,152.34609985351562
65,244.46310424804688,151.75497436523438
66,245.72813415527344,151.16317749023438
67,242.9507598876953,150.57345581054688
68,242.29957580566406,149.9899139404297
69,240.95982360839844,149.39764404296875
70,240.74327087402344,148.80543518066406
71,238.5959930419922,148.20840454101562
72,236.87237548828125,147.62847900390625
73,236.94468688964844,147.05177307128906
74,235.53306579589844,146.47946166992188
75,232.58877563476562,145.9069366455078
76,233.28561401367188,145.3237762451172
77,229.4898223876953,144.73785400390625
78,231.095703125,144.1398162841797
79,228.96800231933594,143.53907775878906
80,229.11614990234375,142.93621826171875
81,232.2419891357422,142.3261260986328
82,228.29437255859375,141.73263549804688
83,228.375,141.12646484375
84,228.21612548828125,140.53109741210938
85,226.04953002929688,139.93917846679688
86,228.06423950195312,139.35281372070312
87,223.2009735107422,138.7279510498047
88,221.3561248779297,138.12762451171875
89,222.5375213623047,137.5197296142578
90,222.2193603515625,136.90545654296875
91,220.3683624267578,136.28359985351562
92,218.52011108398438,135.6814422607422
93,218.74363708496094,135.07382202148438
94,219.5695343017578,134.46865844726562
95,214.10646057128906,133.8550262451172
96,216.95382690429688,133.2449188232422
97,214.23782348632812,132.63815307617188
98,214.7472686767578,132.02020263671875
99,213.57778930664062,131.41098022460938
100,210.9846954345703,130.74415588378906
101,210.8259735107422,130.0836944580078
102,210.99169921875,129.4594268798828
103,207.03392028808594,128.7971649169922
104,208.92481994628906,128.13157653808594
105,206.55430603027344,127.44145202636719
106,205.57301330566406,126.77198791503906
107,205.79824829101562,126.0616226196289
108,203.9398651123047,125.32315826416016
109,201.78489685058594,124.60640716552734
110,203.35887145996094,123.90653991699219
111,200.4450225830078,123.15342712402344
112,200.10362243652344,122.4855728149414
113,197.76312255859375,121.76432800292969
114,198.56578063964844,121.02244567871094
115,196.6077423095703,120.29631042480469
116,195.15762329101562,119.50318908691406
117,195.02926635742188,118.7332763671875
118,192.42276000976562,117.94551086425781
119,189.83734130859375,117.08282470703125
120,190.8568572998047,116.26444244384766
121,189.83395385742188,115.47196197509766
122,189.1041259765625,114.6751937866211
123,188.9213409423828,113.86860656738281
124,188.52198791503906,113.04316711425781
125,183.9392547607422,112.2193832397461
126,183.30767822265625,111.3785400390625
127,182.53546142578125,110.55226135253906
128,182.24192810058594,109.6973648071289
129,183.32882690429688,108.84425354003906
130,180.912109375,107.99678802490234
131,178.92434692382812,107.10569763183594
132,176.30764770507812,106.23759460449219
133,176.94754028320312,105.37890625
134,175.11195373535156,104.49861145019531
135,172.31626892089844,103.59080505371094
136,171.6015625,102.7162094116211
137,171.10110473632812,101.82450866699219
138,168.77310180664062,100.93209838867188
139,173.6932830810547,99.99696350097656
140,166.5657196044922,99.1279067993164
141,164.1357879638672,98.2020034790039
142,168.0265655517578,97.3001708984375
143,167.69349670410156,96.3988037109375
144,164.83563232421875,95.48941040039062
145,161.1837615966797,94.5582046508789
146,158.32662963867188,93.63002014160156
147,162.72134399414062,92.71669006347656
148,157.72581481933594,91.80644226074219
149,156.49610900878906,90.87258911132812
150,155.72080993652344,89.93341827392578
151,154.65097045898438,88.99214172363281
152,149.64695739746094,88.05150604248047
153,150.4456329345703,87.11660766601562
154,153.37095642089844,86.18516540527344
155,146.164794921875,85.23963928222656
156,147.19189453125,84.30183410644531
157,149.1046142578125,83.35808563232422
158,141.60238647460938,82.41021728515625
159,141.15679931640625,81.43833923339844
160,139.44918823242188,80.49542999267578
161,141.9183349609375,79.55573272705078
162,135.1504669189453,78.59713745117188
163,138.2976837158203,77.66059875488281
164,134.37718200683594,76.70532989501953
165,134.47361755371094,75.76188659667969
166,131.5332794189453,74.81739807128906
167,129.4767608642578,73.88572692871094
168,131.50665283203125,72.93585968017578
169,127.9493408203125,71.98992156982422
170,125.7557144165039,71.04585266113281
171,123.18014526367188,70.11983489990234
172,123.3497314453125,69.20121002197266
173,123.1611328125,68.27133178710938
174,124.28465270996094,67.347412109375
175,119.33873748779297,66.439453125
176,117.17581939697266,65.52934265136719
177,119.82064056396484,64.63021087646484
178,113.92317962646484,63.74387741088867
179,114.38509368896484,62.84590530395508
180,114.99800109863281,61.95801544189453
181,113.2587890625,61.071739196777344
182,112.55169677734375,60.20772171020508
183,109.44003295898438,59.34242630004883
184,106.93851470947266,58.48265838623047
185,107.72886657714844,57.61970901489258
186,103.78807067871094,56.770973205566406
187,104.14939880371094,55.927452087402344
188,104.63240051269531,55.08716583251953
189,98.96810913085938,54.25639724731445
190,99.15411376953125,53.41908645629883
191,96.6043472290039,52.584999084472656
192,97.55282592773438,51.7596321105957
193,96.12127685546875,50.933982849121094
194,89.78547668457031,50.12455368041992
195,91.58389282226562,49.312095642089844
196,90.54740905761719,48.50688552856445
197,88.07575225830078,47.71647644042969
198,89.33908081054688,46.92623519897461
199,89.9881591796875,46.14573669433594
200,87.32144927978516,45.375553131103516
201,82.67304992675781,44.60816955566406
202,84.09857940673828,43.85176086425781
203,83.25372314453125,43.090450286865234
204,82.92124938964844,42.34659957885742
205,80.23871612548828,41.613426208496094
206,80.181396484375,40.87067794799805
207,78.73568725585938,40.13844680786133
208,78.56969451904297,39.417724609375
209,75.39347076416016,38.72624969482422
210,74.37554931640625,38.04051971435547
211,72.96109771728516,37.35306930541992
212,71.58074951171875,36.675132751464844
213,71.9063949584961,35.97936248779297
214,68.83776092529297,35.30031204223633
215,68.65673065185547,34.63682556152344
216,69.32699584960938,33.970611572265625
217,68.47281646728516,33.31953048706055
218,63.55669403076172,32.6862678527832
219,66.00529479980469,32.046730041503906
220,65.445556640625,31.41873550415039
221,63.276702880859375,30.796772003173828
222,59.94866943359375,30.21377944946289
223,62.1673469543457,29.62386703491211
224,61.861148834228516,29.041030883789062
225,59.271018981933594,28.47041893005371
226,57.828208923339844,27.904010772705078
227,57.4471321105957,27.346399307250977
228,55.52652359008789,26.79972267150879
229,54.11710739135742,26.267969131469727
230,53.84646987915039,25.745914459228516
231,52.1733512878418,25.22563362121582
232,54.63441467285156,24.718807220458984
233,51.21031188964844,24.232494354248047
234,47.79369354248047,23.758241653442383
235,50.82072067260742,23.27914047241211
236,49.48444366455078,22.7882137298584
237,49.51194381713867,22.35295867919922
238,49.33843994140625,21.885393142700195
239,45.61105728149414,21.458816528320312
240,44.74068069458008,21.00680160522461
241,44.833404541015625,20.586397171020508
242,44.046409606933594,20.16531753540039
243,43.17243576049805,19.743738174438477
244,42.54068374633789,19.36651611328125
245,43.502750396728516,19.005632400512695
246,40.613609313964844,18.630802154541016
247,41.06494903564453,18.232105255126953
248,41.22122573852539,17.882524490356445
249,40.18277359008789,17.540273666381836
250,40.21265411376953,17.20305633544922
251,38.0095100402832,16.879043579101562
252,38.129981994628906,16.5812931060791
253,39.09077453613281,16.28560447692871
254,35.77266311645508,16.020931243896484
255,34.792415618896484,15.750178337097168
256,34.24130630493164,15.497523307800293
257,35.707279205322266,15.255714416503906
258,34.850547790527344,15.017313003540039
259,32.43279266357422,14.783190727233887
260,32.723716735839844,14.549860000610352
261,31.628049850463867,14.369397163391113
262,31.259246826171875,14.170140266418457
263,31.94817543029785,13.990674018859863
264,31.186641693115234,13.826611518859863
265,30.667875289916992,13.65135383605957
266,29.72058868408203,13.481432914733887
267,29.578266143798828,13.334004402160645
268,29.329565048217773,13.19262981414795
269,30.213369369506836,13.082845687866211
270,28.714038848876953,12.946418762207031
271,27.210006713867188,12.832611083984375
272,28.565866470336914,12.718605995178223
273,27.27837371826172,12.604252815246582
274,27.529142379760742,12.500179290771484
275,25.238941192626953,12.392833709716797
276,25.76369857788086,12.287069320678711
277,27.38638687133789,12.189935684204102
278,26.109821319580078,12.08305549621582
279,24.881572723388672,11.99830150604248
280,24.442602157592773,11.901985168457031
281,25.256624221801758,11.824454307556152
282,23.62666130065918,11.745221138000488
283,21.883520126342773,11.656896591186523
284,21.647048950195312,11.583089828491211
285,23.238088607788086,11.516079902648926
286,22.937000274658203,11.455183029174805
287,20.999500274658203,11.3956880569458
288,20.947834014892578,11.32557487487793
289,22.164030075073242,11.281384468078613
290,20.610904693603516,11.225005149841309
291,23.179401397705078,11.165865898132324
292,21.153465270996094,11.133413314819336
293,21.78548240661621,11.096678733825684
294,22.07286262512207,11.04603385925293
295,20.297561645507812,11.001935958862305
296,21.16297721862793,10.942885398864746
297,20.747440338134766,10.941071510314941
298,20.119159698486328,10.919270515441895
299,18.75838851928711,10.897684097290039
300,19.22278594970703,10.879949569702148
301,19.118518829345703,10.825613975524902
302,19.765817642211914,10.80931282043457
303,19.066429138183594,10.79492473602295
304,19.498493194580078,10.741053581237793
305,19.27227020263672,10.72419261932373
306,18.6171932220459,10.704460144042969
307,17.423933029174805,10.680761337280273
308,17.309717178344727,10.664153099060059
309,15.744877815246582,10.62141227722168
310,17.35323715209961,10.614446640014648
311,17.61470603942871,10.622932434082031
312,17.489164352416992,10.58887767791748
313,16.76598358154297,10.550647735595703
314,17.903732299804688,10.56246566772461
315,15.44542407989502,10.533415794372559
316,17.054590225219727,10.50324821472168
317,15.281563758850098,10.453903198242188
318,15.688383102416992,10.410297393798828
319,16.596723556518555,10.386213302612305
320,16.202072143554688,10.385326385498047
321,16.298397064208984,10.371617317199707
322,16.467554092407227,10.361427307128906
323,15.478901863098145,10.339127540588379
324,14.74560832977295,10.283169746398926
325,17.636308670043945,10.238348007202148
326,13.715415000915527,10.193276405334473
327,14.720159530639648,10.166542053222656
328,16.220470428466797,10.169251441955566
329,15.412457466125488,10.19194221496582
330,15.865436553955078,10.196310043334961
331,14.778094291687012,10.194466590881348
332,14.430216789245605,10.195560455322266
333,14.638365745544434,10.224096298217773
334,14.533854484558105,10.199992179870605
335,15.382269859313965,10.200517654418945
336,15.587706565856934,10.150686264038086
337,14.700618743896484,10.144363403320312
338,13.571067810058594,10.1142578125
339,13.734112739562988,10.0868501663208
340,14.111385345458984,10.058614730834961
341,14.79220962524414,10.051399230957031
342,14.279132843017578,10.058221817016602
343,14.376877784729004,10.054056167602539
344,14.802511215209961,10.043920516967773
345,13.888221740722656,10.046452522277832
346,15.351160049438477,10.053144454956055
347,14.938450813293457,10.045004844665527
348,14.428619384765625,10.039214134216309
349,14.054158210754395,10.020391464233398
350,13.453119277954102,10.021738052368164
351,12.664029121398926,10.009496688842773
352,11.920086860656738,9.988103866577148
353,13.333867073059082,9.991625785827637
354,13.870488166809082,9.97017765045166
355,14.21629524230957,9.978604316711426
356,12.906010627746582,9.913067817687988
357,12.346405982971191,9.888535499572754
358,12.571451187133789,9.859880447387695
359,12.776562690734863,9.805882453918457
360,13.133719444274902,9.782340049743652
361,12.077520370483398,9.745532035827637
362,12.703948974609375,9.787321090698242
363,11.590730667114258,9.772058486938477
364,12.401165008544922,9.783305168151855
365,11.34873104095459,9.707523345947266
366,14.198163986206055,9.674331665039062
367,11.39393138885498,9.627883911132812
368,11.14696216583252,9.57008171081543
369,12.652894973754883,9.540704727172852
370,11.92469596862793,9.510381698608398
371,11.691926002502441,9.476744651794434
372,12.520601272583008,9.412400245666504
373,11.101153373718262,9.38930606842041
374,11.251505851745605,9.356880187988281
375,13.348344802856445,9.329731941223145
376,13.46640396118164,9.310152053833008
377,11.38302230834961,9.304579734802246
378,11.201622009277344,9.301592826843262
379,11.373371124267578,9.309855461120605
380,11.283920288085938,9.277090072631836
381,11.855060577392578,9.283239364624023
382,12.026659965515137,9.24755573272705
383,11.19058609008789,9.243709564208984
384,11.387341499328613,9.199084281921387
385,11.336708068847656,9.159700393676758
386,11.162020683288574,9.208187103271484
387,11.33080768585205,9.151047706604004
388,12.176920890808105,9.125529289245605
389,11.289017677307129,9.123373031616211
390,12.146286964416504,9.094864845275879
391,11.485857009887695,9.11941146850586
392,12.327467918395996,9.109516143798828
393,11.48055362701416,9.11337661743164
394,10.756482124328613,9.127195358276367
395,12.774225234985352,9.136404991149902
396,10.85708999633789,9.154297828674316
397,11.496238708496094,9.135412216186523
398,10.862475395202637,9.10397720336914
399,12.144920349121094,9.078256607055664
400,10.563636779785156,9.113694190979004
401,10.602300643920898,9.10745620727539
402,10.593486785888672,9.120530128479004
403,10.412764549255371,9.095285415649414
404,9.86069107055664,9.094074249267578
405,10.982848167419434,9.048791885375977
406,10.232550621032715,9.083208084106445
407,10.074599266052246,9.083782196044922
408,11.252286911010742,9.092596054077148
409,11.294551849365234,9.087520599365234
410,11.434428215026855,9.084634780883789
411,10.851088523864746,9.07579231262207
412,10.830492973327637,9.098692893981934
413,10.813502311706543,9.070165634155273
414,9.662318229675293,9.030704498291016
415,12.024861335754395,8.969098091125488
416,11.18097972869873,8.899447441101074
417,11.013461112976074,8.918022155761719
418,9.463661193847656,8.933671951293945
419,9.256471633911133,8.935895919799805
420,9.530393600463867,8.91397476196289
421,11.069855690002441,8.883995056152344
422,8.791505813598633,8.909826278686523
423,10.901124954223633,8.857463836669922
424,10.317002296447754,8.844408988952637
425,9.650012016296387,8.847707748413086
426,10.474737167358398,8.877562522888184
427,9.962056159973145,8.842151641845703
428,10.813216209411621,8.808938980102539
429,9.227219581604004,8.806777000427246
430,9.795835494995117,8.828651428222656
431,10.412337303161621,8.8125
432,10.772438049316406,8.78643798828125
433,10.556390762329102,8.728421211242676
434,10.205218315124512,8.705371856689453
435,9.941925048828125,8.695897102355957
436,9.494573593139648,8.659540176391602
437,10.92324447631836,8.63193130493164
438,10.922638893127441,8.629561424255371
439,11.324317932128906,8.606664657592773
440,10.413946151733398,8.63241195678711
441,11.18423080444336,8.6795015335083
442,10.145163536071777,8.648333549499512
443,9.274801254272461,8.641283988952637
444,9.453169822692871,8.639354705810547
445,8.400395393371582,8.649202346801758
446,10.505788803100586,8.651546478271484
447,9.212827682495117,8.607885360717773
448,8.754805564880371,8.617143630981445
449,10.94892692565918,8.615002632141113
450,10.029422760009766,8.601025581359863
451,10.44717025756836,8.592328071594238
452,9.782848358154297,8.558271408081055
453,9.927754402160645,8.546433448791504
454,10.170787811279297,8.504328727722168
455,9.425223350524902,8.475321769714355
456,9.85743236541748,8.49267864227295
457,10.759242057800293,8.47043228149414
458,9.610374450683594,8.430440902709961
459,9.12287425994873,8.416674613952637
460,9.367134094238281,8.383469581604004
461,10.417102813720703,8.376211166381836
462,9.420071601867676,8.437703132629395
463,9.388086318969727,8.436903953552246
464,10.793837547302246,8.457235336303711
465,10.433002471923828,8.454230308532715
466,10.088362693786621,8.398241996765137
467,9.463363647460938,8.439886093139648
468,10.752765655517578,8.42915153503418
469,9.48318099975586,8.42108154296875
470,8.859505653381348,8.436853408813477
471,9.289498329162598,8.446660995483398
472,9.23214340209961,8.466341018676758
473,9.770115852355957,8.455427169799805
474,9.941628456115723,8.457475662231445
475,9.895952224731445,8.469110488891602
476,8.965675354003906,8.475210189819336
477,8.912029266357422,8.450204849243164
478,9.827042579650879,8.472697257995605
479,9.159590721130371,8.470174789428711
480,8.876326560974121,8.487730979919434
481,8.921274185180664,8.447399139404297
482,10.077359199523926,8.419416427612305
483,8.636552810668945,8.423721313476562
484,8.368772506713867,8.406049728393555
485,8.994824409484863,8.423439025878906
486,9.884148597717285,8.389434814453125
0,116.59798431396484,28.698135375976562
1,28.629384994506836,16.36189842224121
2,8.180010795593262,9.380152702331543
3,7.644046783447266,3.4351775646209717
4,5.3870391845703125,4.520714282989502
5,7.190537452697754,3.817375659942627
6,5.808055400848389,5.106147766113281
7,5.095361709594727,4.264832496643066
8,6.3677873611450195,2.950171947479248
9,5.986604690551758,8.735212326049805
10,5.582461357116699,3.448521375656128
11,5.627408027648926,2.6777069568634033
12,5.161649703979492,3.7592837810516357
13,5.023631572723389,3.6233901977539062
14,4.968607425689697,9.828657150268555
15,4.303515911102295,3.506319522857666
16,4.849490642547607,4.492582321166992
17,4.353338718414307,2.650704860687256
18,5.357527256011963,2.5656228065490723
19,4.192272663116455,2.993985652923584
20,4.628542900085449,2.448647975921631
21,4.872355937957764,2.436516523361206
22,4.47601318359375,4.044480323791504
23,4.454344749450684,5.654276371002197
24,4.245931625366211,2.7721314430236816
25,4.021540641784668,2.5149855613708496
26,4.156650543212891,2.796760082244873
27,4.153493404388428,3.389174699783325
28,4.522258758544922,3.231879472732544
29,4.076669216156006,3.568089723587036
30,3.0308878421783447,7.586716651916504
31,3.3919386863708496,2.0448718070983887
32,4.474389553070068,3.977024793624878
33,3.0044219493865967,3.0418145656585693
34,3.3191800117492676,3.3941948413848877
35,3.70542049407959,5.525638580322266
36,3.4611945152282715,5.00767707824707
37,4.115298271179199,5.087362766265869
38,3.3822519779205322,3.0874247550964355
39,3.2253520488739014,6.406973361968994
40,3.1202540397644043,1.9480650424957275
41,4.151978015899658,2.144547939300537
42,3.286179542541504,2.6799662113189697
43,3.755964756011963,1.7063302993774414
44,3.2618825435638428,3.864825487136841
45,3.2780559062957764,1.9538564682006836
46,3.4040720462799072,1.684234619140625
47,3.3433468341827393,5.191313743591309
48,2.9455792903900146,3.323024034500122
49,2.635429859161377,4.599386215209961
50,3.3089358806610107,2.0205178260803223
51,3.0249640941619873,5.8828630447387695
52,2.664322853088379,5.468515872955322
53,2.9994606971740723,6.072599411010742
54,3.535640001296997,6.369664669036865
55,2.9059221744537354,7.203433990478516
56,3.4090311527252197,3.9093070030212402
57,3.285658836364746,2.3739469051361084
58,3.069105625152588,7.902864933013916
59,4.154676914215088,6.434467315673828
60,2.9299330711364746,5.927781105041504
61,3.1339073181152344,5.142079830169678
62,2.6832027435302734,4.058527946472168
63,3.2020010948181152,7.6816864013671875
64,2.754934310913086,8.880037307739258
65,2.7360928058624268,4.60725736618042
66,2.5846359729766846,4.4134345054626465
67,2.7779157161712646,3.6588387489318848
68,2.7151694297790527,4.521213054656982
69,3.0465874671936035,8.021591186523438
70,2.963468074798584,8.521443367004395
71,2.2745296955108643,6.8241705894470215
0,92.19835662841797,10.379861831665039
1,13.02590560913086,7.6402268409729
2,10.958182334899902,6.6866865158081055
3,9.235185623168945,6.157253742218018
4,10.891334533691406,4.352677345275879
5,10.445048332214355,9.561861038208008
6,7.670569896697998,6.345637798309326
7,6.852914333343506,4.600470542907715
8,6.066866397857666,6.831592559814453
9,7.442889213562012,3.5405120849609375
10,6.625796318054199,3.8336689472198486
11,8.000130653381348,9.736413955688477
12,8.105191230773926,3.530306339263916
13,8.005324363708496,6.5595879554748535
14,6.520145893096924,3.6217198371887207
15,5.959600925445557,3.4692320823669434
16,5.21084451675415,3.4228503704071045
17,6.2007365226745605,5.137407302856445
18,5.404867649078369,3.386514186859131
19,5.376765727996826,3.1586406230926514
20,5.9882893562316895,2.5227417945861816
21,8.348762512207031,7.026576042175293
22,5.4130988121032715,8.425488471984863
23,5.992380142211914,4.6280694007873535
24,6.376081466674805,5.486041069030762
25,4.092197418212891,3.944098711013794
26,4.618468284606934,2.668931245803833
27,5.050095081329346,2.4130043983459473
28,4.63751745223999,9.263870239257812
29,4.034143924713135,3.885180711746216
30,3.7192935943603516,7.770737648010254
31,4.060548305511475,7.432137489318848
32,3.2162418365478516,4.969326972961426
33,4.188548564910889,6.7745466232299805
34,5.372721195220947,7.290782928466797
35,4.130125999450684,2.6092705726623535
36,3.0348103046417236,1.5057493448257446
37,3.6545729637145996,3.1590397357940674
38,3.2410342693328857,2.073342800140381
39,3.847874879837036,1.8444026708602905
40,3.452047109603882,4.303232669830322
41,5.002920627593994,2.933051586151123
42,3.544693946838379,4.346316337585449
43,3.9988317489624023,4.360560417175293
44,2.781956911087036,2.050337791442871
45,3.4933931827545166,6.145129203796387
46,3.365142345428467,2.620978832244873
47,3.0838279724121094,4.386843204498291
48,3.1612696647644043,6.6290740966796875
49,2.828583240509033,3.3494479656219482
50,2.929119110107422,5.121508598327637
51,2.663516044616699,4.316052436828613
52,2.6568894386291504,4.722222328186035
53,2.556901454925537,3.005431652069092
54,3.0634238719940186,2.9157309532165527
55,2.9775853157043457,3.5628910064697266
56,3.111828327178955,2.2543399333953857
57,2.69043231010437,5.889363765716553
58,2.580817222595215,7.562493801116943
59,4.480912208557129,4.879803657531738
60,3.2726120948791504,3.0313007831573486
61,2.3737223148345947,3.0646774768829346
62,3.2886626720428467,2.312100887298584
63,2.9784433841705322,5.69236421585083
64,3.778902769088745,3.939797878265381
65,2.8550796508789062,3.1348471641540527
66,2.2259771823883057,4.7867560386657715
67,2.9396157264709473,4.457186698913574
68,2.661496877670288,3.568922519683838
69,3.0070149898529053,5.018492221832275
70,3.2321817874908447,2.4654793739318848
71,3.2285916805267334,5.95171594619751
72,2.839958667755127,1.4263942241668701
73,2.7218079566955566,4.011335849761963
74,2.3236591815948486,2.793755292892456
75,2.9417827129364014,3.4570705890655518
76,3.2673230171203613,2.3560774326324463
77,2.549018383026123,4.100315093994141
78,4.062439441680908,4.254195213317871
79,2.810771942138672,2.578197956085205
80,2.0700418949127197,5.138907432556152
81,2.0499820709228516,4.202385902404785
82,2.63223934173584,4.2743730545043945
83,2.63301682472229,2.5000052452087402
84,2.8787121772766113,2.8738861083984375
85,2.2271275520324707,7.580077171325684
86,2.6390295028686523,2.4601354598999023
87,2.5179970264434814,2.9232633113861084
88,2.1085071563720703,4.3515305519104
89,2.4010279178619385,5.666745662689209
90,2.0784621238708496,4.581966400146484
91,2.738118886947632,3.5423595905303955
92,1.9346064329147339,4.285574913024902
93,2.147160053253174,2.9453482627868652
94,2.540449619293213,3.2909693717956543
95,1.9441603422164917,5.099947452545166
96,2.1278185844421387,8.189980506896973
97,2.4992759227752686,4.020814895629883
98,1.907073736190796,2.0275511741638184
99,2.668858289718628,4.1002044677734375
100,2.3279306888580322,7.398571968078613
101,1.9527325630187988,6.415667533874512
102,2.1422195434570312,4.725098609924316
103,1.908940076828003,4.183099269866943
104,2.0271944999694824,2.816260814666748
105,2.3372411727905273,1.9356542825698853
106,2.119457244873047,4.935962677001953
107,2.7196760177612305,1.9805139303207397
108,2.0976998805999756,5.387237548828125
109,2.0674190521240234,4.240871429443359
110,1.9733822345733643,3.691629409790039
111,2.413957357406616,3.6411614418029785
112,2.329023599624634,1.932516098022461
113,2.9288454055786133,3.0057365894317627
114,2.457707166671753,4.703136444091797
115,2.219957113265991,2.1908798217773438
116,1.971545696258545,1.7681108713150024
117,2.0743095874786377,4.417212963104248
118,2.1794071197509766,3.716770648956299
119,3.1084177494049072,2.6394176483154297
120,2.398226737976074,3.5526726245880127
121,2.1569392681121826,3.011943817138672
122,1.9874615669250488,2.4923012256622314
0,48.7216796875,13.550183296203613
1,9.700026512145996,7.812655448913574
2,11.24991512298584,8.143911361694336
3,10.704121589660645,5.6985673904418945
4,10.206856727600098,4.504935264587402
5,7.762320041656494,4.264158248901367
6,7.515291213989258,6.627232551574707
7,8.245861053466797,5.925333023071289
8,6.2189507484436035,5.517637729644775
9,6.30938720703125,4.466300010681152
10,6.172558307647705,5.862607002258301
11,5.982786655426025,4.464385509490967
12,5.04976224899292,3.7876999378204346
13,5.52392053604126,3.5325303077697754
14,6.9884724617004395,3.404005527496338
15,5.078488349914551,6.032456398010254
16,5.405550956726074,4.762650012969971
17,5.308230400085449,2.5304346084594727
18,5.846100807189941,3.6916096210479736
19,6.025036334991455,4.262399673461914
20,6.6408467292785645,4.989790439605713
21,4.572561264038086,3.6686904430389404
22,4.723499298095703,4.667017459869385
23,5.238110065460205,2.047722578048706
24,5.25035285949707,2.605611562728882
25,4.968293190002441,1.6493726968765259
26,4.83793306350708,1.675154447555542
27,4.874631404876709,4.117258071899414
28,4.218392848968506,5.702663898468018
29,5.533591270446777,2.993150234222412
30,5.130974292755127,7.3115057945251465
31,4.779316425323486,1.777377724647522
32,4.853753566741943,4.15782356262207
33,5.221504211425781,3.9542198181152344
34,4.090097904205322,1.8330780267715454
35,3.82913875579834,3.740525484085083
36,4.9131245613098145,3.2505111694335938
37,4.067517280578613,1.1100863218307495
38,3.6510868072509766,1.7723398208618164
39,3.384462594985962,2.279151201248169
40,3.815070152282715,1.5195579528808594
41,5.144128322601318,1.9242804050445557
42,3.6476635932922363,3.044414520263672
43,3.3450238704681396,1.4246467351913452
44,3.523446559906006,4.457714557647705
45,3.916485548019409,3.9113166332244873
46,5.455022811889648,1.1751573085784912
47,4.333730220794678,1.3313639163970947
48,3.5454165935516357,3.773620128631592
49,4.229673862457275,2.0594027042388916
50,3.093080520629883,3.4188904762268066
51,4.73430061340332,1.027559518814087
52,3.4899861812591553,5.789137363433838
53,3.4031639099121094,0.9324837923049927
54,3.567991018295288,2.639012575149536
55,3.7769134044647217,3.641169786453247
56,4.371167182922363,2.505465030670166
57,3.813951015472412,1.6423317193984985
58,3.4900946617126465,1.5098365545272827
59,3.5882365703582764,2.7743217945098877
60,4.1240692138671875,4.5463151931762695
61,4.067304611206055,4.814880847930908
62,4.035036563873291,1.4443925619125366
63,3.6083998680114746,1.4713070392608643
64,3.484398365020752,3.5748565196990967
65,3.5179898738861084,1.4460914134979248
66,3.2403111457824707,1.975261926651001
67,3.2202565670013428,1.229007363319397
68,3.5213000774383545,1.9458354711532593
69,2.9486582279205322,1.473652958869934
70,3.2850356101989746,2.4316256046295166
71,3.0697500705718994,1.6700280904769897
72,3.874267101287842,1.6290371417999268
73,3.3722736835479736,1.4602491855621338
74,3.1505472660064697,1.4623805284500122
75,3.2191667556762695,1.3604382276535034
76,2.1567604541778564,1.9774726629257202
77,4.093944549560547,3.7710928916931152
78,2.917280912399292,1.2859362363815308
79,3.0350236892700195,2.2209925651550293
80,3.622452735900879,1.4346060752868652
81,3.436006546020508,4.022887229919434
82,3.2235186100006104,1.8926246166229248
83,2.9514167308807373,1.479427456855774
84,3.5239336490631104,2.775120258331299
85,3.526613473892212,1.6990410089492798
86,2.2604312896728516,1.427539587020874
87,3.277170181274414,2.3508219718933105
88,2.630021095275879,2.384567975997925
89,2.1644835472106934,2.052156925201416
90,3.04135799407959,1.6260097026824951
91,2.644460439682007,2.0175139904022217
92,3.065371513366699,4.512079238891602
93,4.233044147491455,5.140127658843994
94,3.2709131240844727,1.7581727504730225
95,2.23175311088562,2.455387830734253
96,2.6482365131378174,1.4783366918563843
97,2.6025044918060303,1.5899957418441772
98,2.6303839683532715,1.3516356945037842
99,2.52687931060791,2.075425624847412
100,2.7336180210113525,2.2931742668151855
101,2.9303488731384277,2.7820980548858643
102,2.821471929550171,1.214085340499878
103,2.5530054569244385,1.4720226526260376
0,91.93154907226562,16.97355842590332
1,13.803306579589844,4.0650634765625
2,7.626708984375,5.302341938018799
3,6.842573165893555,3.969705104827881
4,6.012633323669434,5.026193618774414
5,7.513410568237305,3.349029541015625
6,4.151888847351074,3.0700812339782715
7,6.075369834899902,4.7676191329956055
8,5.372344017028809,2.6340537071228027
9,5.995081424713135,2.5301566123962402
10,4.7605180740356445,4.853296279907227
11,5.591182231903076,2.6523332595825195
12,4.8815999031066895,4.139348983764648
13,5.712839603424072,2.5914924144744873
14,4.117831230163574,2.7957701683044434
15,4.4321722984313965,3.637084484100342
16,5.179544448852539,2.577465295791626
17,5.396185398101807,2.726595401763916
18,5.522985935211182,2.8458595275878906
19,4.995304584503174,2.7639074325561523
20,4.2259674072265625,2.3557114601135254
21,4.524106502532959,2.5098752975463867
22,5.211531162261963,3.4846031665802
23,4.527514934539795,2.922468423843384
24,4.33586311340332,5.872688293457031
25,4.617159366607666,4.202125549316406
26,4.688893795013428,4.226953983306885
27,5.1757988929748535,2.264441728591919
28,6.6730194091796875,8.34042739868164
29,4.6203765869140625,4.022833824157715
30,4.35912561416626,2.5823445320129395
31,3.419401168823242,3.4333176612854004
32,3.8960063457489014,2.1721577644348145
33,3.7205862998962402,2.5208897590637207
34,4.350265979766846,4.26796817779541
35,4.35500955581665,2.7040774822235107
36,4.586373329162598,2.1450746059417725
37,3.1009507179260254,4.0219011306762695
38,4.031420707702637,2.4399495124816895
39,3.8474440574645996,3.7498767375946045
40,4.388452053070068,2.3120455741882324
41,4.8248982429504395,2.2785873413085938
42,3.2149858474731445,2.810755968093872
43,4.515580177307129,5.381287574768066
44,4.552128314971924,3.628077983856201
45,3.865462303161621,3.3092002868652344
46,3.9746367931365967,6.387804985046387
47,4.637485980987549,5.628596305847168
48,2.9486563205718994,2.4145946502685547
49,4.198227882385254,5.985246181488037
50,3.6893575191497803,4.3236188888549805
51,3.2437186241149902,3.94933819770813
52,4.051450252532959,2.876504898071289
53,3.366812229156494,6.462515354156494
54,3.309002161026001,8.82238483428955
55,3.7956602573394775,5.030050754547119
56,2.673779249191284,6.674749851226807
57,3.1357498168945312,4.812687397003174
58,3.4061663150787354,5.26547908782959
59,4.164246082305908,4.6092681884765625
60,3.7580249309539795,10.835439682006836
61,2.790015935897827,5.550107479095459
62,2.4870362281799316,4.7234721183776855
63,2.688291311264038,8.637533187866211
64,3.287102699279785,11.069038391113281
65,2.5828826427459717,6.524234771728516
66,3.0650150775909424,6.5853118896484375
67,2.7876861095428467,6.865797519683838
68,2.6321747303009033,7.46729040145874
69,2.9987969398498535,11.889961242675781
70,3.7187082767486572,9.303590774536133
71,3.3155758380889893,5.77456521987915
72,3.003706455230713,10.694673538208008
73,3.032395601272583,7.68289041519165
74,2.530569314956665,7.300621032714844
75,3.384793519973755,11.426031112670898
76,2.957702875137329,12.86412525177002
77,2.806450128555298,7.9734907150268555
78,2.88559889793396,11.046369552612305
79,2.7618637084960938,7.035922050476074
80,2.172748565673828,7.382673740386963
81,2.6111032962799072,12.028059005737305
82,2.4983301162719727,11.615523338317871
83,3.0609755516052246,7.795875549316406
84,2.7661192417144775,12.442525863647461
85,2.380338668823242,12.155914306640625
86,2.2594242095947266,10.094742774963379
87,2.0462820529937744,9.22960090637207
88,2.799287796020508,15.770597457885742
89,2.7676498889923096,12.806459426879883
90,2.2702345848083496,15.619585990905762
91,3.451537609100342,9.003557205200195
92,2.554452657699585,7.246752738952637
93,2.8209104537963867,8.854293823242188
94,2.273634433746338,11.774286270141602
95,2.5117697715759277,10.111454963684082
96,2.6715002059936523,16.647762298583984
97,2.845128297805786,13.846773147583008
98,2.8193154335021973,9.595505714416504
99,2.993035078048706,24.879180908203125
100,3.571218967437744,15.654751777648926
101,1.8613349199295044,16.188608169555664
102,2.113940715789795,13.920141220092773
103,2.5405826568603516,11.172398567199707
104,2.3280739784240723,14.69719123840332
105,2.3292672634124756,12.397665977478027
106,2.560826539993286,10.880456924438477
107,2.544846773147583,14.98827075958252
108,2.463402032852173,13.264383316040039
109,2.4612460136413574,14.815496444702148
110,2.22409987449646,8.412135124206543
111,2.587726354598999,14.726585388183594
112,2.45013427734375,14.452778816223145
113,2.0748133659362793,14.182657241821289
114,2.5018043518066406,11.29398250579834
115,2.43155574798584,13.911222457885742
116,2.5238938331604004,15.755149841308594
117,2.745387554168701,11.35362434387207
118,2.6842315196990967,18.44090461730957
119,2.0170774459838867,11.300954818725586
120,2.1602706909179688,12.743297576904297
121,2.5197536945343018,18.477581024169922
122,2.368844747543335,12.724729537963867
123,2.3579132556915283,14.510652542114258
124,2.451303482055664,18.62251091003418
125,2.3613317012786865,17.540164947509766
126,2.1096267700195312,16.681629180908203
127,2.033266067504883,16.2635440826416
128,2.0574862957000732,16.229663848876953
129,1.963982105255127,18.365901947021484
130,2.1754207611083984,15.61707592010498
131,2.6892497539520264,13.175771713256836
132,2.27058744430542,19.48133087158203
133,2.6182570457458496,16.652576446533203
134,2.3386571407318115,18.239749908447266
135,2.337743043899536,18.74118423461914
136,2.635563611984253,25.925777435302734
