epoch,loss,val_loss
0,271.61163330078125,74.43622589111328
1,20.811920166015625,2.559096336364746
2,3.2024013996124268,0.6877026557922363
3,1.3039699792861938,0.2544112801551819
4,1.067238450050354,0.2662076950073242
5,1.040725827217102,0.2692747712135315
6,1.0880688428878784,0.27027857303619385
7,1.0334495306015015,0.31496918201446533
8,1.0152775049209595,0.27399811148643494
9,0.9886172413825989,0.2816528081893921
10,0.8280030488967896,0.27012088894844055
11,0.7776161432266235,0.2456139475107193
12,0.6414617300033569,0.22412101924419403
13,0.6359288096427917,0.32636675238609314
14,0.6538816094398499,0.23762628436088562
15,0.6099718809127808,0.23727485537528992
16,0.5883703827857971,0.25215426087379456
17,0.5607710480690002,0.45043516159057617
18,0.566537082195282,0.25832536816596985
19,0.5874407887458801,0.25393033027648926
20,0.6540907025337219,0.2408965677022934
21,0.5465911626815796,0.232284277677536
22,0.5083901882171631,0.25140872597694397
0,235.44989013671875,144.08729553222656
1,110.26065826416016,38.61971664428711
2,23.371448516845703,8.560214042663574
3,3.4614005088806152,0.44117969274520874
4,0.7404919862747192,0.2531760036945343
5,0.5304970741271973,0.6284472346305847
6,0.4787721335887909,0.22588804364204407
7,0.4031124413013458,0.27601122856140137
8,0.3935566544532776,0.2623180150985718
9,0.40762874484062195,0.21180155873298645
10,0.4034799337387085,0.23199526965618134
11,0.34636637568473816,0.3517853021621704
12,0.3558349013328552,0.23893724381923676
13,0.3295242488384247,0.2915630638599396
14,0.41769373416900635,0.2992682456970215
15,0.36244937777519226,0.2683234214782715
16,0.3459029495716095,0.29882103204727173
17,0.34787026047706604,0.20993489027023315
18,0.33866268396377563,0.20468731224536896
19,0.35710737109184265,0.19898585975170135
20,0.35660117864608765,0.19634827971458435
21,0.34742555022239685,0.2372702807188034
22,0.33999961614608765,0.22394365072250366
23,0.39281129837036133,0.21117174625396729
24,0.3673537075519562,0.22437994182109833
25,0.36768579483032227,0.2046160250902176
26,0.32460126280784607,0.21220004558563232
27,0.3184925317764282,0.202560693025589
28,0.31745511293411255,0.20081326365470886
29,0.3110083043575287,0.19865810871124268
30,0.3212161958217621,0.20353002846240997
0,412.5041198730469,33.781070709228516
1,25.528465270996094,3.0474491119384766
2,1.8398840427398682,0.9467048645019531
3,0.6725217700004578,0.42785337567329407
4,0.4437776505947113,0.33279913663864136
5,0.37484440207481384,0.29230615496635437
6,0.38873690366744995,0.26035362482070923
7,0.36397430300712585,0.41878435015678406
8,0.42066940665245056,0.255390465259552
9,0.35145998001098633,0.28552448749542236
10,0.3656885325908661,0.23960572481155396
11,0.34459471702575684,0.23576150834560394
12,0.39603549242019653,0.3017231225967407
13,0.38014066219329834,0.24017484486103058
14,0.37843936681747437,0.4301227331161499
15,0.46413320302963257,0.2931346297264099
16,0.4057985544204712,0.32175540924072266
17,0.3842613697052002,0.2750715911388397
18,0.3827933073043823,0.23145920038223267
19,0.3732568621635437,0.22526134550571442
20,0.32008954882621765,0.24113862216472626
21,0.3249164819717407,0.2979010343551636
22,0.3573618531227112,0.2400457113981247
23,0.3332828879356384,0.23688575625419617
24,0.3632753789424896,0.2698909044265747
25,0.336288720369339,0.2706751525402069
26,0.3248753845691681,0.28594911098480225
27,0.3269862234592438,0.2439112663269043
28,0.31928691267967224,0.22592629492282867
29,0.34524399042129517,0.302920937538147
0,75.18353271484375,19.53491973876953
1,16.52740478515625,9.99002742767334
2,7.952999114990234,4.567595958709717
3,4.812843322753906,2.7737419605255127
4,3.3071095943450928,2.7797129154205322
5,2.497079849243164,2.3642313480377197
6,2.063211679458618,2.0518758296966553
7,1.782430648803711,2.0999739170074463
8,1.586971402168274,2.110776424407959
9,1.4382244348526,1.9220327138900757
10,1.337528944015503,2.103978157043457
11,1.2231316566467285,2.1773927211761475
12,1.1636121273040771,1.9316073656082153
13,1.1084758043289185,1.8035651445388794
14,1.076904535293579,2.075774908065796
15,0.9987890124320984,1.940857172012329
16,0.9605064392089844,2.0331056118011475
17,0.9209680557250977,1.940855622291565
18,0.9009140729904175,1.9997719526290894
19,0.882138729095459,1.9069867134094238
20,0.8390889763832092,1.9443193674087524
21,0.8145522475242615,1.857553482055664
22,0.8028432726860046,1.8199198246002197
23,0.7804036736488342,1.84101402759552
24,0.7600681781768799,1.6466763019561768
25,0.74528568983078,1.7466864585876465
26,0.7304455637931824,1.6653578281402588
27,0.7116768956184387,1.7727186679840088
28,0.7004882097244263,1.828583002090454
29,0.6920416951179504,1.7636644840240479
30,0.6729329824447632,1.616294026374817
31,0.6681559085845947,1.5396872758865356
32,0.6541326642036438,1.6113215684890747
33,0.6485124230384827,1.52988862991333
34,0.6304208636283875,1.7009977102279663
35,0.6285238265991211,1.641688585281372
36,0.6176736950874329,1.643635630607605
37,0.6080560684204102,1.4913820028305054
38,0.6013792157173157,1.4926817417144775
39,0.5926778316497803,1.4225409030914307
40,0.5858099460601807,1.5661113262176514
41,0.5801678895950317,1.4264556169509888
42,0.5752394199371338,1.3995068073272705
43,0.5728942155838013,1.3241277933120728
44,0.5650185346603394,1.4000844955444336
45,0.5660252571105957,1.4929547309875488
46,0.5628172755241394,1.4319360256195068
47,0.5501817464828491,1.362234354019165
48,0.5451109409332275,1.2992068529129028
49,0.5406763553619385,1.3636451959609985
50,0.5365075469017029,1.3468165397644043
51,0.5328140258789062,1.2889769077301025
52,0.5350290536880493,1.3191741704940796
53,0.5273217558860779,1.3517752885818481
54,0.5350103974342346,1.217092752456665
55,0.5221834182739258,1.248976707458496
56,0.5175936222076416,1.28355073928833
57,0.5169275999069214,1.2095106840133667
58,0.5117607712745667,1.273361325263977
59,0.5118762850761414,1.3024241924285889
60,0.5127324461936951,1.215419054031372
61,0.508305549621582,1.1141891479492188
62,0.5040881633758545,1.2063484191894531
63,0.5012663006782532,1.156954288482666
64,0.49934184551239014,1.181158185005188
65,0.49781134724617004,1.2092238664627075
66,0.4959264397621155,1.1643476486206055
67,0.49329596757888794,1.1332600116729736
68,0.49375176429748535,1.0729854106903076
69,0.4900376498699188,1.2448740005493164
70,0.4900433123111725,1.0518748760223389
71,0.4903050661087036,1.1512724161148071
72,0.4872676134109497,1.1547170877456665
73,0.4831392467021942,1.1033722162246704
74,0.48274126648902893,1.0579787492752075
75,0.48206308484077454,1.1114438772201538
76,0.47993841767311096,1.1157125234603882
77,0.47985950112342834,1.1145626306533813
78,0.479851633310318,1.120657205581665
79,0.4770091474056244,1.0809688568115234
80,0.47347578406333923,1.0294824838638306
81,0.4738171398639679,1.037821650505066
82,0.47488388419151306,0.9695504307746887
83,0.4722793400287628,1.0892696380615234
84,0.4704958200454712,1.066428542137146
85,0.4690227508544922,1.0146801471710205
86,0.4711921513080597,0.9325377345085144
87,0.4736478328704834,1.0445475578308105
88,0.46595528721809387,1.0357213020324707
89,0.46371766924858093,1.0126888751983643
90,0.46428734064102173,0.9752302169799805
91,0.463834285736084,0.980269730091095
92,0.46120625734329224,1.0142325162887573
93,0.46097642183303833,0.960483968257904
94,0.4601494371891022,0.9769321084022522
95,0.46040812134742737,0.9573925733566284
96,0.4572438597679138,0.9985279440879822
97,0.45501887798309326,0.9763273596763611
98,0.4547607898712158,0.9889429807662964
99,0.45643824338912964,1.0246191024780273
100,0.4541102647781372,0.9517101645469666
101,0.4535596966743469,0.9718236923217773
102,0.45301204919815063,0.9322773814201355
103,0.4514949321746826,0.9766417741775513
104,0.45319604873657227,0.9098948240280151
105,0.4545011818408966,0.990074872970581
106,0.4479510188102722,0.9482834935188293
107,0.44711416959762573,0.9514933824539185
108,0.44745489954948425,0.9382181167602539
109,0.44581884145736694,0.9485680460929871
110,0.44836291670799255,0.9098945260047913
111,0.44776859879493713,0.8990055918693542
112,0.4440843462944031,0.9619385600090027
113,0.4446914792060852,0.8974726796150208
114,0.4436187148094177,0.9266928434371948
115,0.44585803151130676,0.9433680772781372
116,0.4413641095161438,0.9253808259963989
117,0.4409678876399994,0.9161180853843689
118,0.439918577671051,0.9629349112510681
119,0.43872445821762085,0.8941008448600769
120,0.43983256816864014,0.8959681391716003
121,0.43854376673698425,0.9201585054397583
122,0.4371746778488159,0.9041388630867004
123,0.43625423312187195,0.9118645787239075
124,0.43569520115852356,0.9021816253662109
125,0.4365505278110504,0.8535258769989014
126,0.43642786145210266,0.9196295142173767
127,0.43495163321495056,0.8958895206451416
128,0.4338562786579132,0.8906995058059692
129,0.4339950978755951,0.9269364476203918
130,0.4337194859981537,0.8940427303314209
131,0.4316396117210388,0.8717032074928284
132,0.43227237462997437,0.8694127202033997
133,0.4318673312664032,0.9250549674034119
134,0.42913201451301575,0.8653554916381836
135,0.4295637309551239,0.8869311213493347
136,0.4288058876991272,0.8888768553733826
137,0.4280894100666046,0.8735277652740479
138,0.42753922939300537,0.8754571676254272
139,0.4277611970901489,0.872502863407135
140,0.426326185464859,0.8862231373786926
141,0.4274910092353821,0.8566283583641052
142,0.4263085126876831,0.854150116443634
143,0.4251443147659302,0.8806479573249817
144,0.42474034428596497,0.867041826248169
145,0.42416268587112427,0.8571210503578186
0,11.940835952758789,3.0931482315063477
1,1.4042689800262451,1.7051169872283936
2,1.091398000717163,1.0606355667114258
3,0.9601749181747437,0.8383163809776306
4,0.872992992401123,0.8824445605278015
5,0.8268463015556335,0.7664557695388794
6,0.7818529605865479,0.6305527687072754
7,0.7595245242118835,0.6817583441734314
8,0.7419430613517761,0.5832825899124146
9,0.7226829528808594,0.5803788900375366
10,0.7051646113395691,0.5196900367736816
11,0.6881073713302612,0.5439244508743286
12,0.6851221919059753,0.49781978130340576
13,0.6729404926300049,0.48482775688171387
14,0.6645784378051758,0.47572359442710876
15,0.6605516076087952,0.476116418838501
16,0.6532962918281555,0.45285505056381226
17,0.6445297002792358,0.453167587518692
18,0.6387643814086914,0.4531530737876892
19,0.6334019303321838,0.4332527220249176
20,0.631637692451477,0.4318287670612335
21,0.6222970485687256,0.4263767898082733
22,0.6230915784835815,0.4237147867679596
23,0.6148548722267151,0.4236345887184143
24,0.6107274293899536,0.4020581841468811
25,0.6100026369094849,0.3971969485282898
26,0.6060687899589539,0.3945201635360718
27,0.6035658717155457,0.3892397880554199
28,0.5982967615127563,0.3924395442008972
29,0.594277560710907,0.37760353088378906
30,0.592704713344574,0.37838831543922424
31,0.5901616215705872,0.3764183521270752
32,0.587328314781189,0.386587530374527
33,0.5854522585868835,0.37143751978874207
34,0.5817838311195374,0.3752422630786896
35,0.5797044038772583,0.3706972002983093
36,0.5760014653205872,0.36339136958122253
37,0.5761482119560242,0.368359237909317
38,0.5733656287193298,0.3705933094024658
39,0.570898175239563,0.37002137303352356
40,0.5696725249290466,0.36527514457702637
41,0.5696173310279846,0.36325937509536743
42,0.5671942234039307,0.35818296670913696
43,0.5634398460388184,0.3618934452533722
44,0.5626805424690247,0.3598129153251648
45,0.5597842335700989,0.3562510907649994
46,0.5593370795249939,0.362055242061615
47,0.5565788745880127,0.3598725497722626
48,0.5552567839622498,0.36177608370780945
49,0.5551587343215942,0.36030635237693787
50,0.5521684885025024,0.35649096965789795
51,0.5507649183273315,0.35379576683044434
52,0.5497785806655884,0.354375958442688
53,0.5475353598594666,0.3534786105155945
54,0.5470998883247375,0.35246050357818604
55,0.5458055734634399,0.355148047208786
56,0.5437540411949158,0.3556075692176819
57,0.542926013469696,0.3489604592323303
58,0.540925145149231,0.3483161926269531
59,0.5407548546791077,0.34641897678375244
60,0.5387298464775085,0.35194066166877747
61,0.5381213426589966,0.35243791341781616
62,0.5363344550132751,0.34556978940963745
63,0.5351558327674866,0.3481180965900421
64,0.5355413556098938,0.3475053906440735
65,0.5337215065956116,0.34536802768707275
66,0.5322316884994507,0.346678763628006
67,0.5313168168067932,0.34671783447265625
68,0.5306249856948853,0.3461924195289612
69,0.5301005840301514,0.345867782831192
70,0.5282254219055176,0.34358254075050354
71,0.5272042155265808,0.34186914563179016
72,0.5265852212905884,0.3414827287197113
73,0.5247208476066589,0.34092220664024353
74,0.5241119265556335,0.3411208391189575
75,0.5242987275123596,0.3422622084617615
76,0.5221875905990601,0.3396928012371063
77,0.521941065788269,0.33720219135284424
78,0.5206617116928101,0.3386531472206116
79,0.5195476412773132,0.3405493497848511
80,0.5194568634033203,0.33908018469810486
81,0.517982006072998,0.3387560248374939
82,0.5173373222351074,0.34018898010253906
83,0.5164575576782227,0.33931994438171387
84,0.5156778693199158,0.33754637837409973
85,0.5151564478874207,0.3396661877632141
86,0.5139967203140259,0.33758366107940674
87,0.5138823986053467,0.33603954315185547
88,0.5127915740013123,0.3379843533039093
89,0.5114449262619019,0.3375244736671448
90,0.5108182430267334,0.33696576952934265
91,0.5106619596481323,0.33621251583099365
92,0.5098212957382202,0.33639198541641235
93,0.5099677443504333,0.33673572540283203
94,0.508538007736206,0.3351793885231018
95,0.5076014399528503,0.3368590176105499
96,0.5067701935768127,0.3350009322166443
97,0.5061869621276855,0.33520564436912537
98,0.5055786371231079,0.33477357029914856
99,0.5051040649414062,0.3359794020652771
100,0.5049430131912231,0.3347446322441101
101,0.5036789774894714,0.33433350920677185
102,0.5038543939590454,0.33446234464645386
103,0.5022073984146118,0.33436906337738037
104,0.5016185641288757,0.3335966169834137
105,0.5011450052261353,0.33356884121894836
106,0.5008826851844788,0.3320140838623047
107,0.5001348257064819,0.3352983593940735
108,0.4997083246707916,0.3338192105293274
109,0.49847477674484253,0.33287227153778076
110,0.49803784489631653,0.3338075578212738
111,0.4980962872505188,0.33131030201911926
112,0.49753493070602417,0.3313787579536438
113,0.4971005916595459,0.3306410312652588
114,0.4960537552833557,0.3303649127483368
115,0.49541476368904114,0.33243781328201294
116,0.4946519732475281,0.3313116729259491
117,0.49451744556427,0.33237433433532715
118,0.4933962821960449,0.33054766058921814
119,0.4933772087097168,0.3320748805999756
120,0.4933951795101166,0.33085188269615173
121,0.49228838086128235,0.3304626941680908
122,0.4917648434638977,0.3306061923503876
123,0.4914582371711731,0.33164092898368835
124,0.49067166447639465,0.33057329058647156
125,0.4903842806816101,0.33123061060905457
126,0.48973241448402405,0.3306775391101837
127,0.4896523058414459,0.33185476064682007
128,0.48887768387794495,0.3312782943248749
129,0.48832544684410095,0.3306393325328827
130,0.4880722165107727,0.33002403378486633
131,0.487545907497406,0.32958731055259705
132,0.4868720769882202,0.3305138945579529
133,0.486450731754303,0.3291338384151459
134,0.4857861399650574,0.3290543556213379
135,0.48582902550697327,0.32886192202568054
136,0.4852481484413147,0.3290197253227234
137,0.4848858118057251,0.3278532028198242
138,0.4846339225769043,0.32846713066101074
139,0.484092652797699,0.32950833439826965
140,0.4836098253726959,0.3293096423149109
141,0.48308905959129333,0.33058351278305054
142,0.48304298520088196,0.3284989893436432
143,0.48217061161994934,0.32849064469337463
144,0.4816809892654419,0.32986605167388916
145,0.48167338967323303,0.32874825596809387
146,0.48133614659309387,0.32953891158103943
147,0.48056110739707947,0.3281879425048828
148,0.48062536120414734,0.3289327621459961
149,0.4795435965061188,0.32744869589805603
150,0.4795758128166199,0.32831117510795593
151,0.4798294007778168,0.3271791934967041
152,0.47863730788230896,0.3275662958621979
153,0.4784097671508789,0.32721880078315735
154,0.47783777117729187,0.32716938853263855
155,0.4774612784385681,0.3272506892681122
156,0.4771363139152527,0.3275415897369385
157,0.47740891575813293,0.3270930051803589
158,0.47636878490448,0.32755255699157715
159,0.4759122431278229,0.3268386125564575
160,0.47567763924598694,0.32723677158355713
161,0.4757038950920105,0.32736527919769287
162,0.47519245743751526,0.326161652803421
163,0.474586546421051,0.32542774081230164
164,0.474103718996048,0.3269553780555725
165,0.4738321304321289,0.32743164896965027
166,0.4735289216041565,0.3274824619293213
167,0.4730997681617737,0.32683539390563965
168,0.4728044867515564,0.3256237506866455
169,0.47250470519065857,0.32596084475517273
170,0.47221803665161133,0.3262595534324646
171,0.4720053970813751,0.3265050947666168
172,0.4714757800102234,0.32688388228416443
173,0.47158077359199524,0.3269203305244446
174,0.4709911346435547,0.32598114013671875
175,0.4710635840892792,0.3262978792190552
176,0.4704141616821289,0.32506999373435974
177,0.47047123312950134,0.3265579640865326
178,0.4697456955909729,0.3241719603538513
179,0.4695918560028076,0.32554861903190613
180,0.4691689610481262,0.32528209686279297
181,0.4686959385871887,0.32504475116729736
182,0.46837154030799866,0.32511216402053833
183,0.4681486487388611,0.32531142234802246
184,0.4678422212600708,0.3252071440219879
185,0.46748170256614685,0.3254714012145996
186,0.46730682253837585,0.3253651559352875
187,0.4669102728366852,0.325055867433548
188,0.46670016646385193,0.32456639409065247
189,0.46632489562034607,0.32476508617401123
190,0.46614524722099304,0.3248661160469055
191,0.46580854058265686,0.3232937753200531
192,0.4655397832393646,0.3239637315273285
193,0.46525248885154724,0.32323938608169556
194,0.46506521105766296,0.32277634739875793
195,0.4649064540863037,0.32397696375846863
196,0.4645366966724396,0.32373929023742676
197,0.4643208980560303,0.3224352300167084
198,0.4638393521308899,0.322760671377182
199,0.4636891484260559,0.32379117608070374
200,0.4635022282600403,0.32297632098197937
201,0.46360868215560913,0.3246239721775055
202,0.46284618973731995,0.32307615876197815
203,0.4624877870082855,0.32322898507118225
204,0.4622308611869812,0.3235725462436676
205,0.4620360732078552,0.3229270875453949
206,0.4618670344352722,0.3219386339187622
207,0.4615912437438965,0.32200145721435547
208,0.4614388048648834,0.3227333724498749
209,0.4609246253967285,0.3214957118034363
210,0.4608986973762512,0.3221207857131958
211,0.4604845643043518,0.32181331515312195
212,0.4603044390678406,0.3216056227684021
213,0.460030734539032,0.3217426836490631
214,0.4598211646080017,0.3217601776123047
215,0.4597725570201874,0.3224407434463501
216,0.45935317873954773,0.3216695785522461
217,0.45915845036506653,0.321510374546051
218,0.4588584899902344,0.32094597816467285
219,0.45876386761665344,0.32108816504478455
220,0.45842495560646057,0.32020294666290283
221,0.45820513367652893,0.32036784291267395
222,0.45799359679222107,0.320517361164093
223,0.4577130973339081,0.32000425457954407
224,0.45759260654449463,0.3206373155117035
225,0.45716044306755066,0.3200699985027313
226,0.45716366171836853,0.32069993019104004
227,0.4568036198616028,0.3204537630081177
228,0.4566466808319092,0.319835901260376
229,0.45650753378868103,0.31952616572380066
230,0.4561136066913605,0.3200717270374298
231,0.4558591842651367,0.32009199261665344
232,0.4559275507926941,0.3198457360267639
233,0.4554668664932251,0.3195648789405823
234,0.4552743434906006,0.32027801871299744
235,0.4550333619117737,0.31998658180236816
236,0.4550965428352356,0.31890034675598145
237,0.45476487278938293,0.3186168372631073
238,0.4545028805732727,0.318967342376709
239,0.4542945325374603,0.3185679316520691
240,0.4540143609046936,0.31874752044677734
241,0.4537879228591919,0.31915053725242615
242,0.4536277651786804,0.3187379240989685
243,0.4533345103263855,0.31841254234313965
244,0.45315036177635193,0.31796708703041077
245,0.4531117379665375,0.3181730806827545
246,0.4527479410171509,0.3179127871990204
247,0.45260652899742126,0.31803280115127563
248,0.45229896903038025,0.3181685507297516
249,0.4521438479423523,0.31886911392211914
250,0.4522336721420288,0.3184862732887268
251,0.4517156481742859,0.31839650869369507
252,0.45167800784111023,0.31766191124916077
253,0.4513236880302429,0.3179053068161011
254,0.4511820077896118,0.3181815445423126
255,0.4510640501976013,0.3185760974884033
256,0.4508398771286011,0.31816843152046204
257,0.45080631971359253,0.317071795463562
258,0.450391948223114,0.3182087242603302
259,0.45026883482933044,0.31740880012512207
260,0.44995805621147156,0.3178143799304962
261,0.4499259293079376,0.31773555278778076
262,0.4497573971748352,0.3174855709075928
263,0.4496508836746216,0.3174396753311157
264,0.4492585062980652,0.3173387050628662
265,0.44911614060401917,0.31695351004600525
266,0.4489858150482178,0.316957026720047
267,0.4489419460296631,0.31731462478637695
268,0.44884437322616577,0.3163055181503296
269,0.4484930634498596,0.3166002929210663
270,0.4482300877571106,0.31596747040748596
271,0.44832393527030945,0.3170008063316345
272,0.44806352257728577,0.3171405792236328
273,0.44773799180984497,0.3169802725315094
274,0.4475012421607971,0.3174315094947815
275,0.44740059971809387,0.31698891520500183
276,0.4472607970237732,0.3166810870170593
277,0.4471273422241211,0.31678691506385803
278,0.44697216153144836,0.3164241909980774
279,0.44667163491249084,0.316172331571579
280,0.44661739468574524,0.31573358178138733
281,0.4463796019554138,0.31629252433776855
282,0.44623181223869324,0.3156503438949585
283,0.4460318684577942,0.3161140978336334
284,0.44612154364585876,0.3157794177532196
285,0.4458025097846985,0.31596070528030396
286,0.44575992226600647,0.31521591544151306
287,0.4455353915691376,0.3154588043689728
288,0.4451499283313751,0.31537938117980957
289,0.4451017379760742,0.3157351016998291
290,0.44492027163505554,0.3154701292514801
291,0.4447530508041382,0.3154527544975281
292,0.4446297883987427,0.3154308497905731
293,0.4443821907043457,0.3149898052215576
294,0.4443223476409912,0.31540846824645996
295,0.44408470392227173,0.3155626952648163
296,0.444019079208374,0.31526318192481995
297,0.44382360577583313,0.31532159447669983
298,0.44364306330680847,0.31504178047180176
299,0.4434957504272461,0.31485581398010254
300,0.44323500990867615,0.31513625383377075
301,0.4432529807090759,0.31465625762939453
302,0.4429647624492645,0.31484660506248474
303,0.4428025484085083,0.314937949180603
304,0.44276610016822815,0.31479355692863464
305,0.4425264894962311,0.3153464198112488
306,0.4423314929008484,0.3149169683456421
307,0.4423530101776123,0.3157479465007782
308,0.4419625997543335,0.31558290123939514
309,0.44189000129699707,0.315227746963501
310,0.4417327642440796,0.3151818811893463
311,0.44199445843696594,0.31512293219566345
312,0.4416619539260864,0.31459227204322815
313,0.4412786364555359,0.31468459963798523
314,0.4412137269973755,0.3148593604564667
315,0.4411751627922058,0.31402891874313354
316,0.44094768166542053,0.31416022777557373
317,0.4407886266708374,0.31445109844207764
318,0.4406295418739319,0.31407633423805237
319,0.4403822422027588,0.3141481280326843
320,0.44024857878685,0.3139505386352539
321,0.4401307702064514,0.3138475716114044
322,0.440077006816864,0.3141268491744995
323,0.4398447275161743,0.3144201338291168
324,0.43967464566230774,0.31414103507995605
325,0.43965551257133484,0.313798189163208
326,0.43953898549079895,0.3134292662143707
327,0.43937501311302185,0.31368952989578247
328,0.43916335701942444,0.3138902485370636
329,0.4392147362232208,0.31385549902915955
330,0.43878743052482605,0.3135802149772644
331,0.4388445317745209,0.31340834498405457
332,0.4386172294616699,0.31317830085754395
333,0.43840712308883667,0.3137834966182709
334,0.4382839798927307,0.31359192728996277
335,0.4381450414657593,0.3133813738822937
336,0.4382144510746002,0.3133891522884369
337,0.4380074739456177,0.3139231204986572
338,0.43783608078956604,0.3135344684123993
339,0.43764039874076843,0.3138773739337921
340,0.43759819865226746,0.3128453195095062
341,0.43747401237487793,0.313431054353714
342,0.4372132420539856,0.3130456805229187
343,0.43716707825660706,0.3137558102607727
344,0.43702468276023865,0.31354862451553345
345,0.4368993043899536,0.3135477602481842
346,0.43676748871803284,0.3133452236652374
347,0.43678221106529236,0.3134438991546631
348,0.43643859028816223,0.31368759274482727
349,0.4364573359489441,0.31326571106910706
350,0.4362450838088989,0.31279951333999634
351,0.43610304594039917,0.31301650404930115
352,0.43604007363319397,0.3127693831920624
353,0.43590912222862244,0.3128941059112549
354,0.43583187460899353,0.31288203597068787
355,0.4355655312538147,0.3129577338695526
356,0.43551865220069885,0.3129860758781433
357,0.43546348810195923,0.31282660365104675
358,0.43529853224754333,0.31257742643356323
359,0.43511590361595154,0.31259414553642273
360,0.43505793809890747,0.3121725022792816
361,0.434966504573822,0.3131376802921295
362,0.4347957372665405,0.31228020787239075
363,0.43475767970085144,0.3127548098564148
364,0.43460091948509216,0.31244778633117676
365,0.4343810975551605,0.31242290139198303
366,0.4343133568763733,0.31255707144737244
367,0.43411973118782043,0.31212329864501953
368,0.43401703238487244,0.3123161792755127
369,0.433951735496521,0.31240183115005493
370,0.4338208734989166,0.3124151825904846
371,0.4336785078048706,0.3123127520084381
372,0.4336250424385071,0.31174832582473755
373,0.433676153421402,0.3120759129524231
374,0.43337777256965637,0.3117779493331909
375,0.4332743287086487,0.31183210015296936
376,0.43300363421440125,0.3119713366031647
377,0.4330637454986572,0.3119392395019531
378,0.4328908324241638,0.31147199869155884
379,0.4327585697174072,0.31206774711608887
380,0.43263909220695496,0.31117668747901917
381,0.432472288608551,0.31137019395828247
382,0.43247148394584656,0.31106334924697876
383,0.43240854144096375,0.311443567276001
384,0.43220749497413635,0.31161969900131226
385,0.43215611577033997,0.311186283826828
386,0.4319547116756439,0.3112681806087494
387,0.4317569136619568,0.31131985783576965
388,0.4317449927330017,0.31131383776664734
389,0.43162021040916443,0.31145355105400085
390,0.4315943717956543,0.31116047501564026
391,0.4315163195133209,0.31107547879219055
392,0.4313839077949524,0.3109848201274872
393,0.43126460909843445,0.31060370802879333
394,0.431108683347702,0.3111552596092224
395,0.4309570789337158,0.31109338998794556
396,0.4308411478996277,0.3109676241874695
397,0.43081963062286377,0.31117114424705505
398,0.43080535531044006,0.31131818890571594
399,0.4307323098182678,0.3112136125564575
400,0.4304479956626892,0.31107744574546814
401,0.4303255081176758,0.3108255863189697
402,0.43040531873703003,0.31100648641586304
403,0.4301871657371521,0.3110574781894684
404,0.4300251007080078,0.3105194568634033
405,0.43004274368286133,0.31074514985084534
406,0.4298846125602722,0.310382217168808
407,0.42977210879325867,0.3106963336467743
408,0.4297031760215759,0.31057876348495483
409,0.42945733666419983,0.31009456515312195
410,0.42949625849723816,0.3102428913116455
411,0.4294070899486542,0.3104080259799957
412,0.4292803108692169,0.3099883794784546
413,0.429213285446167,0.31034135818481445
414,0.42922577261924744,0.31006166338920593
415,0.42885562777519226,0.30989861488342285
416,0.42895641922950745,0.31013160943984985
417,0.4288642406463623,0.3097332715988159
418,0.42856988310813904,0.3097340166568756
419,0.42863938212394714,0.3102015256881714
420,0.4285145699977875,0.30955377221107483
421,0.4283286929130554,0.30975618958473206
422,0.428327739238739,0.30960920453071594
423,0.4281548857688904,0.310052752494812
424,0.4282172620296478,0.3099442720413208
425,0.42797204852104187,0.310165673494339
426,0.42783302068710327,0.30962809920310974
427,0.4278619587421417,0.31033462285995483
428,0.42773526906967163,0.3102496862411499
429,0.4275990128517151,0.31001439690589905
430,0.42747732996940613,0.3095652163028717
431,0.4274227023124695,0.3096882104873657
432,0.4273451566696167,0.30956196784973145
433,0.4274269640445709,0.30939388275146484
434,0.42713242769241333,0.30911514163017273
435,0.4271088242530823,0.3092539310455322
436,0.4269999861717224,0.3096538484096527
437,0.4269556999206543,0.3096320331096649
438,0.42669937014579773,0.30923202633857727
439,0.4266852140426636,0.30920323729515076
440,0.4265156388282776,0.3093392550945282
441,0.4265730679035187,0.30916905403137207
442,0.42633792757987976,0.3091782033443451
443,0.4263024926185608,0.3093273639678955
444,0.4262927770614624,0.309101402759552
445,0.4263175427913666,0.308709055185318
446,0.4260689318180084,0.3091302514076233
447,0.42587965726852417,0.30892691016197205
448,0.42581239342689514,0.308883935213089
449,0.4257437586784363,0.3091132640838623
450,0.4255679249763489,0.3089984953403473
451,0.42563310265541077,0.3091258704662323
452,0.4255300760269165,0.30933257937431335
453,0.42555662989616394,0.3090260326862335
454,0.42525792121887207,0.30890414118766785
455,0.42523691058158875,0.3089818060398102
456,0.425087034702301,0.3088120222091675
457,0.4249820113182068,0.3088526725769043
458,0.4250169098377228,0.3088720142841339
459,0.42489996552467346,0.3088812530040741
460,0.42473354935646057,0.3088027834892273
461,0.42467376589775085,0.3090047836303711
462,0.4245785176753998,0.30860763788223267
463,0.424391508102417,0.3085818588733673
464,0.4244058430194855,0.30837345123291016
465,0.4243336319923401,0.3085159659385681
466,0.4242990016937256,0.30859285593032837
467,0.4241810739040375,0.3081997334957123
468,0.42400285601615906,0.3083476424217224
469,0.4240819215774536,0.30855050683021545
470,0.42397424578666687,0.30821821093559265
471,0.4238354563713074,0.30861714482307434
472,0.423722505569458,0.3082411289215088
473,0.42362770438194275,0.3080170154571533
474,0.4235438406467438,0.3082747757434845
475,0.423484742641449,0.30834701657295227
476,0.423372745513916,0.3083445131778717
477,0.42333927750587463,0.30870792269706726
478,0.4231833815574646,0.3083195984363556
479,0.4231302738189697,0.3083123564720154
480,0.42309054732322693,0.307881236076355
481,0.4229103624820709,0.30811837315559387
482,0.42287155985832214,0.3080941140651703
483,0.42283424735069275,0.307947039604187
484,0.4227050840854645,0.3079754412174225
485,0.4227016568183899,0.3079270124435425
486,0.42255041003227234,0.30758604407310486
487,0.4223997890949249,0.30805230140686035
488,0.42233774065971375,0.30778077244758606
489,0.4222981333732605,0.3073938488960266
490,0.42219915986061096,0.30748188495635986
491,0.4221022129058838,0.3079320192337036
492,0.4220139980316162,0.307701051235199
493,0.42197921872138977,0.3078952729701996
494,0.4218946099281311,0.30720406770706177
495,0.4217589199542999,0.3073654770851135
496,0.42175301909446716,0.3075568675994873
497,0.4215623140335083,0.30730685591697693
498,0.42156341671943665,0.3074491620063782
499,0.4214235544204712,0.3069010376930237
500,0.42140287160873413,0.30728524923324585
501,0.4212954640388489,0.3070434629917145
502,0.42127934098243713,0.3071143329143524
503,0.4210985600948334,0.3069450855255127
504,0.4210756719112396,0.30697035789489746
505,0.42094168066978455,0.30668267607688904
506,0.42088380455970764,0.30678755044937134
507,0.42098942399024963,0.30703291296958923
508,0.42081817984580994,0.3069033920764923
509,0.4206407964229584,0.3066790699958801
510,0.42071211338043213,0.3064647912979126
511,0.42056599259376526,0.3067830204963684
512,0.42041638493537903,0.3069518208503723
513,0.4204096794128418,0.30676403641700745
514,0.4202934801578522,0.30684393644332886
515,0.42025646567344666,0.30661749839782715
516,0.4201626777648926,0.30678310990333557
517,0.4200352430343628,0.3068622052669525
518,0.42003190517425537,0.3066195845603943
519,0.4198426604270935,0.30663061141967773
520,0.4198101758956909,0.30659687519073486
521,0.41967830061912537,0.3063929080963135
522,0.41975316405296326,0.3065013587474823
523,0.4195355176925659,0.30661115050315857
524,0.4195955693721771,0.30600762367248535
525,0.41939446330070496,0.30652591586112976
526,0.41937056183815,0.30627572536468506
527,0.41940954327583313,0.3061904311180115
528,0.4192273020744324,0.30627909302711487
529,0.41920962929725647,0.3061818778514862
530,0.419122576713562,0.30608007311820984
531,0.41897717118263245,0.30599239468574524
532,0.4189135432243347,0.3057381212711334
533,0.41887375712394714,0.305961936712265
534,0.41878822445869446,0.3056487739086151
535,0.41873428225517273,0.3055904507637024
536,0.41857612133026123,0.30589529871940613
537,0.41857126355171204,0.3059026002883911
0,25.688919067382812,2.1267635822296143
1,2.3626062870025635,0.736539363861084
2,1.3286991119384766,0.46080610156059265
3,1.052140712738037,0.4071521759033203
4,0.8931726813316345,0.32790622115135193
5,0.8073920607566833,0.32985323667526245
6,0.7591584324836731,0.31415367126464844
7,0.7102250456809998,0.3307143747806549
8,0.6904891729354858,0.31436586380004883
9,0.6629389524459839,0.3490075469017029
10,0.6427185535430908,0.2700112462043762
11,0.6343509554862976,0.2913751006126404
12,0.6205940246582031,0.30289849638938904
13,0.6182379722595215,0.2695341110229492
14,0.5953289270401001,0.32324379682540894
15,0.5898998975753784,0.25564122200012207
16,0.586927056312561,0.3420504033565521
17,0.5863379836082458,0.3430539071559906
18,0.5809367895126343,0.26332202553749084
19,0.5704471468925476,0.3455446660518646
20,0.5653895139694214,0.31187406182289124
21,0.56258624792099,0.3469027876853943
22,0.5575600862503052,0.29641208052635193
23,0.55558180809021,0.2947346270084381
24,0.5533633232116699,0.2995085120201111
25,0.5512327551841736,0.27069470286369324
26,0.543609619140625,0.31710678339004517
27,0.5394293665885925,0.3191775679588318
28,0.5444952249526978,0.2910686433315277
29,0.535137951374054,0.2949348986148834
30,0.5341028571128845,0.2927844822406769
31,0.5313284397125244,0.2806946933269501
32,0.5300378799438477,0.302754670381546
33,0.5264341235160828,0.311814546585083
34,0.526345431804657,0.29734399914741516
35,0.5256369709968567,0.3275201618671417
36,0.5221440196037292,0.29993656277656555
37,0.5191397070884705,0.3252065181732178
38,0.5179292559623718,0.306289941072464
39,0.5161542892456055,0.3009188771247864
40,0.5144422650337219,0.31983762979507446
0,60.452945709228516,11.898259162902832
1,12.554226875305176,7.819441795349121
2,9.1908597946167,5.412281513214111
3,7.757149696350098,4.434023380279541
4,6.713020324707031,3.3523337841033936
5,5.921339988708496,2.7811641693115234
6,5.306789875030518,2.3137259483337402
7,4.717890739440918,2.1113104820251465
8,4.149646759033203,2.1067566871643066
9,3.5623321533203125,2.346557378768921
10,3.243196487426758,2.224531650543213
11,3.0298397541046143,2.598823308944702
12,2.8365213871002197,2.3163177967071533
13,2.7008423805236816,2.1669559478759766
14,2.5998568534851074,2.2558412551879883
15,2.5102415084838867,2.19278883934021
16,2.393585681915283,2.21272873878479
17,2.3219101428985596,2.069288492202759
18,2.276108503341675,2.1110854148864746
19,2.2147278785705566,1.9829740524291992
20,2.1478726863861084,1.9001665115356445
21,2.110966444015503,1.92835533618927
22,2.050339698791504,1.8843129873275757
23,2.0047905445098877,1.820569634437561
24,1.9659301042556763,1.7511929273605347
25,1.933764100074768,1.7759625911712646
26,1.9010478258132935,1.7199602127075195
27,1.8702322244644165,1.7121020555496216
28,1.84652578830719,1.6565247774124146
29,1.8150652647018433,1.6466456651687622
30,1.7872041463851929,1.6268064975738525
31,1.76799738407135,1.5790895223617554
32,1.7386839389801025,1.6273915767669678
33,1.7206668853759766,1.6031194925308228
34,1.6917616128921509,1.5228354930877686
35,1.671656847000122,1.50589120388031
36,1.6533150672912598,1.505479097366333
37,1.6354851722717285,1.4597094058990479
38,1.6159203052520752,1.4482688903808594
39,1.598846197128296,1.4318050146102905
40,1.586748480796814,1.4693825244903564
41,1.56788170337677,1.4012467861175537
42,1.553087830543518,1.3936786651611328
43,1.5381550788879395,1.385250449180603
44,1.5236012935638428,1.3592140674591064
45,1.509725570678711,1.351155161857605
46,1.4999362230300903,1.368468165397644
47,1.4815398454666138,1.36868155002594
48,1.4688047170639038,1.3288415670394897
49,1.4560563564300537,1.320575475692749
50,1.444236159324646,1.2918272018432617
51,1.4302228689193726,1.2988348007202148
52,1.416551947593689,1.2692540884017944
53,1.407557487487793,1.2576730251312256
54,1.3924459218978882,1.2521321773529053
55,1.379741907119751,1.2282885313034058
56,1.3711044788360596,1.2369452714920044
57,1.3601527214050293,1.2334035634994507
58,1.3482470512390137,1.1994411945343018
59,1.3358314037322998,1.1900070905685425
60,1.3246525526046753,1.206940770149231
61,1.3165875673294067,1.1719579696655273
62,1.3054286241531372,1.1808700561523438
63,1.296552062034607,1.1654291152954102
64,1.2857255935668945,1.1403778791427612
65,1.2779380083084106,1.143808126449585
66,1.2691577672958374,1.1272624731063843
67,1.261825442314148,1.1187621355056763
68,1.2505465745925903,1.1202625036239624
69,1.2428221702575684,1.1155263185501099
70,1.2333918809890747,1.1188913583755493
71,1.2259305715560913,1.098702073097229
72,1.2180147171020508,1.0956448316574097
73,1.2084290981292725,1.105266809463501
74,1.2004554271697998,1.0829572677612305
75,1.1921499967575073,1.0816650390625
76,1.1867719888687134,1.0748032331466675
77,1.1752264499664307,1.0809286832809448
78,1.1681959629058838,1.068027138710022
79,1.162353277206421,1.063598871231079
80,1.1553030014038086,1.0577361583709717
81,1.1488467454910278,1.0454305410385132
82,1.140552282333374,1.0558860301971436
83,1.136860966682434,1.038329839706421
84,1.128547191619873,1.0113719701766968
85,1.1204092502593994,1.008288025856018
86,1.1141226291656494,1.0273948907852173
87,1.1080172061920166,1.006443977355957
88,1.1029443740844727,1.0034948587417603
89,1.0953363180160522,1.0029734373092651
90,1.0929268598556519,1.0022995471954346
91,1.0838075876235962,0.9937061667442322
92,1.0779705047607422,0.9837306141853333
93,1.0745011568069458,0.9776349663734436
94,1.0670279264450073,0.9980213046073914
95,1.0625975131988525,0.980052649974823
96,1.0575745105743408,0.9595173001289368
97,1.053980827331543,0.9714686274528503
98,1.0473759174346924,0.9724393486976624
99,1.0414632558822632,0.9469276070594788
100,1.0364702939987183,0.9586438536643982
101,1.0318455696105957,0.9505305886268616
102,1.0283782482147217,0.9630856513977051
103,1.022078514099121,0.9425867199897766
104,1.0187807083129883,0.9396360516548157
105,1.014343023300171,0.9432794451713562
106,1.010185956954956,0.9287180304527283
107,1.0042054653167725,0.9353566765785217
108,1.0012468099594116,0.9322366118431091
109,0.996121883392334,0.9248992204666138
110,0.9911586046218872,0.9243666529655457
111,0.9880614280700684,0.9325838088989258
112,0.9837307929992676,0.9122776389122009
113,0.9795703291893005,0.9146924614906311
114,0.9772802591323853,0.912878155708313
115,0.9728291034698486,0.908531665802002
116,0.9684373736381531,0.9188374280929565
117,0.9649578332901001,0.902134358882904
118,0.960741400718689,0.8860315084457397
119,0.9570602178573608,0.8917495012283325
120,0.9538830518722534,0.9009579420089722
121,0.9511272311210632,0.8780739903450012
122,0.9477177262306213,0.8818473815917969
123,0.9441795945167542,0.8729496002197266
124,0.9402475357055664,0.885090172290802
125,0.9386065006256104,0.875451922416687
126,0.9352754354476929,0.872908890247345
127,0.9310850501060486,0.8833478093147278
128,0.9298854470252991,0.8772673010826111
129,0.9239883422851562,0.8738867044448853
130,0.9210376143455505,0.8807825446128845
131,0.9196261763572693,0.8736326098442078
132,0.9150829911231995,0.8771983981132507
133,0.9119110703468323,0.8683128952980042
134,0.9092385768890381,0.8691698312759399
135,0.9060655236244202,0.8536424040794373
136,0.9032809138298035,0.8537687659263611
137,0.9005504250526428,0.8499007821083069
138,0.8979429006576538,0.8466283082962036
139,0.8960120677947998,0.8480199575424194
140,0.8929714560508728,0.8474641442298889
141,0.8895344138145447,0.8578920960426331
142,0.8878579139709473,0.8521804213523865
143,0.884585976600647,0.8482005000114441
144,0.8823422789573669,0.8357576727867126
145,0.8791438341140747,0.8381786346435547
146,0.877239465713501,0.8369539380073547
147,0.8755675554275513,0.8409805297851562
148,0.872568666934967,0.8224369883537292
149,0.8695622682571411,0.8329411745071411
150,0.86757493019104,0.8267040252685547
151,0.864556610584259,0.8265755772590637
152,0.8621283173561096,0.8127094507217407
153,0.860314130783081,0.8155930638313293
154,0.8576894402503967,0.811421275138855
155,0.8562191128730774,0.8092395663261414
156,0.8544420599937439,0.7993330359458923
157,0.8518883585929871,0.8240630030632019
158,0.8499516248703003,0.7997178435325623
159,0.8482953906059265,0.7955785393714905
160,0.8459972143173218,0.8098729252815247
161,0.8429659008979797,0.8048260807991028
162,0.8420501947402954,0.8018849492073059
163,0.8391488790512085,0.802190363407135
164,0.8379709124565125,0.8012644648551941
165,0.8346761465072632,0.7974923253059387
166,0.8343164920806885,0.790088951587677
167,0.8319894075393677,0.7820044755935669
168,0.8306341171264648,0.7933643460273743
169,0.8283182978630066,0.7858598828315735
170,0.8262745141983032,0.7895457148551941
171,0.823894202709198,0.7882691025733948
172,0.8223246932029724,0.7832614779472351
173,0.8228147029876709,0.784111499786377
174,0.8197100162506104,0.7760325074195862
175,0.8176460862159729,0.7841566205024719
176,0.8145715594291687,0.7736163139343262
177,0.8136619925498962,0.7763141393661499
178,0.8119139075279236,0.7766269445419312
179,0.8091371059417725,0.7678201794624329
180,0.8084580898284912,0.7652684450149536
181,0.8063775300979614,0.7673198580741882
182,0.8049728274345398,0.7717532515525818
183,0.803151547908783,0.7635219693183899
184,0.8020169138908386,0.7679871320724487
185,0.8002906441688538,0.7576491236686707
186,0.7991189956665039,0.7641410231590271
187,0.7966476082801819,0.7632993459701538
188,0.7957387566566467,0.7647814750671387
189,0.7937805652618408,0.7574478983879089
190,0.7927622199058533,0.7586871385574341
191,0.7914435863494873,0.7633180022239685
192,0.7900253534317017,0.761046826839447
193,0.7887818217277527,0.7540368437767029
194,0.7865692377090454,0.7542065978050232
195,0.7856537103652954,0.7481065988540649
196,0.7835554480552673,0.7565147280693054
197,0.7831355929374695,0.7553163766860962
198,0.7816733717918396,0.7487269639968872
199,0.7794959545135498,0.7434535622596741
200,0.7783612608909607,0.7407630681991577
201,0.7769554853439331,0.7438511848449707
202,0.7757683992385864,0.7439362406730652
203,0.7743626832962036,0.7501667141914368
204,0.7735630869865417,0.7473539710044861
205,0.7717243432998657,0.7445797920227051
206,0.7705134749412537,0.740928053855896
207,0.769903838634491,0.7417012453079224
208,0.7680798768997192,0.7376976609230042
209,0.7668774127960205,0.7461856603622437
210,0.7656103372573853,0.7448018789291382
211,0.7649042010307312,0.7451799511909485
212,0.7633733153343201,0.7349709868431091
213,0.7618399858474731,0.7333385348320007
214,0.7607465386390686,0.738902747631073
215,0.7598155736923218,0.7368394136428833
216,0.7580785155296326,0.7383498549461365
217,0.7584437727928162,0.7319043874740601
218,0.7569047212600708,0.7399465441703796
219,0.7556508779525757,0.7252717614173889
220,0.754030168056488,0.7224806547164917
221,0.7527404427528381,0.7285679578781128
222,0.7522460222244263,0.7283876538276672
223,0.7510772943496704,0.7206218838691711
224,0.7501994371414185,0.7227163314819336
225,0.7494674324989319,0.7212433815002441
226,0.747967541217804,0.7191530466079712
227,0.747046709060669,0.7243895530700684
228,0.7462151646614075,0.7176641821861267
229,0.7442445755004883,0.7225908041000366
230,0.7440986037254333,0.7172479033470154
231,0.7430065274238586,0.7260462045669556
232,0.7416143417358398,0.7161896824836731
233,0.7405462265014648,0.7193729281425476
234,0.7396926283836365,0.7143272757530212
235,0.7383560538291931,0.7107081413269043
236,0.7385743260383606,0.7172051668167114
237,0.7366794943809509,0.7167195677757263
238,0.7366078495979309,0.7216042876243591
239,0.7354245185852051,0.7177509665489197
240,0.7335156798362732,0.7188898324966431
241,0.7331472039222717,0.7222207188606262
242,0.7319619655609131,0.7096120715141296
243,0.7308743000030518,0.7073535323143005
244,0.7304637432098389,0.7088369727134705
245,0.7293114066123962,0.7190366983413696
246,0.7281748652458191,0.7103692293167114
247,0.7276199460029602,0.7134647965431213
248,0.7265848517417908,0.7074856162071228
249,0.7256272435188293,0.7137125730514526
250,0.7243319749832153,0.7014196515083313
251,0.7235645651817322,0.7123180031776428
252,0.7231036424636841,0.7105056643486023
253,0.7223351001739502,0.7054924368858337
254,0.7213411927223206,0.7077521085739136
255,0.7207837700843811,0.71058589220047
256,0.7196351885795593,0.7058555483818054
257,0.7189768552780151,0.6999056935310364
258,0.7182660698890686,0.7011560797691345
259,0.7177184224128723,0.7023029923439026
260,0.7159948945045471,0.7025814652442932
261,0.7172285318374634,0.6992560625076294
262,0.7150714993476868,0.7034069895744324
263,0.7144553661346436,0.6985607743263245
264,0.7152857780456543,0.7050784230232239
265,0.7120109796524048,0.6944878697395325
266,0.7122125029563904,0.7007174491882324
267,0.7106805443763733,0.6968108415603638
268,0.7109940052032471,0.6996061205863953
269,0.7098520398139954,0.6819601058959961
270,0.7092955708503723,0.6984215974807739
271,0.7086197137832642,0.6920376420021057
272,0.7068925499916077,0.6942463517189026
273,0.706459641456604,0.6925062537193298
274,0.70573490858078,0.6909145712852478
275,0.7052111625671387,0.6881986260414124
276,0.7042385935783386,0.6949394941329956
277,0.7038700580596924,0.6928020715713501
278,0.703166127204895,0.6915649175643921
279,0.702318549156189,0.6939013600349426
280,0.7012682557106018,0.6927946209907532
281,0.7009748816490173,0.6910894513130188
282,0.6999256610870361,0.6890381574630737
283,0.699700117111206,0.6884672045707703
284,0.6992071270942688,0.6935738921165466
285,0.6982783675193787,0.6927443146705627
286,0.6972920298576355,0.684440553188324
287,0.6968385577201843,0.6831315159797668
288,0.6960229873657227,0.6781259179115295
289,0.6954950094223022,0.677403450012207
290,0.69454425573349,0.6863638758659363
291,0.6941840648651123,0.6882440447807312
292,0.6938581466674805,0.6819069981575012
293,0.6928848624229431,0.6779971122741699
294,0.6924505233764648,0.6833716630935669
295,0.6917469501495361,0.6810746788978577
296,0.6914622187614441,0.6861994862556458
297,0.6906476020812988,0.6799291968345642
298,0.689832866191864,0.6783437132835388
299,0.6892120242118835,0.6826685667037964
300,0.689293622970581,0.6810750961303711
301,0.6877153515815735,0.6824914216995239
302,0.6873844861984253,0.6802904009819031
303,0.6872743964195251,0.6709707975387573
304,0.6860542297363281,0.6737780570983887
305,0.6850599050521851,0.6731182336807251
306,0.6852962970733643,0.6779027581214905
307,0.6848376989364624,0.6684661507606506
308,0.6837917566299438,0.6750455498695374
309,0.6829158067703247,0.6759461760520935
310,0.6827623844146729,0.671215832233429
311,0.682281494140625,0.6701694130897522
312,0.6811390519142151,0.6665815114974976
313,0.6808248162269592,0.6703245043754578
314,0.6798491477966309,0.672637939453125
315,0.6796156764030457,0.668482780456543
316,0.6790291666984558,0.6669221520423889
317,0.6786234378814697,0.6715851426124573
318,0.6775878667831421,0.6720989942550659
319,0.6778029203414917,0.6652880311012268
320,0.6766620874404907,0.6693927049636841
321,0.6763769388198853,0.663457989692688
322,0.6757999658584595,0.6693868041038513
323,0.6749796867370605,0.6609925031661987
324,0.6744598746299744,0.6642751097679138
325,0.6740613579750061,0.6693305969238281
326,0.6736708879470825,0.6686868667602539
327,0.6726700663566589,0.660119891166687
328,0.6729652881622314,0.6634727120399475
329,0.6723753809928894,0.6626256108283997
330,0.6710709929466248,0.6636897325515747
331,0.6708753705024719,0.6628103852272034
332,0.6706776022911072,0.6625300049781799
333,0.670105516910553,0.6641209721565247
334,0.6697022318840027,0.654754638671875
335,0.6691667437553406,0.6572901606559753
336,0.6683290004730225,0.6549910306930542
337,0.6682096719741821,0.6600862741470337
338,0.6677345633506775,0.6571934819221497
339,0.6668263077735901,0.6608224511146545
340,0.6663185954093933,0.6555353999137878
341,0.666170597076416,0.6567918062210083
342,0.6652717590332031,0.6589821577072144
343,0.6651360392570496,0.6628552675247192
344,0.6645632386207581,0.6613249182701111
345,0.6640995740890503,0.661354124546051
346,0.663456380367279,0.6619333028793335
347,0.6633355617523193,0.6557403802871704
348,0.6625849008560181,0.6609573364257812
349,0.6623051762580872,0.6507006883621216
350,0.6614580750465393,0.6550399661064148
351,0.6615994572639465,0.6523944139480591
352,0.6605969071388245,0.65292888879776
353,0.660731852054596,0.6509016752243042
354,0.6599235534667969,0.6555231213569641
355,0.6591876149177551,0.64979088306427
356,0.6592545509338379,0.6591519713401794
357,0.658848226070404,0.652438223361969
358,0.6582143306732178,0.6500020623207092
359,0.6575396060943604,0.6512159705162048
360,0.6574152112007141,0.649164617061615
361,0.6570271253585815,0.642995297908783
362,0.6561387181282043,0.6460919976234436
363,0.6563040614128113,0.6547133326530457
364,0.6553093791007996,0.6503976583480835
365,0.6545728445053101,0.6488432884216309
366,0.6544374823570251,0.6461823582649231
367,0.6538763046264648,0.6444434523582458
368,0.6539434790611267,0.6474709510803223
369,0.6537489295005798,0.6432796716690063
370,0.6530182361602783,0.6508985161781311
371,0.6524366736412048,0.6497989296913147
372,0.6525629758834839,0.6407143473625183
373,0.651817798614502,0.6473559737205505
374,0.6517991423606873,0.6506009101867676
375,0.6506971716880798,0.6447414755821228
376,0.6505246758460999,0.6389363408088684
377,0.6498215198516846,0.6459633111953735
378,0.6500114798545837,0.6497828364372253
379,0.6494066715240479,0.6474295258522034
380,0.6490210294723511,0.6443485617637634
381,0.6481719613075256,0.6456562876701355
382,0.6479891538619995,0.6451729536056519
383,0.6475024223327637,0.644413948059082
384,0.6470049023628235,0.6427925825119019
385,0.6469092965126038,0.6439619660377502
386,0.6461697220802307,0.644844114780426
387,0.645869791507721,0.6431280374526978
388,0.6459001302719116,0.6419053077697754
389,0.6450923681259155,0.6468534469604492
390,0.6449748873710632,0.6371423602104187
391,0.6445335149765015,0.6413079500198364
392,0.6438888907432556,0.6467680931091309
393,0.6436506509780884,0.641649603843689
394,0.6434226036071777,0.6439983248710632
395,0.6430352926254272,0.6390899419784546
396,0.6421625018119812,0.6365657448768616
397,0.6420251131057739,0.6347048878669739
398,0.641913890838623,0.6394647359848022
399,0.641307532787323,0.6359835863113403
400,0.6407071352005005,0.6354723572731018
401,0.6407907009124756,0.6340991258621216
402,0.640268862247467,0.6327293515205383
403,0.6397807002067566,0.6307384371757507
404,0.6395872831344604,0.6310295462608337
405,0.6392659544944763,0.6351609826087952
406,0.639225423336029,0.6353211998939514
407,0.6382180452346802,0.6325559020042419
408,0.6380415558815002,0.6306794285774231
409,0.637818455696106,0.6251821517944336
410,0.6377310156822205,0.6330715417861938
411,0.6372115612030029,0.6261168718338013
412,0.6367953419685364,0.6290197372436523
413,0.6366009712219238,0.6320995688438416
414,0.6361649632453918,0.6257590055465698
415,0.6356619596481323,0.63181072473526
416,0.6353839039802551,0.6332864761352539
417,0.634958028793335,0.6264694333076477
418,0.6351787447929382,0.6309117078781128
419,0.6341558694839478,0.6323125958442688
420,0.6339093446731567,0.6282066702842712
421,0.6340025067329407,0.6289377212524414
422,0.6334081888198853,0.6326497197151184
423,0.6331074833869934,0.6330029368400574
424,0.6325623989105225,0.6306263208389282
425,0.6321746110916138,0.6236319541931152
426,0.6321544051170349,0.6251519322395325
427,0.6318354606628418,0.6255979537963867
428,0.6312851905822754,0.6218786835670471
429,0.6313334703445435,0.6214677095413208
430,0.6309385895729065,0.6216617226600647
431,0.6305661797523499,0.6273884773254395
432,0.6303351521492004,0.6251144409179688
433,0.6297785043716431,0.6279138326644897
434,0.6292980909347534,0.6277738213539124
435,0.629497230052948,0.6214388012886047
436,0.629086434841156,0.6240226626396179
437,0.6287229061126709,0.6286051869392395
438,0.6284704804420471,0.6229938268661499
439,0.6279999017715454,0.6277159452438354
440,0.6279052495956421,0.6291798949241638
441,0.6273034811019897,0.6242446899414062
442,0.6270924806594849,0.6260738968849182
443,0.6265071630477905,0.6261581182479858
444,0.6263911724090576,0.6248478889465332
445,0.6261670589447021,0.6267736554145813
446,0.625960111618042,0.6247701644897461
447,0.6255670785903931,0.6241809725761414
448,0.6252031326293945,0.6271584630012512
449,0.624754011631012,0.624128520488739
450,0.624573290348053,0.6234822273254395
451,0.6242408752441406,0.6229714155197144
452,0.6241006255149841,0.6225622296333313
453,0.6234824061393738,0.6227268576622009
454,0.623354434967041,0.6218703389167786
455,0.6230852603912354,0.6217901110649109
456,0.6228052973747253,0.621746838092804
457,0.6223632097244263,0.6240922212600708
458,0.6222428679466248,0.6212543845176697
459,0.6220638155937195,0.6254975199699402
460,0.6214914917945862,0.6244574189186096
461,0.621513843536377,0.6184898614883423
462,0.6210044622421265,0.6189393997192383
463,0.6209509968757629,0.6224160194396973
464,0.620840311050415,0.6233178377151489
465,0.6202723383903503,0.6208299994468689
466,0.6199585795402527,0.618220329284668
467,0.6197038292884827,0.6212868094444275
468,0.619640588760376,0.6123268008232117
469,0.6190037727355957,0.6198833584785461
470,0.6188116073608398,0.6153871417045593
471,0.6186166405677795,0.6160359978675842
472,0.618528425693512,0.6147639155387878
473,0.6178984045982361,0.6175410151481628
474,0.6176602244377136,0.6196684241294861
475,0.6173908710479736,0.6205058693885803
476,0.617449939250946,0.6164974570274353
477,0.6167230010032654,0.6196239590644836
478,0.6168307065963745,0.6166144013404846
479,0.6164560317993164,0.6197667717933655
480,0.6163838505744934,0.618265688419342
481,0.6159778833389282,0.6157160401344299
482,0.6157605051994324,0.6160207986831665
483,0.6153992414474487,0.6174789667129517
484,0.6152793765068054,0.618772029876709
485,0.6148057579994202,0.6141129732131958
486,0.6145333647727966,0.6137171387672424
487,0.614346444606781,0.6148318648338318
488,0.6141273379325867,0.6154366135597229
489,0.6138413548469543,0.6178502440452576
490,0.6139779686927795,0.6091312170028687
491,0.6136319041252136,0.616729199886322
492,0.6131329536437988,0.6178735494613647
493,0.6129748225212097,0.6110736727714539
494,0.6125195622444153,0.6142379641532898
495,0.6124886274337769,0.6156304478645325
496,0.6126522421836853,0.6114815473556519
497,0.6120036840438843,0.6149125695228577
498,0.6114543080329895,0.6151952743530273
499,0.6112914681434631,0.6136558651924133
500,0.6109207272529602,0.6170437932014465
501,0.6106383800506592,0.6149230003356934
502,0.6105304956436157,0.6135168075561523
503,0.610892117023468,0.6102098822593689
504,0.6103106737136841,0.6162973642349243
505,0.609838604927063,0.6134310960769653
506,0.6094725728034973,0.6124550700187683
507,0.609294593334198,0.612980842590332
508,0.6096776723861694,0.6148788332939148
509,0.6093624830245972,0.6096000075340271
510,0.6085448265075684,0.6122186779975891
511,0.6083290576934814,0.6096352934837341
512,0.6081842184066772,0.6068287491798401
513,0.607871413230896,0.6103002429008484
514,0.6076185703277588,0.6085375547409058
515,0.6075031757354736,0.6104224324226379
516,0.6073541045188904,0.60891193151474
517,0.6069540977478027,0.6082491874694824
518,0.6068324446678162,0.6077984571456909
519,0.6064697504043579,0.6116867661476135
520,0.6061630249023438,0.6092939376831055
521,0.6060525178909302,0.6067461967468262
522,0.6062143445014954,0.6037440896034241
523,0.6056064963340759,0.6109049916267395
524,0.6052042841911316,0.6108083724975586
525,0.6051152348518372,0.6062455177307129
526,0.6047570705413818,0.6078329086303711
527,0.6045963168144226,0.6054709553718567
528,0.6045868396759033,0.6116023063659668
529,0.6042530536651611,0.6061381697654724
530,0.6040787696838379,0.6024770140647888
531,0.603614091873169,0.6080316305160522
532,0.6034372448921204,0.6080352067947388
533,0.6034201383590698,0.6028698086738586
534,0.6030409932136536,0.6086840033531189
535,0.6029393076896667,0.6061974763870239
536,0.6028401255607605,0.6069437861442566
537,0.6025464534759521,0.6018044352531433
538,0.6019623875617981,0.6077409386634827
539,0.6020910143852234,0.6079243421554565
540,0.6017045378684998,0.6043475866317749
541,0.601547122001648,0.6047048568725586
542,0.6014633774757385,0.6059936285018921
543,0.6009482741355896,0.6037690043449402
544,0.6009517908096313,0.6060745120048523
545,0.6006079316139221,0.6060153245925903
546,0.6007974743843079,0.6074894070625305
547,0.6003661751747131,0.6042415499687195
548,0.6001498699188232,0.6036674380302429
549,0.5999002456665039,0.6076057553291321
550,0.5997396111488342,0.6088823080062866
551,0.5992845892906189,0.6051492691040039
552,0.599298894405365,0.6032657623291016
553,0.5992146134376526,0.6053932905197144
554,0.59869784116745,0.6075395941734314
555,0.5985506176948547,0.6075387001037598
556,0.5983023643493652,0.6041983962059021
557,0.5982088446617126,0.6058699488639832
558,0.5980152487754822,0.6076163053512573
559,0.5980887413024902,0.6078929901123047
560,0.5976040959358215,0.6055511832237244
561,0.597831666469574,0.6056638360023499
562,0.5969832539558411,0.6000632047653198
563,0.5969294309616089,0.6045571565628052
564,0.5966004729270935,0.6066797971725464
565,0.5963239669799805,0.6031979322433472
566,0.5961832404136658,0.6003844141960144
567,0.595986008644104,0.5994582772254944
568,0.595956027507782,0.6024778485298157
569,0.5957862138748169,0.602233350276947
570,0.5953551530838013,0.6027922034263611
571,0.5951929688453674,0.6072834730148315
572,0.5951792001724243,0.6061016917228699
573,0.5949439406394958,0.6027105450630188
574,0.5946937799453735,0.6029850840568542
575,0.5945461988449097,0.6042057871818542
576,0.5942487716674805,0.6004916429519653
577,0.5942283868789673,0.5965591073036194
578,0.594031035900116,0.6013012528419495
579,0.5938966274261475,0.5986072421073914
580,0.593325138092041,0.5994448065757751
581,0.5931621789932251,0.5992920994758606
582,0.5930695533752441,0.6020606160163879
583,0.5930182337760925,0.6014171242713928
584,0.5924822688102722,0.6006893515586853
585,0.5926868915557861,0.6010611653327942
586,0.5923183560371399,0.6023617386817932
587,0.5919916033744812,0.60111004114151
588,0.5919457674026489,0.6007840037345886
589,0.591896116733551,0.6029423475265503
590,0.5914598703384399,0.5971168279647827
591,0.5912703275680542,0.5993943214416504
592,0.591250479221344,0.5963497757911682
593,0.5910722017288208,0.6011702418327332
594,0.5908811688423157,0.5979734659194946
595,0.5905266404151917,0.5960167050361633
596,0.5902932286262512,0.6004132032394409
597,0.5902224183082581,0.596634030342102
598,0.5901669263839722,0.5972188115119934
599,0.58990079164505,0.5969492197036743
600,0.5894772410392761,0.6000556945800781
601,0.5895781517028809,0.5980639457702637
602,0.58916175365448,0.5981411337852478
603,0.5888649225234985,0.5994617342948914
604,0.5888428688049316,0.5984324216842651
605,0.589097261428833,0.5970272421836853
606,0.5884981751441956,0.5961118340492249
607,0.5885860919952393,0.5979653596878052
608,0.588461697101593,0.5981932878494263
609,0.588056743144989,0.6007056832313538
610,0.5878371000289917,0.5946976542472839
611,0.587537407875061,0.5969208478927612
612,0.5874373912811279,0.5945881605148315
613,0.5872449278831482,0.5967907905578613
614,0.5870478749275208,0.5951356887817383
615,0.5871587991714478,0.5990287065505981
616,0.5870381593704224,0.592451274394989
617,0.5864930152893066,0.5982999801635742
618,0.5866065621376038,0.59573894739151
619,0.5861654877662659,0.5996218323707581
620,0.586042582988739,0.5974289774894714
621,0.5858858227729797,0.5940597653388977
622,0.5855435132980347,0.5937945246696472
623,0.5854387283325195,0.5954673886299133
624,0.5851578712463379,0.5974112749099731
625,0.5849805474281311,0.5965643525123596
626,0.5848983526229858,0.5973063707351685
627,0.5848978161811829,0.5938700437545776
628,0.5845868587493896,0.5935865640640259
629,0.5846019983291626,0.5908079147338867
630,0.5840451121330261,0.5936956405639648
631,0.5842812657356262,0.5950333476066589
632,0.5838241577148438,0.5933623909950256
633,0.5838708281517029,0.5909426808357239
634,0.5835890769958496,0.5930191874504089
635,0.5834686160087585,0.5967401266098022
636,0.5832868218421936,0.5926021337509155
637,0.5830013155937195,0.5896298289299011
638,0.583135187625885,0.5916793942451477
639,0.5829817056655884,0.5924420356750488
640,0.5829378962516785,0.5922069549560547
641,0.5823533535003662,0.5934394598007202
642,0.5821338891983032,0.5937687158584595
643,0.5819682478904724,0.5894683599472046
644,0.5822033286094666,0.5949159264564514
645,0.581969141960144,0.5924041867256165
646,0.5816335678100586,0.5899519324302673
647,0.5816459059715271,0.5946735739707947
648,0.5811684727668762,0.5911368131637573
649,0.581194281578064,0.5938878655433655
650,0.5807286500930786,0.5941761136054993
651,0.5806939601898193,0.5931998491287231
652,0.580625057220459,0.5934792160987854
653,0.5804669857025146,0.5955697298049927
654,0.5801739692687988,0.5915853381156921
655,0.5803537964820862,0.5954707264900208
656,0.5799141526222229,0.5917874574661255
657,0.5798876285552979,0.5895542502403259
658,0.5796740651130676,0.5902768969535828
659,0.5794647932052612,0.5908767580986023
660,0.5792748332023621,0.5910727381706238
661,0.5793169736862183,0.5946694016456604
662,0.5790207386016846,0.5947960615158081
663,0.5787574052810669,0.5907121300697327
664,0.5786337852478027,0.5896483063697815
665,0.57842618227005,0.5904349684715271
666,0.5782474875450134,0.5925098061561584
667,0.5784278512001038,0.5898483395576477
668,0.5780368447303772,0.5936983823776245
0,237.8643798828125,205.9145050048828
1,232.3380584716797,203.7073974609375
2,229.35787963867188,201.2979736328125
3,225.69497680664062,198.46128845214844
4,221.44715881347656,195.0813751220703
5,216.57522583007812,191.17298889160156
6,211.1699676513672,186.7677459716797
7,204.9154815673828,181.58592224121094
8,197.6134033203125,175.63050842285156
9,188.9802703857422,168.7859344482422
10,179.69354248046875,161.02345275878906
11,169.18397521972656,152.18954467773438
12,158.18899536132812,142.52342224121094
13,146.9802703857422,132.5218048095703
14,135.35182189941406,121.6480484008789
15,123.30192565917969,110.05645751953125
16,111.26837158203125,98.15067291259766
17,99.87144470214844,86.35771179199219
18,89.34404754638672,75.3476791381836
19,80.07991790771484,65.68000030517578
20,72.32881927490234,57.89906692504883
21,65.68836975097656,51.97539138793945
22,60.25318145751953,47.591102600097656
23,56.1367073059082,44.31748580932617
24,52.681175231933594,42.024627685546875
25,49.70258331298828,40.28369140625
26,47.331260681152344,38.839412689208984
27,45.28726577758789,37.585853576660156
28,43.58549118041992,36.46504592895508
29,42.23841094970703,35.40570068359375
30,41.112545013427734,34.41792678833008
31,40.11650466918945,33.51080322265625
32,39.256404876708984,32.6375617980957
33,38.48911666870117,31.82120132446289
34,37.79519271850586,31.058380126953125
35,37.131805419921875,30.334360122680664
36,36.493709564208984,29.617996215820312
37,35.794795989990234,28.863727569580078
38,34.99388885498047,28.104455947875977
39,34.15397262573242,27.360666275024414
40,33.433616638183594,26.545103073120117
41,32.808841705322266,25.731870651245117
42,32.17989730834961,24.996999740600586
43,31.566295623779297,24.324968338012695
44,30.87664222717285,23.719465255737305
45,30.238840103149414,23.173751831054688
46,29.663558959960938,22.680334091186523
47,29.201988220214844,22.309345245361328
48,28.75010871887207,21.97886085510254
49,28.38149070739746,21.686254501342773
50,28.01874542236328,21.446636199951172
51,27.664087295532227,21.217302322387695
52,27.32668113708496,20.997941970825195
53,27.019948959350586,20.78695297241211
54,26.726327896118164,20.585752487182617
55,26.452709197998047,20.38198471069336
56,26.188295364379883,20.182785034179688
57,25.930349349975586,19.987733840942383
58,25.686542510986328,19.802820205688477
59,25.447677612304688,19.608861923217773
60,25.216583251953125,19.42972755432129
61,24.98769187927246,19.231033325195312
62,24.766481399536133,19.05467414855957
63,24.556934356689453,18.86613655090332
64,24.346179962158203,18.698381423950195
65,24.144330978393555,18.526918411254883
66,23.944875717163086,18.367952346801758
67,23.743024826049805,18.223684310913086
68,23.551753997802734,18.07475471496582
69,23.35938262939453,17.919363021850586
70,23.170425415039062,17.76319694519043
71,22.981536865234375,17.608652114868164
72,22.7932186126709,17.449947357177734
73,22.60940170288086,17.28954315185547
74,22.413875579833984,17.145185470581055
75,22.226594924926758,16.991437911987305
76,22.039575576782227,16.834548950195312
77,21.852109909057617,16.681020736694336
78,21.66323471069336,16.520244598388672
79,21.472373962402344,16.359445571899414
80,21.276554107666016,16.19804573059082
81,21.084213256835938,16.022497177124023
82,20.873489379882812,15.861397743225098
83,20.669876098632812,15.688977241516113
84,20.446264266967773,15.511958122253418
85,20.239912033081055,15.332531929016113
86,20.00040626525879,15.154330253601074
87,19.773136138916016,14.978154182434082
88,19.535598754882812,14.787890434265137
89,19.298168182373047,14.606985092163086
90,19.062469482421875,14.424214363098145
91,18.803503036499023,14.235977172851562
92,18.572893142700195,14.046687126159668
93,18.339208602905273,13.86115550994873
94,18.125518798828125,13.679661750793457
95,17.90562629699707,13.497115135192871
96,17.680194854736328,13.317916870117188
97,17.4449520111084,13.142104148864746
98,17.230510711669922,12.964686393737793
99,17.00844383239746,12.78858470916748
100,16.802001953125,12.616081237792969
101,16.609352111816406,12.445342063903809
102,16.42466926574707,12.279891014099121
103,16.24155616760254,12.116999626159668
104,16.066591262817383,11.958699226379395
105,15.898550033569336,11.810277938842773
106,15.733983993530273,11.653605461120605
107,15.574989318847656,11.500676155090332
108,15.419395446777344,11.354374885559082
109,15.270407676696777,11.20467472076416
110,15.121442794799805,11.059539794921875
111,14.979493141174316,10.911638259887695
112,14.83352279663086,10.770232200622559
113,14.698641777038574,10.636555671691895
114,14.559197425842285,10.505128860473633
115,14.419792175292969,10.37018871307373
116,14.2865629196167,10.238154411315918
117,14.152268409729004,10.10309886932373
118,14.015470504760742,9.974143981933594
119,13.880762100219727,9.843249320983887
120,13.744874954223633,9.715591430664062
121,13.606443405151367,9.583565711975098
122,13.46731185913086,9.452458381652832
123,13.328078269958496,9.325042724609375
124,13.191545486450195,9.200835227966309
125,13.050862312316895,9.072921752929688
126,12.91727066040039,8.95072078704834
127,12.786211967468262,8.83007526397705
128,12.649970054626465,8.716856002807617
129,12.522479057312012,8.613407135009766
130,12.390414237976074,8.504220008850098
131,12.261816024780273,8.397287368774414
132,12.137104034423828,8.294678688049316
133,12.009891510009766,8.19482135772705
134,11.886385917663574,8.0958833694458
135,11.759902954101562,8.002254486083984
136,11.638115882873535,7.913032531738281
137,11.518221855163574,7.823485374450684
138,11.396480560302734,7.738531589508057
139,11.28604507446289,7.6583685874938965
140,11.173219680786133,7.581067085266113
141,11.069215774536133,7.506512641906738
142,10.962387084960938,7.433992862701416
143,10.864889144897461,7.364328861236572
144,10.771666526794434,7.299968242645264
145,10.677484512329102,7.236873626708984
146,10.590866088867188,7.177415370941162
147,10.5079345703125,7.1204094886779785
148,10.427322387695312,7.0650105476379395
149,10.351324081420898,7.0131635665893555
150,10.27553653717041,6.959022521972656
151,10.204619407653809,6.907993793487549
152,10.13592529296875,6.857778072357178
153,10.069411277770996,6.810897350311279
154,10.00448226928711,6.764955997467041
155,9.942564010620117,6.719518184661865
156,9.881210327148438,6.6786322593688965
157,9.823506355285645,6.636407375335693
158,9.765580177307129,6.596277713775635
159,9.710338592529297,6.553666591644287
160,9.656135559082031,6.513948917388916
161,9.601946830749512,6.474522113800049
162,9.551017761230469,6.4363532066345215
163,9.498910903930664,6.3985419273376465
164,9.449689865112305,6.36010217666626
165,9.400744438171387,6.322259426116943
166,9.35234260559082,6.285713195800781
167,9.306090354919434,6.250648498535156
168,9.261039733886719,6.21759557723999
169,9.21487045288086,6.181137561798096
170,9.170902252197266,6.146121025085449
171,9.128009796142578,6.112158298492432
172,9.085262298583984,6.076369285583496
173,9.043065071105957,6.04213285446167
174,9.001227378845215,6.008061408996582
175,8.961071014404297,5.976081848144531
176,8.920893669128418,5.943463325500488
177,8.881294250488281,5.911750316619873
178,8.842733383178711,5.879253387451172
179,8.803767204284668,5.848057270050049
180,8.766070365905762,5.816840648651123
181,8.728874206542969,5.787014484405518
182,8.692017555236816,5.758245944976807
183,8.654623985290527,5.727911472320557
184,8.618170738220215,5.697440147399902
185,8.5822172164917,5.666919708251953
186,8.54690933227539,5.63845157623291
187,8.512145042419434,5.609688758850098
188,8.477330207824707,5.581273555755615
189,8.442326545715332,5.5532026290893555
190,8.409143447875977,5.525614261627197
191,8.375129699707031,5.497904300689697
192,8.342004776000977,5.471988201141357
193,8.308810234069824,5.44589376449585
194,8.276175498962402,5.417941570281982
195,8.243721008300781,5.391071319580078
196,8.212136268615723,5.366322994232178
197,8.179770469665527,5.3403096199035645
198,8.1486177444458,5.3144402503967285
199,8.117536544799805,5.290257930755615
200,8.086461067199707,5.265753269195557
201,8.055716514587402,5.24121618270874
202,8.025053977966309,5.21691370010376
203,7.99506139755249,5.19269323348999
204,7.965114116668701,5.168307304382324
205,7.934695243835449,5.144388675689697
206,7.905153274536133,5.120294094085693
207,7.875234603881836,5.0970892906188965
208,7.8458380699157715,5.073412895202637
209,7.816472053527832,5.050610542297363
210,7.7874884605407715,5.02640962600708
211,7.758038520812988,5.00316858291626
212,7.729207992553711,4.981773376464844
213,7.7000627517700195,4.959427356719971
214,7.671487808227539,4.937276363372803
215,7.642673969268799,4.91451358795166
216,7.614803791046143,4.891240119934082
217,7.586372375488281,4.868836879730225
218,7.558221817016602,4.8472418785095215
219,7.530160427093506,4.82545804977417
220,7.502621650695801,4.803359508514404
221,7.474289894104004,4.782598972320557
222,7.446951866149902,4.760444641113281
223,7.419300079345703,4.738200664520264
224,7.3918256759643555,4.718381404876709
225,7.36435604095459,4.698652744293213
226,7.3360915184021,4.6764044761657715
227,7.308394908905029,4.654853343963623
228,7.281002998352051,4.633261680603027
229,7.253692150115967,4.611117839813232
230,7.226243019104004,4.58965539932251
231,7.198615074157715,4.568163871765137
232,7.172157287597656,4.548807144165039
233,7.144261837005615,4.527529716491699
234,7.117359638214111,4.507238864898682
235,7.090628147125244,4.486632347106934
236,7.063532829284668,4.465109348297119
237,7.036693096160889,4.443892955780029
238,7.009677886962891,4.422703742980957
239,6.983008861541748,4.4020562171936035
240,6.956757545471191,4.382488250732422
241,6.929467678070068,4.361522674560547
242,6.903188705444336,4.340639114379883
243,6.876657485961914,4.320228099822998
244,6.850340843200684,4.297845840454102
245,6.823248863220215,4.277855396270752
246,6.796988487243652,4.256080150604248
247,6.770359992980957,4.235276699066162
248,6.743611812591553,4.214937210083008
249,6.7179388999938965,4.196285247802734
250,6.691487789154053,4.176565170288086
251,6.664588928222656,4.155470848083496
252,6.638596534729004,4.134024143218994
253,6.612145900726318,4.113730430603027
254,6.585607528686523,4.093164443969727
255,6.5596923828125,4.0729146003723145
256,6.533689498901367,4.0507893562316895
257,6.507445335388184,4.0294928550720215
258,6.481155872344971,4.008561134338379
259,6.455204963684082,3.988347291946411
260,6.429171085357666,3.9675955772399902
261,6.403573513031006,3.9480481147766113
262,6.377719402313232,3.926647186279297
263,6.351297378540039,3.9068145751953125
264,6.32594108581543,3.887204885482788
265,6.299878120422363,3.8675620555877686
266,6.273481369018555,3.8464748859405518
267,6.247305870056152,3.8256518840789795
268,6.221252918243408,3.8039093017578125
269,6.195451259613037,3.7835185527801514
270,6.168705940246582,3.761894941329956
271,6.142251491546631,3.7405622005462646
272,6.116449356079102,3.717719793319702
273,6.089823246002197,3.696378469467163
274,6.063413619995117,3.6757102012634277
275,6.0374884605407715,3.654137134552002
276,6.011068820953369,3.6329233646392822
277,5.9847092628479,3.6122448444366455
278,5.958445072174072,3.5914292335510254
279,5.9320173263549805,3.571035385131836
280,5.906253337860107,3.5507113933563232
281,5.880477428436279,3.5298969745635986
282,5.855049133300781,3.5080864429473877
283,5.828658580780029,3.4871037006378174
284,5.802966117858887,3.464564800262451
285,5.777186870574951,3.443390130996704
286,5.751302719116211,3.4215598106384277
287,5.72531270980835,3.399505615234375
288,5.699165344238281,3.37762451171875
289,5.674177646636963,3.355087995529175
290,5.647939682006836,3.3334133625030518
291,5.6224188804626465,3.3127682209014893
292,5.596820831298828,3.291343927383423
293,5.571906089782715,3.268287420272827
294,5.546089172363281,3.2467398643493652
295,5.52143669128418,3.225533962249756
296,5.4955668449401855,3.203693389892578
297,5.4716973304748535,3.1815998554229736
298,5.446907997131348,3.157784938812256
299,5.42238712310791,3.1346752643585205
300,5.398508071899414,3.1123299598693848
301,5.374995231628418,3.089235544204712
302,5.3507080078125,3.0676357746124268
303,5.327506065368652,3.0457425117492676
304,5.304366111755371,3.0242788791656494
305,5.281782150268555,3.002624750137329
306,5.258730888366699,2.980901002883911
307,5.236328125,2.9598889350891113
308,5.214205265045166,2.9373130798339844
309,5.192880630493164,2.914111614227295
310,5.171107769012451,2.8909683227539062
311,5.149903774261475,2.8674583435058594
312,5.128775596618652,2.844775676727295
313,5.108388900756836,2.8233659267425537
314,5.087602615356445,2.8006672859191895
315,5.067666530609131,2.7800331115722656
316,5.048067092895508,2.7589123249053955
317,5.0284600257873535,2.7379813194274902
318,5.008882522583008,2.7172281742095947
319,4.990078926086426,2.6963884830474854
320,4.972105026245117,2.6739132404327393
321,4.952844619750977,2.6543338298797607
322,4.935207843780518,2.6343209743499756
323,4.917485237121582,2.6136763095855713
324,4.899868488311768,2.593803882598877
325,4.882740497589111,2.5748279094696045
326,4.865589618682861,2.5554022789001465
327,4.849156379699707,2.5363991260528564
328,4.832838535308838,2.516674041748047
329,4.816704750061035,2.4971487522125244
330,4.801085472106934,2.4771511554718018
331,4.785006523132324,2.4591803550720215
332,4.769711494445801,2.441359281539917
333,4.754100322723389,2.4230093955993652
334,4.7387800216674805,2.4051685333251953
335,4.723550796508789,2.3877620697021484
336,4.708629131317139,2.371121644973755
337,4.6947503089904785,2.3549726009368896
338,4.679239273071289,2.3364245891571045
339,4.664735794067383,2.316905975341797
340,4.6501359939575195,2.298227071762085
341,4.636019706726074,2.279473066329956
342,4.621351718902588,2.2631523609161377
343,4.607490062713623,2.2465155124664307
344,4.593299388885498,2.229417085647583
345,4.580272197723389,2.211639404296875
346,4.565652370452881,2.1943469047546387
347,4.552204132080078,2.1772658824920654
348,4.538222312927246,2.1601734161376953
349,4.524771213531494,2.1411843299865723
350,4.511081218719482,2.122905731201172
351,4.497412204742432,2.104518175125122
352,4.484035968780518,2.085951089859009
353,4.4705119132995605,2.0690245628356934
354,4.456991672515869,2.0505332946777344
355,4.4437479972839355,2.0319013595581055
356,4.4301652908325195,2.0142059326171875
357,4.417062759399414,1.9976520538330078
358,4.403769016265869,1.979923129081726
359,4.390449523925781,1.9623819589614868
360,4.37714958190918,1.9440873861312866
361,4.3635993003845215,1.9256865978240967
362,4.3501362800598145,1.9059258699417114
363,4.337310314178467,1.887014389038086
364,4.323413372039795,1.869472622871399
365,4.309356689453125,1.8510894775390625
366,4.295846939086914,1.8319873809814453
367,4.281874656677246,1.8132845163345337
368,4.268215656280518,1.7959966659545898
369,4.254360198974609,1.7783441543579102
370,4.2400617599487305,1.7593164443969727
371,4.226189613342285,1.7393983602523804
372,4.211975574493408,1.7203878164291382
373,4.197661876678467,1.7013769149780273
374,4.183566570281982,1.6817902326583862
375,4.168965816497803,1.66256844997406
376,4.15413236618042,1.6441106796264648
377,4.140182018280029,1.6256874799728394
378,4.125221252441406,1.6073287725448608
379,4.110965251922607,1.5882384777069092
380,4.0962114334106445,1.5704847574234009
381,4.082311630249023,1.5523827075958252
382,4.067108154296875,1.535474419593811
383,4.052357196807861,1.518187165260315
384,4.038249492645264,1.5006974935531616
385,4.0236592292785645,1.4843714237213135
386,4.009275436401367,1.4683316946029663
387,3.9949522018432617,1.4527391195297241
388,3.981104850769043,1.4371439218521118
389,3.9666333198547363,1.4219989776611328
390,3.953047275543213,1.406432867050171
391,3.939310312271118,1.3921793699264526
392,3.9255921840667725,1.3774503469467163
393,3.911846399307251,1.3639965057373047
394,3.8980319499969482,1.3505531549453735
395,3.8849904537200928,1.337073564529419
396,3.8718109130859375,1.3232964277267456
397,3.8586437702178955,1.3103513717651367
398,3.845404624938965,1.2972131967544556
399,3.8327627182006836,1.2865113019943237
400,3.8197591304779053,1.2750903367996216
401,3.8066558837890625,1.2651487588882446
402,3.794283390045166,1.2548624277114868
403,3.782162666320801,1.2463849782943726
404,3.7699062824249268,1.2350718975067139
405,3.758054733276367,1.224677324295044
406,3.745753526687622,1.2160189151763916
407,3.733599901199341,1.2081114053726196
408,3.722059488296509,1.200018048286438
409,3.7100491523742676,1.1932333707809448
410,3.698258638381958,1.1874197721481323
411,3.6859042644500732,1.1803380250930786
412,3.674306869506836,1.172104835510254
413,3.662749767303467,1.1641088724136353
414,3.6512608528137207,1.1559776067733765
415,3.639639377593994,1.1500688791275024
416,3.62852144241333,1.1439119577407837
417,3.617382287979126,1.138602614402771
418,3.6064276695251465,1.1328679323196411
419,3.5959579944610596,1.1275523900985718
420,3.585310697555542,1.1216779947280884
421,3.5750296115875244,1.1168439388275146
422,3.5643770694732666,1.1108040809631348
423,3.5539145469665527,1.1049299240112305
424,3.5430281162261963,1.099839210510254
425,3.532604455947876,1.0935148000717163
426,3.522233247756958,1.0892452001571655
427,3.5124125480651855,1.085543155670166
428,3.502035617828369,1.0805667638778687
429,3.4920077323913574,1.0752768516540527
430,3.4810335636138916,1.0706487894058228
431,3.470627546310425,1.0664323568344116
432,3.4603896141052246,1.0612332820892334
433,3.449864387512207,1.0563067197799683
434,3.438775062561035,1.0515822172164917
435,3.4282736778259277,1.0466995239257812
436,3.418116331100464,1.0425901412963867
437,3.4078738689422607,1.039801001548767
438,3.397132396697998,1.0355082750320435
439,3.386918783187866,1.0304219722747803
440,3.376519203186035,1.026271104812622
441,3.366166353225708,1.022912621498108
442,3.3559303283691406,1.0199766159057617
443,3.346290349960327,1.016512393951416
444,3.3365283012390137,1.0129988193511963
445,3.326932907104492,1.0101767778396606
446,3.31701397895813,1.006900668144226
447,3.307072162628174,1.0030776262283325
448,3.2967755794525146,0.9993362426757812
449,3.287259101867676,0.9963132739067078
450,3.2771449089050293,0.9929965138435364
451,3.2662932872772217,0.9887198209762573
452,3.2564280033111572,0.9860996603965759
453,3.245849132537842,0.9831286668777466
454,3.2352685928344727,0.9809992909431458
455,3.2256381511688232,0.9775373339653015
456,3.2145090103149414,0.9758310317993164
457,3.2041146755218506,0.9728507995605469
458,3.1939167976379395,0.9706324934959412
459,3.1839077472686768,0.9684001207351685
460,3.1728689670562744,0.9661211371421814
461,3.1620235443115234,0.9653981328010559
462,3.15116286277771,0.9646898508071899
463,3.1412460803985596,0.9632840752601624
464,3.130215883255005,0.9609009623527527
465,3.119004487991333,0.9591729044914246
466,3.1085283756256104,0.9576916098594666
467,3.0973782539367676,0.9568452835083008
468,3.086564064025879,0.9552130699157715
469,3.0759530067443848,0.955140233039856
470,3.0656557083129883,0.9541740417480469
471,3.0547358989715576,0.9530779719352722
472,3.0437965393066406,0.9535067677497864
473,3.0337092876434326,0.9539681673049927
474,3.022467851638794,0.953628659248352
475,3.011441707611084,0.9522765874862671
476,3.000885009765625,0.9531014561653137
477,2.989894151687622,0.9522135853767395
478,2.9789042472839355,0.952418327331543
479,2.9680373668670654,0.9509242177009583
480,2.9562714099884033,0.9511731266975403
481,2.945582866668701,0.9513577222824097
482,2.93375301361084,0.950165867805481
483,2.923892021179199,0.9505528211593628
484,2.912318706512451,0.9505061507225037
485,2.90092134475708,0.9506083726882935
486,2.890507698059082,0.9518982768058777
487,2.877467632293701,0.9527753591537476
488,2.8664581775665283,0.9531639218330383
489,2.8537447452545166,0.9534247517585754
490,2.8422489166259766,0.9542980790138245
491,2.828563690185547,0.9556406140327454
492,2.815519332885742,0.9567317366600037
493,2.8017208576202393,0.9578494429588318
494,2.7877469062805176,0.9601519703865051
495,2.776125431060791,0.9618640542030334
496,2.760640859603882,0.9627273678779602
497,2.747863292694092,0.9642685055732727
498,2.7341511249542236,0.9666891694068909
499,2.7201459407806396,0.9682503938674927
500,2.7064974308013916,0.9699501991271973
501,2.6939735412597656,0.9727464914321899
502,2.680399179458618,0.9746111035346985
503,2.6677498817443848,0.9762649536132812
504,2.655900716781616,0.9792991876602173
505,2.6441547870635986,0.9818190336227417
506,2.632075786590576,0.9840129017829895
507,2.6206257343292236,0.9867587685585022
0,200.13983154296875,1088.4361572265625
1,409.4886474609375,20.504865646362305
2,44.787574768066406,41.398468017578125
3,42.95745086669922,6.689736366271973
4,6.505093097686768,6.781580448150635
5,11.835100173950195,3.0340840816497803
6,2.7495532035827637,0.8006476759910583
7,1.6388566493988037,0.8406167030334473
8,1.8608355522155762,1.272934079170227
9,1.945420503616333,1.4417012929916382
10,1.7812458276748657,1.2233519554138184
11,1.5110037326812744,0.7350499629974365
12,1.411339282989502,0.7819689512252808
13,1.5219876766204834,0.6044161319732666
14,1.2641252279281616,0.8828756809234619
15,1.727262258529663,1.0103509426116943
16,1.7182879447937012,0.46776002645492554
17,0.8289597630500793,0.481881320476532
18,0.7958548665046692,0.45303237438201904
19,0.758205771446228,0.6081715822219849
20,0.905358612537384,0.6754903197288513
21,1.5441725254058838,1.6615850925445557
22,3.195574998855591,2.2319798469543457
23,2.5071864128112793,1.1044418811798096
24,1.0148100852966309,0.40854620933532715
25,0.6695070266723633,0.5933380722999573
26,1.4658764600753784,2.2490487098693848
27,2.3535211086273193,0.8298141360282898
28,0.9575027823448181,0.7616689205169678
29,0.796583354473114,0.3602535128593445
30,1.2192577123641968,1.008759617805481
31,1.555221438407898,1.2800211906433105
32,2.0844979286193848,1.2439206838607788
33,1.9586113691329956,0.6684756278991699
34,1.1176785230636597,0.6208738684654236
35,1.1407287120819092,0.5908120274543762
36,1.2673015594482422,0.9324288368225098
37,1.1128870248794556,0.4122353196144104
38,0.8325700759887695,0.9682193398475647
39,1.7699224948883057,0.6914470195770264
40,1.0274239778518677,0.5920726656913757
41,0.7424036264419556,0.40794339776039124
42,0.906236469745636,1.041215181350708
43,1.785962462425232,0.8444525599479675
44,1.3583300113677979,1.2634973526000977
45,2.2859723567962646,0.8085632920265198
46,1.2200897932052612,0.6115770936012268
47,0.9876635670661926,0.4870607256889343
48,0.5760850310325623,0.3415888547897339
49,0.7114700675010681,0.4186844527721405
50,0.7472020387649536,0.41063839197158813
51,1.0652493238449097,0.7061113715171814
52,1.688010573387146,0.4070054292678833
53,0.7226992845535278,0.6079183220863342
54,0.9304451942443848,0.3102375268936157
55,0.6954985857009888,0.5351830124855042
56,1.6541552543640137,0.59944087266922
57,1.0262945890426636,0.8564251661300659
58,1.3952906131744385,0.8529456257820129
59,1.271405816078186,0.40525615215301514
60,0.8502000570297241,0.5775683522224426
61,0.9413247108459473,0.33165431022644043
62,0.6654196977615356,0.28926536440849304
63,0.5125513076782227,0.28912657499313354
64,0.47276580333709717,0.3170970678329468
65,0.5494013428688049,0.5983316898345947
66,1.4721195697784424,2.256240129470825
67,3.092669725418091,2.7224247455596924
68,3.3932607173919678,1.4526687860488892
69,1.564009428024292,0.4691884219646454
70,0.917766273021698,0.4931690990924835
71,0.6634976863861084,0.4550224244594574
72,0.6507734656333923,0.5563051700592041
73,0.8583312034606934,0.7768511772155762
74,1.1833418607711792,0.8604665398597717
75,1.3830125331878662,0.8378646373748779
76,1.3246090412139893,1.4348469972610474
77,1.5974775552749634,1.1614975929260254
78,2.0201380252838135,0.31835854053497314
79,0.5334581136703491,0.3883456587791443
80,0.6439704298973083,0.6793885827064514
81,0.8101837038993835,0.5815941095352173
82,0.9776161313056946,0.6014464497566223
83,0.8366395235061646,0.4820325970649719
84,0.6764373183250427,0.3893406391143799
85,0.5202377438545227,0.3141425848007202
86,0.4515209496021271,0.3588712811470032
87,0.5223953127861023,0.7479225397109985
88,0.8213675618171692,0.37713301181793213
0,251.16043090820312,166.5176544189453
1,241.57359313964844,158.7470703125
2,224.92437744140625,134.12770080566406
3,137.5427703857422,63.800167083740234
4,45.71132278442383,28.322351455688477
5,21.45895004272461,9.187324523925781
6,13.798717498779297,4.838845252990723
7,3.876413106918335,3.4785330295562744
8,2.912580966949463,3.1401491165161133
9,4.325889587402344,1.827429175376892
10,3.6440296173095703,0.9263405203819275
11,1.7203691005706787,0.6971844434738159
12,1.708315134048462,0.625333309173584
13,1.8803246021270752,2.6030352115631104
14,3.74428391456604,1.3625277280807495
15,1.5136511325836182,0.64180588722229
16,1.2427009344100952,0.5493559241294861
17,1.62497079372406,0.8073267340660095
18,1.4708538055419922,0.5041242837905884
19,1.1989731788635254,0.8592846393585205
20,2.6354496479034424,0.5340897440910339
21,1.2503435611724854,0.7287774682044983
22,1.2991279363632202,3.8909661769866943
23,3.899218797683716,0.4995298683643341
24,1.1578350067138672,0.7058263421058655
25,1.6948262453079224,0.5247552990913391
26,0.9198583960533142,0.3525978624820709
27,1.0271772146224976,0.5968344211578369
28,3.0291500091552734,0.9110003709793091
29,1.2838972806930542,0.34890666604042053
30,1.099008321762085,2.4852795600891113
31,2.55271053314209,0.6919430494308472
32,1.2268904447555542,1.2081830501556396
33,1.3319149017333984,0.4580872356891632
34,0.7640737891197205,0.48229312896728516
35,1.0525885820388794,0.9593762159347534
36,1.1900196075439453,0.824234664440155
37,0.7578338980674744,0.32516786456108093
38,1.1490556001663208,1.019142746925354
39,2.8216469287872314,0.42816832661628723
40,1.2901772260665894,0.3770243227481842
41,1.158461570739746,0.3392040729522705
42,0.8756519556045532,0.34781768918037415
43,0.7501640319824219,0.3205079734325409
44,0.7911005020141602,0.5903463363647461
45,0.9643020629882812,0.3491626977920532
46,0.842945396900177,0.32032907009124756
47,0.6272681355476379,0.5210902690887451
48,1.1520599126815796,1.012597680091858
49,2.262561321258545,0.8862611055374146
50,0.9476848244667053,0.32890647649765015
51,0.6898403763771057,0.35317835211753845
52,0.6435830593109131,0.30559083819389343
53,0.6255735754966736,0.2824634909629822
54,0.809197723865509,0.3375771939754486
55,1.1632051467895508,1.4170372486114502
56,1.9169270992279053,0.32754242420196533
57,0.6532061100006104,0.5129581689834595
58,1.234367847442627,0.38110002875328064
59,1.7738524675369263,0.39731094241142273
60,0.75749671459198,0.3480880558490753
61,0.6519758105278015,0.41222843527793884
62,0.9115350246429443,0.6438197493553162
63,1.2881224155426025,0.6676571369171143
64,1.013412594795227,0.4415246844291687
65,0.6015557050704956,0.44011229276657104
66,0.8070262670516968,0.5443899631500244
67,0.6389015316963196,0.3582446277141571
68,0.5737993121147156,0.40030437707901
69,0.566707968711853,0.5507993102073669
70,1.915393352508545,0.6584554314613342
71,0.9994587302207947,0.33185890316963196
72,0.6279377937316895,0.34994208812713623
73,0.7391142249107361,0.47792041301727295
74,0.652556300163269,0.6452338099479675
75,0.6821184158325195,0.2990806996822357
76,0.5496088266372681,0.6419342756271362
77,2.056440591812134,0.7162373065948486
78,0.8398581743240356,0.3393670320510864
0,56.46982192993164,1.4082804918289185
1,6.0982441902160645,1.351270079612732
2,2.696993827819824,1.5892614126205444
3,2.227616310119629,0.5959214568138123
4,1.6460208892822266,0.3988683521747589
5,2.3603482246398926,2.8548085689544678
6,1.324791431427002,0.3794400990009308
7,1.2575998306274414,0.5533878803253174
8,1.027162790298462,0.4812428057193756
9,1.1583114862442017,0.5250329375267029
10,0.8358432650566101,0.44204679131507874
11,1.3837347030639648,0.5876509547233582
12,0.8335180282592773,0.39933544397354126
13,1.3077470064163208,1.5849452018737793
14,1.1991041898727417,1.291029930114746
15,1.0557721853256226,0.693467378616333
16,0.8292412757873535,0.3293357491493225
17,1.0547935962677002,0.43312522768974304
18,1.0211620330810547,0.3426356613636017
19,0.5983882546424866,0.6511910557746887
20,1.1643024682998657,0.29464611411094666
21,0.8812523484230042,0.500666081905365
22,1.160966157913208,0.30178797245025635
23,0.792833149433136,0.4788769483566284
24,0.8590039610862732,0.9076066613197327
25,0.7627071738243103,0.27823445200920105
26,0.6735794544219971,0.47941404581069946
27,0.9316659569740295,0.27021193504333496
28,0.6910026669502258,0.3153855502605438
29,1.1973708868026733,0.4687801003456116
30,0.6975438594818115,0.2520146071910858
31,0.8456006050109863,0.8243251442909241
32,0.6914686560630798,0.32565921545028687
33,0.780200183391571,0.8680222034454346
34,0.6725737452507019,0.41625291109085083
35,0.652640700340271,0.24720096588134766
36,0.6696770191192627,0.31465989351272583
37,0.5562971830368042,0.37685447931289673
38,0.5688691735267639,0.2794342637062073
39,0.8553709387779236,0.2639426290988922
40,0.8495813608169556,0.5588265061378479
41,45.03285217285156,8.836692810058594
42,5.374954700469971,1.0725727081298828
43,2.009894371032715,1.3328360319137573
44,1.578039526939392,0.4936455488204956
45,1.3934739828109741,0.4259873926639557
46,1.3885468244552612,0.3401750922203064
47,1.653491497039795,0.5575699806213379
48,1.073378324508667,0.31059324741363525
49,0.8939791321754456,0.7429816126823425
50,1.224653959274292,0.5473864674568176
51,1.0115700960159302,1.5877223014831543
52,1.0076748132705688,0.29240819811820984
53,1.254902958869934,0.35844504833221436
54,0.7846114039421082,1.1863197088241577
55,1.0430269241333008,2.8894779682159424
56,1.541200041770935,0.7394443154335022
57,1.088236927986145,0.3525293469429016
58,0.9289274215698242,0.33252647519111633
59,1.0036581754684448,0.3137562572956085
60,0.7868846654891968,0.349094033241272
0,72.44171905517578,3.004221200942993
1,3.6895124912261963,0.7676689028739929
2,3.140859842300415,1.6227699518203735
3,2.7430553436279297,0.7836733460426331
4,1.922431230545044,0.49175360798835754
5,1.7727458477020264,0.31553933024406433
6,1.2396175861358643,0.29562848806381226
7,1.63047456741333,0.2777775228023529
8,1.2391663789749146,0.3607230484485626
9,0.9035997986793518,0.40630704164505005
10,0.9747585654258728,1.4272562265396118
11,1.0100126266479492,0.5770317316055298
12,0.7929244637489319,0.23573464155197144
13,0.9842937588691711,0.5869188904762268
14,0.84060138463974,0.6200318932533264
15,0.8971859812736511,0.3884260058403015
16,0.8720137476921082,0.21199722588062286
17,0.8617892861366272,0.5011389851570129
18,0.6934321522712708,0.6852287650108337
19,0.6089245676994324,0.2167797088623047
20,0.7257461547851562,0.21194423735141754
21,0.6343344449996948,0.6653202772140503
22,0.7940226793289185,0.20379674434661865
23,0.5754334330558777,0.20225125551223755
24,0.9822561144828796,1.6620324850082397
25,0.7909397482872009,0.1807958334684372
26,0.9957089424133301,1.5621153116226196
27,1.3883966207504272,0.31120389699935913
28,1.1837186813354492,0.23209945857524872
29,0.8152123689651489,0.23932263255119324
30,0.946620523929596,1.9492415189743042
