epoch,loss,val_loss
0,63.748050689697266,32.00957107543945
1,20.773704528808594,23.0250244140625
2,18.524856567382812,16.546146392822266
3,15.410690307617188,35.396881103515625
4,17.538728713989258,17.409488677978516
5,15.72934627532959,38.452579498291016
6,12.562409400939941,7.787981986999512
7,13.975414276123047,6.403557777404785
8,12.54179573059082,12.464818000793457
9,12.367867469787598,6.304643154144287
10,11.564316749572754,54.6885986328125
11,11.019135475158691,30.51930809020996
12,10.912115097045898,8.488570213317871
13,11.014217376708984,21.663726806640625
14,10.254767417907715,21.363117218017578
15,9.571817398071289,21.571414947509766
16,9.419439315795898,15.814098358154297
17,10.831269264221191,16.1619815826416
18,9.180400848388672,12.512734413146973
19,8.426741600036621,9.325106620788574
20,9.931377410888672,35.22206497192383
21,8.868517875671387,5.535181999206543
22,9.325613021850586,16.67443084716797
23,7.116928577423096,19.883499145507812
24,8.690534591674805,35.79066848754883
25,7.090804576873779,27.892671585083008
26,9.022440910339355,12.977522850036621
27,6.631612777709961,10.572328567504883
28,7.240862846374512,12.353764533996582
29,7.768373489379883,12.673914909362793
30,7.4086785316467285,11.415519714355469
31,6.967862606048584,24.9915771484375
32,9.929916381835938,27.187644958496094
33,6.217311382293701,20.907785415649414
34,5.896048545837402,49.21532440185547
35,6.683915615081787,27.58340072631836
36,6.837872505187988,19.577213287353516
37,6.850862503051758,16.837120056152344
38,6.031010627746582,42.38045120239258
39,7.043014049530029,27.032075881958008
40,6.025156497955322,20.437131881713867
41,6.205554485321045,57.7447509765625
42,6.721529483795166,9.890519142150879
43,8.144217491149902,23.981143951416016
44,6.37436580657959,19.31912612915039
45,6.857057571411133,36.978660583496094
46,5.638108730316162,44.837249755859375
0,630.914794921875,921.1941528320312
1,374.2864990234375,421.6888732910156
2,125.39816284179688,67.42034912109375
3,15.867853164672852,14.210755348205566
4,8.712874412536621,33.44389724731445
5,7.568307876586914,38.15683364868164
6,7.125213623046875,56.1529426574707
7,8.059285163879395,25.986013412475586
8,9.335046768188477,21.7906494140625
9,8.668139457702637,24.611494064331055
10,7.289340972900391,18.119897842407227
11,7.641155242919922,48.35621643066406
12,7.414244174957275,80.7239761352539
13,7.916030406951904,33.84711837768555
14,7.433724880218506,31.84624481201172
15,7.08122444152832,55.78489685058594
16,6.1747918128967285,34.90226745605469
17,6.219056606292725,49.438289642333984
18,6.557950019836426,59.61216735839844
19,6.010399341583252,60.66963577270508
20,7.042898178100586,28.058231353759766
21,5.5435943603515625,70.83903503417969
22,6.442022323608398,71.92471313476562
23,6.6440300941467285,36.612998962402344
24,5.683627605438232,73.19219970703125
25,5.177225589752197,49.084251403808594
26,6.775165557861328,65.24484252929688
27,5.913189888000488,31.746463775634766
28,4.870839595794678,75.49214935302734
29,5.789664268493652,90.25272369384766
30,5.666032791137695,47.300479888916016
31,5.444343090057373,69.52887725830078
32,5.654043197631836,71.77494812011719
33,6.102911949157715,113.30389404296875
34,5.537615776062012,81.7706298828125
35,5.518301486968994,55.59512710571289
36,5.350727558135986,94.06095123291016
37,4.768833160400391,32.621341705322266
38,5.787221908569336,109.61832427978516
39,5.955662727355957,81.7469711303711
40,5.186674118041992,73.81451416015625
41,5.897284507751465,130.5878143310547
42,5.771398544311523,80.53058624267578
43,5.330306529998779,159.91180419921875
44,5.6233696937561035,106.10956573486328
45,5.679828643798828,57.522193908691406
46,5.038494110107422,109.98065185546875
47,5.233870506286621,93.54551696777344
48,5.196819305419922,111.15985870361328
49,4.883387565612793,104.30785369873047
50,4.823815822601318,97.43660736083984
51,4.910043716430664,106.47523498535156
52,5.621836185455322,74.60208892822266
53,4.717324256896973,112.7208251953125
54,5.405068874359131,119.30530548095703
55,5.023070812225342,99.53401947021484
56,5.405625343322754,98.40581512451172
57,4.890431880950928,118.32276916503906
58,4.677860736846924,108.08008575439453
59,5.126070022583008,168.07371520996094
60,5.315232753753662,144.60336303710938
61,4.810907363891602,119.38062286376953
62,4.887371063232422,92.80470275878906
63,4.547128200531006,110.74464416503906
64,5.011830806732178,119.39856719970703
65,4.51848030090332,112.66927337646484
66,4.688393592834473,94.89236450195312
67,4.786853790283203,99.28538513183594
68,4.544266223907471,77.4831771850586
69,4.158588409423828,122.73004913330078
70,4.715613842010498,135.63926696777344
71,4.455400466918945,102.6251220703125
72,4.460610866546631,109.80733489990234
73,4.566921710968018,112.33763122558594
74,4.525401592254639,142.33255004882812
75,5.226136207580566,133.34278869628906
76,4.860418796539307,101.77482604980469
77,4.760964870452881,99.05126190185547
78,5.070814609527588,124.74942779541016
79,4.503195285797119,124.96056365966797
80,4.30794620513916,142.4863739013672
81,4.669809818267822,78.78766632080078
82,4.758205890655518,109.81489562988281
83,4.535870552062988,129.5199737548828
84,4.46699333190918,137.30393981933594
85,3.9709084033966064,112.41053771972656
86,3.851490020751953,156.9820556640625
87,4.878408432006836,109.3327865600586
88,4.224494457244873,104.29438018798828
89,4.902088642120361,121.12273406982422
90,4.213601112365723,131.6839141845703
91,3.9785828590393066,133.59378051757812
92,3.7205138206481934,110.6996841430664
93,3.973214626312256,102.62877655029297
94,4.03231954574585,114.67803955078125
95,4.682903289794922,61.47063064575195
96,4.265876770019531,127.08346557617188
97,4.107065200805664,110.80415344238281
98,4.148543834686279,87.13629913330078
99,4.175206661224365,126.24856567382812
100,4.222232341766357,77.14371490478516
101,4.489412307739258,107.33834838867188
102,4.298611164093018,124.26822662353516
103,4.162337303161621,147.50418090820312
0,969.38818359375,1198.368896484375
1,670.696044921875,1097.552734375
2,592.128173828125,860.1177978515625
3,320.34796142578125,65.14815521240234
4,75.396240234375,102.42048645019531
5,47.430233001708984,69.44638061523438
6,41.610069274902344,32.521697998046875
7,33.14377212524414,15.529105186462402
8,31.509714126586914,33.716922760009766
9,21.32869529724121,34.926727294921875
10,16.442472457885742,43.804874420166016
11,15.257609367370605,20.88474464416504
12,17.171438217163086,24.196435928344727
0,1004.2901611328125,710.0887451171875
1,141.9728546142578,68.0108871459961
2,39.082183837890625,62.763648986816406
3,24.6689510345459,111.99887084960938
4,22.833044052124023,32.11601257324219
5,14.292549133300781,92.29150390625
6,26.867799758911133,107.13907623291016
7,13.59363079071045,44.37435531616211
8,15.211411476135254,50.584049224853516
9,10.714789390563965,43.51305389404297
0,18097244.0,1284.822265625
1,766.9176025390625,1322.43798828125
2,783.9517822265625,1332.0599365234375
3,787.3992309570312,1331.636962890625
4,785.68505859375,1327.6510009765625
5,782.1588134765625,1322.413330078125
0,736.2167358398438,1241.958251953125
1,735.2826538085938,1239.08544921875
2,735.0115966796875,1236.1632080078125
3,741.123046875,1233.3411865234375
4,726.3123168945312,1230.55615234375
5,733.4652099609375,1227.5823974609375
6,726.662109375,1224.786376953125
7,728.6192626953125,1221.9058837890625
8,730.4714965820312,1219.082763671875
9,716.0090942382812,1216.4429931640625
10,723.5916137695312,1213.4993896484375
11,726.053466796875,1210.7103271484375
12,714.08056640625,1207.9849853515625
13,717.3736572265625,1205.119873046875
14,715.5450439453125,1202.3485107421875
15,712.1157836914062,1199.5322265625
16,710.3654174804688,1196.7955322265625
17,711.4967041015625,1194.0185546875
18,709.1702270507812,1191.2940673828125
19,704.9933471679688,1188.6005859375
20,704.4110107421875,1185.8525390625
21,702.1824951171875,1183.082275390625
22,709.42431640625,1180.3387451171875
23,703.922119140625,1177.64111328125
24,702.8233032226562,1174.879638671875
25,699.912353515625,1172.179443359375
26,694.56982421875,1169.5579833984375
27,693.8670654296875,1167.0166015625
28,693.1878662109375,1164.48388671875
29,694.9511108398438,1161.9766845703125
30,693.3192749023438,1159.527099609375
31,683.2399291992188,1157.0640869140625
32,686.635498046875,1154.661376953125
33,689.6239624023438,1152.30126953125
34,692.6869506835938,1150.0462646484375
35,680.8656616210938,1147.8419189453125
36,686.7263793945312,1145.590087890625
37,680.8045043945312,1143.4744873046875
38,674.4091186523438,1141.26513671875
39,681.3896484375,1139.1239013671875
40,676.069091796875,1137.0595703125
41,678.7465209960938,1135.078369140625
42,681.0164794921875,1133.210205078125
43,675.1286010742188,1131.4130859375
44,673.9854125976562,1129.7318115234375
45,672.1542358398438,1127.9873046875
46,668.6311645507812,1126.26416015625
47,668.7439575195312,1124.5609130859375
48,672.6387939453125,1122.9169921875
49,663.1076049804688,1121.2064208984375
50,662.6519775390625,1119.531494140625
51,665.7274780273438,1117.97509765625
52,660.0231323242188,1116.3031005859375
53,659.765380859375,1114.6773681640625
54,661.9884643554688,1113.0570068359375
55,660.606689453125,1111.4317626953125
56,655.4989624023438,1109.8497314453125
57,654.6090698242188,1108.3228759765625
58,656.913330078125,1106.7333984375
59,659.0460815429688,1105.223388671875
60,654.7230224609375,1103.77490234375
61,654.1450805664062,1102.3865966796875
62,650.7271118164062,1100.9254150390625
63,654.78759765625,1099.5316162109375
64,649.2916870117188,1098.2265625
65,646.8370971679688,1096.96044921875
66,639.6832275390625,1095.7177734375
67,646.5006103515625,1094.510498046875
68,642.3075561523438,1093.4007568359375
69,642.0242309570312,1092.2529296875
70,633.5986328125,1091.1455078125
71,640.21484375,1090.0230712890625
72,641.068603515625,1088.8856201171875
73,637.8429565429688,1087.763427734375
74,637.3929443359375,1086.5933837890625
75,637.3231201171875,1085.45263671875
76,630.5032958984375,1084.2864990234375
77,635.2512817382812,1083.103271484375
78,636.1449584960938,1081.9462890625
79,634.7460327148438,1080.7598876953125
80,630.5533447265625,1079.5570068359375
81,631.8131103515625,1078.3768310546875
82,628.5932006835938,1077.1392822265625
83,625.7390747070312,1075.9390869140625
84,618.4508056640625,1074.674560546875
85,623.4351196289062,1073.4228515625
86,628.652099609375,1072.1707763671875
87,624.457763671875,1070.91845703125
88,617.347412109375,1069.5972900390625
89,618.9072265625,1068.30810546875
90,615.4533081054688,1066.989501953125
91,617.4154663085938,1065.6048583984375
92,616.905517578125,1064.2330322265625
93,616.5262451171875,1062.866943359375
94,611.8577880859375,1061.47998046875
95,615.8650512695312,1060.05517578125
96,610.65966796875,1058.6177978515625
97,610.3959350585938,1057.18994140625
98,610.0597534179688,1055.7479248046875
99,606.69384765625,1054.30517578125
100,610.6991577148438,1052.83642578125
101,605.73876953125,1051.4080810546875
102,604.4220581054688,1049.9327392578125
103,607.708251953125,1048.5059814453125
104,600.1365966796875,1047.0478515625
105,602.1491088867188,1045.61181640625
106,598.9821166992188,1044.1387939453125
107,596.8392944335938,1042.69140625
108,599.3079833984375,1041.2652587890625
109,604.8240966796875,1039.843994140625
110,600.2252197265625,1038.44677734375
111,599.925537109375,1037.02197265625
112,594.2825927734375,1035.59912109375
113,598.5997314453125,1034.172607421875
114,593.8067626953125,1032.7899169921875
115,594.15234375,1031.394775390625
116,592.5533447265625,1030.0684814453125
117,590.703857421875,1028.686279296875
118,589.1096801757812,1027.30712890625
119,589.7908935546875,1025.9466552734375
120,583.4075317382812,1024.5477294921875
121,588.8989868164062,1023.1980590820312
122,585.6849365234375,1021.8267211914062
123,587.3967895507812,1020.4732055664062
124,583.8941650390625,1019.1023559570312
125,579.5390625,1017.7507934570312
126,583.4500122070312,1016.445068359375
127,580.3781127929688,1015.1636962890625
128,578.3146362304688,1013.83447265625
129,578.3419189453125,1012.498291015625
130,577.2496337890625,1011.1854248046875
131,578.6912841796875,1009.9070434570312
132,577.98046875,1008.57470703125
133,575.6937866210938,1007.242431640625
134,575.1929931640625,1005.93798828125
135,575.1483154296875,1004.6500244140625
136,576.7085571289062,1003.3757934570312
137,576.221923828125,1002.0784912109375
138,574.1393432617188,1000.8060913085938
139,569.2730102539062,999.5149536132812
140,567.8733520507812,998.261962890625
141,565.6448974609375,997.0029907226562
142,568.1650390625,995.6881713867188
143,566.1016235351562,994.4009399414062
144,565.94921875,993.099609375
145,566.296630859375,991.8236694335938
146,561.07080078125,990.5235595703125
147,561.3678588867188,989.2221069335938
148,562.2313842773438,987.90625
149,560.6315307617188,986.6146850585938
150,557.1821899414062,985.2824096679688
151,560.7052001953125,983.9488525390625
152,556.3251953125,982.65673828125
153,555.9545288085938,981.3639526367188
154,557.2213134765625,980.0335693359375
155,555.290283203125,978.7110595703125
156,553.0435180664062,977.3931274414062
157,552.2577514648438,976.0606689453125
158,554.787109375,974.7116088867188
159,549.6611938476562,973.3607788085938
160,550.4385986328125,972.0223999023438
161,548.4909057617188,970.6806030273438
162,549.7622680664062,969.3377685546875
163,546.3698120117188,967.995849609375
164,549.8373413085938,966.6517944335938
165,544.84619140625,965.29443359375
166,545.04931640625,963.9209594726562
167,540.6023559570312,962.5272827148438
168,546.741943359375,961.1361083984375
169,541.6116943359375,959.7531127929688
170,538.8118896484375,958.3805541992188
171,540.4868774414062,956.9631958007812
172,542.7083129882812,955.5753784179688
173,536.462890625,954.1511840820312
174,537.953369140625,952.7610473632812
175,533.4012451171875,951.3458251953125
176,539.3901977539062,949.9484252929688
177,531.042724609375,948.5166625976562
178,535.5131225585938,947.09619140625
179,531.8650512695312,945.66064453125
180,531.9755859375,944.2338256835938
181,533.0436401367188,942.80029296875
182,526.9231567382812,941.3547973632812
183,529.9063720703125,939.9363403320312
184,530.6266479492188,938.5021362304688
185,526.36279296875,937.07763671875
186,521.55859375,935.647216796875
187,523.486328125,934.2008056640625
188,522.5142211914062,932.76513671875
189,524.903564453125,931.3156127929688
190,520.0401000976562,929.87255859375
191,522.341064453125,928.4307861328125
192,515.9293823242188,926.9966430664062
193,522.44189453125,925.5345458984375
194,517.62109375,924.0736694335938
195,516.0745239257812,922.62890625
196,511.9239807128906,921.193115234375
197,515.5775756835938,919.7484130859375
198,515.197998046875,918.2836303710938
199,515.6116943359375,916.8433837890625
0,744.10498046875,989.9346313476562
1,624.5217895507812,963.5924072265625
2,612.38134765625,953.50341796875
3,600.7791137695312,938.1576538085938
4,592.4548950195312,927.1066284179688
5,583.075439453125,915.8656616210938
6,576.36474609375,901.9528198242188
7,568.1591796875,901.3193969726562
8,561.5523681640625,878.0850219726562
9,552.3471069335938,862.37841796875
10,545.0947875976562,848.7216796875
11,539.8938598632812,843.8319702148438
12,528.8843383789062,825.2860717773438
13,522.7785034179688,811.615234375
14,513.5364990234375,800.2413940429688
15,507.1689147949219,795.1868286132812
16,498.38055419921875,784.4546508789062
17,491.8312072753906,781.7501831054688
18,485.1211853027344,757.0580444335938
19,475.3232116699219,747.9830932617188
20,467.30322265625,727.258056640625
21,462.3766784667969,723.2890014648438
22,451.8021240234375,730.4215087890625
23,446.45849609375,691.2272338867188
24,436.9006042480469,692.6549072265625
25,428.1643371582031,664.0902099609375
26,421.761962890625,669.99560546875
27,412.3675537109375,644.900634765625
28,402.9895935058594,625.02294921875
29,399.0057373046875,611.1890869140625
30,387.0162658691406,620.7169189453125
31,380.3280029296875,584.3533325195312
32,369.8235778808594,582.854248046875
33,360.34912109375,555.7238159179688
34,352.9583740234375,550.4866943359375
35,343.4537658691406,529.6248779296875
36,336.1457214355469,519.751220703125
37,325.78790283203125,504.0434265136719
38,319.3561096191406,515.7800903320312
39,311.31494140625,478.8097839355469
40,301.4676513671875,463.3052673339844
41,292.525146484375,458.746826171875
42,284.97198486328125,447.9162902832031
43,276.12078857421875,431.8849792480469
44,267.158935546875,416.75164794921875
45,259.09564208984375,402.41522216796875
46,250.71395874023438,413.3030700683594
47,244.79393005371094,375.29852294921875
48,233.4555206298828,367.3603210449219
49,225.99305725097656,339.047607421875
50,217.46600341796875,326.28741455078125
51,210.5102081298828,313.42724609375
52,199.77931213378906,303.3670959472656
53,189.12136840820312,296.6575012207031
54,181.487060546875,286.004150390625
55,173.25302124023438,262.9876403808594
56,164.02430725097656,270.5171813964844
57,158.66680908203125,243.7628631591797
58,146.91432189941406,227.78515625
59,138.7275848388672,252.77357482910156
60,136.8852996826172,196.4498291015625
61,123.97647857666016,184.13998413085938
62,124.14735412597656,169.66929626464844
63,111.35325622558594,167.73387145996094
64,101.98655700683594,148.6645050048828
65,96.25057220458984,138.7919464111328
66,89.06282806396484,138.57322692871094
67,82.52735900878906,143.64752197265625
68,78.406982421875,119.64494323730469
69,71.3023452758789,142.86837768554688
70,69.14910888671875,92.4823989868164
71,65.39168548583984,99.40271759033203
72,55.292579650878906,79.67277526855469
73,51.966880798339844,115.17998504638672
74,50.975704193115234,70.88871002197266
75,41.798866271972656,60.046119689941406
76,38.38730239868164,70.08390808105469
77,36.36076736450195,46.47959518432617
78,34.56060028076172,51.44797897338867
79,28.67390251159668,50.79160690307617
80,26.22974395751953,35.85718536376953
81,31.910459518432617,30.314592361450195
82,24.197040557861328,41.4367790222168
83,18.844860076904297,25.672496795654297
84,18.8306884765625,33.562129974365234
85,16.314136505126953,21.092144012451172
86,14.614521980285645,31.076045989990234
87,12.241107940673828,15.55113697052002
88,12.508243560791016,60.56412124633789
89,17.308242797851562,13.107163429260254
90,9.524821281433105,13.020454406738281
91,8.880608558654785,8.977336883544922
92,11.237785339355469,15.086844444274902
93,7.451882362365723,25.519519805908203
94,8.209090232849121,14.845523834228516
95,6.243381023406982,10.291973114013672
96,8.978578567504883,53.21538162231445
0,669.30859375,933.6103515625
1,563.6843872070312,807.742919921875
2,491.62255859375,724.5281982421875
3,433.9968566894531,657.1630859375
4,397.2359313964844,599.2728271484375
5,364.26898193359375,549.521728515625
6,332.3675842285156,503.2914123535156
7,298.71783447265625,463.23065185546875
8,274.0385437011719,428.5394592285156
9,254.83096313476562,399.9942932128906
10,239.16104125976562,374.6784973144531
11,222.706787109375,352.4178466796875
12,208.35877990722656,336.4622497558594
13,200.69223022460938,319.77569580078125
14,186.81808471679688,299.37860107421875
15,183.07493591308594,285.7776184082031
16,173.1875,273.159912109375
17,168.1783905029297,264.514404296875
18,166.20297241210938,254.20355224609375
19,156.80929565429688,245.8807373046875
20,153.00473022460938,239.0768280029297
21,148.82579040527344,230.5227508544922
22,147.71310424804688,225.96478271484375
23,142.0869140625,219.7333984375
24,140.35606384277344,213.86874389648438
25,135.92755126953125,209.3686981201172
26,133.9418182373047,205.63388061523438
27,129.96267700195312,200.5917205810547
28,126.0080795288086,195.44476318359375
29,124.5220947265625,190.77098083496094
30,121.51199340820312,187.40733337402344
31,119.56952667236328,183.30393981933594
32,116.09799194335938,178.7708740234375
33,115.40363311767578,174.40191650390625
34,114.20848846435547,170.16734313964844
35,109.34721374511719,166.895751953125
36,106.32086944580078,163.12615966796875
37,104.23419952392578,159.78822326660156
38,104.44615173339844,156.68719482421875
39,101.65806579589844,152.9640655517578
40,100.51904296875,149.88870239257812
41,100.47319793701172,148.00918579101562
42,95.81953430175781,144.54144287109375
43,94.06957244873047,143.34225463867188
44,94.8536605834961,140.20399475097656
45,93.09278106689453,136.81622314453125
46,91.36285400390625,133.46286010742188
47,89.89060974121094,131.0875244140625
48,86.4474105834961,129.06468200683594
49,85.47109985351562,126.54402923583984
50,82.45318603515625,124.84028625488281
51,83.35440063476562,123.41336059570312
52,79.7506103515625,121.64376831054688
53,81.02628326416016,120.82835388183594
54,77.6414794921875,119.16437530517578
55,76.66655731201172,116.29678344726562
56,74.41285705566406,114.91777801513672
57,73.25312042236328,111.71346282958984
58,73.19234466552734,110.20872497558594
59,71.92615509033203,107.9004898071289
60,71.24247741699219,105.30377197265625
61,70.10591888427734,103.23190307617188
62,67.52409362792969,101.58985900878906
63,66.53443145751953,98.96468353271484
64,67.62300872802734,96.97198486328125
65,64.68183898925781,95.05029296875
66,67.2772216796875,94.65824127197266
67,62.62026596069336,92.77581787109375
68,61.22751235961914,91.49878692626953
69,63.246360778808594,89.92633056640625
70,60.6280632019043,87.91305541992188
71,58.47001266479492,86.52803039550781
72,59.76750183105469,83.37913513183594
73,58.245086669921875,82.16261291503906
74,56.71306610107422,81.64899444580078
75,56.11133575439453,80.29585266113281
76,54.493839263916016,78.24655151367188
77,52.53092575073242,76.41619873046875
78,54.841915130615234,75.37074279785156
79,53.33127212524414,74.85868835449219
80,52.82221984863281,74.60594177246094
81,50.99677276611328,72.1448974609375
82,50.685298919677734,70.57087707519531
83,52.03924560546875,68.84959411621094
84,49.454063415527344,67.67084503173828
85,46.699256896972656,66.3909683227539
86,46.56672668457031,65.91075897216797
87,46.38427734375,64.1727523803711
88,46.29991149902344,62.099056243896484
89,47.11993408203125,60.8265380859375
90,46.42918395996094,61.3348388671875
91,46.59504318237305,59.78739547729492
92,46.76216125488281,58.865020751953125
93,46.502593994140625,58.48556137084961
94,42.399864196777344,56.99464416503906
95,43.356101989746094,56.081275939941406
96,43.814979553222656,55.30800247192383
97,39.92010498046875,54.38539505004883
98,43.84602355957031,53.53657913208008
99,42.044219970703125,52.160465240478516
100,40.6314582824707,50.93254470825195
101,38.71165466308594,51.04092025756836
102,39.21924591064453,49.4366340637207
103,37.46470642089844,48.95777893066406
104,36.687679290771484,48.53972244262695
105,38.6427001953125,48.27443313598633
106,36.63090515136719,47.74410629272461
107,37.95531463623047,47.19544982910156
108,35.72454833984375,46.968292236328125
109,39.659053802490234,45.93010711669922
110,38.17036056518555,45.86665344238281
111,34.77897262573242,44.57902908325195
112,34.46499252319336,43.7507209777832
113,36.37797546386719,44.54634475708008
114,33.657718658447266,43.62471008300781
115,36.5228157043457,42.75791549682617
116,31.780473709106445,41.71448516845703
117,31.252552032470703,40.203025817871094
118,35.063533782958984,41.011993408203125
119,31.55498695373535,40.16135025024414
120,32.31575012207031,38.5166015625
121,32.76289367675781,38.897987365722656
122,31.050222396850586,39.15351486206055
123,30.766094207763672,38.37392807006836
124,31.787750244140625,39.76112365722656
125,31.636714935302734,38.97222900390625
126,30.08286476135254,37.3428955078125
127,32.19313049316406,36.07865524291992
128,29.543161392211914,35.22233581542969
129,31.82705307006836,34.731689453125
130,30.36947250366211,33.29336929321289
131,29.105731964111328,33.67418670654297
132,30.042083740234375,33.655303955078125
133,28.24112892150879,33.69591522216797
134,31.62764549255371,32.483543395996094
135,28.017484664916992,33.09397888183594
136,29.1348819732666,32.64084243774414
137,28.030441284179688,31.63905906677246
138,28.4095458984375,31.732437133789062
139,29.292112350463867,30.56803321838379
140,26.094032287597656,29.875585556030273
141,27.507123947143555,29.481782913208008
142,26.01268768310547,29.333036422729492
143,26.19917106628418,29.615571975708008
144,28.483036041259766,29.488080978393555
145,25.6732177734375,28.91827392578125
146,25.81789779663086,28.765701293945312
147,25.170469284057617,28.4947509765625
148,25.72879409790039,28.162412643432617
149,26.49066925048828,27.62086296081543
150,27.56068229675293,26.8984375
151,27.43532371520996,27.198410034179688
152,25.018831253051758,27.115711212158203
153,25.63685417175293,26.533464431762695
154,25.160980224609375,26.768733978271484
155,25.70116424560547,26.194612503051758
156,27.147592544555664,25.45884895324707
157,25.891521453857422,25.11394500732422
158,25.1209716796875,25.06421661376953
159,24.517192840576172,25.18500328063965
160,24.446882247924805,25.713157653808594
161,24.05297088623047,25.995222091674805
162,24.082277297973633,25.881427764892578
163,23.39630889892578,25.167675018310547
0,579.9406127929688,820.1787719726562
1,474.840576171875,714.0485229492188
2,426.0854797363281,658.9376831054688
3,402.603515625,628.9186401367188
4,388.8429260253906,610.8695068359375
5,380.3930358886719,598.0463256835938
6,358.7737121582031,536.18505859375
7,309.91998291015625,467.4968566894531
8,271.0279846191406,407.9392395019531
9,236.9937744140625,358.7270202636719
10,209.1986083984375,316.606201171875
11,189.14605712890625,284.991943359375
12,172.2056121826172,258.8085632324219
13,158.38238525390625,237.00579833984375
14,149.4778289794922,220.6455535888672
15,139.55149841308594,207.68453979492188
16,131.46194458007812,197.36141967773438
17,127.0617446899414,186.7794189453125
18,122.20547485351562,178.32261657714844
19,115.36659240722656,165.73486328125
20,108.5135269165039,154.71478271484375
21,101.7476577758789,143.18881225585938
22,95.67507934570312,134.7105255126953
23,92.2913818359375,124.28014373779297
24,84.57060241699219,115.31312561035156
25,79.9837875366211,106.13816833496094
26,76.02740478515625,98.90863037109375
27,70.30516052246094,92.70752716064453
28,64.2985610961914,84.52686309814453
29,61.23369216918945,77.19098663330078
30,59.04281997680664,71.49656677246094
31,57.195343017578125,65.42654418945312
32,50.18366622924805,61.61958694458008
33,46.83827209472656,56.61845779418945
34,42.813079833984375,52.394901275634766
35,41.71436309814453,48.511077880859375
36,41.20295715332031,46.55109786987305
37,39.04009246826172,42.55922317504883
38,35.09172821044922,39.96827697753906
39,34.14784622192383,36.606685638427734
40,32.01194381713867,34.52280807495117
41,30.24475860595703,31.829845428466797
42,29.645105361938477,30.03708839416504
43,29.948959350585938,27.99230194091797
44,27.331626892089844,27.850154876708984
45,29.6326961517334,26.756914138793945
46,28.215869903564453,26.919281005859375
47,25.941497802734375,25.93308448791504
48,26.14358901977539,24.762184143066406
49,25.927581787109375,25.92073631286621
50,23.56892967224121,24.119644165039062
51,23.206439971923828,22.93463897705078
52,23.53028678894043,22.028451919555664
53,23.311120986938477,22.305585861206055
54,23.360599517822266,20.462535858154297
55,20.899335861206055,20.379451751708984
56,23.861555099487305,20.090845108032227
57,21.162452697753906,20.069381713867188
58,20.919189453125,19.489810943603516
59,19.31162452697754,19.85356903076172
60,19.365095138549805,19.225801467895508
61,20.66645050048828,17.281991958618164
62,21.156696319580078,18.31601333618164
63,20.40448760986328,17.793956756591797
64,21.82379913330078,17.229854583740234
65,19.79328155517578,16.35528564453125
66,18.54046630859375,15.435715675354004
67,19.198471069335938,15.449399948120117
68,20.565906524658203,16.157371520996094
69,18.890005111694336,15.941424369812012
70,17.521610260009766,15.627384185791016
71,19.03166961669922,15.392156600952148
72,18.4852352142334,14.502202987670898
73,19.05767822265625,14.93938159942627
74,19.467561721801758,15.496274948120117
75,18.81524658203125,14.541593551635742
76,16.391735076904297,14.461359977722168
77,18.836688995361328,14.337431907653809
78,16.334680557250977,14.330681800842285
79,18.405792236328125,14.553577423095703
80,17.416351318359375,13.342602729797363
81,15.84526252746582,13.137147903442383
82,17.20481300354004,12.71964168548584
83,16.65025520324707,13.324745178222656
84,17.126556396484375,12.84870719909668
85,16.91013526916504,13.241923332214355
86,17.127452850341797,12.424537658691406
87,15.780879974365234,12.757745742797852
88,15.11328411102295,12.589835166931152
89,15.472627639770508,12.683036804199219
90,15.731264114379883,12.97346305847168
91,17.456626892089844,12.595866203308105
0,33.87018966674805,40.47114944458008
1,8.999547958374023,39.80029296875
2,8.508162498474121,20.322195053100586
3,6.9140167236328125,16.245059967041016
4,6.344786643981934,35.12331008911133
5,6.591028690338135,20.360044479370117
6,5.986921310424805,12.540639877319336
7,5.6572113037109375,35.43820571899414
8,5.849522590637207,28.077045440673828
9,4.56860876083374,48.69233703613281
10,5.600730895996094,44.23645782470703
11,5.609206676483154,43.60271453857422
12,5.20647668838501,20.620651245117188
13,4.994021892547607,34.25274658203125
14,4.910355567932129,29.275447845458984
15,4.924532413482666,43.39287567138672
16,5.401394367218018,19.99696922302246
0,97.44670104980469,6.016993045806885
1,13.452085494995117,18.913747787475586
2,7.815799713134766,7.385994911193848
3,8.299345970153809,16.24533462524414
4,7.23647403717041,17.57376480102539
5,7.230331897735596,19.746938705444336
6,8.068238258361816,21.62499237060547
7,6.794219493865967,22.673837661743164
8,6.015567779541016,17.048511505126953
9,6.071381568908691,44.09212875366211
10,6.327600002288818,24.07017707824707
0,6135702.0,902.5433349609375
1,235.00392150878906,284.6153869628906
2,55.20512008666992,132.37127685546875
3,33.00717544555664,87.85479736328125
4,31.34010124206543,87.6797866821289
5,30.969520568847656,68.54134368896484
6,31.05280113220215,67.87528228759766
7,30.680803298950195,73.18067932128906
8,30.740314483642578,72.49951934814453
9,30.423776626586914,74.88572692871094
10,31.00240135192871,83.1501693725586
11,31.201213836669922,63.458396911621094
12,30.94013023376465,71.36972045898438
13,30.594987869262695,71.40497589111328
14,31.178762435913086,85.80973052978516
15,30.76983070373535,77.94843292236328
16,30.699071884155273,66.55709838867188
17,30.526844024658203,90.83485412597656
18,30.997024536132812,69.66001892089844
19,30.52203369140625,81.897216796875
20,30.746253967285156,69.6012191772461
21,31.009550094604492,73.01348114013672
0,594.573486328125,794.6141357421875
1,420.53204345703125,694.2173461914062
2,398.20672607421875,671.7239990234375
3,396.3597412109375,664.3565063476562
4,391.30316162109375,661.0453491210938
5,389.0273132324219,659.4102172851562
6,385.2819519042969,658.6088256835938
7,382.50958251953125,657.5637817382812
8,380.6513977050781,656.19921875
9,379.06817626953125,654.5059204101562
10,377.8066101074219,652.5079956054688
11,376.3775939941406,650.57421875
12,375.61614990234375,648.63818359375
13,373.4656677246094,646.7283935546875
14,371.5888366699219,644.9985961914062
15,371.566162109375,643.3602294921875
16,370.9977111816406,641.7859497070312
17,369.4088439941406,640.16357421875
18,368.6424865722656,638.5355834960938
19,368.25433349609375,637.0548095703125
20,368.2153015136719,635.7034301757812
21,367.1737365722656,634.3403930664062
22,365.9166564941406,633.048828125
23,365.2471008300781,631.8373413085938
24,365.05712890625,630.6951904296875
25,363.8091125488281,629.5817260742188
26,364.6728210449219,628.5199584960938
27,363.1083679199219,627.4882202148438
28,362.8324890136719,626.5574951171875
29,361.3563537597656,625.6408081054688
30,360.87725830078125,624.8721313476562
31,360.8075866699219,624.0796508789062
32,360.28167724609375,623.2803955078125
33,360.66900634765625,622.4915161132812
34,360.43829345703125,621.7621459960938
35,359.6313171386719,621.0545043945312
36,359.1851501464844,620.3211669921875
37,357.3556213378906,619.6167602539062
38,357.71893310546875,618.9219360351562
39,356.60540771484375,618.2828369140625
40,357.36553955078125,617.6463012695312
41,357.36590576171875,616.9921875
42,356.6326904296875,616.3504638671875
43,354.77154541015625,615.6801147460938
44,356.1808776855469,615.0464477539062
45,355.1014404296875,614.3839111328125
46,355.3038635253906,613.7649536132812
47,354.0794372558594,613.1565551757812
48,353.12481689453125,612.5846557617188
49,354.3770751953125,612.0083618164062
50,353.7534484863281,611.4556274414062
51,353.3656311035156,610.9482421875
52,352.5559387207031,610.3948974609375
53,352.2737731933594,609.86962890625
54,351.8854064941406,609.3636474609375
55,352.24847412109375,608.8405151367188
56,351.731201171875,608.3382568359375
57,351.9504699707031,607.8257446289062
58,351.42730712890625,607.3497924804688
59,350.735107421875,606.8888549804688
60,351.1790771484375,606.4305419921875
61,350.6328430175781,605.9866943359375
62,350.3230895996094,605.568359375
63,349.68145751953125,605.1775512695312
64,349.61273193359375,604.7745971679688
65,349.6243591308594,604.3843994140625
66,347.97100830078125,603.9885864257812
67,347.9233093261719,603.6149291992188
68,347.5702819824219,603.2335205078125
69,348.8422546386719,602.8744506835938
70,347.2542419433594,602.4902954101562
71,348.7291564941406,602.1132202148438
72,347.7312927246094,601.7031860351562
73,347.4856872558594,601.3087158203125
74,347.4461669921875,600.9327392578125
75,347.0995178222656,600.5719604492188
76,347.0068054199219,600.2290649414062
77,346.1391296386719,599.8677368164062
78,347.28369140625,599.5274658203125
79,346.74432373046875,599.1994018554688
80,346.5025329589844,598.8984375
81,345.6607666015625,598.5936279296875
82,345.287109375,598.2607421875
83,344.66497802734375,597.9592895507812
84,345.10546875,597.6480102539062
85,344.3013000488281,597.3258666992188
86,344.40673828125,596.9740600585938
87,344.80413818359375,596.6007690429688
88,344.6112976074219,596.2343139648438
89,343.46502685546875,595.8951416015625
90,343.86767578125,595.5546264648438
91,344.4223937988281,595.2296142578125
92,343.70269775390625,594.9111328125
93,343.8539733886719,594.6138916015625
94,343.8919372558594,594.3535766601562
95,342.5120849609375,594.0897827148438
96,343.547607421875,593.8258056640625
97,343.35845947265625,593.5611572265625
98,342.5593566894531,593.28662109375
99,343.5670166015625,593.0342407226562
100,341.9412841796875,592.7650146484375
101,342.16473388671875,592.4932861328125
102,340.8020324707031,592.2086791992188
103,341.5300598144531,591.9186401367188
104,341.4778137207031,591.6436767578125
105,340.5376281738281,591.3765869140625
106,341.5292663574219,591.08837890625
107,341.6596984863281,590.828125
108,340.8053283691406,590.5701904296875
109,339.8857116699219,590.3126220703125
110,340.9397277832031,590.0545654296875
111,340.6708679199219,589.8114013671875
112,340.59490966796875,589.5715942382812
113,340.3280944824219,589.3433227539062
114,339.89703369140625,589.1178588867188
115,339.5350646972656,588.8980712890625
116,340.33612060546875,588.6693725585938
117,340.32720947265625,588.4300537109375
118,339.3382263183594,588.1943359375
119,339.03997802734375,587.9510498046875
120,338.6690368652344,587.7042236328125
121,339.4224853515625,587.4614868164062
122,339.039794921875,587.2215576171875
123,339.5095520019531,586.9867553710938
124,338.4160461425781,586.7486572265625
125,338.44464111328125,586.5149536132812
126,337.85455322265625,586.2793579101562
127,339.3217468261719,586.0430297851562
128,338.054931640625,585.8093872070312
129,338.372314453125,585.58740234375
130,338.2301330566406,585.3672485351562
131,338.0168762207031,585.1436767578125
132,338.625244140625,584.9395141601562
133,337.6877746582031,584.7277221679688
134,337.6781311035156,584.5250854492188
135,337.383056640625,584.3143920898438
136,337.8531188964844,584.1064453125
137,336.52569580078125,583.9061279296875
138,337.0814208984375,583.6983642578125
139,337.7620544433594,583.4693603515625
140,338.0481872558594,583.2703857421875
141,335.9812927246094,583.0922241210938
142,337.59051513671875,582.9083862304688
143,336.7634582519531,582.7513427734375
144,336.14349365234375,582.5784301757812
145,336.3836669921875,582.4043579101562
146,336.0802307128906,582.2491455078125
147,336.1772155761719,582.07763671875
148,336.5886535644531,581.9146118164062
149,335.9395446777344,581.7385864257812
150,336.4263610839844,581.566650390625
151,336.0384216308594,581.3933715820312
152,334.71954345703125,581.2200927734375
153,335.671630859375,581.0514526367188
154,335.82489013671875,580.8921508789062
155,335.6937255859375,580.7640991210938
156,335.5322570800781,580.6219482421875
157,334.1316223144531,580.4625244140625
158,335.1072082519531,580.2990112304688
159,335.8256530761719,580.134033203125
160,334.6123962402344,579.9359741210938
161,335.3921203613281,579.7464599609375
162,334.04486083984375,579.5570678710938
163,334.80328369140625,579.3573608398438
164,334.6997985839844,579.1618041992188
165,333.8554992675781,578.96630859375
166,334.6893310546875,578.7844848632812
167,333.7497253417969,578.5975952148438
168,334.1002502441406,578.4170532226562
169,332.9048156738281,578.213623046875
170,334.175048828125,578.0180053710938
171,334.54302978515625,577.8294677734375
172,333.7665710449219,577.668701171875
173,333.7305908203125,577.4888305664062
174,334.0275573730469,577.3084106445312
175,333.038330078125,577.1444702148438
176,333.31805419921875,576.9932861328125
177,334.05206298828125,576.8399658203125
178,333.5888366699219,576.6924438476562
179,333.89019775390625,576.5457153320312
180,332.9951477050781,576.4039306640625
181,332.7712097167969,576.2601928710938
182,333.86737060546875,576.1109008789062
183,332.2679443359375,575.9531860351562
184,333.0447082519531,575.8018798828125
185,333.4981384277344,575.6480102539062
186,331.9556579589844,575.4983520507812
187,332.6709289550781,575.3805541992188
188,331.5968933105469,575.2429809570312
189,331.1811828613281,575.1073608398438
190,331.95697021484375,574.9847412109375
191,331.2315979003906,574.8555908203125
192,332.4737854003906,574.7157592773438
193,332.1746826171875,574.57177734375
194,332.5732727050781,574.4347534179688
195,331.9911804199219,574.3124389648438
196,332.34320068359375,574.1969604492188
197,331.9281311035156,574.0748901367188
198,330.9366760253906,573.9226684570312
199,331.8249206542969,573.7702026367188
200,332.3930358886719,573.622802734375
201,330.3178405761719,573.4730224609375
202,329.5526428222656,573.3269653320312
203,330.484375,573.1910400390625
204,331.88372802734375,573.0663452148438
205,330.8613586425781,572.92041015625
206,330.7061462402344,572.7684936523438
207,330.3243103027344,572.6306762695312
208,331.65618896484375,572.4960327148438
209,331.03521728515625,572.3511962890625
210,330.57537841796875,572.2157592773438
211,329.85675048828125,572.094970703125
212,329.231201171875,571.9757690429688
213,330.35992431640625,571.8595581054688
214,331.02459716796875,571.7215576171875
215,330.7406311035156,571.5919799804688
216,330.1946105957031,571.4364013671875
217,330.3289489746094,571.3009643554688
218,329.02813720703125,571.1655883789062
219,329.5267028808594,571.0252685546875
220,330.4245910644531,570.8831787109375
221,329.6386413574219,570.7363891601562
222,329.48468017578125,570.61669921875
223,329.26983642578125,570.5096435546875
224,330.021484375,570.3969116210938
225,328.9925537109375,570.2772216796875
226,329.27056884765625,570.1361083984375
227,327.59222412109375,570.0106811523438
228,328.9097900390625,569.8877563476562
229,330.2940368652344,569.7619018554688
230,328.6177062988281,569.6376342773438
231,329.0325622558594,569.4895629882812
232,329.35894775390625,569.3583374023438
233,328.75836181640625,569.244873046875
234,328.507568359375,569.1286010742188
235,328.2788391113281,568.9946899414062
236,328.9503479003906,568.8492431640625
237,328.6145935058594,568.7116088867188
238,328.409912109375,568.6030883789062
239,328.2701416015625,568.4845581054688
240,328.51177978515625,568.3720092773438
241,328.3558044433594,568.2467041015625
242,327.52618408203125,568.1209716796875
243,327.75054931640625,567.9901733398438
244,327.9269714355469,567.8638305664062
245,328.00030517578125,567.7230224609375
246,328.572998046875,567.5972900390625
247,327.74676513671875,567.4881591796875
248,328.4826354980469,567.37646484375
249,326.94183349609375,567.2689208984375
250,327.6433410644531,567.17529296875
251,327.7945556640625,567.0789794921875
252,327.7681884765625,566.972412109375
253,326.64892578125,566.8565673828125
254,327.658203125,566.744140625
255,326.8092041015625,566.6431274414062
256,328.25701904296875,566.5375366210938
257,327.3852844238281,566.4207153320312
258,327.1268005371094,566.3143310546875
259,327.23138427734375,566.2076416015625
260,325.8707580566406,566.0977172851562
261,326.2001647949219,565.985107421875
262,326.284912109375,565.8609008789062
263,327.71441650390625,565.7618408203125
264,327.2679138183594,565.6742553710938
265,326.6143493652344,565.5932006835938
266,325.8780212402344,565.488525390625
267,326.4231872558594,565.397216796875
268,326.20977783203125,565.3063354492188
269,327.37811279296875,565.1995849609375
270,326.34539794921875,565.0812377929688
271,326.2226257324219,564.9640502929688
272,326.5218811035156,564.8490600585938
273,326.1409606933594,564.7344970703125
274,326.5222473144531,564.6344604492188
275,326.1602783203125,564.5269165039062
276,326.3337097167969,564.4530029296875
277,325.8121337890625,564.36767578125
278,326.2705383300781,564.2858276367188
279,326.0311279296875,564.1871948242188
280,326.7056579589844,564.092529296875
281,325.3213806152344,563.98291015625
282,324.11370849609375,563.8963012695312
283,324.968017578125,563.7954711914062
284,324.7915344238281,563.6721801757812
285,326.2286682128906,563.5547485351562
286,325.1989440917969,563.46142578125
287,325.65960693359375,563.3546752929688
288,325.4912414550781,563.2556762695312
289,324.72003173828125,563.1472778320312
290,325.8316345214844,563.0292358398438
291,324.919677734375,562.9089965820312
292,325.8772277832031,562.8047485351562
293,326.63372802734375,562.7138061523438
294,325.4393005371094,562.6218872070312
295,323.8016052246094,562.5333862304688
296,324.7676086425781,562.4425048828125
297,324.67413330078125,562.3397216796875
298,324.2296447753906,562.2261352539062
299,324.20855712890625,562.1176147460938
300,324.69049072265625,562.0182495117188
301,325.2818298339844,561.9283447265625
302,324.5008239746094,561.8591918945312
303,324.6826477050781,561.7769775390625
304,323.62445068359375,561.6857299804688
305,324.4245910644531,561.6124877929688
306,323.9757080078125,561.5288696289062
307,323.759521484375,561.4340209960938
308,324.6658935546875,561.3414306640625
309,325.25372314453125,561.2440185546875
310,324.3714599609375,561.1304321289062
311,323.8631896972656,561.0191650390625
312,324.4256896972656,560.9105834960938
313,323.07818603515625,560.7972412109375
314,323.70379638671875,560.7140502929688
315,323.8448791503906,560.6126098632812
316,323.82391357421875,560.5111694335938
317,324.79827880859375,560.3997802734375
318,323.2165222167969,560.2963256835938
319,323.15411376953125,560.1837158203125
320,323.8597717285156,560.0610961914062
321,322.6729431152344,559.9430541992188
322,323.4217529296875,559.8323974609375
323,323.898681640625,559.72314453125
324,323.57086181640625,559.6136474609375
325,323.3254089355469,559.50390625
326,323.54815673828125,559.4012451171875
327,323.2289123535156,559.3218994140625
328,323.1257019042969,559.2406005859375
329,322.7792663574219,559.1552734375
330,323.3712158203125,559.0859985351562
331,323.8397521972656,559.0117797851562
332,323.02716064453125,558.9155883789062
333,323.4580993652344,558.806640625
334,322.2940979003906,558.7095336914062
335,321.8591613769531,558.6282348632812
336,322.6852111816406,558.5354614257812
337,322.52593994140625,558.4526977539062
338,321.1280517578125,558.3705444335938
339,322.6434326171875,558.2860107421875
340,322.57049560546875,558.2128295898438
341,321.7213439941406,558.1287231445312
342,322.5902099609375,558.0509643554688
343,322.8929443359375,557.9749145507812
344,321.7301940917969,557.9022216796875
345,322.5525817871094,557.8245239257812
346,322.71282958984375,557.7498168945312
347,322.3079833984375,557.6622924804688
348,321.1030578613281,557.5781860351562
349,321.77593994140625,557.4810791015625
350,322.36279296875,557.3755493164062
351,322.17010498046875,557.2771606445312
352,322.42529296875,557.1893310546875
353,321.6469421386719,557.0965576171875
354,322.421875,557.0064697265625
355,321.399658203125,556.9439697265625
356,322.45794677734375,556.8968505859375
357,321.34454345703125,556.8609619140625
358,323.03912353515625,556.8145751953125
359,322.1002502441406,556.76708984375
360,321.6986083984375,556.7119140625
361,321.94281005859375,556.6513671875
362,321.4624938964844,556.5860595703125
363,321.0679931640625,556.5137939453125
364,321.7571105957031,556.4515991210938
365,320.7518310546875,556.36669921875
366,321.2632751464844,556.2905883789062
367,321.6034240722656,556.205810546875
368,321.13800048828125,556.1087646484375
369,320.58575439453125,556.0111083984375
370,322.0721435546875,555.9360961914062
371,321.34539794921875,555.8687744140625
372,321.10601806640625,555.8101806640625
373,321.53057861328125,555.7415771484375
374,320.6142883300781,555.657958984375
375,321.8340148925781,555.5836791992188
376,320.9834289550781,555.5234985351562
377,320.83258056640625,555.4637451171875
378,320.31597900390625,555.4010009765625
379,321.7367248535156,555.3113403320312
380,321.1672668457031,555.2318725585938
381,320.0140380859375,555.1489868164062
382,320.8758239746094,555.0773315429688
383,319.8287658691406,555.0027465820312
384,320.8699951171875,554.9375
385,320.9291076660156,554.8607177734375
386,320.5458679199219,554.7883911132812
387,321.4266052246094,554.7177124023438
388,321.02020263671875,554.6566162109375
389,319.8165283203125,554.6012573242188
390,320.0770263671875,554.5459594726562
391,321.62939453125,554.4649658203125
392,320.5450134277344,554.3986206054688
393,320.3323974609375,554.3285522460938
394,321.6940612792969,554.2635498046875
395,320.5807800292969,554.2034301757812
396,319.4432678222656,554.154541015625
397,319.6992492675781,554.1129150390625
398,319.85772705078125,554.0399780273438
399,319.80517578125,553.9542846679688
400,320.26654052734375,553.85546875
401,319.7164001464844,553.7792358398438
402,320.5155029296875,553.7002563476562
403,319.9233093261719,553.6056518554688
404,319.6166687011719,553.515380859375
405,320.0210876464844,553.4411010742188
406,320.4512023925781,553.3690185546875
407,319.1677551269531,553.315673828125
408,319.7224426269531,553.2531127929688
409,319.25048828125,553.18896484375
410,319.93377685546875,553.1143188476562
411,318.70574951171875,553.0531005859375
412,319.1576232910156,553.0003051757812
413,319.699462890625,552.9431762695312
414,320.17706298828125,552.8959350585938
415,319.76605224609375,552.8460083007812
416,318.2671203613281,552.791015625
417,319.8375549316406,552.732421875
418,318.6358642578125,552.6644897460938
419,318.9737854003906,552.6067504882812
420,319.0652160644531,552.5415649414062
421,319.1912536621094,552.4548950195312
422,318.6145324707031,552.366943359375
423,319.7314758300781,552.2965698242188
424,319.8381042480469,552.2506103515625
425,319.34735107421875,552.1964111328125
426,320.10638427734375,552.1441040039062
427,319.510009765625,552.0986938476562
428,318.9665222167969,552.0528564453125
429,318.956298828125,552.0118408203125
430,318.85626220703125,551.9595336914062
431,318.4817810058594,551.9203491210938
432,318.08990478515625,551.8602294921875
433,318.277099609375,551.8175048828125
434,319.0965270996094,551.771728515625
435,319.33544921875,551.7144165039062
436,319.38922119140625,551.6597290039062
437,317.9873962402344,551.578369140625
438,317.9474792480469,551.5008544921875
439,318.9563293457031,551.43017578125
440,318.7977294921875,551.3571166992188
441,318.44415283203125,551.2882080078125
442,318.3106689453125,551.2238159179688
443,316.5848083496094,551.1582641601562
444,318.1409606933594,551.07763671875
445,319.0560302734375,551.0055541992188
446,318.0013122558594,550.9317016601562
447,317.80303955078125,550.8552856445312
448,318.8739929199219,550.774658203125
449,318.356689453125,550.6963500976562
450,318.2212219238281,550.6171264648438
451,318.0483093261719,550.5325317382812
452,319.09161376953125,550.4625854492188
453,317.0325622558594,550.3972778320312
454,318.1563720703125,550.3226928710938
455,318.32086181640625,550.2616577148438
456,318.4780578613281,550.18017578125
457,318.64306640625,550.1119384765625
458,318.65924072265625,550.0445556640625
459,318.4246520996094,549.9992065429688
460,317.1378479003906,549.93505859375
461,318.141357421875,549.8729248046875
462,317.99249267578125,549.8261108398438
463,318.0027160644531,549.7893676757812
464,318.4097595214844,549.7638549804688
465,317.9598083496094,549.7141723632812
466,317.51470947265625,549.6474609375
467,317.63104248046875,549.5807495117188
468,318.3296813964844,549.51611328125
469,317.48193359375,549.4501342773438
470,318.5570068359375,549.3811645507812
471,317.10888671875,549.3136596679688
472,316.2855224609375,549.2410888671875
473,316.4416198730469,549.185546875
474,317.66876220703125,549.1307373046875
475,317.5679016113281,549.0755004882812
476,317.1510925292969,549.002197265625
477,315.59735107421875,548.9213256835938
478,316.3005065917969,548.8356323242188
479,316.5268859863281,548.7664184570312
480,316.6396789550781,548.6912231445312
481,316.5941162109375,548.6317138671875
482,317.1803283691406,548.5784912109375
483,317.46905517578125,548.5186767578125
484,316.6305847167969,548.4647827148438
485,317.4792785644531,548.4124755859375
486,316.9964599609375,548.3624267578125
487,316.12127685546875,548.312744140625
488,317.156494140625,548.2687377929688
489,316.3964538574219,548.1876831054688
490,315.87542724609375,548.1314697265625
491,315.61956787109375,548.0801391601562
492,316.96771240234375,548.0269165039062
493,315.9320373535156,547.9717407226562
494,315.9398498535156,547.92724609375
495,316.2868957519531,547.8714599609375
496,314.9347839355469,547.8165283203125
497,316.18743896484375,547.7579345703125
498,315.3978271484375,547.6939086914062
499,316.656494140625,547.6292724609375
500,315.55670166015625,547.5601806640625
501,316.148193359375,547.5034790039062
502,316.8370056152344,547.4478149414062
503,316.14385986328125,547.396484375
504,314.9903564453125,547.3467407226562
505,316.0255126953125,547.2899780273438
506,317.36187744140625,547.2371215820312
507,315.85577392578125,547.1832275390625
508,316.30560302734375,547.1204833984375
509,315.79364013671875,547.0576782226562
510,316.52801513671875,547.0015258789062
511,315.7406921386719,546.9457397460938
512,316.11700439453125,546.8897094726562
513,315.9341735839844,546.8341064453125
514,315.533447265625,546.7704467773438
515,315.2147216796875,546.7202758789062
516,315.2643737792969,546.6659545898438
517,316.01019287109375,546.6112060546875
518,315.8449401855469,546.5697631835938
519,315.23980712890625,546.5162963867188
520,315.8598937988281,546.4623413085938
521,315.7054748535156,546.4212036132812
522,315.7287292480469,546.3865966796875
523,316.0639343261719,546.3355712890625
524,315.0742492675781,546.269775390625
525,314.086669921875,546.2171630859375
526,315.8911437988281,546.1650390625
527,315.1334228515625,546.1271362304688
528,316.10333251953125,546.086669921875
529,314.4543151855469,546.0407104492188
530,315.02593994140625,545.9884033203125
531,314.7871398925781,545.9344482421875
532,315.31787109375,545.8759765625
533,315.25201416015625,545.8081665039062
534,315.5703430175781,545.75
535,315.97796630859375,545.6875610351562
536,315.3224182128906,545.6231689453125
537,313.38250732421875,545.5767822265625
538,315.754150390625,545.5267944335938
539,315.0373229980469,545.4848022460938
540,315.0215759277344,545.4467163085938
541,314.71875,545.4075317382812
542,315.7772216796875,545.3626098632812
543,315.4564208984375,545.3212280273438
544,315.2251892089844,545.2646484375
545,314.58929443359375,545.2103881835938
546,315.44622802734375,545.15625
547,315.1733703613281,545.1156616210938
548,315.2267150878906,545.0731811523438
549,315.1228942871094,545.0332641601562
550,314.4220275878906,545.0014038085938
551,314.64105224609375,544.969970703125
552,315.309326171875,544.9265747070312
553,313.7676696777344,544.90673828125
554,313.75115966796875,544.8698120117188
555,315.0198974609375,544.8372192382812
556,314.7889404296875,544.7991943359375
557,313.85675048828125,544.7482299804688
558,314.960693359375,544.7050170898438
559,313.1888122558594,544.6477661132812
560,313.8836975097656,544.58056640625
561,314.0807800292969,544.50732421875
562,313.96112060546875,544.4318237304688
563,315.0338134765625,544.3643188476562
564,315.1595153808594,544.2997436523438
565,315.1105651855469,544.2391967773438
566,314.5255126953125,544.1819458007812
567,314.2187805175781,544.1302490234375
568,313.43267822265625,544.0801391601562
569,314.63421630859375,544.0252685546875
570,314.4565124511719,543.9922485351562
571,315.4437561035156,543.9617919921875
572,313.979736328125,543.9323120117188
573,314.2623291015625,543.8994750976562
574,315.2850646972656,543.8703002929688
575,314.3475036621094,543.827880859375
576,312.7427978515625,543.7921142578125
577,314.20867919921875,543.7448120117188
578,313.3686828613281,543.6980590820312
579,313.34405517578125,543.6466674804688
580,313.33203125,543.6074829101562
581,313.87274169921875,543.5593872070312
582,314.70489501953125,543.5342407226562
583,312.8312072753906,543.5035400390625
584,313.508544921875,543.4613037109375
585,314.3010559082031,543.4219360351562
586,314.12445068359375,543.3700561523438
587,314.323486328125,543.3347778320312
588,313.8665466308594,543.2896118164062
589,313.6271667480469,543.2532958984375
590,312.6790771484375,543.2188720703125
591,313.38818359375,543.1807861328125
592,313.95623779296875,543.1181030273438
593,314.88751220703125,543.0735473632812
594,313.0187072753906,543.0265502929688
595,313.76025390625,542.9812622070312
596,313.9151611328125,542.9459838867188
597,315.5559997558594,542.9130859375
598,311.9125061035156,542.8677368164062
599,312.8373107910156,542.8121948242188
600,313.5117492675781,542.7603759765625
601,312.9288635253906,542.708984375
602,313.2202453613281,542.6575317382812
603,312.8236083984375,542.6173095703125
604,312.93817138671875,542.5693359375
605,313.3975524902344,542.5126953125
606,312.8204040527344,542.4570922851562
607,312.98834228515625,542.4011840820312
608,313.53277587890625,542.3380737304688
609,312.981201171875,542.2849731445312
610,312.7173767089844,542.2264404296875
611,314.1853942871094,542.1737060546875
612,313.3000183105469,542.1306762695312
613,313.37713623046875,542.0869750976562
614,312.9898986816406,542.0409545898438
615,313.870849609375,541.9940185546875
616,311.8550720214844,541.9450073242188
617,313.4714660644531,541.8850708007812
618,311.5824890136719,541.8300170898438
619,312.69122314453125,541.7835693359375
620,312.0967102050781,541.7459106445312
621,312.2999267578125,541.7042236328125
622,313.1150207519531,541.6707763671875
623,312.3921813964844,541.6368408203125
624,313.4589538574219,541.5923461914062
625,313.6193542480469,541.5410766601562
626,312.9959716796875,541.4848022460938
627,313.15234375,541.4298095703125
628,311.56280517578125,541.3731079101562
629,312.4066162109375,541.3103637695312
630,312.7344055175781,541.2455444335938
631,312.7210998535156,541.2044677734375
632,312.5176086425781,541.1589965820312
633,310.92156982421875,541.1141357421875
634,312.5876159667969,541.0531005859375
635,313.1189880371094,540.9964599609375
636,312.7867736816406,540.9398193359375
637,312.4586486816406,540.9028930664062
638,313.3282470703125,540.86279296875
639,312.3175354003906,540.8299560546875
640,312.0050964355469,540.787109375
641,311.9303283691406,540.7494506835938
642,312.69970703125,540.7088623046875
643,311.7672424316406,540.678955078125
644,311.26458740234375,540.6491088867188
645,311.53973388671875,540.6087036132812
646,312.52886962890625,540.5665893554688
647,311.2325744628906,540.5297241210938
648,311.9163513183594,540.4971923828125
649,311.1893005371094,540.4635009765625
650,312.69879150390625,540.4287719726562
651,311.8605041503906,540.4000244140625
652,311.0569763183594,540.3646850585938
653,312.4512939453125,540.3301391601562
654,310.92889404296875,540.2978515625
655,312.3700256347656,540.26123046875
656,310.7995300292969,540.2151489257812
657,311.49212646484375,540.1734619140625
658,311.5011901855469,540.1314086914062
659,311.04425048828125,540.0844116210938
660,312.6427917480469,540.0277709960938
661,311.17218017578125,539.9677124023438
662,311.516845703125,539.9173583984375
663,312.4837951660156,539.88134765625
664,311.5489807128906,539.8301391601562
665,311.45294189453125,539.7838134765625
666,311.41802978515625,539.7348022460938
667,311.88824462890625,539.6781616210938
668,310.5694885253906,539.6257934570312
669,311.144287109375,539.5808715820312
670,312.0533447265625,539.5440673828125
671,310.60113525390625,539.5026245117188
672,311.549560546875,539.4561767578125
673,311.0917053222656,539.3997192382812
674,311.17254638671875,539.3384399414062
675,310.9036560058594,539.2772216796875
676,311.5622863769531,539.215576171875
677,311.31536865234375,539.1578369140625
678,312.03424072265625,539.1077880859375
679,311.1891784667969,539.0531005859375
680,311.6499328613281,539.0031127929688
681,311.1297302246094,538.9608154296875
682,312.2332763671875,538.9237670898438
683,311.10546875,538.8751831054688
684,311.12860107421875,538.8272705078125
685,311.1264343261719,538.7819213867188
686,310.3829345703125,538.7511596679688
687,311.1278991699219,538.7161865234375
688,310.2272033691406,538.678955078125
689,311.4595031738281,538.6514282226562
690,312.01715087890625,538.6173095703125
691,310.3647766113281,538.5784301757812
692,312.00830078125,538.5342407226562
693,311.6456298828125,538.4877319335938
694,310.8153991699219,538.4415893554688
695,311.46868896484375,538.3961181640625
696,311.37646484375,538.3468627929688
697,311.4363708496094,538.3060302734375
698,310.79766845703125,538.2716674804688
699,310.40704345703125,538.2406616210938
700,310.32366943359375,538.2062377929688
701,310.4466857910156,538.1792602539062
702,311.14385986328125,538.1366577148438
703,311.3627014160156,538.0885620117188
704,310.53936767578125,538.0579833984375
705,311.98406982421875,538.0293579101562
706,310.6429748535156,538.0035400390625
707,310.6842956542969,537.9695434570312
708,310.402099609375,537.9366455078125
709,309.87872314453125,537.9105834960938
710,310.9145812988281,537.8823852539062
711,311.3442687988281,537.8429565429688
712,310.2615966796875,537.7798461914062
713,311.6709289550781,537.7322998046875
714,310.77301025390625,537.6959228515625
715,311.7388610839844,537.6707763671875
716,309.645751953125,537.6470336914062
717,310.0016174316406,537.6130981445312
718,310.1231384277344,537.5706787109375
719,309.9931945800781,537.5264282226562
720,309.9952087402344,537.4736938476562
721,310.4983825683594,537.4296264648438
722,309.42578125,537.3951416015625
723,310.0,537.362060546875
724,310.4389343261719,537.3213500976562
725,310.347900390625,537.2744140625
726,309.5819396972656,537.22119140625
727,309.5700988769531,537.1624145507812
728,309.83599853515625,537.10400390625
729,310.0028991699219,537.0514526367188
730,311.2786865234375,537.0039672851562
731,310.0679016113281,536.9592895507812
732,310.5353698730469,536.9254150390625
733,310.6500244140625,536.87890625
734,309.8789367675781,536.826904296875
735,309.6882629394531,536.7842407226562
736,310.4265441894531,536.7509765625
737,310.0539245605469,536.7177734375
738,310.19915771484375,536.6940307617188
739,309.50128173828125,536.6710205078125
740,309.05401611328125,536.6406860351562
741,310.8838806152344,536.6030883789062
742,309.9802551269531,536.5662231445312
743,310.4344177246094,536.5216674804688
744,309.9046630859375,536.4769897460938
745,310.1876525878906,536.4348754882812
746,309.39935302734375,536.4044799804688
747,309.9280700683594,536.3679809570312
748,309.3101501464844,536.335205078125
749,310.06976318359375,536.297607421875
750,309.93157958984375,536.2590942382812
751,309.4659729003906,536.2205810546875
752,308.9381103515625,536.1799926757812
753,309.1631774902344,536.1414794921875
754,309.0649719238281,536.0975341796875
755,310.1359558105469,536.0552978515625
756,309.07440185546875,536.01025390625
757,310.7397155761719,535.9672241210938
758,309.0053405761719,535.935791015625
759,310.2384338378906,535.9111328125
760,310.0425109863281,535.87548828125
761,309.9023132324219,535.841796875
762,308.4866638183594,535.8089599609375
763,309.5191955566406,535.7816772460938
764,309.11138916015625,535.7633056640625
765,309.45623779296875,535.7319946289062
766,309.4777526855469,535.7075805664062
767,309.59783935546875,535.6791381835938
768,309.85162353515625,535.652099609375
769,310.3118591308594,535.6043090820312
770,308.228759765625,535.56298828125
771,308.4556579589844,535.5361938476562
772,307.7622375488281,535.5038452148438
773,308.9487609863281,535.4710083007812
774,308.5862121582031,535.4363403320312
775,308.42633056640625,535.3952026367188
776,309.2012023925781,535.3538208007812
777,308.8466491699219,535.3059692382812
778,309.2759704589844,535.2725219726562
779,308.677001953125,535.2337036132812
780,309.0640563964844,535.1936645507812
781,308.47381591796875,535.1569213867188
782,309.3038330078125,535.121337890625
783,308.9284973144531,535.0949096679688
784,309.522216796875,535.0612182617188
785,308.21923828125,535.0241088867188
786,308.3011779785156,534.9876708984375
787,308.1871032714844,534.9481811523438
788,308.75482177734375,534.9012451171875
789,309.1883544921875,534.8508911132812
790,307.7781982421875,534.804443359375
791,309.2060241699219,534.7648315429688
792,307.8048095703125,534.7330932617188
793,308.9548645019531,534.7010498046875
794,308.7801513671875,534.6715087890625
795,309.1514587402344,534.6455078125
796,308.1515808105469,534.6216430664062
797,308.9510498046875,534.5994262695312
798,308.2142028808594,534.5767211914062
799,309.12481689453125,534.5445556640625
800,308.40423583984375,534.5220947265625
801,308.1027526855469,534.4994506835938
802,308.8123779296875,534.4690551757812
803,308.3229064941406,534.4296264648438
804,308.71539306640625,534.3894653320312
805,308.01458740234375,534.3449096679688
806,308.5856628417969,534.2896118164062
807,308.7447814941406,534.2295532226562
808,308.61114501953125,534.18701171875
809,308.1866455078125,534.1524047851562
810,307.663818359375,534.1154174804688
811,307.99102783203125,534.0724487304688
812,308.57720947265625,534.0427856445312
813,308.62054443359375,534.0140380859375
814,309.0265808105469,533.97900390625
815,307.3132629394531,533.93408203125
816,308.36163330078125,533.8992309570312
817,307.3079833984375,533.8761596679688
818,307.413330078125,533.8510131835938
819,309.45281982421875,533.8197631835938
820,307.44720458984375,533.7862548828125
821,309.45806884765625,533.7591552734375
822,308.0274658203125,533.7326049804688
823,309.60369873046875,533.7044677734375
824,307.8387451171875,533.6710815429688
825,307.58251953125,533.6349487304688
826,308.9525146484375,533.6063232421875
827,308.46807861328125,533.5794067382812
828,308.5489196777344,533.5562744140625
829,307.94793701171875,533.5339965820312
830,308.4120178222656,533.4998168945312
831,307.5903015136719,533.4649047851562
832,308.85992431640625,533.4273071289062
833,307.2142333984375,533.392822265625
834,307.9871520996094,533.3505249023438
835,307.8046569824219,533.3092651367188
836,309.2727355957031,533.2711181640625
837,306.9650573730469,533.2324829101562
838,307.894287109375,533.198486328125
839,307.8170166015625,533.1626586914062
840,307.2525329589844,533.12548828125
841,308.06414794921875,533.0845947265625
842,307.6990966796875,533.0402221679688
843,307.7046813964844,533.002685546875
844,307.9805603027344,532.9689331054688
845,307.72039794921875,532.9318237304688
846,307.5766906738281,532.8915405273438
847,309.1873474121094,532.8543090820312
848,307.6629333496094,532.815185546875
849,306.5261535644531,532.7735595703125
850,307.2256774902344,532.7266235351562
851,307.2300720214844,532.6890258789062
852,307.4392395019531,532.6539306640625
853,307.1519470214844,532.6188354492188
854,306.8185729980469,532.5804443359375
855,307.087158203125,532.5474853515625
856,306.6174621582031,532.5115966796875
857,307.1988525390625,532.4702758789062
858,308.5102844238281,532.4268188476562
859,307.01123046875,532.3951416015625
860,308.233642578125,532.3631591796875
861,307.95599365234375,532.3224487304688
862,307.8046875,532.2863159179688
863,307.2012023925781,532.2529907226562
864,307.25244140625,532.2212524414062
865,306.0263977050781,532.1840209960938
866,306.6081848144531,532.1427612304688
867,306.0915832519531,532.0977172851562
868,307.9322204589844,532.05615234375
869,306.763671875,532.0242919921875
870,307.5705261230469,531.9942016601562
871,307.3428649902344,531.9675903320312
872,307.782470703125,531.9395141601562
873,307.3144836425781,531.9039916992188
874,307.1153259277344,531.8572998046875
875,306.1117248535156,531.8267211914062
876,307.0846862792969,531.8057250976562
877,306.48529052734375,531.789794921875
878,307.98724365234375,531.7757568359375
879,307.0015563964844,531.7676391601562
880,306.3151550292969,531.7467041015625
881,307.10009765625,531.7228393554688
882,307.3777770996094,531.6988525390625
883,307.01959228515625,531.6749877929688
884,307.42816162109375,531.6456909179688
885,305.7431335449219,531.6273803710938
886,306.9173583984375,531.6117553710938
887,306.40533447265625,531.5877685546875
888,307.01654052734375,531.5634155273438
889,306.903076171875,531.5405883789062
890,306.9061584472656,531.50244140625
891,306.6473083496094,531.4684448242188
892,307.14434814453125,531.43359375
893,307.35906982421875,531.3950805664062
894,306.7287902832031,531.3602294921875
895,307.7657165527344,531.3380126953125
896,306.562744140625,531.3114013671875
897,305.88372802734375,531.2802124023438
898,306.7829284667969,531.2483520507812
899,306.9208679199219,531.2120361328125
900,305.8708801269531,531.1746215820312
901,305.8207702636719,531.1370849609375
902,306.97344970703125,531.0939331054688
903,307.09326171875,531.0452270507812
904,306.970458984375,531.0032348632812
905,306.9578857421875,530.9707641601562
906,306.33990478515625,530.9381713867188
907,305.7723083496094,530.9036865234375
908,305.6413269042969,530.8656005859375
909,306.74237060546875,530.82568359375
910,305.62579345703125,530.7866821289062
911,306.3201904296875,530.75146484375
912,307.1263732910156,530.7161254882812
913,305.2950439453125,530.68212890625
914,306.78460693359375,530.6513671875
915,305.8356018066406,530.6324462890625
916,307.439697265625,530.6119384765625
917,306.80352783203125,530.5918579101562
918,306.03485107421875,530.5634765625
919,307.55322265625,530.5276489257812
920,306.1712951660156,530.4973754882812
921,306.23193359375,530.4686889648438
922,306.29736328125,530.4379272460938
923,305.9436950683594,530.4122924804688
924,305.56964111328125,530.3844604492188
925,306.98406982421875,530.3576049804688
926,306.1379089355469,530.3333129882812
927,306.578369140625,530.3038330078125
928,306.552490234375,530.2688598632812
929,306.2073974609375,530.2352294921875
930,305.64984130859375,530.2095336914062
931,306.5391540527344,530.1854248046875
932,306.76092529296875,530.169189453125
933,306.6827392578125,530.1495971679688
934,306.0584411621094,530.1283569335938
935,305.9489440917969,530.1026611328125
936,307.1741943359375,530.081298828125
937,305.45599365234375,530.0557861328125
938,305.9759521484375,530.0289306640625
939,305.37835693359375,529.9987182617188
940,305.41748046875,529.9684448242188
941,306.27508544921875,529.9347534179688
942,305.8886413574219,529.8992919921875
943,305.5564880371094,529.8632202148438
944,306.7646789550781,529.8322143554688
945,306.4683837890625,529.8038940429688
946,306.5789489746094,529.7749633789062
947,305.621337890625,529.7579956054688
948,305.8973388671875,529.7322387695312
949,305.43646240234375,529.7058715820312
950,305.8887939453125,529.6775512695312
951,306.4066162109375,529.6493530273438
952,306.0237121582031,529.622802734375
953,304.8149719238281,529.597900390625
954,305.5670166015625,529.5729370117188
955,305.253173828125,529.5468139648438
956,306.1548156738281,529.5161743164062
957,304.9901123046875,529.4854125976562
958,305.6881408691406,529.4605102539062
959,305.26263427734375,529.44091796875
960,305.06329345703125,529.416259765625
961,305.0125732421875,529.3890380859375
962,304.882568359375,529.3513793945312
963,306.076904296875,529.3133544921875
964,306.1806335449219,529.2756958007812
965,304.6194763183594,529.2443237304688
966,306.2901916503906,529.2158813476562
967,305.2044677734375,529.1868286132812
968,305.2302551269531,529.1637573242188
969,304.8492736816406,529.1346435546875
970,304.52117919921875,529.0987548828125
971,305.72491455078125,529.0625
972,305.09771728515625,529.0272827148438
973,306.2065124511719,528.9972534179688
974,306.9162292480469,528.9710083007812
975,305.0417175292969,528.9417724609375
976,304.6314697265625,528.9026489257812
977,305.7353820800781,528.8706665039062
978,304.83251953125,528.8441772460938
979,304.66497802734375,528.8082275390625
980,305.437255859375,528.7794189453125
981,305.7132263183594,528.7552490234375
982,305.3780822753906,528.7323608398438
983,305.241943359375,528.7091064453125
984,305.6996765136719,528.6881713867188
985,305.3670959472656,528.662109375
986,305.1476745605469,528.6286010742188
987,305.28985595703125,528.5900268554688
988,305.3604431152344,528.5563354492188
989,305.18658447265625,528.520751953125
990,305.3240966796875,528.4849853515625
991,304.54730224609375,528.4561157226562
992,304.97247314453125,528.4296875
993,304.7484130859375,528.4024658203125
994,304.7860412597656,528.3799438476562
995,305.8785095214844,528.3564453125
996,305.6442565917969,528.3273315429688
997,304.90625,528.2982177734375
998,304.57598876953125,528.2725219726562
999,305.34722900390625,528.2401733398438
0,466.5406799316406,287.99163818359375
1,196.42962646484375,67.74849700927734
2,58.32972717285156,147.58363342285156
3,44.89774703979492,12.838847160339355
4,24.98997688293457,5.585666656494141
5,19.978057861328125,7.993311405181885
6,53.916717529296875,10.997776985168457
7,16.677160263061523,16.57775115966797
8,17.86592674255371,26.412179946899414
9,20.992517471313477,21.743553161621094
10,17.26713752746582,17.806215286254883
11,14.96428108215332,28.697280883789062
12,26.853374481201172,69.60478210449219
13,44.59468460083008,57.4024658203125
14,38.65288543701172,39.74104690551758
15,18.297780990600586,22.05142593383789
16,18.07335090637207,49.55618667602539
17,27.00374984741211,51.85997009277344
18,26.641422271728516,11.929713249206543
19,17.879140853881836,14.798254013061523
20,12.299309730529785,4.2323431968688965
21,9.733787536621094,6.371087074279785
22,17.374465942382812,7.268261432647705
23,19.520389556884766,8.752176284790039
24,14.429084777832031,6.9510273933410645
25,8.903189659118652,3.227980375289917
26,8.918449401855469,3.0453994274139404
27,17.241891860961914,36.048797607421875
28,54.87238311767578,44.236446380615234
29,56.43342971801758,5.784933090209961
30,11.603439331054688,8.256133079528809
31,14.488701820373535,16.643861770629883
32,20.466598510742188,28.005403518676758
33,27.08197784423828,28.272010803222656
34,25.03534507751465,7.772446632385254
35,17.841575622558594,11.198407173156738
36,19.988372802734375,16.081697463989258
37,24.23124885559082,25.83061981201172
38,24.499387741088867,40.57050704956055
39,22.34981346130371,4.439362525939941
40,13.52122974395752,10.529677391052246
41,10.404664039611816,5.435884952545166
42,11.329965591430664,9.196633338928223
43,10.350826263427734,20.00496482849121
44,25.743927001953125,61.33613586425781
45,44.3453254699707,19.406539916992188
46,18.867355346679688,7.3332743644714355
47,7.5377936363220215,3.712475299835205
48,6.88875150680542,4.494039058685303
49,6.528782844543457,4.101658821105957
50,7.530122756958008,5.022167205810547
51,8.471895217895508,8.088138580322266
0,758.1222534179688,841.878173828125
1,603.911865234375,700.6715698242188
2,473.497314453125,519.5482177734375
3,327.418701171875,297.04193115234375
4,170.1153106689453,104.06143951416016
5,57.76728057861328,23.46005630493164
6,30.43919563293457,11.610905647277832
7,29.520185470581055,10.581473350524902
8,28.193923950195312,9.2948579788208
9,24.91489028930664,8.431135177612305
10,25.65142250061035,9.483664512634277
11,22.94670867919922,11.451268196105957
12,21.587827682495117,12.321709632873535
13,24.53268814086914,16.072011947631836
14,22.023738861083984,11.163712501525879
15,21.732999801635742,11.056588172912598
16,22.149721145629883,10.097881317138672
17,20.83965492248535,12.620607376098633
18,21.621952056884766,13.383309364318848
19,20.792869567871094,13.913163185119629
20,21.078989028930664,9.944942474365234
21,21.132171630859375,11.299537658691406
22,21.274246215820312,11.428485870361328
23,20.661035537719727,11.314202308654785
24,21.798786163330078,14.376483917236328
25,19.721145629882812,12.18740177154541
26,19.92900848388672,9.957782745361328
27,19.591007232666016,11.989019393920898
28,19.714447021484375,8.477556228637695
29,19.68238639831543,19.180782318115234
30,21.30759620666504,17.66029167175293
31,18.798824310302734,9.30216121673584
32,19.69813346862793,11.868267059326172
33,17.669570922851562,13.811005592346191
34,18.743436813354492,11.46807861328125
0,612.4501342773438,642.73876953125
1,145.633544921875,10.118680953979492
2,33.805572509765625,11.051188468933105
3,26.332712173461914,37.343536376953125
4,24.764780044555664,10.330589294433594
5,23.207651138305664,18.330821990966797
6,19.500408172607422,6.781513214111328
7,18.895708084106445,8.727065086364746
8,17.72114372253418,6.544336795806885
9,16.740047454833984,10.288169860839844
10,17.375154495239258,11.880460739135742
11,15.79515552520752,5.921950340270996
12,14.04775619506836,6.005677223205566
13,13.887635231018066,5.62418270111084
14,13.607053756713867,4.938855171203613
15,12.750550270080566,4.700145721435547
16,13.071473121643066,7.35432243347168
17,13.526323318481445,11.453527450561523
18,10.74658203125,6.024490833282471
19,10.577859878540039,15.301398277282715
20,12.076920509338379,15.019248008728027
