epoch,loss,val_loss
0,134.367431640625,17.55423355102539
1,6.273967742919922,11.362382888793945
2,5.569989204406738,10.03637409210205
3,6.00068998336792,10.198265075683594
4,5.545973300933838,14.897561073303223
5,5.408797264099121,6.848723411560059
6,5.126118183135986,6.5856218338012695
7,4.784017562866211,9.385424613952637
8,4.602690696716309,5.351932048797607
9,4.3128342628479,6.2196550369262695
10,4.18878173828125,4.978773593902588
11,3.9094834327697754,20.121097564697266
12,3.9147701263427734,10.358711242675781
13,3.606700897216797,4.84639310836792
14,4.437528133392334,7.624856472015381
15,4.122344017028809,5.970037937164307
16,3.9132091999053955,5.382859230041504
17,3.3789865970611572,7.9687628746032715
18,3.5380144119262695,6.922645092010498
19,3.4236207008361816,7.210936546325684
20,3.284580945968628,7.08400297164917
21,3.2218410968780518,5.505156517028809
22,2.9922115802764893,4.931166648864746
23,3.2235190868377686,4.652304172515869
24,3.155625581741333,5.516615867614746
25,3.1108808517456055,6.3336615562438965
26,3.111119270324707,5.451427459716797
27,2.932345390319824,4.968178749084473
28,2.9580023288726807,11.830947875976562
29,2.8861734867095947,6.4119791984558105
30,2.871800184249878,7.244622230529785
31,2.7690303325653076,5.534937858581543
32,2.8307337760925293,5.154926300048828
33,2.7999205589294434,5.47560453414917
34,2.795461893081665,4.845486640930176
35,2.6931660175323486,4.733634948730469
36,2.7165849208831787,5.385007381439209
37,2.6885921955108643,5.015538692474365
38,2.715308666229248,5.39065408706665
39,2.492022752761841,5.668572902679443
40,2.590346574783325,5.018813133239746
41,2.4904682636260986,5.505561828613281
42,2.5823886394500732,5.198177814483643
43,2.394213914871216,10.855963706970215
44,2.5278611183166504,5.678683280944824
45,2.460012435913086,5.022852420806885
46,2.38344144821167,10.906140327453613
47,2.3860702514648438,6.7007269859313965
48,2.4816770553588867,5.125626564025879
49,2.3438560962677,4.9075140953063965
50,2.453369140625,5.172699451446533
51,2.4049482345581055,4.799437522888184
52,2.471590280532837,5.929619312286377
53,2.224327564239502,4.436087608337402
54,2.334012985229492,6.063854694366455
55,2.1913273334503174,5.009719371795654
56,2.2544658184051514,4.98429012298584
57,2.726224184036255,7.684738636016846
58,2.401082754135132,5.049495697021484
59,2.5994036197662354,5.0663228034973145
60,2.086958646774292,8.52115535736084
61,2.242753744125366,7.464537143707275
62,2.2654898166656494,6.424010276794434
63,2.3630337715148926,4.908140659332275
64,2.3182177543640137,7.008068084716797
65,2.109968900680542,5.275696754455566
66,2.268986463546753,5.544983863830566
67,2.2852413654327393,5.600396156311035
68,2.19868803024292,6.2463202476501465
69,2.2698051929473877,4.574862480163574
70,2.1495492458343506,5.6844048500061035
71,2.207596778869629,5.26532506942749
72,2.1201555728912354,4.948716640472412
73,2.2006688117980957,8.340157508850098
74,2.156139850616455,5.148207187652588
75,2.111267328262329,5.310124397277832
76,2.1531310081481934,5.714860439300537
77,2.0915329456329346,5.5747389793396
78,2.0569114685058594,4.971846103668213
79,2.509385108947754,5.108179569244385
80,2.2328381538391113,8.199621200561523
81,2.207026481628418,4.955883026123047
82,2.283889055252075,5.467479228973389
83,2.1343135833740234,4.905872344970703
84,2.10192608833313,8.441510200500488
85,2.246990919113159,5.183311462402344
86,2.2537715435028076,4.840600490570068
87,2.209611654281616,4.6760478019714355
88,2.103806495666504,5.858798980712891
89,2.025738477706909,8.587000846862793
90,2.220824956893921,5.155296802520752
91,2.0229318141937256,5.4555182456970215
92,2.091832160949707,4.993775367736816
93,1.9417636394500732,4.685298919677734
94,2.0797014236450195,5.338068962097168
95,2.236721992492676,6.540721893310547
96,2.1182680130004883,5.1465606689453125
97,2.1634650230407715,7.858902454376221
98,1.996281623840332,4.956273078918457
99,2.0228843688964844,4.937188625335693
100,2.062046766281128,4.8262810707092285
101,2.2680320739746094,4.9470109939575195
102,1.9669123888015747,5.300277233123779
103,2.0720996856689453,4.618729114532471
0,103.30020141601562,6.39877462387085
1,2.413797616958618,5.894918441772461
2,2.288094997406006,5.463354587554932
3,2.4421870708465576,3.8382112979888916
4,2.1992945671081543,3.5342025756835938
5,2.3344461917877197,3.5040624141693115
6,2.625145196914673,5.122917652130127
7,2.266700506210327,6.3730597496032715
8,2.343395948410034,3.4655449390411377
9,2.3963723182678223,4.75410795211792
10,2.0424349308013916,3.335096836090088
11,2.080474615097046,3.417019844055176
12,2.1865439414978027,3.755373239517212
13,2.116992473602295,4.549149036407471
14,2.4100677967071533,3.791576862335205
15,1.8950048685073853,4.006712436676025
16,1.8928112983703613,3.476909637451172
17,1.821109414100647,3.4728894233703613
18,1.9182919263839722,3.4266357421875
19,2.145260810852051,5.244040012359619
20,1.9109505414962769,3.8883047103881836
21,1.901821494102478,3.4815566539764404
22,1.750004768371582,4.731337070465088
23,1.8471074104309082,3.3816821575164795
24,1.8355928659439087,3.3970932960510254
25,1.6915616989135742,6.391604423522949
26,2.2465126514434814,4.697301864624023
27,1.8011573553085327,4.873844146728516
28,1.812525749206543,3.622438430786133
29,1.941085934638977,3.8722212314605713
30,1.7383519411087036,3.9524638652801514
31,2.3358688354492188,3.6408438682556152
32,1.6907204389572144,3.449434518814087
33,1.8905233144760132,3.3416824340820312
34,1.8924119472503662,6.924774646759033
35,1.7421069145202637,4.202728271484375
36,1.8863528966903687,6.354982376098633
37,1.6563688516616821,3.4979135990142822
38,1.6063926219940186,3.801703453063965
39,1.588117003440857,3.784712314605713
40,1.907899260520935,4.836442947387695
41,1.5899401903152466,3.4126462936401367
42,1.7025134563446045,5.240250587463379
43,1.7249829769134521,3.7306554317474365
44,1.584956407546997,3.436375379562378
45,1.686997652053833,3.3856732845306396
46,1.625224232673645,3.5345301628112793
47,2.0169103145599365,4.386439800262451
48,1.6731196641921997,3.2942774295806885
49,1.7652103900909424,3.6094658374786377
50,1.5041600465774536,3.473442792892456
51,1.556860327720642,3.369722604751587
52,1.7556781768798828,3.4749627113342285
53,1.6242281198501587,3.37587308883667
54,1.747427225112915,3.98964786529541
55,1.5413763523101807,5.208654403686523
56,1.591806411743164,3.307896137237549
57,1.5048651695251465,3.505990505218506
58,1.6484073400497437,3.414167881011963
59,1.534721851348877,3.6007959842681885
60,1.7870744466781616,3.3231427669525146
61,1.5731936693191528,5.426516532897949
62,1.5024151802062988,3.4858713150024414
63,1.6220834255218506,3.271726608276367
64,1.6178230047225952,3.676736831665039
65,1.652152419090271,3.4967849254608154
66,1.4672417640686035,3.3507628440856934
67,1.485682487487793,3.722362995147705
68,1.4060680866241455,4.306861877441406
69,1.4303632974624634,3.240509271621704
70,1.509257435798645,3.3390326499938965
71,1.5559386014938354,3.6012089252471924
72,1.4516304731369019,3.3189737796783447
73,1.4187607765197754,3.2437453269958496
74,1.3299237489700317,3.365285634994507
75,1.5890734195709229,5.475678443908691
76,1.5800158977508545,3.3426430225372314
77,1.4789025783538818,4.0401930809021
78,1.4049581289291382,7.767231464385986
79,1.7258634567260742,3.496032476425171
80,1.3495978116989136,3.2273125648498535
81,1.4466782808303833,3.2050974369049072
82,1.3655660152435303,3.2667059898376465
83,1.5215919017791748,3.9723551273345947
84,1.310722827911377,3.849961042404175
85,1.4346797466278076,3.414912462234497
86,1.4135822057724,3.1306536197662354
87,1.3003524541854858,3.3364219665527344
88,1.3350144624710083,4.718160152435303
89,1.3061110973358154,3.2524449825286865
90,1.3306480646133423,3.38128924369812
91,1.2509181499481201,3.142653703689575
92,1.4818404912948608,3.100595712661743
93,1.3969920873641968,3.1591956615448
94,1.3056554794311523,4.899416923522949
95,1.2028838396072388,3.0828521251678467
96,1.369666576385498,4.078449726104736
97,1.3016352653503418,3.0346665382385254
98,1.1874369382858276,4.162050724029541
99,1.2395660877227783,2.968898057937622
100,1.2186251878738403,3.6422040462493896
101,1.2005808353424072,3.6409261226654053
102,1.3932693004608154,3.5684163570404053
103,1.3241100311279297,5.3428730964660645
104,1.383145809173584,2.999483346939087
105,1.2040547132492065,3.4501895904541016
106,1.2167483568191528,2.9800992012023926
107,1.2889297008514404,3.9852585792541504
108,1.2655879259109497,3.3821144104003906
109,1.1786562204360962,3.6091434955596924
110,1.2073801755905151,4.516966342926025
111,1.3248835802078247,2.850399971008301
112,1.168622612953186,3.0317022800445557
113,1.17861008644104,3.0908210277557373
114,1.2122325897216797,3.050915479660034
115,1.2897359132766724,3.185619354248047
116,1.1149317026138306,3.212825059890747
117,1.1122466325759888,2.8348381519317627
118,1.1276923418045044,3.09704327583313
119,1.234682321548462,3.168560028076172
120,1.2331931591033936,3.7995026111602783
121,1.0843034982681274,3.5769593715667725
122,1.1372405290603638,2.973181962966919
123,1.0708857774734497,2.9061625003814697
124,1.0798016786575317,2.9877796173095703
125,1.202349305152893,2.8291587829589844
126,1.1511385440826416,3.0472159385681152
127,1.1443588733673096,6.695517539978027
128,1.1488066911697388,3.273442506790161
129,1.2568387985229492,2.8827669620513916
130,1.1654644012451172,3.1726882457733154
131,1.3856370449066162,3.1285598278045654
132,1.1711678504943848,2.8189501762390137
133,1.149855375289917,2.9934725761413574
134,1.0853896141052246,3.789412260055542
135,1.2828893661499023,2.771570920944214
136,1.052556037902832,2.9589099884033203
137,1.2274119853973389,2.8539607524871826
138,1.162826657295227,2.8278863430023193
139,1.2193411588668823,3.2815754413604736
140,1.0217514038085938,3.3945157527923584
141,1.1813386678695679,2.894566774368286
142,1.1514225006103516,2.83805513381958
143,1.1530009508132935,2.817617177963257
144,1.1703897714614868,2.9845006465911865
145,1.0601032972335815,3.439767360687256
146,1.045960545539856,3.0304183959960938
147,1.0889108180999756,3.315904140472412
148,1.1635724306106567,3.1615333557128906
149,1.1182665824890137,3.046184778213501
150,1.0378071069717407,2.878392457962036
151,1.314819097518921,3.429706573486328
152,1.033515453338623,3.0889954566955566
153,1.070080041885376,2.7575197219848633
154,1.033402919769287,4.198390483856201
155,1.02346670627594,3.161280870437622
156,1.1129159927368164,2.7736780643463135
157,1.0398911237716675,2.776095151901245
158,1.103161096572876,2.8800487518310547
159,0.9746169447898865,2.946945905685425
160,0.9801413416862488,2.823309898376465
161,1.1249256134033203,3.44419527053833
162,1.002776861190796,2.918217897415161
163,1.0811917781829834,2.9192991256713867
164,1.1506593227386475,4.443883419036865
165,0.994488000869751,2.6337335109710693
166,0.955598771572113,2.62418794631958
167,1.000208854675293,3.1770172119140625
168,1.1067699193954468,3.0739405155181885
169,0.9819546341896057,2.7970714569091797
170,0.9808644652366638,3.0568552017211914
171,1.1325962543487549,3.075812339782715
172,1.1073893308639526,4.852085590362549
173,1.121058702468872,2.6789073944091797
174,1.067887306213379,2.7848563194274902
175,0.9879797697067261,2.736621379852295
176,0.9705237746238708,2.9730968475341797
177,1.0245401859283447,3.2768678665161133
178,1.0269144773483276,2.887559413909912
179,1.0166332721710205,2.758230686187744
180,1.0156577825546265,3.2129034996032715
181,1.0222632884979248,2.9027700424194336
182,1.0846202373504639,2.8034465312957764
183,0.9420830011367798,2.877161741256714
184,1.1107661724090576,2.7673697471618652
185,1.0568691492080688,2.771385908126831
186,1.010759711265564,2.694826126098633
187,1.1104258298873901,4.092456817626953
188,1.1077136993408203,2.9387967586517334
189,1.1074987649917603,3.458526372909546
190,1.100454330444336,3.2124807834625244
191,0.9267095923423767,2.7005841732025146
192,0.9179006814956665,3.2921981811523438
193,1.0531787872314453,2.7027411460876465
194,0.9001442790031433,2.681267499923706
195,0.9641000032424927,3.0106043815612793
196,0.933501660823822,2.8680691719055176
197,1.0106244087219238,2.8177330493927
198,1.1391115188598633,2.87626314163208
199,1.0057381391525269,2.7783257961273193
200,1.0144996643066406,6.293128967285156
201,0.9517020583152771,2.882150411605835
202,0.9690521955490112,2.726734161376953
203,0.9942280650138855,4.123741626739502
204,0.9426472783088684,5.053233623504639
205,0.8956637978553772,2.72230863571167
206,0.9153957366943359,3.2814981937408447
207,1.0700559616088867,2.7540390491485596
208,1.0741615295410156,8.170166015625
209,1.1402899026870728,2.921623468399048
210,0.9844613671302795,2.777069330215454
211,0.9590743184089661,2.8769612312316895
212,0.9377483129501343,3.1468966007232666
213,0.9256182909011841,3.3754868507385254
214,0.9764072895050049,4.678103446960449
215,0.9127475023269653,2.4871768951416016
216,0.9688940048217773,2.647454261779785
217,0.9407238364219666,2.6953303813934326
218,0.9608336687088013,4.467592239379883
219,0.9590245485305786,3.011111259460449
220,0.9492632150650024,3.26252818107605
221,0.9513663053512573,2.6137404441833496
222,1.0037660598754883,4.268877983093262
223,0.9420171976089478,2.6794724464416504
224,0.8608558177947998,2.6295533180236816
225,0.9983263611793518,3.3713064193725586
226,0.9032564759254456,3.6177778244018555
227,0.9808364510536194,2.9172050952911377
228,0.9015730023384094,2.611849546432495
229,0.8613244295120239,3.404198169708252
230,0.9518411755561829,2.597893238067627
231,0.9203228950500488,3.093194007873535
232,0.9435630440711975,4.459768772125244
233,0.9990445971488953,2.8028435707092285
234,1.0870013236999512,3.5120155811309814
235,0.949873685836792,3.5073952674865723
236,0.9562615156173706,2.8273589611053467
237,0.9710158705711365,2.979701519012451
238,0.8947461247444153,3.0339064598083496
239,1.0516607761383057,3.5195553302764893
240,0.8748913407325745,2.9227561950683594
241,0.8813658356666565,4.331546306610107
242,0.9387432336807251,3.118595600128174
243,0.8977780342102051,2.5785274505615234
244,0.9090491533279419,2.8498456478118896
245,0.8916152715682983,4.465327262878418
246,1.015520453453064,5.093602657318115
247,0.9305700063705444,2.681488037109375
248,0.9017215967178345,2.667226552963257
249,0.9003471732139587,2.8272483348846436
250,1.04697585105896,2.7940714359283447
251,1.0389775037765503,3.1648621559143066
252,0.9404911994934082,2.7899537086486816
253,0.9119154810905457,2.882068157196045
254,0.9002248048782349,3.711918830871582
255,0.9071744680404663,2.596769332885742
256,1.0406874418258667,3.002164363861084
257,0.8772376775741577,2.9099743366241455
258,0.8849281072616577,2.7915596961975098
259,0.9935335516929626,3.764932870864868
260,0.8882931470870972,3.0201144218444824
261,0.819244921207428,3.0211284160614014
262,0.9116452932357788,4.560166835784912
263,0.9380331635475159,2.5279042720794678
264,0.8428508639335632,3.928252696990967
265,0.8457328081130981,3.801424264907837
