epoch,loss,val_loss
0,100.74779510498047,17.559499740600586
1,8.747514724731445,7.4572529792785645
2,6.4256591796875,6.0537543296813965
3,7.154662609100342,13.726408004760742
4,6.2129693031311035,10.44946575164795
5,5.184524059295654,7.756693363189697
6,5.724684715270996,5.59462833404541
7,4.60819149017334,8.549334526062012
8,5.075314521789551,5.998351573944092
9,4.941591262817383,6.5478129386901855
10,6.150783061981201,11.226423263549805
11,4.74790096282959,14.689640998840332
12,5.265332221984863,9.577167510986328
13,4.4078779220581055,7.745963096618652
14,4.329794883728027,5.455124855041504
15,4.362088680267334,13.593403816223145
16,4.1756815910339355,16.667695999145508
17,3.9998786449432373,9.043790817260742
18,4.5696234703063965,6.767729759216309
19,5.0625691413879395,8.56901741027832
20,4.2513813972473145,14.780023574829102
21,4.039412021636963,5.057959079742432
22,5.347776412963867,12.346549034118652
23,4.181638717651367,6.856069564819336
24,4.294311046600342,5.761720657348633
25,4.245105266571045,7.6554856300354
26,4.6204047203063965,6.354006767272949
27,4.02490758895874,7.832096576690674
28,3.773956060409546,8.682976722717285
29,3.5445499420166016,8.197574615478516
30,3.4855899810791016,7.541395664215088
31,3.4586758613586426,12.148037910461426
32,3.986098527908325,5.272820949554443
33,3.9099667072296143,5.756729602813721
34,3.2414209842681885,6.6301116943359375
35,3.2241063117980957,5.765953063964844
36,2.961183547973633,5.524051666259766
37,4.288556098937988,6.450192928314209
38,4.085933685302734,6.115368843078613
39,3.34244704246521,8.838428497314453
40,2.8065598011016846,4.96336030960083
41,4.500488758087158,7.903080463409424
42,3.132207155227661,5.801601886749268
43,2.7972326278686523,5.953902721405029
44,3.0661284923553467,5.085341453552246
45,3.3876025676727295,10.953471183776855
46,3.384958267211914,12.687050819396973
47,3.181974172592163,8.07087516784668
48,3.3844521045684814,8.81825065612793
49,2.98209547996521,5.023556232452393
50,3.4718410968780518,5.867600917816162
51,36.22169494628906,72.25202178955078
52,11.278876304626465,7.501925468444824
53,5.469043254852295,10.834837913513184
54,4.615468502044678,8.475887298583984
55,4.863602638244629,5.666581153869629
56,4.1107587814331055,10.773165702819824
57,4.126185417175293,11.293983459472656
58,3.544664144515991,7.386438846588135
59,3.599991798400879,9.642716407775879
60,3.8649094104766846,9.001459121704102
61,5.126242637634277,6.54709005355835
62,5.099368572235107,5.43612003326416
63,4.576526165008545,28.7626953125
64,3.606635808944702,9.011479377746582
65,3.5407772064208984,16.22194480895996
0,33.47048568725586,15.064050674438477
1,6.4055094718933105,7.1812238693237305
2,5.117338180541992,49.65373611450195
3,4.504162788391113,5.006811618804932
4,4.4388227462768555,24.48219108581543
5,4.717306137084961,6.02851676940918
6,3.8442869186401367,7.159419059753418
7,3.463981866836548,14.225574493408203
8,3.6506290435791016,12.815681457519531
9,3.2782979011535645,19.418947219848633
10,3.6195552349090576,12.569986343383789
11,3.326846122741699,23.381315231323242
12,3.566702365875244,11.409814834594727
13,3.266472101211548,9.928634643554688
14,3.155287742614746,37.06962585449219
15,3.074469804763794,5.616645336151123
16,3.2308449745178223,20.812692642211914
17,2.9325222969055176,25.572019577026367
18,3.2635653018951416,11.472615242004395
19,3.200923204421997,8.613097190856934
20,2.9823641777038574,13.92243766784668
21,33.31132507324219,16.767953872680664
22,3.011113405227661,8.240264892578125
23,21.965654373168945,8.823351860046387
24,20.17523956298828,12.715059280395508
25,2.6906590461730957,6.9598798751831055
26,2.9662904739379883,11.37246322631836
27,3.0347366333007812,13.717752456665039
28,2.889833688735962,14.39913272857666
29,2.699648857116699,8.866497993469238
30,2.6318089962005615,5.993443965911865
31,2.625856637954712,7.800997734069824
32,2.829223155975342,9.361302375793457
33,2.8214874267578125,15.65687084197998
34,2.8060107231140137,23.10763931274414
35,2.75710129737854,19.196229934692383
36,8.970298767089844,9.738539695739746
37,2.476980209350586,5.393252372741699
38,2.6490936279296875,12.966512680053711
39,2.579043388366699,7.948384761810303
40,2.5258114337921143,10.149883270263672
41,2.671618700027466,7.186452388763428
42,100.31311798095703,5.829864025115967
43,2.5074450969696045,18.531282424926758
44,2.7661943435668945,10.315635681152344
45,2.4865691661834717,20.88361930847168
46,2.702406406402588,8.841826438903809
47,2.7042508125305176,20.40743064880371
48,81.50298309326172,14.553614616394043
49,110.01795959472656,11.91031265258789
50,37.80109786987305,12.55064582824707
51,2.438441276550293,4.921482086181641
52,2.7423391342163086,14.529580116271973
53,2.755009651184082,8.006546020507812
54,2.814567804336548,11.512923240661621
55,2.6062397956848145,10.05315113067627
56,2.7344729900360107,6.878082752227783
57,2.636322021484375,14.127005577087402
58,96.94660949707031,10.021278381347656
59,2.285926103591919,13.3635835647583
60,2.7617530822753906,11.974547386169434
61,2.5114619731903076,7.661706447601318
62,2.5553057193756104,7.1305084228515625
63,2.751272201538086,10.363600730895996
64,2.921584367752075,17.491125106811523
65,2.5631957054138184,10.991626739501953
66,2.607724905014038,14.734046936035156
67,36.68339538574219,7.9430460929870605
68,2.708169937133789,14.44803237915039
69,3.0243234634399414,4.737037181854248
70,3.0626766681671143,4.430968284606934
71,2.5641255378723145,6.59433126449585
72,2.5362014770507812,6.620700836181641
73,4.011232376098633,8.044852256774902
74,2.687288284301758,16.626331329345703
75,2.5791778564453125,22.446449279785156
76,2.478557586669922,10.541851997375488
77,18.507183074951172,11.780784606933594
78,16.505430221557617,6.131267070770264
79,2.337684392929077,11.12407112121582
80,3.7948923110961914,6.049242973327637
81,194.6771240234375,5.900049686431885
82,4.921360015869141,12.592517852783203
83,3.839080572128296,12.108219146728516
84,2.30574631690979,13.306977272033691
85,2.6006720066070557,14.365697860717773
86,870.3016967773438,8.149463653564453
87,2.0462405681610107,11.362556457519531
88,41.307743072509766,16.360279083251953
89,2.4602324962615967,4.417869567871094
90,9.606538772583008,8.504171371459961
91,2.5333101749420166,6.553222179412842
92,52.39924240112305,8.2495756149292
93,5.928624629974365,7.188849925994873
94,2.5845744609832764,12.05459976196289
95,22.698169708251953,13.374632835388184
96,211.3662872314453,6.700174808502197
97,2.183650255203247,11.144728660583496
98,2.537503957748413,26.25844383239746
99,2.5928118228912354,12.143733978271484
100,829.30078125,7.665607452392578
101,6.935650825500488,27.58671760559082
102,3.4185516834259033,14.776205062866211
103,2.452806234359741,6.274561882019043
104,6.064822673797607,12.770583152770996
105,4.664945125579834,16.80059242248535
106,2.4522738456726074,10.200538635253906
107,2.4308223724365234,15.210646629333496
108,2.463589906692505,7.148011684417725
109,5.619942665100098,9.800056457519531
110,2.450437307357788,4.558459758758545
111,361.2227478027344,11.078237533569336
112,46.73947525024414,9.075530052185059
113,2.4666552543640137,8.982690811157227
114,2.5851035118103027,26.144304275512695
115,22.195999145507812,18.870969772338867
116,2.5646162033081055,6.95053243637085
117,3.5277583599090576,15.128579139709473
118,439.3208923339844,5.636542320251465
119,331.31640625,13.73588752746582
120,2.600259780883789,9.543643951416016
121,2.5666518211364746,12.567798614501953
122,2.5612969398498535,4.641946315765381
123,533.7360229492188,21.652328491210938
124,2.355470895767212,10.688292503356934
125,2.7357046604156494,8.440948486328125
126,6.961704254150391,8.73521900177002
127,2.527831554412842,5.971985816955566
128,38.54524612426758,11.888405799865723
129,147.85281372070312,9.014443397521973
130,46.01056671142578,8.196646690368652
131,2.4095120429992676,12.210142135620117
132,2.5901176929473877,16.63869857788086
133,14.736145973205566,11.40842056274414
134,2.278860092163086,4.869683742523193
135,3.831864833831787,7.479272365570068
136,103.66348266601562,16.178495407104492
137,53.49313735961914,11.022078514099121
138,2.2350661754608154,7.897812843322754
139,3.1111228466033936,7.641449928283691
140,2.428720474243164,20.046010971069336
141,2.752605676651001,5.311858177185059
142,17822.798828125,14.561195373535156
143,86.83012390136719,9.853972434997559
144,404.1694030761719,9.069779396057129
145,47.53926467895508,12.222895622253418
146,633.9067993164062,28.28965950012207
147,104.54238891601562,17.671274185180664
148,22.146907806396484,13.720053672790527
149,2.6260437965393066,7.440360069274902
150,44.51215362548828,7.796504497528076
151,4.138352394104004,10.207497596740723
152,2.4914746284484863,11.121879577636719
153,2.525304079055786,16.018199920654297
154,2.632655620574951,5.668254375457764
155,36584.34375,8.116340637207031
156,2.450166702270508,16.756391525268555
157,2.602491617202759,9.553858757019043
158,1333.57275390625,9.513766288757324
159,2936.77197265625,10.883278846740723
160,4.04394006729126,8.78447151184082
161,2.5664684772491455,19.24326515197754
162,1055.940673828125,11.541143417358398
163,2.8334906101226807,11.610389709472656
164,878.9573364257812,10.99988842010498
165,2.5564277172088623,13.927632331848145
166,12.074808120727539,8.903984069824219
167,72975.25,15.297021865844727
168,3.7279105186462402,23.986692428588867
169,100.45340728759766,36.519535064697266
170,2.8592422008514404,19.025056838989258
171,6.599826812744141,11.875385284423828
172,9.386550903320312,12.37452507019043
173,31825.443359375,8.216527938842773
174,2.767561435699463,4.897312164306641
175,98244.1953125,11.591536521911621
176,2.2764158248901367,8.354516983032227
177,167.1500244140625,12.557172775268555
178,2.820429563522339,12.691703796386719
179,1377.9976806640625,15.791367530822754
180,2.6420021057128906,13.865745544433594
181,9289.2353515625,12.633002281188965
182,2.2999725341796875,10.707149505615234
183,2448.650390625,13.53303337097168
184,2.320772409439087,6.933104038238525
185,624.0126953125,15.003777503967285
186,2.5597827434539795,32.685150146484375
187,14133.3896484375,13.943902015686035
188,367.7646789550781,5.863765716552734
189,2.4392716884613037,7.730804443359375
0,4744.640625,913.7367553710938
1,404.9544982910156,320.8069152832031
2,101.75218963623047,107.63301849365234
3,120.04117584228516,723.5762329101562
4,592.7301635742188,1204.8447265625
5,677.8352661132812,1179.7283935546875
6,389.4500427246094,443.138427734375
7,172.411376953125,62.38900375366211
8,73.58319854736328,23.65836524963379
9,24.29263687133789,38.9356575012207
10,10.967926979064941,15.940435409545898
11,9.192068099975586,15.965421676635742
12,9.699167251586914,11.89946460723877
13,8.834851264953613,26.27556610107422
14,7.45426607131958,20.428686141967773
15,6.247518539428711,9.851691246032715
16,5.7351250648498535,17.64199447631836
17,5.155292510986328,15.374422073364258
18,4.317975044250488,16.793134689331055
19,4.322794437408447,9.503462791442871
20,3.477686643600464,16.66254234313965
21,3.60673451423645,22.226215362548828
22,4.28759765625,9.930290222167969
23,4.212409496307373,10.181424140930176
24,3.7200779914855957,15.007917404174805
0,469441.125,1136.94677734375
1,375.6915283203125,267.9612731933594
2,68.53196716308594,99.49427032470703
3,26.02918815612793,94.45458221435547
4,16.2324161529541,62.6207275390625
5,16.47709083557129,97.70061492919922
6,15.027898788452148,89.59375762939453
7,15.75882339477539,45.5256462097168
8,20.682300567626953,29.694934844970703
9,20.845703125,65.435546875
10,14.714152336120605,62.250389099121094
11,14.92061996459961,61.00349807739258
12,18.04585075378418,69.94892883300781
13,17.98622703552246,58.334693908691406
0,8.161551117923123e+16,3433358848.0
1,1022157952.0,353771.75
2,122162224.0,1716.3892822265625
3,714908160.0,1223897216.0
4,126074384.0,1467.766845703125
5,845.8068237304688,1355.1192626953125
6,804.9384155273438,1355.350830078125
7,805.0582885742188,1355.432373046875
8,805.0999755859375,1355.4609375
9,805.114990234375,1355.4708251953125
10,805.1199951171875,1355.474365234375
0,697.2275390625,1214.683837890625
1,697.1226806640625,1214.5064697265625
2,697.0247192382812,1214.333251953125
3,696.9274291992188,1214.160888671875
4,696.8314819335938,1213.99169921875
5,696.7354125976562,1213.821044921875
6,696.6390991210938,1213.6500244140625
7,696.5446166992188,1213.484619140625
8,696.4508056640625,1213.319580078125
9,696.3572998046875,1213.1568603515625
10,696.2649536132812,1212.998046875
11,696.1734008789062,1212.8416748046875
12,696.0833740234375,1212.686767578125
13,695.9931030273438,1212.5322265625
14,695.904541015625,1212.3807373046875
15,695.8163452148438,1212.2310791015625
16,695.7278442382812,1212.08154296875
17,695.6414184570312,1211.93798828125
18,695.5556030273438,1211.7939453125
19,695.469482421875,1211.6517333984375
20,695.3837890625,1211.5130615234375
21,695.3011474609375,1211.3804931640625
22,695.2178344726562,1211.245849609375
23,695.1376953125,1211.119140625
24,695.05615234375,1210.991943359375
25,694.9750366210938,1210.8656005859375
26,694.8964233398438,1210.7442626953125
27,694.8179321289062,1210.62548828125
28,694.7409057617188,1210.5091552734375
29,694.6641845703125,1210.3963623046875
30,694.5895385742188,1210.28857421875
31,694.5158081054688,1210.18212890625
32,694.443603515625,1210.07763671875
33,694.3717041015625,1209.9788818359375
34,694.3018798828125,1209.8843994140625
35,694.2318115234375,1209.7904052734375
36,694.16455078125,1209.7027587890625
37,694.098388671875,1209.6171875
38,694.03271484375,1209.531494140625
39,693.9689331054688,1209.4501953125
40,693.9066162109375,1209.369140625
41,693.8472900390625,1209.2930908203125
42,693.7908325195312,1209.2200927734375
43,693.73681640625,1209.1473388671875
44,693.684326171875,1209.0745849609375
45,693.6328125,1209.001953125
46,693.5833740234375,1208.9305419921875
47,693.5343017578125,1208.8575439453125
48,693.4860229492188,1208.7857666015625
49,693.4373779296875,1208.7130126953125
50,693.3897705078125,1208.64306640625
51,693.3425903320312,1208.572998046875
52,693.2955322265625,1208.5015869140625
53,693.2489624023438,1208.4324951171875
54,693.202392578125,1208.362548828125
55,693.1560668945312,1208.2939453125
56,693.109375,1208.2232666015625
57,693.0634765625,1208.1552734375
58,693.0177001953125,1208.0863037109375
59,692.97119140625,1208.015625
60,692.9254760742188,1207.9471435546875
61,692.879638671875,1207.8779296875
62,692.833740234375,1207.8079833984375
63,692.7881469726562,1207.73876953125
64,692.7423706054688,1207.6695556640625
65,692.6968994140625,1207.6015625
66,692.6514892578125,1207.5328369140625
67,692.60546875,1207.4630126953125
68,692.5606689453125,1207.3970947265625
69,692.51611328125,1207.3289794921875
70,692.4708251953125,1207.2606201171875
71,692.426025390625,1207.1943359375
72,692.380615234375,1207.126220703125
73,692.3357543945312,1207.0596923828125
74,692.2908325195312,1206.9932861328125
75,692.2461547851562,1206.9290771484375
76,692.2010498046875,1206.86328125
77,692.1561889648438,1206.797119140625
78,692.1114501953125,1206.732666015625
79,692.0673828125,1206.669677734375
80,692.0225830078125,1206.6063232421875
81,691.9781494140625,1206.5428466796875
82,691.93359375,1206.480224609375
83,691.8897094726562,1206.418212890625
84,691.8453369140625,1206.355712890625
85,691.8010864257812,1206.2939453125
86,691.757080078125,1206.2318115234375
87,691.71337890625,1206.1708984375
88,691.6690673828125,1206.108154296875
89,691.6251220703125,1206.0469970703125
90,691.5811767578125,1205.986328125
91,691.5374755859375,1205.9261474609375
92,691.4935913085938,1205.8656005859375
93,691.4497680664062,1205.804443359375
94,691.406005859375,1205.7449951171875
95,691.3626708984375,1205.6856689453125
96,691.3191528320312,1205.6259765625
97,691.2756958007812,1205.5672607421875
98,691.2327880859375,1205.509033203125
99,691.1892700195312,1205.4486083984375
100,691.145751953125,1205.3892822265625
101,691.1028442382812,1205.33056640625
102,691.0595092773438,1205.27099609375
103,691.0164794921875,1205.2122802734375
104,690.9737548828125,1205.1552734375
105,690.9309692382812,1205.095458984375
106,690.887939453125,1205.0389404296875
107,690.8455200195312,1204.981201171875
108,690.8027954101562,1204.923095703125
109,690.7603149414062,1204.865478515625
110,690.7182006835938,1204.8072509765625
111,690.6754760742188,1204.749755859375
112,690.6333618164062,1204.6923828125
113,690.5908203125,1204.6348876953125
114,690.5489501953125,1204.5784912109375
115,690.506591796875,1204.5198974609375
116,690.4644165039062,1204.46337890625
117,690.42236328125,1204.4053955078125
118,690.3807373046875,1204.3487548828125
119,690.338623046875,1204.291015625
120,690.2965087890625,1204.2349853515625
121,690.255126953125,1204.1798095703125
122,690.2139892578125,1204.1248779296875
123,690.1727905273438,1204.0692138671875
124,690.1322631835938,1204.0147705078125
125,690.0921020507812,1203.9619140625
126,690.05224609375,1203.9073486328125
127,690.0125122070312,1203.854736328125
128,689.9735717773438,1203.802978515625
129,689.93505859375,1203.7513427734375
130,689.8969116210938,1203.7003173828125
131,689.8595581054688,1203.6512451171875
132,689.8228149414062,1203.601318359375
133,689.7862548828125,1203.5517578125
134,689.7504272460938,1203.5032958984375
135,689.7144775390625,1203.4530029296875
136,689.6788330078125,1203.403564453125
137,689.6435546875,1203.3546142578125
138,689.6085205078125,1203.3057861328125
139,689.5738525390625,1203.2579345703125
140,689.5388793945312,1203.208251953125
141,689.5042724609375,1203.1595458984375
142,689.4693603515625,1203.109375
143,689.4346923828125,1203.0601806640625
144,689.4000854492188,1203.0113525390625
145,689.3653564453125,1202.9617919921875
146,689.3308715820312,1202.913330078125
147,689.2963256835938,1202.8638916015625
148,689.2619018554688,1202.8155517578125
149,689.2274169921875,1202.767578125
150,689.1932373046875,1202.719482421875
151,689.15869140625,1202.6710205078125
152,689.1243286132812,1202.6226806640625
153,689.0902709960938,1202.5760498046875
154,689.0560302734375,1202.529052734375
155,689.0220947265625,1202.4825439453125
156,688.9879150390625,1202.4359130859375
157,688.9534912109375,1202.390380859375
158,688.91943359375,1202.3475341796875
159,688.8856811523438,1202.3038330078125
160,688.8512573242188,1202.261474609375
161,688.8175048828125,1202.220703125
162,688.7831420898438,1202.1790771484375
163,688.7490234375,1202.14013671875
164,688.7150268554688,1202.099365234375
165,688.6809692382812,1202.0595703125
166,688.64697265625,1202.019775390625
167,688.6129150390625,1201.9798583984375
168,688.5789794921875,1201.9415283203125
169,688.545166015625,1201.9027099609375
170,688.5110473632812,1201.8638916015625
171,688.4776000976562,1201.8271484375
172,688.4441528320312,1201.791259765625
173,688.4112548828125,1201.7550048828125
174,688.3784790039062,1201.71826171875
175,688.3460693359375,1201.68115234375
176,688.3138427734375,1201.6446533203125
177,688.281982421875,1201.60693359375
178,688.2504272460938,1201.570068359375
179,688.2190551757812,1201.532958984375
180,688.1878051757812,1201.4951171875
181,688.156982421875,1201.45751953125
182,688.1262817382812,1201.4212646484375
183,688.0957641601562,1201.3826904296875
184,688.0654296875,1201.345458984375
185,688.0352172851562,1201.3077392578125
186,688.0051879882812,1201.2705078125
187,687.9752807617188,1201.233154296875
188,687.94580078125,1201.196044921875
189,687.9157104492188,1201.1568603515625
190,687.8861694335938,1201.119873046875
191,687.8563232421875,1201.080810546875
192,687.8272094726562,1201.04248046875
193,687.7981567382812,1201.003173828125
194,687.7688598632812,1200.9637451171875
195,687.7395629882812,1200.9237060546875
196,687.7107543945312,1200.884033203125
197,687.6815795898438,1200.84326171875
198,687.6527099609375,1200.803466796875
199,687.6239624023438,1200.7618408203125
0,550.0281372070312,178.45175170898438
1,115.67485809326172,171.13815307617188
2,80.4930419921875,71.14947509765625
3,55.63254165649414,79.33285522460938
4,42.29939651489258,76.89979553222656
5,59.98611831665039,155.1787567138672
6,56.31627655029297,65.8656234741211
7,40.94460678100586,105.78404235839844
8,40.37914276123047,63.76139450073242
9,61.99018859863281,61.48777770996094
10,36.50701141357422,42.38835906982422
11,26.502059936523438,31.68672752380371
12,19.637590408325195,33.59249496459961
13,19.183589935302734,30.594942092895508
14,17.611495971679688,32.62623596191406
15,25.953075408935547,22.731813430786133
16,13.758295059204102,22.339567184448242
17,14.06005573272705,72.08226776123047
18,31.80300521850586,42.56592559814453
19,24.31471824645996,20.058467864990234
20,10.3771390914917,40.82414245605469
21,21.5644588470459,25.8122615814209
22,12.61189079284668,19.619518280029297
23,9.844185829162598,15.772642135620117
24,8.72160816192627,18.527666091918945
25,15.971908569335938,38.87355422973633
26,24.069618225097656,18.438690185546875
27,13.312716484069824,30.721439361572266
28,10.917983055114746,14.535077095031738
29,9.627144813537598,34.82468032836914
30,18.59575843811035,20.318809509277344
31,13.609702110290527,18.306638717651367
32,8.066954612731934,13.643071174621582
33,16.361461639404297,45.59550476074219
34,13.592752456665039,11.59716510772705
35,8.770853042602539,20.508193969726562
36,7.690431594848633,9.122787475585938
37,7.131396293640137,50.38591384887695
38,21.5751895904541,8.81888198852539
39,8.044861793518066,22.375078201293945
40,11.085883140563965,16.25119400024414
41,11.751507759094238,8.981182098388672
42,4.920059680938721,13.722515106201172
43,4.025569915771484,6.3951005935668945
44,8.3644437789917,81.44004821777344
45,23.411914825439453,7.8099517822265625
46,4.5331854820251465,19.514413833618164
47,4.56456995010376,9.055298805236816
48,3.058607816696167,9.938435554504395
0,628.680419921875,952.8726196289062
1,563.6477661132812,191.41746520996094
2,174.562744140625,105.73180389404297
3,99.3379898071289,93.83695220947266
4,74.57472229003906,82.21287536621094
5,61.36428451538086,74.36264038085938
6,50.40232467651367,51.242950439453125
7,41.71347427368164,41.26860427856445
8,33.446170806884766,26.490705490112305
9,26.073503494262695,28.357990264892578
10,21.05189323425293,13.434349060058594
11,16.339492797851562,9.132773399353027
12,13.245559692382812,13.011812210083008
13,12.232190132141113,5.309829235076904
14,9.89600658416748,5.051529884338379
15,9.276390075683594,4.739274978637695
16,8.518149375915527,5.057034015655518
17,8.007003784179688,4.603864669799805
18,7.42346715927124,5.368619441986084
19,7.520179271697998,4.7179107666015625
20,6.801792144775391,5.755482196807861
21,6.706403732299805,4.566914081573486
22,6.257424831390381,4.687413692474365
23,6.086287021636963,6.378819942474365
24,6.160453796386719,5.42810583114624
25,5.875776290893555,4.576850414276123
26,5.848067283630371,4.6949872970581055
0,648.6836547851562,985.2398681640625
1,492.3502502441406,395.69244384765625
2,143.8322296142578,137.38687133789062
3,72.3228759765625,88.1805648803711
4,52.69147491455078,71.17935180664062
5,44.552242279052734,65.96656799316406
6,39.29163360595703,57.23982238769531
7,29.982868194580078,46.8038215637207
8,21.872072219848633,36.08439254760742
9,16.52066421508789,27.453847885131836
10,11.511160850524902,25.832921981811523
11,7.936742782592773,23.71672821044922
12,6.520036220550537,11.549823760986328
13,5.703624248504639,12.122994422912598
14,5.568113803863525,12.55649471282959
15,4.73536491394043,11.26777458190918
16,4.968569278717041,16.068361282348633
17,4.330714702606201,14.620689392089844
18,3.718038320541382,10.32584285736084
19,3.700934886932373,9.024454116821289
20,3.516140937805176,9.59442138671875
21,3.46649432182312,10.963486671447754
22,3.392047166824341,12.214248657226562
23,3.4389071464538574,8.633996963500977
24,3.29779052734375,9.279679298400879
25,3.2060394287109375,8.744872093200684
26,3.1435234546661377,9.095488548278809
27,3.152447462081909,10.014790534973145
28,3.1304547786712646,8.692157745361328
0,41.92462158203125,3.3603196144104004
1,2.5232396125793457,7.965230941772461
2,2.5928354263305664,3.3335633277893066
3,2.0722286701202393,4.201635360717773
4,2.222846031188965,3.111875534057617
5,1.8218708038330078,3.0692574977874756
6,2.0729799270629883,3.2213521003723145
7,1.5991803407669067,3.862175941467285
8,1.9856995344161987,4.286162853240967
9,2.076120138168335,3.1049962043762207
10,1.749133586883545,3.8084676265716553
11,1.5578508377075195,3.1974332332611084
12,1.575966238975525,4.640275955200195
13,1.7194955348968506,3.15201473236084
14,1.696966290473938,9.300390243530273
15,1.7497098445892334,3.631178617477417
0,nan,nan
1,nan,nan
2,nan,nan
3,nan,nan
4,nan,nan
5,nan,nan
6,nan,nan
7,nan,nan
8,nan,nan
9,nan,nan
0,741.8412475585938,1143.5194091796875
1,655.2854614257812,1036.628173828125
2,591.5138549804688,803.9229736328125
3,468.9414978027344,593.2600708007812
4,323.5880432128906,448.2737121582031
5,234.68484497070312,305.37164306640625
6,166.2265625,189.77267456054688
7,119.49909973144531,127.91502380371094
8,94.25030517578125,105.12847900390625
9,86.91204071044922,103.46695709228516
10,83.82332611083984,104.56825256347656
11,78.09286499023438,102.54303741455078
12,72.50662231445312,98.38309478759766
13,66.45098114013672,94.41327667236328
14,61.93513488769531,91.20772552490234
15,58.70984649658203,87.8938980102539
16,56.3285026550293,84.18254852294922
17,54.39549255371094,80.33036041259766
18,52.629417419433594,76.57378387451172
19,51.0096321105957,73.18174743652344
20,49.499961853027344,70.18791198730469
21,48.18513488769531,67.6973648071289
22,46.99220657348633,65.71881866455078
23,45.927696228027344,64.17589569091797
24,44.89008712768555,62.63275146484375
25,43.901981353759766,61.14163589477539
26,42.909576416015625,59.85764694213867
27,41.95370864868164,58.62650680541992
28,41.016422271728516,57.3271598815918
29,40.088478088378906,56.02389144897461
30,39.159324645996094,54.70619583129883
31,38.261985778808594,53.41559600830078
32,37.37873458862305,52.10884475708008
33,36.53840255737305,50.683799743652344
34,35.7124137878418,49.38450241088867
35,34.92075729370117,48.163448333740234
36,34.11687088012695,46.700565338134766
37,33.457706451416016,45.21428680419922
38,32.70091247558594,44.21810531616211
39,32.058807373046875,43.40241241455078
40,31.480464935302734,42.416141510009766
41,30.897357940673828,41.303348541259766
42,30.341278076171875,40.2142448425293
43,29.789318084716797,39.20825958251953
44,29.350465774536133,38.368499755859375
45,28.875377655029297,37.70587921142578
46,28.4122371673584,37.10773849487305
47,27.983257293701172,36.468570709228516
48,27.580337524414062,35.91536331176758
49,27.20630645751953,35.44325637817383
50,26.824817657470703,34.958797454833984
51,26.45521354675293,34.42051696777344
52,26.10543441772461,34.03126525878906
53,25.733186721801758,33.75489044189453
54,25.386598587036133,33.433162689208984
55,25.061321258544922,33.04499816894531
56,24.725004196166992,32.64750289916992
57,24.40305519104004,32.240234375
58,24.104066848754883,31.865785598754883
59,23.792091369628906,31.505998611450195
60,23.492258071899414,31.13338279724121
61,23.203853607177734,30.731861114501953
62,22.910951614379883,30.396005630493164
63,22.637575149536133,30.037912368774414
64,22.361770629882812,29.689516067504883
65,22.096458435058594,29.381473541259766
66,21.82187843322754,29.082292556762695
67,21.54517936706543,28.769657135009766
68,21.285831451416016,28.429140090942383
69,21.060047149658203,28.177698135375977
70,20.785694122314453,28.044485092163086
71,20.552804946899414,27.894136428833008
72,20.320388793945312,27.69553565979004
73,20.10916519165039,27.446298599243164
74,19.893470764160156,27.17375373840332
75,19.69876480102539,26.888015747070312
76,19.492881774902344,26.638872146606445
77,19.29906463623047,26.412443161010742
78,19.106826782226562,26.21512794494629
79,18.9267635345459,26.03507423400879
80,18.746232986450195,25.851274490356445
81,18.573936462402344,25.670368194580078
82,18.403722763061523,25.50361442565918
83,18.23966407775879,25.313289642333984
84,18.084074020385742,25.13905143737793
85,17.92588233947754,24.95597267150879
86,17.776226043701172,24.798696517944336
87,17.62557601928711,24.622512817382812
88,17.47903060913086,24.450254440307617
89,17.334938049316406,24.32297134399414
90,17.19589614868164,24.18680763244629
91,17.056663513183594,24.039785385131836
92,16.92594337463379,23.907167434692383
93,16.79643440246582,23.801668167114258
94,16.668718338012695,23.663848876953125
95,16.54825210571289,23.514638900756836
96,16.42652702331543,23.375852584838867
97,16.30083656311035,23.24610710144043
98,16.18337631225586,23.12603759765625
99,16.064579010009766,23.021371841430664
100,15.960892677307129,22.90998649597168
101,15.843215942382812,22.777719497680664
102,15.734474182128906,22.658273696899414
103,15.629297256469727,22.555166244506836
104,15.522331237792969,22.444604873657227
105,15.424996376037598,22.321718215942383
106,15.321476936340332,22.227930068969727
107,15.218789100646973,22.133434295654297
108,15.124449729919434,22.038177490234375
109,15.027856826782227,21.96608543395996
110,14.930253982543945,21.89473533630371
111,14.84153938293457,21.82097816467285
112,14.749773025512695,21.746606826782227
113,14.657292366027832,21.66400146484375
114,14.565881729125977,21.580307006835938
115,14.477470397949219,21.488765716552734
116,14.393596649169922,21.42881202697754
117,14.302290916442871,21.329832077026367
118,14.219515800476074,21.25327491760254
119,14.13036060333252,21.168781280517578
120,14.045999526977539,21.086803436279297
121,13.96148681640625,21.012157440185547
122,13.880627632141113,20.937368392944336
123,13.799044609069824,20.880380630493164
124,13.715723037719727,20.799190521240234
125,13.637125968933105,20.722888946533203
126,13.553545951843262,20.66231918334961
127,13.47521686553955,20.59871482849121
128,13.39594554901123,20.534082412719727
129,13.315252304077148,20.476909637451172
130,13.23905086517334,20.402639389038086
131,13.16383171081543,20.338274002075195
132,13.086457252502441,20.290300369262695
133,13.008561134338379,20.220861434936523
134,12.938393592834473,20.1541805267334
135,12.867249488830566,20.09092140197754
136,12.791122436523438,19.997201919555664
137,12.71538257598877,19.94413185119629
138,12.644319534301758,19.891504287719727
139,12.5753812789917,19.817546844482422
140,12.508014678955078,19.742982864379883
141,12.438081741333008,19.68143653869629
142,12.369068145751953,19.600820541381836
143,12.297696113586426,19.541574478149414
144,12.233589172363281,19.460315704345703
145,12.161613464355469,19.38883399963379
146,12.097090721130371,19.337921142578125
147,12.028107643127441,19.2641658782959
148,11.95866870880127,19.195077896118164
149,11.89101505279541,19.107120513916016
150,11.825738906860352,19.026775360107422
151,11.758112907409668,18.957611083984375
152,11.690786361694336,18.8785400390625
153,11.624397277832031,18.806570053100586
154,11.558999061584473,18.745407104492188
155,11.492437362670898,18.65696144104004
156,11.42563533782959,18.58786392211914
157,11.361525535583496,18.522418975830078
158,11.2937593460083,18.44339370727539
159,11.229936599731445,18.345155715942383
160,11.159672737121582,18.283601760864258
161,11.089875221252441,18.20871353149414
162,11.019493103027344,18.12277603149414
163,10.95138931274414,18.01388931274414
164,10.880532264709473,17.920146942138672
165,10.810891151428223,17.840335845947266
166,10.739558219909668,17.718353271484375
167,10.668339729309082,17.598628997802734
168,10.599753379821777,17.502744674682617
169,10.530499458312988,17.392578125
170,10.46310806274414,17.277420043945312
171,10.396259307861328,17.18567657470703
172,10.331178665161133,17.090118408203125
173,10.268267631530762,16.999059677124023
174,10.205286979675293,16.90407371520996
175,10.145204544067383,16.808048248291016
176,10.084421157836914,16.720844268798828
177,10.027348518371582,16.645591735839844
178,9.968973159790039,16.562116622924805
179,9.91550064086914,16.49120330810547
180,9.860180854797363,16.386947631835938
181,9.805874824523926,16.29981231689453
182,9.752878189086914,16.211658477783203
183,9.700366020202637,16.136844635009766
184,9.65056037902832,16.056180953979492
185,9.600258827209473,15.986656188964844
186,9.552720069885254,15.899096488952637
187,9.503518104553223,15.840119361877441
188,9.457114219665527,15.789262771606445
189,9.41153621673584,15.733084678649902
190,9.366352081298828,15.661924362182617
191,9.32254409790039,15.603947639465332
192,9.27875804901123,15.543014526367188
193,9.235492706298828,15.476646423339844
194,9.193573951721191,15.420954704284668
195,9.15145206451416,15.369344711303711
196,9.111328125,15.303767204284668
197,9.07115650177002,15.239273071289062
198,9.032666206359863,15.178712844848633
199,8.993119239807129,15.119572639465332
200,8.956852912902832,15.06346607208252
201,8.918396949768066,15.009831428527832
202,8.883210182189941,14.966629028320312
203,8.848237991333008,14.915788650512695
204,8.810853004455566,14.8673095703125
205,8.777944564819336,14.829668045043945
206,8.743767738342285,14.782841682434082
207,8.710123062133789,14.738767623901367
208,8.677603721618652,14.704607009887695
209,8.64644718170166,14.645331382751465
210,8.61459732055664,14.593816757202148
211,8.582914352416992,14.560782432556152
212,8.556076049804688,14.549973487854004
213,8.522124290466309,14.504176139831543
214,8.491503715515137,14.452920913696289
215,8.462718963623047,14.421744346618652
216,8.433850288391113,14.373594284057617
217,8.406041145324707,14.349181175231934
218,8.376787185668945,14.30156421661377
219,8.348249435424805,14.264150619506836
220,8.321106910705566,14.219725608825684
221,8.293542861938477,14.175298690795898
222,8.26787281036377,14.115013122558594
223,8.240100860595703,14.091691970825195
224,8.213611602783203,14.042418479919434
225,8.18699836730957,14.027995109558105
226,8.15975284576416,14.004000663757324
227,8.134766578674316,13.969313621520996
228,8.110039710998535,13.943333625793457
229,8.085803031921387,13.918638229370117
230,8.060444831848145,13.867213249206543
231,8.036893844604492,13.823236465454102
232,8.0141019821167,13.7792329788208
233,7.99085807800293,13.77234172821045
234,7.9673638343811035,13.740432739257812
235,7.943422317504883,13.704249382019043
236,7.9228315353393555,13.674077987670898
237,7.899043083190918,13.64693546295166
238,7.8777875900268555,13.609593391418457
239,7.855738162994385,13.583819389343262
240,7.834880828857422,13.552742004394531
241,7.813965797424316,13.522315979003906
242,7.79362678527832,13.506024360656738
243,7.771840572357178,13.49067497253418
244,7.751035690307617,13.467611312866211
245,7.731901168823242,13.441648483276367
246,7.711757659912109,13.415616035461426
247,7.6927900314331055,13.383641242980957
248,7.672457218170166,13.362688064575195
249,7.65359354019165,13.35962963104248
250,7.634006977081299,13.330026626586914
251,7.614960193634033,13.318255424499512
252,7.595096588134766,13.28514575958252
253,7.576949119567871,13.255647659301758
254,7.558536529541016,13.228344917297363
255,7.540230751037598,13.199036598205566
256,7.521970748901367,13.165796279907227
257,7.504857063293457,13.141154289245605
258,7.487235069274902,13.096280097961426
259,7.468654155731201,13.074854850769043
260,7.452265739440918,13.056673049926758
261,7.434566497802734,13.041269302368164
262,7.41624641418457,13.012476921081543
263,7.40122652053833,12.968550682067871
264,7.382037162780762,12.944878578186035
265,7.364677429199219,12.924168586730957
266,7.347945690155029,12.91053295135498
267,7.331290245056152,12.901786804199219
268,7.3143744468688965,12.875970840454102
269,7.296736240386963,12.846175193786621
270,7.28090238571167,12.811505317687988
271,7.2650861740112305,12.777703285217285
272,7.247889518737793,12.758394241333008
273,7.23311185836792,12.759709358215332
274,7.215973377227783,12.736108779907227
275,7.199899673461914,12.715490341186523
276,7.182837009429932,12.679036140441895
277,7.168802738189697,12.65544605255127
278,7.152088642120361,12.631611824035645
279,7.13718318939209,12.611599922180176
280,7.121584892272949,12.594566345214844
281,7.10670280456543,12.562581062316895
282,7.091054916381836,12.541285514831543
283,7.0757646560668945,12.502504348754883
284,7.060605049133301,12.485005378723145
285,7.048130512237549,12.441404342651367
286,7.03140115737915,12.431966781616211
287,7.017068862915039,12.423051834106445
288,7.003393650054932,12.412365913391113
289,6.9889092445373535,12.395041465759277
290,6.974976539611816,12.393682479858398
291,6.961024761199951,12.379850387573242
292,6.947457790374756,12.361124992370605
293,6.934615612030029,12.326591491699219
294,6.9208149909973145,12.321352005004883
295,6.907530307769775,12.312041282653809
296,6.893973350524902,12.289955139160156
297,6.880498886108398,12.280068397521973
298,6.86715841293335,12.265910148620605
299,6.85490608215332,12.255841255187988
300,6.841191291809082,12.2343111038208
301,6.828933238983154,12.216201782226562
302,6.815858840942383,12.200637817382812
303,6.802361488342285,12.189839363098145
304,6.789858341217041,12.168171882629395
305,6.778285503387451,12.16562557220459
306,6.765645980834961,12.129730224609375
307,6.752730846405029,12.117829322814941
308,6.7412919998168945,12.108085632324219
309,6.728589057922363,12.091744422912598
310,6.717104911804199,12.0801420211792
311,6.704399108886719,12.058466911315918
312,6.692137241363525,12.046208381652832
313,6.6808342933654785,12.020363807678223
314,6.66845703125,12.011082649230957
315,6.656239032745361,12.000523567199707
316,6.644211769104004,11.976885795593262
317,6.632850170135498,11.960537910461426
318,6.621197700500488,11.954968452453613
319,6.610041618347168,11.9388427734375
320,6.59830904006958,11.930585861206055
321,6.58685302734375,11.936059951782227
322,6.575876235961914,11.91215705871582
323,6.565184593200684,11.916666030883789
324,6.552731990814209,11.9039306640625
325,6.542759895324707,11.89903736114502
326,6.531196594238281,11.872665405273438
327,6.519853115081787,11.857020378112793
328,6.509361743927002,11.849665641784668
329,6.498535633087158,11.836258888244629
330,6.487795352935791,11.831130981445312
331,6.476837158203125,11.814793586730957
332,6.466588020324707,11.793642044067383
333,6.457348823547363,11.799016952514648
334,6.444883346557617,11.787397384643555
335,6.435123920440674,11.774235725402832
336,6.425082683563232,11.762158393859863
337,6.414493560791016,11.754826545715332
338,6.404839515686035,11.752097129821777
339,6.394242286682129,11.741111755371094
340,6.38444185256958,11.740251541137695
341,6.374294757843018,11.729687690734863
342,6.364338397979736,11.717476844787598
343,6.354386806488037,11.706669807434082
344,6.345006465911865,11.695220947265625
345,6.336271286010742,11.671700477600098
346,6.3258376121521,11.674626350402832
347,6.316943645477295,11.658868789672852
348,6.307621002197266,11.667202949523926
349,6.297553062438965,11.661211967468262
350,6.288228511810303,11.664260864257812
351,6.278994083404541,11.659623146057129
352,6.2710347175598145,11.63939094543457
353,6.260505199432373,11.639013290405273
354,6.252150535583496,11.6359281539917
355,6.243472099304199,11.629486083984375
356,6.234086990356445,11.619951248168945
357,6.225946426391602,11.604046821594238
358,6.216070175170898,11.594022750854492
359,6.207751274108887,11.58875560760498
360,6.198713779449463,11.579360961914062
361,6.190461158752441,11.578110694885254
362,6.182187080383301,11.565345764160156
363,6.174448013305664,11.549201011657715
364,6.165503025054932,11.564910888671875
365,6.157542705535889,11.57332706451416
366,6.148115158081055,11.564798355102539
367,6.140158176422119,11.562735557556152
368,6.132132530212402,11.546610832214355
369,6.12288236618042,11.535669326782227
370,6.115703105926514,11.531092643737793
371,6.107418060302734,11.53663158416748
372,6.099104404449463,11.526328086853027
373,6.09129524230957,11.521134376525879
374,6.083824157714844,11.509018898010254
375,6.075311660766602,11.503280639648438
376,6.066887855529785,11.49669075012207
377,6.059978008270264,11.503230094909668
378,6.051875591278076,11.506831169128418
379,6.043975353240967,11.491414070129395
380,6.036313056945801,11.493558883666992
381,6.029865741729736,11.479841232299805
382,6.022456169128418,11.491989135742188
383,6.014111042022705,11.474350929260254
384,6.006897926330566,11.474528312683105
385,5.9993767738342285,11.470940589904785
386,5.9922308921813965,11.476326942443848
387,5.984949111938477,11.462327003479004
388,5.977686405181885,11.446340560913086
389,5.97075891494751,11.442326545715332
390,5.963619232177734,11.434277534484863
391,5.956523418426514,11.43344783782959
392,5.94919490814209,11.431509971618652
393,5.942045211791992,11.428876876831055
394,5.935157775878906,11.42179012298584
395,5.928452491760254,11.423707962036133
396,5.921098232269287,11.416924476623535
397,5.914283752441406,11.41569995880127
398,5.907296657562256,11.408234596252441
399,5.900753974914551,11.401021003723145
400,5.89398193359375,11.391888618469238
401,5.887595176696777,11.400919914245605
402,5.8813066482543945,11.388995170593262
403,5.87375545501709,11.390833854675293
404,5.868105888366699,11.399989128112793
405,5.860539436340332,11.390049934387207
406,5.853955268859863,11.382874488830566
407,5.847630023956299,11.372793197631836
408,5.84063720703125,11.371806144714355
409,5.834001064300537,11.358747482299805
410,5.827459335327148,11.347135543823242
411,5.821231842041016,11.34581470489502
412,5.814985275268555,11.336380004882812
413,5.807672023773193,11.325453758239746
414,5.801461696624756,11.322964668273926
415,5.795339584350586,11.32334041595459
416,5.788302898406982,11.321670532226562
417,5.781885623931885,11.321395874023438
418,5.776022911071777,11.312700271606445
419,5.770806312561035,11.322891235351562
420,5.764348983764648,11.326024055480957
421,5.757390022277832,11.316630363464355
422,5.751340866088867,11.302342414855957
423,5.744961738586426,11.296765327453613
424,5.739354133605957,11.29086971282959
425,5.733860969543457,11.301773071289062
426,5.726998329162598,11.302186965942383
427,5.72050142288208,11.297944068908691
428,5.716582775115967,11.278791427612305
429,5.708992958068848,11.288861274719238
430,5.703900337219238,11.288935661315918
431,5.697806358337402,11.271235466003418
432,5.691431999206543,11.268606185913086
433,5.6862077713012695,11.265690803527832
434,5.679598331451416,11.26689624786377
435,5.674447059631348,11.284093856811523
436,5.668900489807129,11.289498329162598
437,5.662605285644531,11.291499137878418
438,5.656807899475098,11.281854629516602
439,5.651243686676025,11.284561157226562
440,5.645814895629883,11.289580345153809
441,5.64017391204834,11.284072875976562
442,5.6350908279418945,11.266528129577637
443,5.628668785095215,11.261919021606445
444,5.623226642608643,11.263789176940918
445,5.618010520935059,11.256246566772461
446,5.612909317016602,11.251635551452637
447,5.607396125793457,11.25214672088623
448,5.602396011352539,11.250970840454102
449,5.596499443054199,11.257901191711426
450,5.5906476974487305,11.259550094604492
451,5.585567951202393,11.265589714050293
452,5.580233097076416,11.27363109588623
453,5.57571268081665,11.27512264251709
454,5.569858074188232,11.265092849731445
455,5.564889907836914,11.266592025756836
456,5.559075355529785,11.262527465820312
457,5.554598331451416,11.256939888000488
458,5.5493693351745605,11.25751781463623
459,5.543966293334961,11.254637718200684
460,5.538900375366211,11.259469985961914
461,5.53326940536499,11.251022338867188
462,5.528604984283447,11.240078926086426
463,5.523510456085205,11.248376846313477
464,5.519017696380615,11.253947257995605
465,5.513554096221924,11.239365577697754
466,5.508376598358154,11.240206718444824
467,5.503209114074707,11.234628677368164
468,5.498910427093506,11.235072135925293
469,5.493471622467041,11.233095169067383
470,5.489712715148926,11.216753005981445
471,5.484016418457031,11.223092079162598
472,5.479204177856445,11.229265213012695
473,5.473747253417969,11.23613166809082
474,5.469616889953613,11.225201606750488
475,5.465170383453369,11.225654602050781
476,5.459637641906738,11.2388916015625
477,5.455039978027344,11.24614429473877
478,5.4500732421875,11.236790657043457
479,5.44606351852417,11.226372718811035
480,5.441276550292969,11.217324256896973
481,5.435952186584473,11.21613597869873
482,5.431600093841553,11.21239185333252
483,5.427471160888672,11.22838020324707
484,5.421474456787109,11.22332763671875
485,5.417541980743408,11.215947151184082
486,5.4129719734191895,11.223950386047363
487,5.4088134765625,11.214978218078613
488,5.403876781463623,11.207671165466309
489,5.3994927406311035,11.216514587402344
490,5.394955158233643,11.217428207397461
491,5.390286922454834,11.211294174194336
492,5.386132717132568,11.205917358398438
493,5.381461143493652,11.20622730255127
494,5.3771467208862305,11.204521179199219
495,5.3722825050354,11.21043586730957
496,5.368206977844238,11.207168579101562
497,5.36384391784668,11.193276405334473
498,5.35936164855957,11.199145317077637
499,5.355288028717041,11.198569297790527
500,5.351010322570801,11.200228691101074
501,5.348972797393799,11.17617130279541
502,5.342630863189697,11.193727493286133
503,5.3394975662231445,11.201574325561523
504,5.334509372711182,11.203720092773438
505,5.330595016479492,11.211359977722168
506,5.3265509605407715,11.197683334350586
507,5.323085784912109,11.18610668182373
508,5.319263458251953,11.201447486877441
509,5.316517353057861,11.191868782043457
510,5.312386512756348,11.179939270019531
511,5.30827522277832,11.170842170715332
512,5.303075790405273,11.183181762695312
513,5.299645900726318,11.170783042907715
514,5.294435024261475,11.185420036315918
515,5.2908220291137695,11.188994407653809
516,5.287117958068848,11.184229850769043
517,5.282719612121582,11.181467056274414
518,5.280119895935059,11.181633949279785
519,5.275497913360596,11.185734748840332
520,5.271387577056885,11.176321983337402
521,5.268239974975586,11.1596040725708
522,5.264255523681641,11.163553237915039
523,5.260183811187744,11.169276237487793
524,5.256348609924316,11.163661003112793
525,5.2529072761535645,11.17115306854248
526,5.248740196228027,11.158529281616211
527,5.245821475982666,11.16374683380127
528,5.241569519042969,11.153177261352539
529,5.238728046417236,11.136331558227539
530,5.23440408706665,11.148566246032715
531,5.231985569000244,11.167807579040527
532,5.227101802825928,11.170025825500488
533,5.223954677581787,11.148438453674316
534,5.219919204711914,11.151793479919434
535,5.216810703277588,11.144163131713867
536,5.212784767150879,11.146283149719238
537,5.20881986618042,11.149984359741211
538,5.20620584487915,11.131918907165527
539,5.201949596405029,11.136687278747559
540,5.1983323097229,11.14168643951416
541,5.194819450378418,11.142829895019531
542,5.191582679748535,11.143282890319824
543,5.187586307525635,11.141972541809082
544,5.184790134429932,11.134223937988281
545,5.180749893188477,11.145256042480469
546,5.176956653594971,11.144888877868652
547,5.1734747886657715,11.155879020690918
548,5.170766353607178,11.147789001464844
549,5.166539192199707,11.147153854370117
550,5.162671089172363,11.152195930480957
551,5.159551620483398,11.163131713867188
552,5.156404972076416,11.157513618469238
553,5.153252601623535,11.174184799194336
554,5.149308681488037,11.158366203308105
555,5.145752906799316,11.147322654724121
556,5.143057823181152,11.133809089660645
557,5.13883638381958,11.147374153137207
558,5.1353440284729,11.154808044433594
559,5.13235330581665,11.144383430480957
560,5.128726005554199,11.145106315612793
561,5.125757217407227,11.139623641967773
562,5.1217732429504395,11.148147583007812
563,5.118903160095215,11.150338172912598
0,525.0878295898438,170.6238250732422
1,122.03382110595703,183.3846893310547
2,77.33729553222656,30.815683364868164
3,32.92655563354492,16.755006790161133
4,26.804676055908203,38.070655822753906
5,32.54800796508789,14.414168357849121
6,22.053730010986328,136.6999053955078
7,41.386993408203125,9.95492935180664
8,18.23155403137207,14.245356559753418
9,20.03124237060547,9.487505912780762
10,16.976655960083008,38.923160552978516
11,21.434568405151367,8.628315925598145
12,10.772356986999512,5.533796310424805
13,13.214700698852539,159.21746826171875
14,113.64176940917969,15.271656036376953
15,19.346765518188477,9.862464904785156
16,14.55660343170166,5.736148357391357
17,10.612361907958984,16.309518814086914
18,31.009525299072266,14.419803619384766
19,16.466943740844727,34.87382507324219
20,18.637725830078125,5.4180474281311035
21,8.869020462036133,5.7948174476623535
22,17.240928649902344,75.70695495605469
23,39.70513153076172,5.480368614196777
24,9.030708312988281,10.540063858032227
25,9.892138481140137,5.207905292510986
26,5.367245197296143,3.620419502258301
27,14.230886459350586,42.79589080810547
28,31.236064910888672,84.32889556884766
29,42.00339889526367,1663.3453369140625
30,14562.3935546875,11109.3369140625
31,25167.650390625,5554.4501953125
32,1604.2078857421875,775.81103515625
33,418.00006103515625,401.4344177246094
34,242.37796020507812,125.19905853271484
35,1281.2850341796875,679.1044311523438
36,496.36895751953125,578.7634887695312
37,443.7716064453125,566.0284423828125
38,422.71099853515625,509.674072265625
39,399.8421936035156,491.839111328125
40,389.2698974609375,484.1614074707031
41,383.80706787109375,477.03717041015625
42,377.90478515625,454.1843566894531
43,356.64422607421875,424.5778503417969
44,255.436767578125,232.4254608154297
45,197.20040893554688,211.2003631591797
46,182.68978881835938,194.98606872558594
47,170.83810424804688,180.6218719482422
48,160.1363067626953,166.8640594482422
49,149.9970703125,154.2338104248047
50,140.56190490722656,142.34408569335938
51,131.70660400390625,131.20143127441406
0,491.8003845214844,210.859375
1,102.99495697021484,101.12481689453125
2,64.69051361083984,137.85919189453125
3,83.85246276855469,56.96627426147461
4,49.88505554199219,55.50460433959961
5,41.53544998168945,51.609352111816406
6,36.70238494873047,30.40294647216797
7,26.37470817565918,25.179113388061523
8,23.75153923034668,169.96200561523438
9,149.9513702392578,93.79934692382812
10,74.23356628417969,59.87575912475586
11,51.69765090942383,45.37826156616211
12,31.796709060668945,21.267074584960938
13,18.387182235717773,13.56059455871582
14,13.021360397338867,16.967721939086914
15,10.751277923583984,12.140504837036133
16,8.648603439331055,14.809807777404785
17,9.03201675415039,13.434809684753418
18,8.692595481872559,11.852831840515137
19,6.498565196990967,8.953508377075195
20,5.870669841766357,8.52761173248291
21,6.560993194580078,9.518101692199707
22,5.778479099273682,11.742161750793457
23,7.917636871337891,6.598080635070801
24,6.5786519050598145,6.314539432525635
25,6.551690101623535,9.077903747558594
26,4.787541389465332,7.0404486656188965
27,7.699007034301758,7.088388919830322
28,6.8011651039123535,7.077279090881348
29,7.459028720855713,6.713490962982178
30,6.325003147125244,8.262914657592773
31,4.3382368087768555,5.887092113494873
32,5.621911525726318,5.989704608917236
33,6.722174644470215,6.0051045417785645
34,8.998710632324219,6.833320140838623
35,4.383358478546143,6.634150981903076
36,4.7202839851379395,6.555141925811768
37,4.734970569610596,5.9495930671691895
38,4.122316360473633,6.233020782470703
39,5.650758743286133,5.2926554679870605
40,5.175886154174805,5.962768077850342
41,4.868270397186279,6.445919513702393
42,3.9029171466827393,9.10919189453125
43,4.887129783630371,16.02507209777832
44,6.827075958251953,15.798095703125
45,6.157101631164551,7.885756492614746
46,4.011358737945557,9.506997108459473
47,3.984138011932373,9.057597160339355
48,4.156038761138916,6.242894649505615
49,4.195903778076172,6.34931755065918
50,5.794536590576172,7.561618804931641
51,4.119758605957031,5.78109073638916
52,5.362761497497559,7.447025299072266
53,9.715089797973633,5.460853099822998
54,4.180084228515625,7.109297752380371
55,3.639897108078003,5.594399929046631
56,5.203096866607666,5.29089879989624
57,3.633639335632324,7.646751880645752
58,3.5754458904266357,33.05218505859375
59,14.790709495544434,8.15555477142334
60,5.214877605438232,6.254101276397705
61,5.096345901489258,17.786178588867188
62,10.447797775268555,5.39427375793457
63,4.242788791656494,13.302184104919434
64,5.861223220825195,11.53143310546875
65,4.089296817779541,8.664631843566895
66,4.02464485168457,5.499716758728027
67,3.743194103240967,7.580001354217529
68,3.687533140182495,7.281098365783691
69,7.021090984344482,5.5221476554870605
70,4.3581156730651855,12.393156051635742
71,8.660096168518066,6.187868118286133
72,3.9125142097473145,8.108280181884766
73,3.713629961013794,5.996433258056641
74,5.867032051086426,5.740492820739746
75,5.130395412445068,5.818968772888184
76,3.7248075008392334,5.6507182121276855
77,4.18179178237915,6.4989013671875
78,4.839677333831787,5.397533893585205
79,3.3476128578186035,6.585659980773926
80,3.2861804962158203,8.56725788116455
81,5.498520851135254,6.18994665145874
0,339.95953369140625,159.36851501464844
1,63.639339447021484,37.84989929199219
2,50.56452560424805,71.08492279052734
3,29.69660758972168,18.58456802368164
4,15.693011283874512,17.023103713989258
5,11.111104011535645,14.45428466796875
6,8.646364212036133,14.026578903198242
7,8.52164363861084,10.17705249786377
8,7.131101131439209,9.674006462097168
9,6.296416282653809,12.239100456237793
10,6.230408191680908,11.134698867797852
11,6.06022834777832,13.310178756713867
12,6.380011558532715,8.117266654968262
13,5.497596740722656,9.174591064453125
14,5.428957939147949,14.116832733154297
15,5.29982328414917,12.73612117767334
16,4.765528678894043,13.674823760986328
17,4.72538423538208,14.152726173400879
