epoch,loss,val_loss
0,296.2628479003906,189.84329223632812
1,294.6446533203125,189.07879638671875
2,292.4588623046875,183.92112731933594
3,96.37701416015625,18.37868881225586
4,21.53488540649414,18.190814971923828
5,12.49868392944336,11.385958671569824
6,7.249868869781494,11.098918914794922
7,5.183228969573975,10.379956245422363
8,4.092446327209473,6.725037574768066
9,3.387899398803711,6.777152061462402
10,3.143346071243286,6.534492492675781
11,2.828718423843384,7.286553859710693
12,2.777437448501587,6.233454704284668
13,2.2557246685028076,6.234288215637207
14,2.0942654609680176,5.583940505981445
15,2.1201083660125732,5.336766242980957
16,1.7840602397918701,6.172417640686035
17,1.9710416793823242,5.330216884613037
18,1.9047644138336182,5.424736976623535
19,1.8807915449142456,5.995429039001465
20,1.7966804504394531,5.963144779205322
21,1.7536416053771973,5.250141143798828
22,1.719184398651123,5.081171035766602
23,1.8056825399398804,5.291677951812744
24,1.7398463487625122,5.964032173156738
25,1.7669415473937988,5.088301181793213
26,1.7228786945343018,6.033773422241211
27,1.6987298727035522,5.464816093444824
28,1.7954257726669312,5.765373706817627
29,2.012587785720825,5.207392692565918
30,1.7326407432556152,5.251288414001465
31,1.66192626953125,5.343125343322754
32,1.536806583404541,6.3400559425354
33,1.888763427734375,4.963858127593994
34,1.665101408958435,5.722395896911621
35,1.656670331954956,5.609617710113525
36,1.6929835081100464,5.988697052001953
37,1.6181449890136719,6.113861560821533
38,1.6244480609893799,6.177992820739746
39,1.6020108461380005,5.871985912322998
40,1.6316463947296143,5.556314945220947
41,1.509069800376892,5.908757209777832
42,1.5949848890304565,6.004799842834473
43,1.5662145614624023,5.845566272735596
44,1.5745995044708252,5.738235950469971
45,1.5033711194992065,5.271273612976074
46,1.5406272411346436,6.060250759124756
47,1.5118573904037476,5.425074100494385
48,1.5855015516281128,5.334652900695801
49,1.5536537170410156,5.166967868804932
50,1.4162737131118774,5.827269077301025
51,1.4234079122543335,5.892667293548584
52,1.4560166597366333,5.929662704467773
53,1.4041544198989868,5.492249488830566
54,1.5511751174926758,5.639170169830322
55,1.4456270933151245,5.489710807800293
56,1.5002398490905762,5.648242950439453
57,1.4733978509902954,5.748939037322998
58,1.3977371454238892,5.55873441696167
0,114.23088073730469,103.7486801147461
1,36.78609848022461,30.52294921875
2,29.224369049072266,17.97548484802246
3,18.676755905151367,17.558792114257812
4,15.65783977508545,14.072830200195312
5,12.557744979858398,14.635541915893555
6,10.138264656066895,11.65973949432373
7,8.419909477233887,13.560381889343262
8,7.093023777008057,12.001272201538086
9,6.202077865600586,11.81427001953125
10,5.617166042327881,10.982605934143066
11,4.831286430358887,11.649349212646484
12,4.606954574584961,10.533848762512207
13,4.237969875335693,11.196683883666992
14,4.112969398498535,12.075661659240723
15,3.807953357696533,11.922381401062012
16,3.726667642593384,11.78744888305664
17,3.617406129837036,11.264829635620117
18,3.4037716388702393,10.710832595825195
19,3.310663938522339,11.11083698272705
20,3.342339038848877,11.005090713500977
21,3.213700294494629,11.810256004333496
22,3.0808651447296143,11.415853500366211
23,3.143648147583008,11.053244590759277
24,3.031663417816162,11.702686309814453
25,3.002131223678589,11.4461669921875
26,2.972810745239258,11.89570426940918
27,2.948077917098999,11.432827949523926
28,2.895765542984009,10.875051498413086
29,2.854201316833496,11.241886138916016
30,2.7034246921539307,10.312865257263184
31,2.757039785385132,11.036406517028809
32,2.7604403495788574,10.643461227416992
33,2.714294195175171,10.161575317382812
34,2.717118263244629,10.844112396240234
35,2.6761815547943115,10.593515396118164
36,2.6713364124298096,10.438277244567871
37,2.565793752670288,11.306785583496094
38,2.6064510345458984,10.547978401184082
39,2.535540819168091,9.852787971496582
40,2.5587992668151855,10.143489837646484
41,2.5083603858947754,10.374170303344727
42,2.5454134941101074,10.177534103393555
43,2.4673287868499756,9.613594055175781
44,2.4412710666656494,9.939494132995605
45,2.499112844467163,9.70567512512207
46,2.4234120845794678,9.693582534790039
47,2.4395830631256104,9.52004337310791
48,2.371854305267334,9.78841781616211
49,2.411736249923706,9.382509231567383
50,2.369230031967163,9.722917556762695
51,2.3655669689178467,9.400178909301758
52,2.3840630054473877,9.15719985961914
53,2.383244752883911,9.611543655395508
54,2.299853801727295,9.652581214904785
55,2.3437681198120117,9.64104175567627
56,2.231447458267212,9.468897819519043
57,2.3005247116088867,9.213666915893555
58,2.2987263202667236,9.18514347076416
59,2.2404942512512207,9.842233657836914
60,2.2330896854400635,9.159961700439453
61,2.2621984481811523,8.820780754089355
62,2.2386763095855713,8.704362869262695
63,2.2687785625457764,9.311050415039062
64,2.200840950012207,9.699106216430664
65,2.2010889053344727,8.852678298950195
66,2.2168948650360107,9.085570335388184
67,2.2110707759857178,8.719356536865234
68,2.1939175128936768,8.734458923339844
69,2.184074878692627,8.813604354858398
70,2.1399519443511963,8.773736000061035
71,2.074080228805542,9.123659133911133
72,2.141301155090332,8.952207565307617
73,2.13812518119812,8.605405807495117
74,2.1135292053222656,9.5390625
75,2.1238551139831543,8.698789596557617
76,2.111163377761841,9.292969703674316
77,2.085763931274414,8.70677375793457
78,2.074129343032837,8.694795608520508
79,2.0513696670532227,9.01354694366455
80,2.0372250080108643,8.757326126098633
81,2.0897324085235596,8.440604209899902
82,2.0766658782958984,8.496601104736328
83,2.0412423610687256,7.907816410064697
84,1.9569039344787598,8.802106857299805
85,2.0397400856018066,8.187356948852539
86,2.0487606525421143,8.788694381713867
87,2.05271315574646,8.333101272583008
88,2.0272786617279053,8.212660789489746
89,1.9731053113937378,7.795353889465332
90,2.0084097385406494,8.193979263305664
91,1.9751368761062622,8.14506721496582
92,1.992394208908081,8.43411922454834
93,1.9652365446090698,8.722234725952148
94,1.8651996850967407,8.376654624938965
95,1.9612981081008911,7.840965270996094
96,1.9511888027191162,8.180960655212402
97,1.9380724430084229,7.915225982666016
98,1.9059392213821411,8.107328414916992
99,1.9516263008117676,8.104337692260742
100,1.9322421550750732,8.267577171325684
101,1.9514386653900146,8.53840446472168
102,1.9414277076721191,8.118207931518555
103,1.9490612745285034,7.824099540710449
104,1.8949061632156372,7.655675411224365
105,1.9359527826309204,8.044642448425293
106,1.8989510536193848,8.054756164550781
107,1.924297571182251,7.925477504730225
108,1.895588994026184,7.501365661621094
109,1.901534080505371,8.0559663772583
110,1.9020726680755615,7.9445343017578125
111,1.850050926208496,8.477206230163574
112,1.8728432655334473,7.792435646057129
113,1.8817580938339233,7.852502346038818
114,1.860182762145996,8.043954849243164
115,1.8756649494171143,7.537174224853516
116,1.8671774864196777,7.61843729019165
117,1.8417365550994873,7.9381866455078125
118,1.876624345779419,7.866540431976318
119,1.8535964488983154,7.944218635559082
120,1.853966474533081,7.382142543792725
121,1.8378572463989258,7.620857238769531
122,1.8295947313308716,7.610975742340088
123,1.8084112405776978,8.363800048828125
124,1.836634874343872,7.241623878479004
125,1.830248236656189,7.940528869628906
126,1.7737228870391846,7.7537970542907715
127,1.8190850019454956,7.658940315246582
128,1.7949953079223633,7.120016574859619
129,1.807286262512207,7.976725101470947
130,1.8151404857635498,7.322674751281738
131,1.7712857723236084,7.106629371643066
132,1.7832998037338257,7.679497718811035
133,1.7755887508392334,7.555052280426025
134,1.8006939888000488,7.474850654602051
135,1.7741409540176392,7.028138160705566
136,1.7862976789474487,7.069091796875
137,1.7747851610183716,7.2746171951293945
138,1.7816580533981323,7.2033233642578125
139,1.7605295181274414,7.0622968673706055
140,1.745221734046936,7.0233917236328125
141,1.7584271430969238,7.028839111328125
142,1.7752858400344849,7.539680480957031
143,1.744050145149231,7.034449577331543
144,1.7412229776382446,7.530714988708496
145,1.7348817586898804,6.794821739196777
146,1.7473841905593872,7.3420820236206055
147,1.750877857208252,7.025792121887207
148,1.728100299835205,6.651792049407959
149,1.6911152601242065,7.173938751220703
150,1.7132019996643066,7.126925468444824
151,1.6926944255828857,6.699152946472168
152,1.725395679473877,6.965666770935059
153,1.718963623046875,6.8769121170043945
154,1.7100738286972046,6.876016139984131
155,1.7052797079086304,6.82119607925415
156,1.711382269859314,6.898962497711182
157,1.723137378692627,7.149554252624512
158,1.6922807693481445,7.37548303604126
159,1.6740564107894897,7.127405643463135
160,1.7045732736587524,6.712122440338135
161,1.6881554126739502,6.745057582855225
162,1.6730045080184937,6.764626979827881
163,1.6797043085098267,6.93060302734375
164,1.6865253448486328,6.837128639221191
165,1.6555646657943726,7.043422698974609
166,1.6702147722244263,6.6296563148498535
167,1.6554172039031982,6.762235164642334
168,1.6620161533355713,6.6570892333984375
169,1.636670470237732,6.656057834625244
170,1.6211788654327393,6.307171821594238
171,1.6167622804641724,7.017352104187012
172,1.6268709897994995,6.757071018218994
173,1.6404471397399902,6.508901119232178
174,1.6235321760177612,7.083718776702881
175,1.6468054056167603,6.336577415466309
176,1.593268871307373,5.82083797454834
177,1.58721923828125,7.3295793533325195
178,1.6190334558486938,6.762713432312012
179,1.6237828731536865,6.294168472290039
180,1.594374656677246,6.250912666320801
181,1.6145731210708618,6.625434875488281
0,67.47650909423828,54.92049026489258
1,23.97844886779785,14.444700241088867
2,7.371686935424805,11.627034187316895
3,3.9201226234436035,10.07016372680664
4,2.939764976501465,8.34375
5,2.6770553588867188,10.711828231811523
6,2.6226305961608887,7.749882698059082
7,2.511319875717163,7.653382778167725
8,2.411581039428711,7.792977333068848
9,2.415839195251465,7.389811038970947
10,2.3503665924072266,6.527848243713379
11,2.282528877258301,8.106979370117188
12,2.2822771072387695,7.50675106048584
13,2.2494466304779053,5.609602928161621
14,2.224534273147583,7.203949928283691
15,2.2202510833740234,6.231466293334961
16,2.1968328952789307,6.408193111419678
17,2.1703450679779053,6.835755348205566
18,2.151784658432007,5.177824974060059
19,2.160811185836792,5.637385368347168
20,2.083489179611206,6.553483486175537
21,2.127976179122925,5.563777446746826
22,2.083552598953247,5.749373435974121
23,2.056248426437378,5.027593612670898
24,2.031503200531006,5.7236433029174805
25,2.0426979064941406,5.616090774536133
26,1.9897372722625732,4.423306941986084
27,2.0285286903381348,5.248785495758057
28,1.992510199546814,5.0091681480407715
29,1.968714952468872,4.630183219909668
30,1.9553889036178589,4.627501487731934
31,1.9693281650543213,4.41391658782959
32,1.9720057249069214,4.8779497146606445
33,1.9421029090881348,4.692773342132568
34,1.948424220085144,4.3574419021606445
35,1.9193816184997559,4.055874824523926
36,1.927936315536499,4.064841270446777
37,1.9099442958831787,3.8495078086853027
38,1.887321949005127,3.9428725242614746
39,1.9042531251907349,4.183188438415527
40,1.870996117591858,4.685605525970459
41,1.8807440996170044,4.327185153961182
42,1.864606261253357,3.9724490642547607
43,1.8496700525283813,3.70070219039917
44,1.8261514902114868,3.392404556274414
45,1.8271032571792603,4.0126543045043945
46,1.811005711555481,3.8342576026916504
47,1.7767486572265625,4.3646368980407715
48,1.785130500793457,3.299423933029175
49,1.793233036994934,3.8850224018096924
50,1.7703344821929932,3.5105953216552734
51,1.7774032354354858,3.7852675914764404
52,1.7649809122085571,3.691678285598755
53,1.7479819059371948,3.318634510040283
54,1.7474433183670044,3.3937976360321045
55,1.736553430557251,3.310559034347534
56,1.726683259010315,3.4105217456817627
57,1.6817811727523804,2.8685481548309326
58,1.6795814037322998,3.7232322692871094
59,1.6743465662002563,3.4398982524871826
60,1.6766301393508911,3.15413761138916
61,1.665642499923706,3.156249523162842
62,1.6301411390304565,2.7042291164398193
63,1.662444829940796,3.073155164718628
64,1.6132792234420776,2.7651960849761963
65,1.628041386604309,3.0723791122436523
66,1.6220484972000122,3.195392370223999
67,1.6200122833251953,2.713059902191162
68,1.5993062257766724,2.5157604217529297
69,1.5780012607574463,2.70371675491333
70,1.565772533416748,2.5824413299560547
71,1.5393753051757812,2.5846924781799316
72,1.5512465238571167,2.8613052368164062
73,1.5530973672866821,2.4908676147460938
74,1.538285255432129,2.6217122077941895
75,1.5252971649169922,2.649657726287842
76,1.5169212818145752,2.52319598197937
77,1.4889472723007202,2.2358667850494385
78,1.4841655492782593,2.3784191608428955
79,1.4882280826568604,2.535020351409912
80,1.4642187356948853,2.425048351287842
81,1.4620237350463867,2.2452821731567383
82,1.434892177581787,2.280627727508545
83,1.4505695104599,2.2650887966156006
84,1.4246392250061035,2.246385097503662
85,1.4466559886932373,2.4002110958099365
86,1.429108738899231,2.3477578163146973
87,1.4321681261062622,2.121220827102661
88,1.4121859073638916,2.5280327796936035
89,1.4115275144577026,2.1873955726623535
90,1.4001833200454712,2.1671462059020996
91,1.364640712738037,2.1788909435272217
92,1.3941696882247925,2.151928424835205
93,1.371878981590271,2.041696071624756
94,1.392795205116272,2.2408499717712402
95,1.3815345764160156,2.139122724533081
96,1.3685969114303589,2.1990110874176025
97,1.3585292100906372,2.120443820953369
98,1.3509501218795776,2.280555248260498
99,1.3459062576293945,2.065164804458618
100,1.3491729497909546,2.10709810256958
101,1.3235704898834229,2.0077404975891113
102,1.3433599472045898,1.986611008644104
103,1.331642746925354,2.0481185913085938
104,1.327415108680725,2.0787484645843506
105,1.2983347177505493,1.8203365802764893
106,1.322729229927063,1.9659351110458374
107,1.322738766670227,2.0001778602600098
108,1.3232531547546387,2.0413968563079834
109,1.292083978652954,1.8622840642929077
110,1.3197369575500488,1.9119312763214111
111,1.294020414352417,2.035836935043335
112,1.2767783403396606,1.8616812229156494
113,1.2781567573547363,1.8260791301727295
114,1.2684880495071411,2.048611879348755
115,1.2983952760696411,1.8599932193756104
116,1.2954264879226685,1.8228782415390015
117,1.2573683261871338,1.8410084247589111
118,1.260278344154358,1.8294365406036377
119,1.2746961116790771,1.940365195274353
120,1.252015233039856,2.041869640350342
121,1.2247391939163208,2.1411304473876953
122,1.280386209487915,1.8995444774627686
123,1.2715057134628296,1.8519363403320312
124,1.2682981491088867,1.8126366138458252
125,1.267347812652588,1.845228910446167
126,1.2324358224868774,1.7486467361450195
127,1.2586745023727417,1.770973563194275
128,1.2515543699264526,1.8451802730560303
129,1.2534605264663696,1.7719752788543701
130,1.2426055669784546,1.770794153213501
131,1.251068353652954,1.7781517505645752
132,1.2451059818267822,1.767311453819275
133,1.232900857925415,1.9939534664154053
134,1.2559328079223633,1.7996126413345337
135,1.222219705581665,1.7671802043914795
136,1.2311574220657349,1.766132116317749
137,1.2376744747161865,1.8068759441375732
138,1.2165497541427612,1.9792203903198242
139,1.233791708946228,1.7479407787322998
140,1.207614779472351,1.928979516029358
141,1.2293063402175903,1.7702147960662842
142,1.2122564315795898,1.7306327819824219
143,1.2165650129318237,1.8228461742401123
144,1.2155383825302124,1.744537115097046
145,1.1921824216842651,1.804600715637207
146,1.2117036581039429,1.787503957748413
147,1.196190595626831,1.8140544891357422
148,1.1951426267623901,1.9443330764770508
149,1.154017448425293,1.8723903894424438
150,1.1942129135131836,1.936193823814392
151,1.2016229629516602,1.7920007705688477
152,1.2009097337722778,1.8029086589813232
153,1.1932083368301392,1.7933597564697266
154,1.1806378364562988,1.7809410095214844
155,1.2022589445114136,1.7296974658966064
156,1.1873853206634521,1.7579002380371094
157,1.1870685815811157,1.7399917840957642
158,1.1876506805419922,1.7191091775894165
159,1.1832232475280762,1.8180115222930908
160,1.1846970319747925,1.7175289392471313
161,1.1853742599487305,1.8333661556243896
162,1.1746987104415894,1.7854188680648804
163,1.1747543811798096,1.7314376831054688
164,1.1795804500579834,1.7522178888320923
165,1.1842238903045654,1.7968361377716064
166,1.183013677597046,1.7424938678741455
167,1.1607909202575684,1.7121995687484741
168,1.1806812286376953,1.827111005783081
169,1.1738985776901245,1.7377465963363647
170,1.1633999347686768,1.8044538497924805
171,1.1592223644256592,1.735277533531189
172,1.1736479997634888,1.7501018047332764
173,1.163049340248108,1.8597923517227173
174,1.1611387729644775,1.8122278451919556
175,1.1439180374145508,1.7256088256835938
176,1.1601442098617554,1.744084358215332
177,1.1480919122695923,1.7974750995635986
178,1.1551477909088135,1.7674601078033447
179,1.1605033874511719,1.7780996561050415
180,1.1424496173858643,1.752981185913086
181,1.1523517370224,1.7902740240097046
182,1.1498613357543945,1.8043568134307861
183,1.1405911445617676,1.7441480159759521
184,1.1323999166488647,1.791687250137329
185,1.1255252361297607,1.7545734643936157
186,1.1477864980697632,1.8121192455291748
187,1.136705994606018,1.7934284210205078
188,1.1131857633590698,1.895819902420044
189,1.1175272464752197,1.747733473777771
190,1.1291110515594482,1.7772064208984375
191,1.1263394355773926,1.782518744468689
192,1.122192144393921,1.8447234630584717
0,288.17486572265625,183.28836059570312
1,287.6122741699219,182.84266662597656
2,287.0159606933594,182.3648681640625
3,286.3849182128906,181.85140991210938
4,285.7137451171875,181.30088806152344
5,284.9955749511719,180.7078857421875
6,284.22052001953125,180.0670623779297
7,283.3784484863281,179.37002563476562
8,282.45684814453125,178.60203552246094
9,281.4450988769531,177.7623291015625
10,280.3287658691406,176.83348083496094
11,279.078857421875,175.7899627685547
12,277.63690185546875,174.57725524902344
13,275.9155578613281,173.18112182617188
14,273.89434814453125,171.58958435058594
15,271.59088134765625,169.76405334472656
16,268.89495849609375,167.5731201171875
17,265.62298583984375,164.83743286132812
18,261.4262390136719,161.15904235839844
19,255.36146545410156,155.38357543945312
20,243.6977996826172,141.54820251464844
21,175.22900390625,48.59795379638672
22,58.83054733276367,24.132305145263672
23,27.20128059387207,18.23893165588379
24,18.13266944885254,11.463528633117676
25,13.582555770874023,9.564554214477539
26,10.704360008239746,9.046545028686523
27,8.95785903930664,7.1690239906311035
28,7.805861473083496,6.3475470542907715
29,7.041670322418213,5.995823860168457
30,6.475849151611328,5.693246364593506
31,6.084578514099121,5.477696895599365
32,5.8014936447143555,5.315399646759033
33,5.579626560211182,5.171238422393799
34,5.407446384429932,5.075766563415527
35,5.257725238800049,4.9822282791137695
36,5.132734775543213,4.900982856750488
37,5.028773307800293,4.825586318969727
38,4.937481880187988,4.751280784606934
39,4.851162910461426,4.689035415649414
40,4.773576259613037,4.628745079040527
41,4.704213619232178,4.565949440002441
42,4.642791271209717,4.504094123840332
43,4.580757141113281,4.451308727264404
44,4.5267863273620605,4.402997970581055
45,4.476637840270996,4.355446815490723
46,4.429134368896484,4.308030128479004
47,4.381981372833252,4.260334014892578
48,4.341294288635254,4.221404552459717
49,4.297543525695801,4.177672386169434
50,4.261107444763184,4.138306617736816
51,4.225850582122803,4.098841190338135
52,4.188863754272461,4.058286190032959
53,4.157354354858398,4.017726898193359
54,4.124779224395752,3.9806971549987793
55,4.0938801765441895,3.950078248977661
56,4.066967487335205,3.9145960807800293
57,4.037512302398682,3.884735584259033
58,4.0092949867248535,3.8523507118225098
59,3.9844930171966553,3.821962833404541
60,3.9572713375091553,3.7920150756835938
61,3.932110548019409,3.759918689727783
62,3.9077630043029785,3.7302863597869873
63,3.8826632499694824,3.7051169872283936
64,3.859680652618408,3.6824352741241455
65,3.838239908218384,3.653292417526245
66,3.81243896484375,3.6328582763671875
67,3.7941503524780273,3.608908176422119
68,3.7701051235198975,3.5840797424316406
69,3.749854564666748,3.5610275268554688
70,3.7264902591705322,3.533604383468628
71,3.708163022994995,3.5148568153381348
72,3.6842496395111084,3.4925644397735596
73,3.6679296493530273,3.4713027477264404
74,3.6455001831054688,3.4503283500671387
75,3.625807046890259,3.4314122200012207
76,3.611177444458008,3.409512758255005
77,3.588941812515259,3.384567975997925
78,3.5698904991149902,3.3632235527038574
79,3.5524239540100098,3.344022274017334
80,3.5332581996917725,3.3266232013702393
81,3.5171542167663574,3.3062775135040283
82,3.4999494552612305,3.2903785705566406
83,3.4828898906707764,3.272409439086914
84,3.4671077728271484,3.251967191696167
85,3.450791835784912,3.2348761558532715
86,3.438979148864746,3.2185051441192627
87,3.4177544116973877,3.2016425132751465
88,3.4028117656707764,3.184859037399292
89,3.3873770236968994,3.166968822479248
90,3.3708250522613525,3.147921562194824
91,3.356714963912964,3.127493381500244
92,3.3399884700775146,3.111772298812866
93,3.32580828666687,3.0944323539733887
94,3.3129312992095947,3.081239938735962
95,3.2985799312591553,3.0680017471313477
96,3.2851109504699707,3.052598237991333
97,3.2697830200195312,3.0369906425476074
98,3.2561328411102295,3.022782325744629
99,3.246905565261841,3.010535955429077
100,3.2310614585876465,2.994288444519043
101,3.2160260677337646,2.9789156913757324
102,3.2042832374572754,2.9650235176086426
103,3.1919829845428467,2.9526638984680176
104,3.1778531074523926,2.9411568641662598
105,3.169454574584961,2.9301137924194336
106,3.156477689743042,2.9189841747283936
107,3.1443142890930176,2.9050686359405518
108,3.131328821182251,2.897751569747925
109,3.1220462322235107,2.8840997219085693
110,3.109830617904663,2.870051622390747
111,3.098417043685913,2.857766628265381
112,3.086045742034912,2.8486647605895996
113,3.07802677154541,2.8387465476989746
114,3.067265033721924,2.827515125274658
115,3.056870937347412,2.8153388500213623
116,3.044140100479126,2.8045973777770996
117,3.0356853008270264,2.791980028152466
118,3.023108720779419,2.780972957611084
119,3.0145797729492188,2.770232677459717
120,3.0034143924713135,2.758254051208496
121,2.994152784347534,2.75162935256958
122,2.9832711219787598,2.737165689468384
123,2.976045846939087,2.7279739379882812
124,2.964855194091797,2.717660903930664
125,2.9539315700531006,2.709423065185547
126,2.9462900161743164,2.6988883018493652
127,2.9363200664520264,2.68666410446167
128,2.925471544265747,2.679910182952881
129,2.9181690216064453,2.6734611988067627
130,2.907491683959961,2.6641311645507812
131,2.898076057434082,2.656876802444458
132,2.8896565437316895,2.645155429840088
133,2.8815767765045166,2.6359593868255615
134,2.8713490962982178,2.6246659755706787
135,2.8619892597198486,2.6171443462371826
136,2.856098175048828,2.6079583168029785
137,2.8448309898376465,2.5991854667663574
138,2.836179733276367,2.589691400527954
139,2.8270692825317383,2.584930896759033
140,2.821038246154785,2.5771429538726807
141,2.8141918182373047,2.5696847438812256
142,2.8043103218078613,2.560539960861206
143,2.7982847690582275,2.551377773284912
144,2.788590431213379,2.5421433448791504
145,2.7799489498138428,2.533351421356201
146,2.773390531539917,2.524747848510742
147,2.7658779621124268,2.5154104232788086
148,2.7564749717712402,2.5070700645446777
149,2.749650478363037,2.497051239013672
150,2.7404494285583496,2.4901366233825684
151,2.732879161834717,2.4855802059173584
152,2.7251195907592773,2.481943130493164
153,2.718574047088623,2.4745185375213623
154,2.711876153945923,2.466846227645874
155,2.7043910026550293,2.4622504711151123
156,2.697340726852417,2.456918716430664
157,2.689399003982544,2.4475150108337402
158,2.681441068649292,2.439805507659912
159,2.674471139907837,2.4328014850616455
160,2.666578769683838,2.426055431365967
161,2.6606383323669434,2.418797254562378
162,2.6529428958892822,2.4115052223205566
163,2.646507978439331,2.403510570526123
164,2.6381418704986572,2.3986215591430664
165,2.6307528018951416,2.3938868045806885
166,2.6250433921813965,2.388575792312622
167,2.6189730167388916,2.381389617919922
168,2.6104736328125,2.3789353370666504
169,2.6044647693634033,2.372701644897461
170,2.5974864959716797,2.3669912815093994
171,2.593773126602173,2.360334634780884
172,2.5850279331207275,2.354160785675049
173,2.5784554481506348,2.349242925643921
174,2.5734753608703613,2.341125965118408
175,2.565612316131592,2.336869239807129
176,2.5586295127868652,2.3325793743133545
177,2.553952932357788,2.326584577560425
178,2.5477662086486816,2.32047700881958
179,2.5402231216430664,2.3152995109558105
180,2.533637762069702,2.3093113899230957
181,2.529111385345459,2.2990589141845703
182,2.521043539047241,2.2916502952575684
183,2.5155880451202393,2.287745475769043
184,2.508911609649658,2.2829442024230957
185,2.503020763397217,2.278536319732666
186,2.4961822032928467,2.274493932723999
187,2.490387439727783,2.2695629596710205
188,2.484525442123413,2.26505970954895
189,2.4789071083068848,2.260765314102173
190,2.4734103679656982,2.256237030029297
191,2.4670250415802,2.2522289752960205
192,2.4608051776885986,2.245465040206909
193,2.454899787902832,2.2406764030456543
194,2.449730396270752,2.235783338546753
195,2.442326307296753,2.230435848236084
196,2.4361155033111572,2.2251830101013184
197,2.4309911727905273,2.221381425857544
198,2.425710678100586,2.2160656452178955
199,2.4189999103546143,2.212066650390625
200,2.413236618041992,2.206972360610962
201,2.4069254398345947,2.2004265785217285
202,2.401080369949341,2.1970746517181396
203,2.3951339721679688,2.194701910018921
204,2.3900647163391113,2.1906049251556396
205,2.3854362964630127,2.186845541000366
206,2.3789618015289307,2.1825337409973145
207,2.3741769790649414,2.1792194843292236
208,2.3682541847229004,2.1755211353302
209,2.3627660274505615,2.17216157913208
210,2.356999635696411,2.1681203842163086
211,2.351033926010132,2.1654343605041504
212,2.3454477787017822,2.1621859073638916
213,2.340277671813965,2.1588895320892334
214,2.3357439041137695,2.1548571586608887
215,2.329045534133911,2.151426315307617
216,2.3242175579071045,2.1496822834014893
217,2.319668769836426,2.1445536613464355
218,2.314985513687134,2.1414809226989746
219,2.311136245727539,2.1390607357025146
220,2.304933786392212,2.135683536529541
221,2.300764560699463,2.1318116188049316
222,2.2947144508361816,2.1301534175872803
223,2.2915234565734863,2.1279489994049072
224,2.284991502761841,2.124929189682007
225,2.279592752456665,2.124056339263916
226,2.2757747173309326,2.1188809871673584
227,2.2711291313171387,2.1161420345306396
228,2.2657036781311035,2.1135363578796387
229,2.260833740234375,2.110948085784912
230,2.2549147605895996,2.1088995933532715
231,2.2515676021575928,2.106407642364502
232,2.2463157176971436,2.106170177459717
233,2.2420105934143066,2.103754997253418
234,2.2371554374694824,2.1007637977600098
235,2.2321906089782715,2.0985939502716064
236,2.2284650802612305,2.096693992614746
237,2.2231643199920654,2.093972682952881
238,2.217849016189575,2.0921902656555176
239,2.213834524154663,2.0901880264282227
240,2.209489345550537,2.0884170532226562
241,2.2046072483062744,2.087437391281128
242,2.2002646923065186,2.084883213043213
243,2.195219039916992,2.0832085609436035
244,2.191833972930908,2.081240177154541
245,2.1866743564605713,2.079969882965088
246,2.181887626647949,2.0792746543884277
247,2.1776936054229736,2.0760691165924072
248,2.174696922302246,2.075551986694336
249,2.1698577404022217,2.0740740299224854
250,2.165771961212158,2.0732421875
251,2.161473274230957,2.072445869445801
252,2.157287120819092,2.06937837600708
253,2.154207468032837,2.068394422531128
254,2.149202823638916,2.0652832984924316
255,2.1457951068878174,2.0652661323547363
256,2.141890048980713,2.0652408599853516
257,2.1378376483917236,2.0634751319885254
258,2.1335947513580322,2.0620803833007812
259,2.1293222904205322,2.0625081062316895
260,2.125669479370117,2.0624330043792725
261,2.122884511947632,2.0615267753601074
262,2.1166117191314697,2.0629830360412598
263,2.114372491836548,2.0616135597229004
264,2.1090075969696045,2.0616679191589355
265,2.105440616607666,2.0606045722961426
266,2.1009528636932373,2.058183193206787
267,2.097980499267578,2.05706787109375
268,2.0925235748291016,2.0538480281829834
269,2.090092897415161,2.0529677867889404
270,2.085826873779297,2.0546107292175293
271,2.0830931663513184,2.0538575649261475
272,2.0788044929504395,2.054698944091797
273,2.075417995452881,2.0530223846435547
274,2.072956085205078,2.0527470111846924
275,2.068178415298462,2.0526986122131348
276,2.0643503665924072,2.0518276691436768
277,2.059941530227661,2.050778865814209
278,2.0573172569274902,2.0503506660461426
279,2.053380250930786,2.0497589111328125
280,2.048815965652466,2.0508193969726562
281,2.0458548069000244,2.0516936779022217
282,2.0439071655273438,2.0503242015838623
283,2.0395805835723877,2.051058053970337
284,2.034795045852661,2.049771785736084
285,2.0320205688476562,2.0513510704040527
286,2.027742624282837,2.0525546073913574
287,2.025125741958618,2.053821563720703
288,2.0221729278564453,2.0558316707611084
289,2.019883632659912,2.055192232131958
290,2.015108585357666,2.0555901527404785
291,2.0119175910949707,2.0560812950134277
292,2.0099096298217773,2.0559003353118896
293,2.0059306621551514,2.055548667907715
294,2.0031306743621826,2.0561482906341553
295,1.9998055696487427,2.055495023727417
296,1.9966531991958618,2.055622100830078
297,1.9929471015930176,2.0560555458068848
298,1.9894976615905762,2.056485652923584
299,1.9860931634902954,2.0566649436950684
300,1.9832899570465088,2.0578434467315674
301,1.9824508428573608,2.0579617023468018
302,1.9767721891403198,2.0561459064483643
303,1.9747246503829956,2.0562541484832764
304,1.9704304933547974,2.057225227355957
0,289.6234436035156,184.55593872070312
1,289.03692626953125,184.17115783691406
2,288.3569030761719,183.73440551757812
3,287.5694274902344,183.24615478515625
4,286.66717529296875,182.70114135742188
5,285.6466369628906,182.0963897705078
6,284.5041809082031,181.43312072753906
7,283.2285461425781,180.69898986816406
8,281.7937927246094,179.88845825195312
9,280.1768798828125,178.992431640625
10,278.34478759765625,177.99603271484375
11,276.24957275390625,176.87713623046875
12,273.824951171875,175.6150665283203
13,270.90570068359375,174.18606567382812
14,267.1163635253906,172.56192016601562
15,262.6168518066406,170.61135864257812
16,258.171142578125,168.33639526367188
17,253.33950805664062,165.74053955078125
18,247.71090698242188,162.68873596191406
19,240.4332275390625,158.83328247070312
20,230.59329223632812,153.61245727539062
21,215.03636169433594,145.29322814941406
22,184.194580078125,128.05349731445312
23,123.15546417236328,92.04644012451172
24,59.40885925292969,63.15119171142578
25,46.55598449707031,57.756813049316406
26,39.14128494262695,52.7725944519043
27,33.76471710205078,48.41667938232422
28,30.041160583496094,45.40947723388672
29,27.54375457763672,43.52100372314453
30,25.820701599121094,41.75187301635742
31,24.573413848876953,40.45466613769531
32,23.621788024902344,39.40752410888672
33,22.869779586791992,38.46435546875
34,22.267621994018555,37.61127471923828
35,21.76103973388672,36.90946578979492
36,21.354700088500977,36.328163146972656
37,20.995433807373047,35.69093704223633
38,20.68943214416504,35.223121643066406
39,20.42395782470703,34.74748992919922
40,20.188480377197266,34.31920623779297
41,19.975858688354492,33.89147186279297
42,19.79073715209961,33.5436897277832
43,19.61127471923828,33.113258361816406
44,19.448013305664062,32.789920806884766
45,19.30585479736328,32.50025177001953
46,19.1686954498291,32.184261322021484
47,19.040178298950195,31.891117095947266
48,18.900264739990234,31.47365379333496
49,18.772342681884766,31.210683822631836
50,18.661832809448242,30.960826873779297
51,18.54399871826172,30.650691986083984
52,18.429805755615234,30.349655151367188
53,18.321380615234375,30.104969024658203
54,18.206581115722656,29.76449966430664
55,18.100366592407227,29.521663665771484
56,17.995264053344727,29.265295028686523
57,17.894521713256836,29.015954971313477
58,17.785985946655273,28.651504516601562
59,17.677215576171875,28.3979549407959
60,17.585718154907227,28.178503036499023
61,17.481096267700195,27.867603302001953
62,17.38178825378418,27.619461059570312
63,17.29109764099121,27.41115951538086
64,17.203781127929688,27.20013999938965
65,17.111358642578125,26.97002601623535
66,17.023603439331055,26.76314353942871
67,16.919767379760742,26.45065689086914
68,16.826904296875,26.24265480041504
69,16.734508514404297,26.010019302368164
70,16.633743286132812,25.698461532592773
71,16.538253784179688,25.49379539489746
72,16.450942993164062,25.28390121459961
73,16.363672256469727,25.078535079956055
74,16.278547286987305,24.892993927001953
75,16.197223663330078,24.68899154663086
76,16.10850715637207,24.462825775146484
77,16.021574020385742,24.26626205444336
78,15.939484596252441,24.077302932739258
79,15.860862731933594,23.89736557006836
80,15.77736759185791,23.689800262451172
81,15.689767837524414,23.41289710998535
82,15.605541229248047,23.233713150024414
83,15.522153854370117,23.020954132080078
84,15.44311809539795,22.83575439453125
85,15.355118751525879,22.555339813232422
86,15.271098136901855,22.372440338134766
87,15.189458847045898,22.169958114624023
88,15.107413291931152,21.953210830688477
89,15.026832580566406,21.76401710510254
90,14.947333335876465,21.56073570251465
91,14.871563911437988,21.387643814086914
92,14.783132553100586,21.102079391479492
93,14.700528144836426,20.91685676574707
94,14.614590644836426,20.641408920288086
95,14.534101486206055,20.463348388671875
96,14.45608901977539,20.27804183959961
97,14.374316215515137,20.069664001464844
98,14.291651725769043,19.87644386291504
99,14.205456733703613,19.61418342590332
100,14.119481086730957,19.412967681884766
101,14.038935661315918,19.24692726135254
102,13.95766830444336,19.062952041625977
103,13.861863136291504,18.78838539123535
104,13.768170356750488,18.59808349609375
105,13.670279502868652,18.380229949951172
106,13.574823379516602,18.192523956298828
107,13.476160049438477,17.960372924804688
108,13.378440856933594,17.787281036376953
109,13.278472900390625,17.551010131835938
110,13.181357383728027,17.373369216918945
111,13.079745292663574,17.146814346313477
112,12.976751327514648,16.96487045288086
113,12.876595497131348,16.75670051574707
114,12.777274131774902,16.5583553314209
115,12.672465324401855,16.31406021118164
116,12.57077407836914,16.13253402709961
117,12.477006912231445,15.956764221191406
118,12.371143341064453,15.696584701538086
119,12.270273208618164,15.513812065124512
120,12.172922134399414,15.328640937805176
121,12.069732666015625,15.079324722290039
122,11.970464706420898,14.902894973754883
123,11.870641708374023,14.679014205932617
124,11.77048110961914,14.513432502746582
125,11.6784029006958,14.333154678344727
126,11.582327842712402,14.143854141235352
127,11.48814868927002,13.988340377807617
128,11.40256404876709,13.837934494018555
129,11.307086944580078,13.638537406921387
130,11.215096473693848,13.477981567382812
131,11.124088287353516,13.321531295776367
132,11.040609359741211,13.168403625488281
133,10.951530456542969,13.016855239868164
134,10.865306854248047,12.855714797973633
135,10.77636432647705,12.703258514404297
136,10.688907623291016,12.558260917663574
137,10.600772857666016,12.396690368652344
138,10.513947486877441,12.258720397949219
139,10.425370216369629,12.097244262695312
140,10.340922355651855,11.962913513183594
141,10.257574081420898,11.831884384155273
142,10.176517486572266,11.699820518493652
143,10.098847389221191,11.57656192779541
144,10.01799488067627,11.437705993652344
145,9.941471099853516,11.31679630279541
146,9.857884407043457,11.16597843170166
147,9.779546737670898,11.049030303955078
148,9.70477294921875,10.936286926269531
149,9.630208015441895,10.819075584411621
150,9.555209159851074,10.695003509521484
151,9.482873916625977,10.59464168548584
152,9.414359092712402,10.493446350097656
153,9.3458833694458,10.39535140991211
154,9.277410507202148,10.29776668548584
155,9.208456039428711,10.202630996704102
156,9.143442153930664,10.113458633422852
157,9.081522941589355,10.029664993286133
158,9.01943588256836,9.941075325012207
159,8.95313549041748,9.862241744995117
160,8.892155647277832,9.782845497131348
161,8.830596923828125,9.709750175476074
162,8.775291442871094,9.635879516601562
163,8.712918281555176,9.564212799072266
164,8.654332160949707,9.499932289123535
165,8.600584030151367,9.436380386352539
166,8.542866706848145,9.376943588256836
167,8.490092277526855,9.318881034851074
168,8.43610668182373,9.261868476867676
169,8.382545471191406,9.210677146911621
170,8.329137802124023,9.156553268432617
171,8.27515697479248,9.112038612365723
172,8.224649429321289,9.071375846862793
173,8.176727294921875,9.034177780151367
174,8.127861976623535,8.998852729797363
175,8.080511093139648,8.968345642089844
176,8.037691116333008,8.939364433288574
177,7.993371486663818,8.914987564086914
178,7.955409049987793,8.889410018920898
179,7.910739421844482,8.867575645446777
180,7.869453430175781,8.848230361938477
181,7.831307888031006,8.827692031860352
182,7.790958404541016,8.811291694641113
183,7.752718925476074,8.797590255737305
184,7.715765476226807,8.785415649414062
185,7.6834235191345215,8.773127555847168
186,7.648466110229492,8.762055397033691
187,7.613450050354004,8.75130844116211
188,7.579926490783691,8.74250602722168
189,7.547847747802734,8.73240852355957
190,7.516014575958252,8.725763320922852
191,7.485334873199463,8.719688415527344
192,7.452722072601318,8.713879585266113
193,7.424703598022461,8.707826614379883
194,7.393954753875732,8.702844619750977
195,7.367229461669922,8.696978569030762
196,7.337812900543213,8.692704200744629
197,7.312593460083008,8.689741134643555
198,7.2843708992004395,8.685209274291992
199,7.257077693939209,8.682690620422363
200,7.229342937469482,8.680864334106445
201,7.206081867218018,8.679910659790039
202,7.179869651794434,8.678464889526367
203,7.155488014221191,8.675497055053711
204,7.126684188842773,8.677801132202148
205,7.111517906188965,8.673650741577148
206,7.080708026885986,8.668741226196289
207,7.057419776916504,8.665667533874512
208,7.031678199768066,8.664198875427246
209,7.009652614593506,8.662823677062988
210,6.987517356872559,8.66279125213623
211,6.965188026428223,8.661909103393555
212,6.942617893218994,8.662127494812012
213,6.922562122344971,8.661413192749023
214,6.90221643447876,8.657903671264648
215,6.881382942199707,8.657190322875977
216,6.85857629776001,8.657682418823242
217,6.841471195220947,8.658008575439453
218,6.818483829498291,8.658546447753906
219,6.798131942749023,8.658919334411621
220,6.778256416320801,8.660445213317871
221,6.759504795074463,8.65904426574707
222,6.7412495613098145,8.658764839172363
223,6.720950126647949,8.659208297729492
224,6.703601837158203,8.658905029296875
225,6.685653209686279,8.659459114074707
226,6.667778015136719,8.659971237182617
227,6.649075508117676,8.66049575805664
228,6.6318135261535645,8.661565780639648
229,6.6143574714660645,8.66150188446045
230,6.598275661468506,8.660264015197754
231,6.577166557312012,8.661844253540039
232,6.561365127563477,8.663251876831055
233,6.54399299621582,8.66330623626709
234,6.526148796081543,8.663729667663574
235,6.511402130126953,8.668634414672852
236,6.494577884674072,8.671804428100586
237,6.477529048919678,8.671253204345703
238,6.466991901397705,8.671537399291992
239,6.445277214050293,8.671836853027344
240,6.430451393127441,8.670280456542969
0,45.38654708862305,20.654579162597656
1,7.070503234863281,5.117505073547363
2,7.512916088104248,3.088146209716797
3,6.382090091705322,6.5714216232299805
4,4.30816125869751,4.420295238494873
5,4.56761360168457,3.6828179359436035
6,4.396661281585693,9.126111030578613
7,4.20298957824707,4.409294605255127
8,4.155445575714111,3.6208584308624268
9,3.4349026679992676,4.534298896789551
10,3.212324380874634,4.300890922546387
11,3.8482134342193604,3.8321166038513184
12,3.282827854156494,4.564433574676514
13,3.235783338546753,3.7930266857147217
14,3.2627387046813965,3.4711196422576904
15,3.3337292671203613,4.2421040534973145
16,3.2543437480926514,4.45051383972168
17,2.851902484893799,3.6984972953796387
18,3.1640846729278564,3.6582083702087402
19,3.246335983276367,3.65675687789917
20,3.176088571548462,4.087061882019043
21,3.2929089069366455,2.9245190620422363
22,2.6176884174346924,3.082385301589966
23,2.736690044403076,3.6591269969940186
24,3.102052688598633,2.698340654373169
25,2.829545497894287,8.522233963012695
26,2.6967501640319824,2.848351001739502
27,2.747457504272461,5.998472690582275
28,2.986950635910034,3.2603516578674316
29,2.6607437133789062,2.418043375015259
30,2.8392012119293213,4.077127456665039
31,2.5667002201080322,2.5060067176818848
32,2.7426421642303467,2.366799831390381
33,2.2589938640594482,3.141483783721924
34,2.5977070331573486,2.687966823577881
35,2.5547521114349365,3.0254714488983154
36,2.403083324432373,1.8210151195526123
37,2.5552804470062256,6.78191614151001
38,2.427248239517212,2.78114652633667
39,2.3783538341522217,2.359316349029541
40,2.617283344268799,1.7447351217269897
41,2.365062952041626,2.7242350578308105
42,2.6350326538085938,4.07450008392334
43,2.283273458480835,1.5519918203353882
44,2.0560104846954346,2.568331241607666
45,2.050898551940918,2.0809526443481445
46,2.1974613666534424,3.372779369354248
47,1.9818683862686157,6.9557671546936035
48,2.014219045639038,2.387052059173584
49,1.9104574918746948,2.0261616706848145
50,2.1697075366973877,1.8038256168365479
51,2.100433111190796,6.505281925201416
52,2.014261245727539,1.8693819046020508
53,2.0369365215301514,2.2367799282073975
54,1.849334478378296,2.150052547454834
55,1.880385398864746,2.488262176513672
56,1.8745516538619995,2.261859178543091
57,1.9682332277297974,2.0866501331329346
58,2.0603301525115967,2.345811128616333
59,1.861838459968567,2.317570447921753
60,1.9311069250106812,2.320003032684326
61,1.6232759952545166,2.3747940063476562
62,1.8958109617233276,3.1056220531463623
63,1.6741846799850464,3.2391915321350098
64,1.766953468322754,2.6429686546325684
65,1.6219791173934937,2.427462100982666
66,1.9089125394821167,2.2335777282714844
67,1.7787456512451172,2.059027671813965
68,1.7016000747680664,3.5162367820739746
0,152.42189025878906,9.870266914367676
1,4.0992865562438965,4.165291786193848
2,4.123652935028076,1.953916311264038
3,3.7080078125,4.787380695343018
4,3.9346325397491455,2.0563113689422607
5,3.099421262741089,6.000079154968262
6,4.2872419357299805,2.1088414192199707
7,2.2653920650482178,2.403620481491089
8,3.0403597354888916,4.758258819580078
9,2.2853002548217773,2.755887508392334
10,2.8090004920959473,2.546387195587158
11,3.0611255168914795,2.1562323570251465
12,2.8457865715026855,2.9521610736846924
13,2.286945104598999,2.4120659828186035
14,2.4712517261505127,2.50919771194458
15,2.0581979751586914,2.846916675567627
16,2.8503835201263428,2.307572841644287
17,2.5697805881500244,2.655155658721924
18,2.6366517543792725,3.3223958015441895
19,2.2519428730010986,2.668175458908081
20,1.9951337575912476,2.7822153568267822
21,1.8519560098648071,2.7699365615844727
22,1.7598639726638794,3.542755126953125
23,2.23537540435791,2.1752564907073975
24,1.8898870944976807,3.4976048469543457
25,1.7794982194900513,3.453415632247925
26,2.3930749893188477,4.721146106719971
27,1.646305799484253,3.222626209259033
28,1.4637614488601685,4.395680904388428
29,1.7661470174789429,3.8351035118103027
30,1.5732131004333496,3.8517634868621826
31,1.356460690498352,5.2067036628723145
32,1.7772139310836792,4.5976057052612305
33,1.4950796365737915,4.269227027893066
34,1.2323700189590454,4.6419782638549805
35,1.382753610610962,4.264710426330566
36,1.5405069589614868,5.132474422454834
37,1.6279582977294922,4.849103927612305
38,1.190463662147522,5.781400203704834
39,1.2124760150909424,6.598382472991943
40,1.2171388864517212,5.07600212097168
41,1.289001703262329,6.074331283569336
42,1.0962852239608765,4.797633171081543
43,1.2683632373809814,6.873290061950684
44,1.2643115520477295,4.85965633392334
45,1.1728039979934692,6.260806083679199
46,0.9398131966590881,4.61792516708374
47,0.8337239623069763,5.215203285217285
48,0.8967899084091187,4.548231601715088
49,0.7493919134140015,5.104121685028076
50,1.102689504623413,4.318798065185547
51,1.1521250009536743,4.45357608795166
52,0.932348370552063,5.611203193664551
0,48.73897171020508,9.421765327453613
1,3.1564652919769287,6.520387172698975
2,3.21838641166687,4.483021259307861
3,2.8141071796417236,3.587653398513794
4,2.8586907386779785,1.8603553771972656
5,3.1230504512786865,6.985803127288818
6,3.080078601837158,8.99409294128418
7,2.772271156311035,4.829621315002441
8,3.049377918243408,5.062488079071045
9,3.036712408065796,5.444020748138428
10,2.527488946914673,3.2444655895233154
11,2.5294997692108154,1.9587182998657227
12,2.9162871837615967,1.8064959049224854
13,2.8672776222229004,4.776261806488037
14,2.573495388031006,3.0200634002685547
15,2.467348337173462,7.302043914794922
16,2.673445224761963,5.259522914886475
17,2.4923830032348633,1.8046241998672485
18,2.579252004623413,1.9852724075317383
19,2.1795244216918945,1.9624992609024048
20,2.298295259475708,2.0388171672821045
21,2.061255931854248,1.8028647899627686
22,2.428696393966675,1.8463456630706787
23,1.8796792030334473,3.1372568607330322
24,2.097172737121582,2.3043675422668457
25,1.8212852478027344,4.195673942565918
26,2.0616276264190674,2.118579626083374
27,1.873119592666626,2.250222682952881
28,2.138707399368286,3.088904857635498
29,1.5170135498046875,2.434718608856201
30,1.7754793167114258,2.506352186203003
31,1.6125693321228027,2.959176540374756
32,1.4314954280853271,3.3060359954833984
33,1.5542218685150146,2.4917922019958496
34,1.2922601699829102,3.4181606769561768
35,1.1784048080444336,4.03358793258667
36,1.0501079559326172,4.606043815612793
37,1.1925058364868164,3.842179775238037
38,1.0145697593688965,3.884676694869995
39,1.370254397392273,3.6630516052246094
40,1.3575612306594849,2.993309736251831
41,1.2150799036026,2.506725549697876
42,1.055618405342102,3.449505567550659
43,1.0398321151733398,3.33543062210083
44,1.197554349899292,3.339791774749756
45,0.8540152311325073,3.958810329437256
46,1.0188734531402588,3.2943177223205566
47,1.0815746784210205,3.321702241897583
48,1.157536268234253,3.158543348312378
49,0.8928107619285583,3.2407970428466797
50,0.9050588607788086,3.581818103790283
51,0.8643844723701477,4.464804649353027
52,0.8580747842788696,4.296245098114014
53,0.7941164374351501,4.652186393737793
54,0.830969512462616,3.1416215896606445
55,0.9086881279945374,4.213481903076172
56,0.8529424071311951,3.335949659347534
57,0.9087851047515869,4.507346153259277
58,0.99373459815979,5.456822395324707
59,0.7838242053985596,6.915402412414551
60,0.8508399724960327,5.903965950012207
61,0.8974888324737549,7.689690589904785
62,0.8258219361305237,3.6102137565612793
63,0.855438768863678,4.940374374389648
64,0.7712560296058655,5.587255954742432
65,0.774811863899231,6.054981231689453
66,0.7238830327987671,5.433699607849121
67,0.6905994415283203,6.6147589683532715
68,0.8515228629112244,6.350906848907471
69,0.9778505563735962,3.218738555908203
70,0.8519694805145264,4.272061347961426
71,0.810329020023346,2.996004819869995
0,65.18092346191406,3.0594117641448975
1,4.679196357727051,9.267414093017578
2,4.065253734588623,5.6706318855285645
3,4.41118049621582,2.8449902534484863
4,4.190662860870361,1.9243640899658203
5,4.239351749420166,2.5462028980255127
6,3.1831860542297363,2.990570068359375
7,2.9888415336608887,1.3958755731582642
8,3.2072255611419678,1.5946404933929443
9,3.70147967338562,1.5625834465026855
10,2.6176371574401855,1.7076164484024048
11,2.9715993404388428,1.4778541326522827
12,3.5819337368011475,1.7571115493774414
13,3.0392425060272217,1.462857961654663
14,2.6611666679382324,2.3747544288635254
15,2.8107616901397705,1.440337896347046
16,2.907039165496826,2.964954376220703
17,2.691255569458008,2.2239317893981934
18,3.3875808715820312,2.8627171516418457
19,2.503552198410034,2.4705939292907715
20,2.7670774459838867,1.5380046367645264
21,3.1777803897857666,1.9572370052337646
22,2.938304901123047,2.001835584640503
23,2.8447794914245605,2.2281088829040527
24,2.6404566764831543,1.9312204122543335
25,2.7962489128112793,2.2827277183532715
26,2.6240155696868896,1.7190825939178467
27,2.9449574947357178,2.0199296474456787
28,2.7642710208892822,2.200212001800537
29,2.6969285011291504,2.409513473510742
30,2.6322579383850098,2.1428518295288086
31,2.8595128059387207,2.586548089981079
32,2.9615373611450195,1.957450270652771
33,2.5583958625793457,1.847882866859436
34,3.3812625408172607,1.7182995080947876
35,2.5870182514190674,1.781670331954956
36,2.2971298694610596,2.402276039123535
37,2.5235304832458496,2.134432792663574
38,2.402249574661255,1.9181379079818726
39,2.0243799686431885,1.8532631397247314
40,2.4204671382904053,1.749969482421875
41,2.491652727127075,1.8257112503051758
42,2.180809259414673,2.0623812675476074
43,2.490586996078491,2.526496410369873
44,2.431621789932251,2.5484671592712402
45,2.177868604660034,1.7971782684326172
46,2.163264751434326,1.8727319240570068
47,2.223501443862915,2.406442165374756
48,2.2793502807617188,1.9721393585205078
49,1.781908392906189,1.994734525680542
50,1.9788564443588257,3.2768092155456543
51,2.194817066192627,2.0104243755340576
52,2.107510805130005,2.354027509689331
53,2.121927499771118,3.382471799850464
54,1.9019662141799927,2.465465545654297
55,1.7826054096221924,4.091006278991699
56,2.024725914001465,2.7218706607818604
57,1.7631419897079468,4.257210731506348
58,2.672691583633423,2.0997655391693115
59,1.9637831449508667,2.1328606605529785
60,1.8885871171951294,1.717119574546814
61,1.9624799489974976,3.107281446456909
62,1.774182915687561,3.4594600200653076
63,2.0859899520874023,1.824855089187622
64,1.8380074501037598,2.424962282180786
65,1.7745615243911743,2.5108895301818848
66,1.671684741973877,2.8565268516540527
67,1.8999978303909302,2.2889726161956787
68,1.514397382736206,2.3966634273529053
69,1.5873759984970093,3.4001851081848145
70,1.7516378164291382,2.5550334453582764
71,1.5777697563171387,2.140735149383545
72,1.2801920175552368,3.213118076324463
73,1.5236414670944214,2.1332449913024902
74,1.5063601732254028,2.0585505962371826
75,1.6184076070785522,2.182812452316284
76,1.7646825313568115,2.9980080127716064
77,1.2425912618637085,3.4801242351531982
78,1.3282605409622192,3.614496946334839
79,1.347159504890442,2.6436448097229004
80,1.2575125694274902,2.7589941024780273
81,1.0686908960342407,2.043992757797241
82,1.172310709953308,1.8858760595321655
83,1.366955041885376,3.104466438293457
84,1.5182627439498901,2.58577299118042
85,1.0023518800735474,3.8681769371032715
86,1.0771219730377197,2.393558979034424
87,1.000511884689331,2.139462947845459
88,0.8911824226379395,3.7171058654785156
89,1.0665630102157593,4.562562942504883
90,1.1909397840499878,2.894498109817505
91,1.1322537660598755,4.228278636932373
92,0.806781530380249,2.4441986083984375
93,0.8993456959724426,2.287217617034912
94,0.7638556957244873,1.9749656915664673
95,0.6579672694206238,3.4102931022644043
96,0.6413682699203491,3.1810085773468018
97,0.9076747894287109,2.35446834564209
98,0.8682660460472107,3.966204881668091
99,0.7156538367271423,2.410585880279541
100,0.6051842570304871,3.5268657207489014
101,0.8045670986175537,3.375678539276123
102,0.5852932929992676,2.5421860218048096
103,0.562457799911499,3.2473206520080566
104,0.527584433555603,2.9535205364227295
105,0.6364784240722656,4.870599269866943
106,0.5462967753410339,2.2294769287109375
107,0.7025091648101807,2.632664203643799
