epoch,loss,val_loss
0,1332.4769287109375,1384.4769287109375
1,1289.1702880859375,1357.9241943359375
2,1167.485107421875,1290.977294921875
3,765.5228271484375,1096.2969970703125
4,306.5227966308594,974.24609375
5,137.2375030517578,945.01806640625
6,62.1616325378418,847.6613159179688
7,41.87131118774414,869.7833251953125
8,30.340896606445312,842.8235473632812
9,21.671207427978516,836.6203002929688
10,13.402961730957031,816.8116455078125
11,8.912888526916504,808.9134521484375
12,4.815675258636475,807.3295288085938
13,3.4818367958068848,784.8888549804688
14,6.542611598968506,761.6617431640625
15,7.84777307510376,773.9339599609375
16,7.625025749206543,739.9683837890625
17,6.479424476623535,745.2940673828125
18,10.463391304016113,695.45703125
19,4.831705093383789,736.0516357421875
20,4.386712074279785,666.6022338867188
21,6.212719440460205,679.2667236328125
22,6.263452529907227,656.0323486328125
23,4.976634979248047,645.046142578125
24,2.9122307300567627,624.3980712890625
25,6.0450944900512695,592.3223876953125
26,3.779989719390869,607.8685913085938
27,4.312167167663574,564.0133056640625
28,4.149064064025879,550.4251098632812
29,3.6020915508270264,550.7066650390625
30,9.49901008605957,488.50372314453125
31,10.83941650390625,579.2474365234375
32,11.591642379760742,441.447021484375
33,7.26276159286499,517.5180053710938
34,3.8050804138183594,459.7913513183594
35,2.1963095664978027,449.75665283203125
36,3.8433494567871094,460.6566467285156
37,6.896733283996582,408.6842041015625
38,3.475917339324951,428.046875
39,3.206449508666992,383.92852783203125
40,2.27701473236084,377.116455078125
41,2.382589101791382,385.1261901855469
42,3.670409679412842,329.3575134277344
43,2.4262654781341553,339.85723876953125
44,4.806866645812988,328.2131652832031
45,2.980952501296997,313.34735107421875
46,2.734196424484253,286.93121337890625
47,4.6629157066345215,322.265869140625
48,4.6555047035217285,255.9101104736328
49,2.6262972354888916,269.83447265625
50,3.035836696624756,268.0001525878906
51,4.11374568939209,234.7962188720703
52,3.2812092304229736,232.1134796142578
53,2.9724159240722656,210.70510864257812
54,3.193190097808838,204.41268920898438
55,1.6617920398712158,195.94427490234375
56,2.734644889831543,160.46133422851562
57,3.8930504322052,200.28494262695312
58,3.9943275451660156,147.9908905029297
59,3.3722615242004395,162.36355590820312
60,2.6471071243286133,161.74266052246094
61,4.8470988273620605,151.1872100830078
62,4.20627498626709,108.06085205078125
63,5.691858768463135,155.865478515625
64,4.2596940994262695,120.4967269897461
65,2.359952449798584,116.9026107788086
66,2.7780356407165527,78.96622467041016
67,2.9610133171081543,83.0968017578125
68,2.254190444946289,83.63185119628906
69,1.9052600860595703,81.22348022460938
70,1.8382933139801025,93.72032928466797
71,2.0230767726898193,78.51189422607422
72,2.6457760334014893,42.18608474731445
73,3.056668519973755,65.52919006347656
74,4.441709518432617,51.6778564453125
75,4.650040626525879,31.834392547607422
76,2.6099228858947754,34.54030990600586
77,1.8437328338623047,55.87506103515625
78,2.270251750946045,28.867258071899414
79,2.135136604309082,38.65814208984375
80,3.6146111488342285,37.57041549682617
81,2.2694718837738037,28.5350399017334
82,3.572455883026123,14.386007308959961
83,6.74472188949585,26.03314208984375
84,2.2008814811706543,34.42808532714844
85,4.1841511726379395,12.586106300354004
86,3.8488426208496094,18.964632034301758
87,2.0793185234069824,23.94672203063965
88,2.803220510482788,8.181842803955078
89,5.474883556365967,21.018901824951172
90,2.9421541690826416,14.9779691696167
91,1.8124688863754272,5.748013496398926
92,2.820308208465576,14.160476684570312
93,4.812070369720459,6.078713893890381
94,1.8871066570281982,5.419317722320557
95,2.7697970867156982,22.911869049072266
96,3.800203800201416,8.488789558410645
97,4.169926643371582,2.653512716293335
98,2.85650372505188,11.162446975708008
99,3.2676327228546143,8.789987564086914
100,3.497847080230713,1.5121219158172607
101,2.256030797958374,10.917703628540039
102,2.9524989128112793,5.376372814178467
103,2.0677666664123535,4.214842319488525
104,3.4711766242980957,12.615550994873047
105,2.8572888374328613,5.459527015686035
106,2.0107359886169434,1.8449318408966064
107,3.2107977867126465,7.263918399810791
108,1.8190383911132812,10.877298355102539
109,3.0852134227752686,6.665269374847412
110,2.8678176403045654,4.404107093811035
111,1.9705431461334229,3.135470390319824
112,2.2002673149108887,5.5415425300598145
113,1.6469001770019531,2.372659206390381
114,2.6642708778381348,6.421885013580322
115,1.358008623123169,3.7169463634490967
116,3.9150662422180176,7.888491630554199
117,2.2649149894714355,1.2497577667236328
118,2.8526225090026855,6.785895347595215
119,2.994288921356201,6.346505641937256
120,3.0896544456481934,0.9227756261825562
121,2.270599842071533,3.9424095153808594
122,1.446801781654358,4.917767524719238
123,1.5498872995376587,2.1168415546417236
124,1.8691413402557373,7.854886054992676
125,1.967298150062561,3.3482069969177246
126,1.0252935886383057,2.2747232913970947
127,1.8414113521575928,4.123138427734375
128,1.6824829578399658,6.880288600921631
129,3.4475150108337402,3.594144821166992
130,2.003232479095459,0.9519084095954895
131,2.4897546768188477,5.6817450523376465
132,1.5705687999725342,1.5675251483917236
133,1.9415037631988525,4.8846940994262695
134,1.449344515800476,2.9835193157196045
135,1.8022171258926392,4.80233907699585
136,2.109943389892578,4.521108150482178
137,1.7146193981170654,1.7841686010360718
138,2.1736137866973877,5.216610908508301
139,1.526695966720581,2.652313709259033
140,1.861940622329712,1.871159315109253
141,1.38770592212677,3.97880482673645
142,1.9598684310913086,1.4795340299606323
143,1.4596922397613525,2.115347385406494
144,1.7325506210327148,3.6822872161865234
145,1.5687494277954102,4.355230808258057
146,1.2797186374664307,3.311081647872925
147,0.9704492688179016,5.534010410308838
148,1.3270066976547241,1.7388627529144287
149,2.2197654247283936,7.078272819519043
150,1.7358732223510742,1.3491771221160889
151,1.8438911437988281,1.9406770467758179
152,2.8111369609832764,2.549055337905884
153,1.6713470220565796,2.4923219680786133
154,2.1001815795898438,1.1401922702789307
155,1.882229208946228,7.833252906799316
156,2.4116711616516113,5.212281227111816
157,1.8028442859649658,0.6202612519264221
158,2.5641815662384033,7.071503639221191
159,1.8162733316421509,3.4245829582214355
160,1.7167136669158936,2.746833324432373
161,1.1325572729110718,3.622931718826294
162,1.247081995010376,2.7658987045288086
163,1.6747074127197266,3.8756537437438965
164,1.090696096420288,1.799289345741272
165,1.6073768138885498,4.848383903503418
166,1.65178644657135,4.228460311889648
167,1.636958360671997,5.992138385772705
168,1.4726028442382812,1.269139051437378
169,1.9032974243164062,7.177581787109375
170,0.9778715968132019,1.5461945533752441
171,1.3603880405426025,6.818804740905762
172,3.8529326915740967,7.110174655914307
173,2.5609617233276367,1.1085453033447266
174,3.485527753829956,2.6503238677978516
175,1.758291482925415,4.263664245605469
176,1.5390193462371826,1.7576202154159546
177,1.3088122606277466,7.782493591308594
178,1.3737295866012573,3.232207775115967
179,0.9255343675613403,3.6282267570495605
180,1.4208595752716064,1.1239012479782104
181,1.9952008724212646,2.7315011024475098
182,2.117530345916748,2.5574800968170166
183,2.065028429031372,6.488488674163818
184,1.5258281230926514,4.287001132965088
185,1.4983701705932617,3.131430149078369
186,1.2958347797393799,1.4971187114715576
187,1.96939218044281,4.647032260894775
188,1.8243510723114014,3.978874683380127
189,1.055973768234253,2.2456650733947754
190,0.9260013699531555,5.062305450439453
191,1.5258293151855469,2.5109381675720215
192,1.0576659440994263,2.6623220443725586
193,1.3800077438354492,3.6710357666015625
194,1.3077738285064697,3.0703625679016113
195,1.5721598863601685,6.406874656677246
196,2.0563769340515137,1.11672842502594
197,2.2663705348968506,3.2248847484588623
198,1.9453102350234985,9.515525817871094
199,2.4154765605926514,1.582996129989624
200,1.58795964717865,5.921011924743652
201,1.2065246105194092,6.19100284576416
202,2.12129545211792,5.8210601806640625
203,2.0949881076812744,8.319170951843262
204,1.3903782367706299,3.0799808502197266
205,1.232887864112854,5.857333660125732
206,1.4287707805633545,6.534489631652832
207,1.290668249130249,1.071685552597046
0,69.43656158447266,135.39407348632812
1,7.803642749786377,99.6733169555664
2,5.113183975219727,36.65836715698242
3,3.5465683937072754,6.624515533447266
4,5.0512895584106445,2.249462127685547
5,3.389261484146118,36.89877700805664
6,2.912078857421875,4.111332893371582
7,3.0649027824401855,22.30372428894043
8,2.422579526901245,19.94119644165039
9,2.2109267711639404,4.291243553161621
10,2.41233491897583,5.370026111602783
11,2.250145435333252,4.839353561401367
12,2.309638023376465,2.4593682289123535
13,2.1157705783843994,8.289423942565918
14,1.9444859027862549,12.652826309204102
15,1.761955976486206,1.6708792448043823
16,1.7568862438201904,5.875270843505859
17,1.8455305099487305,9.812580108642578
18,1.6095689535140991,4.24072265625
19,1.6764042377471924,4.03645658493042
20,1.572063684463501,12.539400100708008
21,1.7766388654708862,1.9873840808868408
22,1.69450044631958,6.146665096282959
23,1.9491454362869263,8.154687881469727
24,1.6024227142333984,13.890016555786133
25,1.819623351097107,4.228050708770752
26,1.5275472402572632,5.016826152801514
27,1.6470328569412231,14.367469787597656
28,1.6039326190948486,7.953750133514404
29,1.4108667373657227,8.932429313659668
30,1.480172038078308,21.405359268188477
31,1.6563496589660645,26.51287269592285
32,1.3759758472442627,10.937811851501465
33,1.3201347589492798,10.039302825927734
34,1.3838976621627808,10.364018440246582
35,1.3261324167251587,7.225821018218994
36,1.7470219135284424,2.161442279815674
37,1.2478681802749634,13.902107238769531
38,1.7091587781906128,4.068871021270752
39,1.186012625694275,18.141937255859375
40,1.490055799484253,1.4015499353408813
41,1.3359425067901611,8.222445487976074
42,1.1010018587112427,1.473320484161377
43,1.2471601963043213,1.526131272315979
44,1.2208431959152222,11.248891830444336
45,1.260088562965393,2.0150158405303955
46,1.2169941663742065,12.411005020141602
47,1.0234122276306152,12.44177532196045
48,1.1914597749710083,11.21556568145752
49,1.293287992477417,19.210865020751953
50,1.225153923034668,1.4992202520370483
51,1.2543145418167114,13.429561614990234
52,1.4036654233932495,8.10124683380127
53,1.2021470069885254,1.5274534225463867
54,1.2191303968429565,1.3731848001480103
55,1.2198467254638672,6.594656944274902
56,1.5006154775619507,3.632477283477783
57,1.1833593845367432,11.031051635742188
58,1.178228497505188,2.983330488204956
59,1.1707836389541626,3.0932259559631348
60,1.0875352621078491,3.7618801593780518
61,1.06965172290802,17.656843185424805
62,1.1751161813735962,3.3009867668151855
63,1.0381903648376465,5.546569347381592
64,1.2145042419433594,5.829455375671387
65,1.0719119310379028,3.6712441444396973
66,1.2725783586502075,2.339564323425293
67,0.9997068047523499,10.544669151306152
68,1.3021717071533203,10.609455108642578
69,1.0802409648895264,2.9332499504089355
70,1.085086703300476,8.10959529876709
71,1.1634540557861328,24.72909927368164
72,1.0867862701416016,6.521866321563721
73,0.9957405924797058,9.916050910949707
74,0.9658652544021606,9.984485626220703
75,1.113407850265503,1.650286078453064
76,1.3030281066894531,14.384562492370605
77,1.0044586658477783,10.265408515930176
78,1.087908387184143,2.0521974563598633
79,1.0562760829925537,14.45573616027832
0,0.019836194813251495,0.5647264122962952
1,0.0035421757493168116,0.4067705571651459
2,0.0028241900727152824,0.12758499383926392
3,0.002738393610343337,0.031231049448251724
4,0.0023218777496367693,0.0060783931985497475
5,0.001991376979276538,0.010439823381602764
6,0.002163717057555914,0.010393498465418816
7,0.0019701530691236258,0.016422078013420105
8,0.0018592734122648835,0.0039131781086325645
9,0.0014669934753328562,0.008299160748720169
10,0.0015927421627566218,0.004215257242321968
11,0.0015786405419930816,0.011732378043234348
12,0.0017055599018931389,0.020627208054065704
13,0.0014937144005671144,0.005020041950047016
14,0.001533270813524723,0.027751898393034935
15,0.0013643207494169474,0.008960900828242302
16,0.0015133462147787213,0.01690732128918171
17,0.0012532382970675826,0.022150471806526184
18,0.0013071531429886818,0.002310181502252817
19,0.0013296750839799643,0.007900991477072239
20,0.0014560394920408726,0.021916812285780907
21,0.001556970877572894,0.00363554316572845
22,0.0012409051414579153,0.01955866627395153
23,0.0013011249247938395,0.017984453588724136
24,0.0014216562267392874,0.02415267378091812
25,0.0012106980429962277,0.019398290663957596
26,0.0012403592700138688,0.003035341389477253
27,0.0013405842473730445,0.021322904154658318
28,0.001218663528561592,0.02152787148952484
29,0.001212680828757584,0.01732245460152626
30,0.001104869763366878,0.02171861194074154
31,0.0014258084120228887,0.014671416021883488
32,0.00115190539509058,0.019336901605129242
33,0.0010327373165637255,0.04053123667836189
34,0.0010982044041156769,0.03451324999332428
35,0.0011647763894870877,0.027030223980545998
36,0.001101466710679233,0.014652657322585583
37,0.0011602173326537013,0.02920323796570301
38,0.0010842449264600873,0.0368041954934597
39,0.0009983639465644956,0.038966502994298935
40,0.0011610639048740268,0.01414540782570839
41,0.0011793446028605103,0.022381607443094254
42,0.001163063570857048,0.033762019127607346
43,0.001060238922946155,0.04279005154967308
