epoch,loss,val_loss
0,39.67741012573242,1.8821468353271484
1,1.0359638929367065,2.3093743324279785
2,0.9498611688613892,2.3164560794830322
3,0.8617469668388367,2.8335862159729004
4,0.8912485837936401,1.6283155679702759
5,0.8410376906394958,3.321181058883667
6,0.8110384345054626,1.4469667673110962
7,0.7981340289115906,1.9487403631210327
8,0.8193346261978149,2.367335557937622
9,0.8007710576057434,1.2959786653518677
10,0.7542274594306946,2.6105258464813232
11,0.771719217300415,1.3234045505523682
12,0.7413100600242615,0.8864464163780212
13,0.7732122540473938,2.8702805042266846
14,0.702195942401886,2.341531991958618
15,0.7021127343177795,1.014189600944519
16,0.7055262327194214,1.9485276937484741
17,0.6937216520309448,1.0174354314804077
18,0.7035441398620605,2.148484945297241
19,0.645062267780304,8.636957168579102
20,0.697168231010437,2.172591209411621
21,0.6138142347335815,0.9853380918502808
22,0.6653621196746826,1.5819661617279053
23,0.6408178210258484,2.1399290561676025
24,0.6069132089614868,0.7741683721542358
25,0.6225670576095581,1.6442081928253174
26,0.6041048169136047,2.1961092948913574
27,0.6103178262710571,1.2358216047286987
28,0.5705344676971436,1.8399507999420166
29,0.6314435005187988,2.4388794898986816
30,0.5920475125312805,1.854382872581482
31,0.5860804915428162,2.3847732543945312
32,0.5928648114204407,2.204132080078125
33,0.5590172410011292,0.9619614481925964
34,0.5726733803749084,0.9025980830192566
35,0.5713223218917847,1.2960336208343506
36,0.5719178318977356,0.9566798210144043
37,0.545881986618042,2.248105764389038
38,0.5775163173675537,1.2641401290893555
39,0.5344871282577515,0.8033775091171265
40,0.5414725542068481,1.1106146574020386
41,0.5628447532653809,1.2605302333831787
42,0.5438946485519409,1.9385662078857422
43,0.5300813317298889,1.3912246227264404
44,0.5412361025810242,1.5964906215667725
45,0.5514929890632629,1.7980250120162964
46,0.545211136341095,0.8587556481361389
47,0.5540743470191956,1.0018151998519897
48,0.5402645468711853,1.513856053352356
49,0.5278770327568054,1.7891970872879028
50,0.5118332505226135,0.9932588934898376
51,0.5438670516014099,1.1230418682098389
52,0.5267595648765564,2.4129250049591064
53,0.52215176820755,2.3745901584625244
54,0.5282490253448486,2.6951041221618652
55,0.5437141060829163,1.3690749406814575
56,0.506848156452179,1.6417216062545776
57,0.5156099200248718,2.399895429611206
58,0.530937671661377,1.44194757938385
59,0.5149238705635071,0.7549591660499573
60,0.5185936689376831,1.4680131673812866
61,0.5068139433860779,1.009998083114624
62,0.48371416330337524,1.4764453172683716
63,0.489591509103775,1.5505739450454712
64,0.4955136775970459,1.5711792707443237
65,0.47499170899391174,0.697708010673523
66,0.49035021662712097,1.816823959350586
67,0.4808945059776306,1.5650856494903564
68,0.4883781373500824,2.9482386112213135
69,0.49722546339035034,2.4101226329803467
70,0.48620370030403137,2.091036796569824
71,0.5271006226539612,2.042837619781494
72,0.4982163608074188,1.1032195091247559
73,0.4869042932987213,3.0332391262054443
74,0.48814839124679565,1.640912413597107
75,0.4796941578388214,1.6319752931594849
76,0.4832290709018707,1.8453781604766846
77,0.5049944519996643,1.9197136163711548
78,0.4660909175872803,1.7355213165283203
79,0.47277289628982544,0.961219847202301
80,0.47932514548301697,2.227714776992798
81,0.4893348515033722,1.9015629291534424
82,0.5100923776626587,1.863873839378357
83,0.4755677282810211,2.4625930786132812
84,0.48373693227767944,1.5768567323684692
85,0.47955870628356934,2.5246284008026123
86,0.5068378448486328,1.979184865951538
87,0.4773452579975128,1.5364001989364624
88,0.509088397026062,1.7773034572601318
89,0.46952617168426514,1.8911525011062622
90,0.4659155011177063,0.8524101376533508
91,0.46672412753105164,0.8854354619979858
92,0.4500592052936554,1.5246027708053589
93,0.46801406145095825,2.4980828762054443
94,0.47129949927330017,1.2486501932144165
95,0.45799025893211365,1.829859972000122
96,0.4563736021518707,1.3034480810165405
97,0.4609682261943817,1.9713785648345947
98,0.45339885354042053,1.1068652868270874
99,0.43400105834007263,0.8601372838020325
100,0.4726073443889618,0.9754786491394043
101,0.4730754494667053,1.4936233758926392
102,0.4398247301578522,2.573681354522705
103,0.42921754717826843,1.33074152469635
104,0.45162293314933777,4.016953945159912
105,0.457634836435318,2.2564890384674072
106,0.4686933755874634,3.1579346656799316
107,0.4455619156360626,0.8946467638015747
108,0.40717628598213196,2.074378252029419
109,0.42760440707206726,1.903148889541626
110,0.43558579683303833,4.111452579498291
111,0.4400085508823395,1.079870581626892
112,0.4324743151664734,1.0754114389419556
113,0.43440738320350647,1.4338964223861694
114,0.4442485570907593,1.124966025352478
115,0.4420035779476166,1.8396192789077759
0,85.51936340332031,10.513203620910645
1,1.2042244672775269,1.0359197854995728
2,0.45173969864845276,0.7633962631225586
3,0.3875659108161926,0.8062717318534851
4,0.36718812584877014,1.2513703107833862
5,0.4230938255786896,1.241959571838379
6,0.3366192579269409,1.1322823762893677
7,0.3226420283317566,0.7134424448013306
8,0.36823228001594543,0.9927217960357666
9,0.3302006423473358,1.426262378692627
10,0.3420858085155487,0.7762700915336609
11,0.38176771998405457,0.8652323484420776
12,0.33757269382476807,0.8332552313804626
13,0.34697961807250977,0.8427788615226746
14,0.3384774327278137,0.8689548373222351
15,0.36448875069618225,0.8802273869514465
16,0.3309483230113983,1.0336366891860962
17,0.3566128611564636,0.8473302721977234
18,0.3312779664993286,0.8835950493812561
19,0.33532604575157166,1.0741342306137085
20,0.33357182145118713,1.2883682250976562
21,0.3154646158218384,1.1427412033081055
22,0.3368643522262573,1.050743818283081
23,0.30509957671165466,1.7350291013717651
24,0.3473450839519501,1.1074268817901611
25,0.3274264335632324,1.6967724561691284
26,0.34501105546951294,1.1942448616027832
27,0.32335254549980164,1.190351128578186
28,0.3613865077495575,1.7937177419662476
29,0.3863201141357422,0.9221881628036499
30,0.3378317058086395,1.0896141529083252
31,0.330472856760025,1.5683174133300781
32,0.3208293616771698,1.1608158349990845
33,0.32789042592048645,0.9816925525665283
34,0.3177523612976074,0.9141455888748169
35,0.3268798291683197,0.6939828991889954
36,0.36333489418029785,0.9067062139511108
37,0.39412927627563477,0.8422219753265381
38,0.2981257736682892,1.085896611213684
39,0.30321186780929565,0.6740822792053223
40,0.3149701654911041,1.319338083267212
41,0.31915780901908875,1.0131646394729614
42,0.31032317876815796,0.9370229840278625
43,0.32041120529174805,1.6022562980651855
44,0.3576726019382477,0.6705722808837891
45,0.30475562810897827,0.8815780878067017
46,0.35361212491989136,0.7966067790985107
47,0.295942097902298,0.6873874664306641
48,0.28861385583877563,0.7078941464424133
49,0.32365500926971436,0.6990877985954285
50,0.35365673899650574,0.8293453454971313
51,0.31588712334632874,1.0672177076339722
52,0.2916339337825775,0.8186315894126892
53,0.3461919128894806,2.28585147857666
54,0.3234959840774536,0.69572913646698
55,0.2920679748058319,0.8519222140312195
56,0.3060740828514099,0.7323234677314758
57,0.2910637855529785,0.8275161981582642
58,0.28985726833343506,1.1771914958953857
59,0.31383681297302246,0.9204081296920776
60,0.32266783714294434,1.2139112949371338
61,0.31988516449928284,1.4511879682540894
62,0.2866356670856476,0.7750110626220703
63,0.30162349343299866,1.3916075229644775
64,0.2848805785179138,1.2396785020828247
65,0.29666852951049805,0.7291179895401001
66,0.280826210975647,1.2119674682617188
67,0.27618712186813354,1.9989114999771118
68,0.27642562985420227,0.6273837089538574
69,0.2717132270336151,0.7248150110244751
70,0.27389293909072876,0.6506032347679138
71,0.2820124626159668,1.298275351524353
72,0.29469558596611023,0.6871559619903564
73,0.29628443717956543,0.7900409698486328
74,0.27314069867134094,1.3207770586013794
75,0.2717379331588745,1.6720051765441895
76,0.2951156795024872,1.1569029092788696
77,0.27356263995170593,1.1738802194595337
78,0.2769742012023926,0.5384074449539185
79,0.2872963845729828,0.8003748655319214
80,0.25923237204551697,1.4433995485305786
81,0.2835288643836975,0.88653963804245
82,0.2525021433830261,0.9656686186790466
83,0.25648224353790283,1.8562451601028442
84,0.2749132812023163,0.674987256526947
85,0.25936827063560486,0.807953417301178
86,0.2577155828475952,1.3537620306015015
87,0.23408932983875275,1.4440739154815674
88,0.26431915163993835,0.910450279712677
89,0.25692078471183777,1.006826639175415
90,0.28219184279441833,1.5347563028335571
91,0.2567538022994995,0.6594759821891785
92,0.2629091441631317,1.109585165977478
93,0.2841058671474457,1.0667599439620972
94,0.26572278141975403,1.014068365097046
95,0.2666405141353607,0.6421433687210083
96,0.23756684362888336,0.8944892287254333
97,0.25523027777671814,0.7016846537590027
98,0.24425703287124634,0.9504334926605225
99,0.2713254988193512,0.5537784695625305
100,0.2545515298843384,0.9515641927719116
101,0.23884862661361694,1.1557272672653198
102,0.24951183795928955,0.8127131462097168
103,0.24718286097049713,1.162202000617981
104,0.25249937176704407,0.6533350944519043
105,0.26736530661582947,1.2496933937072754
106,0.2510725259780884,1.3777204751968384
107,0.2373236119747162,0.9381492733955383
108,0.35121604800224304,0.5745253562927246
109,0.2797274887561798,0.6003837585449219
110,0.26382219791412354,0.7364219427108765
111,0.23310478031635284,1.5891066789627075
112,0.2317136973142624,0.6014926433563232
113,0.2390928417444229,1.5754828453063965
114,0.25158610939979553,1.3145173788070679
115,0.26396557688713074,0.8963695764541626
116,0.24420487880706787,0.7774950861930847
117,0.24947115778923035,1.1360360383987427
118,0.25069931149482727,0.8308391571044922
119,0.23718154430389404,1.6582554578781128
120,0.23033536970615387,1.3796353340148926
121,0.2420986294746399,0.7185063362121582
122,0.24582263827323914,0.8847784996032715
123,0.3013856112957001,1.19845449924469
124,0.23412515223026276,0.9967823028564453
125,0.23858501017093658,1.05062735080719
126,0.24129584431648254,1.3360724449157715
127,0.23353083431720734,1.3912243843078613
128,0.22300775349140167,0.916520357131958
