epoch,loss,val_loss
0,20.2071590423584,53.17151641845703
1,1.6786823272705078,15.262398719787598
2,1.8130178451538086,2.1773335933685303
3,1.2521098852157593,0.5006160736083984
4,0.9981275796890259,0.9426396489143372
5,1.3915092945098877,1.5051268339157104
6,1.0128570795059204,2.0360705852508545
7,0.8044741153717041,1.2686424255371094
8,0.6405296325683594,3.4745981693267822
9,0.7053980231285095,2.716552972793579
10,0.8466251492500305,1.126859188079834
11,0.5694237947463989,0.8807891607284546
12,0.5610119104385376,0.666753888130188
13,0.6134458184242249,1.6636325120925903
14,0.614852249622345,0.9704957008361816
15,0.5266828536987305,1.5745607614517212
16,0.4402494430541992,1.2933732271194458
17,0.5438138842582703,5.3270487785339355
18,0.43269503116607666,1.2450640201568604
19,0.42640554904937744,0.6500197649002075
20,0.44537606835365295,0.5334605574607849
21,0.44737154245376587,1.3868169784545898
22,0.42822080850601196,0.644149899482727
23,0.45636433362960815,2.87363600730896
24,0.4956459403038025,1.2610876560211182
25,0.46918416023254395,0.7301360964775085
26,0.4895398020744324,0.6726135015487671
27,0.4039904475212097,0.8419716358184814
28,0.47120198607444763,0.6919294595718384
0,2651.225830078125,92.00320434570312
1,4.765702247619629,4.070328712463379
2,2.1250298023223877,8.004373550415039
3,1.5467671155929565,0.6869671940803528
4,1.4963538646697998,1.8882049322128296
5,1.2417351007461548,4.2926411628723145
6,1.086277961730957,0.5121431946754456
7,1.0175881385803223,2.4241366386413574
8,0.9605544805526733,0.6205657720565796
9,0.9631944894790649,1.1399649381637573
10,0.8341866731643677,1.2418423891067505
11,0.680406391620636,1.4481902122497559
12,0.795364499092102,258.4591979980469
13,0.865878701210022,3.903020143508911
14,0.7447652220726013,6.723653316497803
15,0.6860711574554443,2.4272687435150146
16,0.6980156898498535,1.8265918493270874
17,0.5886055827140808,2.8497488498687744
18,0.6946210861206055,2.6682419776916504
19,0.608465850353241,4.97109842300415
20,0.6156668663024902,1.2119507789611816
21,0.6140019297599792,0.8381558656692505
22,0.5559080243110657,1.1164125204086304
23,0.5774677991867065,2.835904359817505
24,0.5206408500671387,2.4442994594573975
25,0.49058470129966736,0.6155532002449036
26,0.5708954930305481,1.3113125562667847
27,0.5283437967300415,1.3696871995925903
28,0.5160659551620483,2.2768781185150146
29,0.49647122621536255,4.602635383605957
30,0.4699927866458893,1.126760721206665
31,0.4288443922996521,2.1455605030059814
32,0.5055927634239197,2.34144926071167
33,0.438135027885437,3.050516128540039
34,0.44446098804473877,1.4107321500778198
35,0.410597562789917,3.4571692943573
36,0.43539562821388245,2.5276365280151367
37,0.41031962633132935,1.0515152215957642
38,0.4311648905277252,2.564880847930908
39,0.41092053055763245,1.0277988910675049
40,0.4303893446922302,3.1235032081604004
41,0.37609055638313293,3.706719160079956
42,0.3656030595302582,1.1979411840438843
43,0.4280141294002533,2.061605453491211
44,0.3635149896144867,1.5248501300811768
45,0.384244441986084,0.8751197457313538
46,0.34519514441490173,1.183349847793579
47,0.3732931315898895,3.8061232566833496
48,0.31029602885246277,1.4747707843780518
49,0.3620513677597046,3.48931884765625
50,0.3351450264453888,1.9375394582748413
51,0.37843891978263855,3.428337335586548
52,0.3744724690914154,3.0411412715911865
53,0.3407701551914215,2.0767269134521484
54,0.33956608176231384,0.5735772848129272
55,0.356341689825058,1.2013641595840454
56,0.30988824367523193,1.2622727155685425
57,0.3233456313610077,2.6595706939697266
58,0.31745287775993347,1.2203145027160645
59,0.32110926508903503,1.2048373222351074
60,0.29476794600486755,0.8352373838424683
61,0.2986213266849518,1.1213210821151733
62,0.3303108811378479,1.4988185167312622
63,0.29997238516807556,0.6066721081733704
64,0.33382952213287354,0.47662779688835144
65,0.3059258460998535,0.82281494140625
66,0.31286704540252686,0.5872251391410828
67,0.3075360357761383,0.9177352786064148
68,0.2798635959625244,0.5370283126831055
69,0.27612069249153137,1.1882359981536865
70,0.28175196051597595,0.6087729930877686
71,0.2804379463195801,1.7218637466430664
72,0.2883981168270111,1.1120610237121582
73,0.29232609272003174,0.6996644735336304
74,0.27474620938301086,1.106177806854248
75,0.2697930335998535,2.050051689147949
76,0.29487770795822144,0.8555810451507568
77,0.2923216223716736,2.364423990249634
78,0.29143038392066956,1.3244794607162476
79,0.2700815796852112,0.9057468175888062
80,0.27013149857521057,2.1904702186584473
81,0.3165907561779022,0.3967999815940857
82,0.28323182463645935,1.0079275369644165
83,0.280807226896286,0.9420099854469299
84,0.2587811052799225,2.1659348011016846
85,0.2623613178730011,0.741442084312439
86,0.272230327129364,1.8644875288009644
87,0.2519175410270691,1.3067399263381958
88,0.3050538897514343,2.1826770305633545
89,0.26385432481765747,1.4963465929031372
90,0.23811981081962585,1.9030402898788452
91,0.2627560794353485,3.7123308181762695
92,0.2482631653547287,1.2271703481674194
93,0.23747581243515015,2.191645860671997
94,0.21554432809352875,1.3587952852249146
95,0.26845163106918335,1.8351713418960571
96,0.25216081738471985,1.9141861200332642
97,0.23737706243991852,1.3877781629562378
98,0.23057271540164948,1.5034736394882202
99,0.2352917492389679,1.6931822299957275
100,0.2530868947505951,1.1306616067886353
101,0.23960281908512115,2.474527597427368
102,0.27403873205184937,2.0673346519470215
103,0.21394197642803192,1.704574465751648
104,0.24924254417419434,0.5442600250244141
105,0.2671503722667694,0.9730209112167358
106,0.2336673140525818,1.2338910102844238
107,0.21960538625717163,2.2494585514068604
108,0.24029013514518738,1.0810167789459229
109,0.22846271097660065,3.783262014389038
110,0.22480033338069916,1.446469783782959
111,0.24246825277805328,1.5468851327896118
112,0.24399371445178986,1.88424813747406
113,0.18090197443962097,1.3877339363098145
114,0.21957410871982574,1.2359758615493774
115,0.25287726521492004,1.2361252307891846
116,0.23318663239479065,2.137801170349121
117,0.22228145599365234,1.2808184623718262
118,0.20856764912605286,1.604494333267212
119,0.22774654626846313,1.1547422409057617
120,0.20820654928684235,0.7485501766204834
121,0.2206013798713684,0.9130319952964783
122,0.21936509013175964,0.5787212252616882
123,0.214246928691864,0.838732898235321
124,0.2035919725894928,1.218731164932251
125,0.22340595722198486,1.5856376886367798
126,0.20009352266788483,1.6765040159225464
127,0.2100512534379959,1.7346867322921753
128,0.21250779926776886,2.7861263751983643
129,0.20352832973003387,1.6250925064086914
130,0.19819971919059753,2.780721664428711
131,0.21268558502197266,1.2742687463760376
132,0.20453400909900665,2.2159461975097656
133,0.20543982088565826,2.143892288208008
134,0.2061576247215271,2.212649345397949
135,0.21537762880325317,2.580951452255249
136,0.20761644840240479,3.4441115856170654
137,0.20832714438438416,1.5674411058425903
138,0.20713289082050323,1.8785181045532227
139,0.22377954423427582,2.241332530975342
140,0.20694880187511444,1.2021266222000122
141,0.21151317656040192,2.8301753997802734
142,0.20071306824684143,0.7304203510284424
143,0.20115819573402405,1.6690900325775146
144,0.19738614559173584,1.1304192543029785
145,0.17517578601837158,1.4862862825393677
146,0.20207925140857697,0.45284900069236755
147,0.219048872590065,1.3983778953552246
148,0.20121639966964722,2.439481735229492
149,0.202001690864563,1.6939595937728882
150,0.19318760931491852,2.58278226852417
151,0.1882261037826538,2.6364030838012695
152,0.18308663368225098,1.051663875579834
153,0.17843158543109894,2.8492977619171143
154,0.1834782063961029,2.9984374046325684
155,0.18716153502464294,1.5027824640274048
156,0.18307889997959137,2.251047134399414
157,0.18766950070858002,0.5173124670982361
158,0.17859914898872375,0.8495115637779236
159,0.1661878377199173,2.7270026206970215
160,0.1957370936870575,1.8198742866516113
161,0.16542845964431763,1.5766820907592773
162,0.18009762465953827,2.1420912742614746
163,0.17477287352085114,1.537165641784668
164,0.18464839458465576,1.1309349536895752
165,0.18034051358699799,1.2394132614135742
166,0.16648757457733154,1.9306681156158447
167,0.1775273084640503,1.3763182163238525
168,0.18169371783733368,4.379849433898926
169,0.1626526266336441,2.266767740249634
170,0.1717260330915451,1.3134551048278809
171,0.1642734855413437,3.350822925567627
172,0.17517489194869995,3.4204437732696533
173,0.179478257894516,3.434501886367798
174,0.16773270070552826,1.3568638563156128
175,0.19219708442687988,2.9220993518829346
176,0.19231198728084564,2.6256093978881836
177,0.15877167880535126,4.469756126403809
178,0.18757390975952148,1.7458429336547852
179,0.15600250661373138,2.7655129432678223
180,0.16912153363227844,0.6119547486305237
181,0.17702926695346832,1.6709662675857544
0,829.56982421875,122.313720703125
1,51370.08203125,201.1862335205078
2,129.89242553710938,3893.394287109375
3,88.55046081542969,477.6238708496094
4,33.192203521728516,525.514892578125
5,18.02468490600586,679.5367431640625
0,1696159360.0,37749.609375
1,467.7676086425781,101.75342559814453
2,112.4806900024414,457.62872314453125
3,173.87945556640625,282.2103576660156
4,80.72806549072266,355.8902282714844
5,37.672607421875,336.7562255859375
6,10.069748878479004,24.49144744873047
7,4.936341285705566,44.07936477661133
8,2.2413787841796875,24.316789627075195
9,1.77122962474823,23.132835388183594
10,2.2143499851226807,2.6455678939819336
11,1.6002737283706665,5.1224141120910645
12,2.0112814903259277,7.9201579093933105
13,1.6919116973876953,1.2328993082046509
14,1.7513903379440308,0.28395146131515503
15,1.936290979385376,0.7751711010932922
16,1.4314550161361694,0.42371708154678345
17,1.5964914560317993,1.1268690824508667
18,1.4600629806518555,3.3811888694763184
19,1.3971389532089233,2.2465786933898926
0,nan,nan
1,nan,nan
2,nan,nan
3,nan,nan
4,nan,nan
0,173.0425567626953,219.4176483154297
1,173.00146484375,219.80552673339844
2,172.9387969970703,219.98988342285156
3,172.92494201660156,220.07675170898438
4,172.91920471191406,220.11375427246094
5,172.8811798095703,220.11627197265625
0,169.87301635742188,197.16329956054688
1,22705.1328125,194.944091796875
2,105.87452697753906,194.4341583251953
3,104.44611358642578,193.9116973876953
4,102.97891998291016,193.37095642089844
5,100.30958557128906,192.81187438964844
6,99.0877685546875,192.2023468017578
7,96.3680419921875,191.5371551513672
8,93.63172912597656,190.80259704589844
9,90.77135467529297,189.98965454101562
10,86.56258392333984,189.0984649658203
11,82.73919677734375,188.1077117919922
12,77.22184753417969,187.0599365234375
13,68.33735656738281,185.66073608398438
14,51.1150016784668,185.2320098876953
15,39.17582321166992,184.24925231933594
16,27.740930557250977,183.93714904785156
17,21.481792449951172,184.9754180908203
18,22.04380989074707,181.20384216308594
19,14.350927352905273,180.5760498046875
20,13.287858963012695,182.97262573242188
21,11.940202713012695,178.75474548339844
22,7.468327045440674,180.42974853515625
23,7.60565710067749,177.34115600585938
24,4.70454740524292,180.59805297851562
25,10.384889602661133,173.63720703125
26,4.854885101318359,176.8880615234375
27,5.310628890991211,173.68887329101562
28,4.5357232093811035,171.49017333984375
29,4.092702865600586,166.1002197265625
30,19.135826110839844,167.2340850830078
31,3.8325984477996826,169.404052734375
32,2.2502639293670654,167.4178924560547
33,3.271334648132324,168.90695190429688
34,11.777722358703613,166.435546875
0,172.30386352539062,204.76852416992188
1,169.5716094970703,203.4091796875
2,167.44448852539062,202.1417236328125
3,165.46731567382812,200.27194213867188
4,163.058837890625,198.2997589111328
5,160.05276489257812,195.7637939453125
6,156.12664794921875,191.9456024169922
7,149.84864807128906,186.3944091796875
8,138.28408813476562,174.89198303222656
9,112.64360046386719,150.478759765625
10,65.25350952148438,117.64178466796875
11,26.576692581176758,98.50408172607422
12,13.207371711730957,94.98406219482422
13,10.534808158874512,84.51087951660156
14,12.709920883178711,80.96955108642578
15,11.635251998901367,81.8952865600586
16,7.856843948364258,79.74849700927734
17,7.752740859985352,77.52069091796875
18,6.143773078918457,77.54522705078125
19,5.304242134094238,80.25801086425781
20,5.530679702758789,69.0772933959961
21,4.539185523986816,75.90982818603516
22,4.017181396484375,77.35267639160156
23,5.06231164932251,62.134212493896484
24,3.4968323707580566,68.59426879882812
25,3.5121326446533203,63.64432907104492
26,2.4863619804382324,58.57307434082031
27,2.684070587158203,63.00821304321289
28,2.820502996444702,55.744606018066406
29,2.3461458683013916,57.10885238647461
30,1.9914534091949463,52.378662109375
31,2.1978302001953125,56.009796142578125
32,2.0562939643859863,49.215267181396484
33,2.3124887943267822,45.27522659301758
34,2.472144365310669,47.40739440917969
35,1.8846042156219482,46.53032684326172
36,1.6990222930908203,43.54378890991211
37,1.884599208831787,45.06747817993164
38,1.9685523509979248,41.81962966918945
39,1.6179083585739136,45.0690803527832
40,1.6945964097976685,39.00786209106445
41,1.6530088186264038,37.27213668823242
42,1.620360016822815,40.742149353027344
43,1.6217775344848633,37.69157409667969
44,1.5704967975616455,31.795589447021484
45,1.5560764074325562,38.600914001464844
46,1.6224113702774048,37.63650894165039
47,1.6285752058029175,32.95540237426758
48,1.256795883178711,32.09969711303711
49,1.544319987297058,30.532011032104492
50,1.1357166767120361,25.60663604736328
51,1.4161473512649536,26.81431007385254
52,1.246534824371338,25.898357391357422
53,1.1199486255645752,30.454757690429688
54,1.3964014053344727,25.672822952270508
55,1.287314534187317,25.403888702392578
56,1.1060763597488403,27.411422729492188
57,1.3893280029296875,22.472537994384766
58,1.0825203657150269,23.35007095336914
59,0.9930362105369568,22.699462890625
60,1.0005288124084473,21.336301803588867
61,1.097056269645691,20.589990615844727
62,1.1986463069915771,20.585575103759766
63,1.3243091106414795,22.666593551635742
64,1.3294909000396729,19.998310089111328
65,0.9946774840354919,17.194442749023438
66,0.9573492407798767,18.085006713867188
67,0.8914833664894104,18.09291648864746
68,1.0312137603759766,20.368452072143555
69,1.3259940147399902,17.540264129638672
70,0.8973990678787231,16.406763076782227
71,0.8273053169250488,18.63715171813965
72,1.0682045221328735,18.285417556762695
73,1.2161961793899536,12.835545539855957
74,0.7733529806137085,12.079151153564453
75,0.7745434641838074,11.682927131652832
76,0.8107640147209167,11.426016807556152
77,0.740677535533905,12.215365409851074
78,0.778368353843689,12.030767440795898
79,0.8440141081809998,11.338966369628906
80,0.701770544052124,10.044232368469238
81,0.7410759329795837,11.537888526916504
82,0.7883777022361755,11.964917182922363
83,0.7151979207992554,9.645798683166504
84,0.9897128939628601,9.790406227111816
85,0.715462327003479,6.48526668548584
86,1.2435901165008545,10.32142162322998
87,0.8388367295265198,10.175079345703125
88,0.7541112899780273,9.318000793457031
89,0.6752889752388,8.834610939025879
90,0.6937721371650696,9.807807922363281
0,156.39747619628906,121.66492462158203
1,21.982473373413086,50.284481048583984
2,4.06389045715332,45.09912109375
3,2.394832134246826,43.872398376464844
4,1.7524057626724243,33.50577163696289
5,1.7955245971679688,33.75296401977539
6,1.2300593852996826,26.191823959350586
7,1.2958905696868896,29.08740997314453
8,1.264602780342102,23.184097290039062
9,1.1554226875305176,24.03577423095703
10,1.2563456296920776,21.306442260742188
11,1.3416565656661987,13.919149398803711
12,1.1316593885421753,13.611724853515625
13,0.9877899885177612,8.402737617492676
14,0.9485287070274353,8.602437019348145
15,1.002793312072754,11.203383445739746
16,1.0071555376052856,8.335304260253906
17,0.9637277722358704,4.933059215545654
18,0.9913715124130249,8.631933212280273
19,0.9806057214736938,6.819169521331787
20,0.9687005281448364,4.656643390655518
21,0.7741303443908691,2.991518259048462
22,0.7910825610160828,3.9571070671081543
23,0.7945216298103333,3.2518362998962402
24,0.8112173080444336,1.7803382873535156
25,0.8392724990844727,4.548850059509277
26,0.7559211850166321,3.577096939086914
27,0.7983274459838867,2.8512866497039795
28,0.8091385364532471,2.284106492996216
29,0.7096642255783081,3.095423460006714
0,86.35868835449219,94.17671203613281
1,3.7874724864959717,61.94017028808594
2,1.1802760362625122,27.20932960510254
3,0.9814359545707703,10.586302757263184
4,0.9301992058753967,5.350874900817871
5,0.8377061486244202,3.618607759475708
6,0.7014634013175964,2.3933308124542236
7,0.71855628490448,3.009216785430908
8,0.6337161064147949,2.630643606185913
9,0.6000264883041382,2.694526195526123
10,0.5513272285461426,1.7584540843963623
11,0.565631091594696,1.5107606649398804
12,0.5566061735153198,1.283030390739441
13,0.5288071036338806,3.810518503189087
14,0.6490529775619507,2.013537883758545
15,0.5166683793067932,1.5302820205688477
16,0.7112429738044739,1.197736144065857
17,0.4899861812591553,1.3775252103805542
18,0.505760669708252,1.0164309740066528
19,0.5057691931724548,2.2010812759399414
20,0.45217663049697876,1.5934982299804688
21,0.4649254381656647,1.7859864234924316
22,0.46780070662498474,2.7440266609191895
23,0.47308623790740967,1.0683008432388306
24,0.431296169757843,1.6619799137115479
25,0.4936407804489136,1.5762006044387817
26,0.5036354064941406,0.8152676224708557
27,0.4398452043533325,1.8270094394683838
28,0.48393094539642334,1.4484721422195435
29,0.4115457534790039,1.1810418367385864
30,0.4006768763065338,0.8992024660110474
31,0.4150688052177429,1.1818007230758667
32,0.40362879633903503,1.037397861480713
33,0.3580797612667084,1.7717680931091309
34,0.4720073342323303,0.8891298174858093
35,0.395211786031723,1.4514342546463013
36,0.3796670436859131,1.2479170560836792
0,420.7364807128906,185.2382049560547
1,303.5035400390625,180.6826171875
2,274.3125305175781,165.4022979736328
3,105.58564758300781,113.67416381835938
4,8.901773452758789,119.19309997558594
5,2.846262216567993,93.6792221069336
6,1.5619653463363647,70.05352783203125
7,1.699782371520996,60.60499954223633
8,1.5533361434936523,41.15979766845703
9,1.0936909914016724,31.24805450439453
10,1.0559238195419312,28.054780960083008
0,319.3955993652344,159.23475646972656
1,35.490135192871094,45.70703125
2,3.9743757247924805,38.72867202758789
3,2.054356336593628,31.47221565246582
4,1.8427284955978394,32.00634002685547
5,1.648645043373108,31.390396118164062
6,1.6249518394470215,28.281553268432617
7,1.494136929512024,27.57196807861328
8,1.4169166088104248,29.69465446472168
9,1.5677872896194458,20.07677459716797
10,1.4571515321731567,21.523954391479492
11,1.2391221523284912,20.450035095214844
12,1.2139843702316284,19.846115112304688
13,1.2384264469146729,20.81376075744629
14,1.2631317377090454,14.752978324890137
15,1.2346333265304565,17.578004837036133
16,1.2241483926773071,14.048367500305176
17,1.153084635734558,13.796401023864746
18,1.0982071161270142,13.810372352600098
19,1.3288161754608154,15.123072624206543
20,1.2014801502227783,9.26304817199707
21,1.192995548248291,9.009806632995605
22,1.110154628753662,10.015467643737793
23,1.1558353900909424,9.014778137207031
24,1.185344934463501,8.873832702636719
25,1.0440678596496582,7.619750022888184
26,1.007193922996521,5.625863075256348
27,1.0087097883224487,4.657810211181641
28,1.0399128198623657,4.660081386566162
29,1.0091698169708252,3.74987530708313
30,0.9292348623275757,4.431987285614014
31,1.0290918350219727,3.247032403945923
32,0.9680004119873047,3.0365278720855713
33,1.175140142440796,3.448911190032959
34,1.089349627494812,2.2778544425964355
35,0.9374932646751404,1.5003265142440796
36,0.8725200891494751,0.9264518618583679
37,0.8795742988586426,1.5635844469070435
38,0.8534409999847412,1.3299541473388672
39,0.8800113201141357,0.8671026825904846
40,0.8702800273895264,0.8564881682395935
41,0.9656237363815308,0.978278398513794
42,1.0275532007217407,1.6671290397644043
43,0.9725849032402039,1.1462562084197998
44,0.9159334301948547,0.6055752635002136
45,0.869194746017456,0.9570351243019104
46,0.8155359029769897,0.6575249433517456
47,0.7982466816902161,0.5942522883415222
48,0.8034961223602295,0.5521323084831238
49,0.8148656487464905,0.5318577289581299
50,0.8878019452095032,0.5470172762870789
51,0.8163788914680481,0.622963547706604
52,0.7419058680534363,0.775915265083313
53,0.8456646800041199,0.6027412414550781
54,0.7836569547653198,0.5366185903549194
55,0.8056166768074036,0.5774790644645691
56,0.7853817939758301,0.6707360148429871
57,0.8635545969009399,0.5640566945075989
58,0.706032395362854,0.5628775358200073
59,0.7010861039161682,0.5198684334754944
60,0.8287922739982605,0.5631678700447083
61,0.7245399355888367,0.5879948735237122
62,0.7602455615997314,0.6016925573348999
63,0.7529985904693604,0.7704415321350098
64,0.6979520916938782,0.5686764717102051
65,0.7034817337989807,0.6505014896392822
66,0.6768502593040466,0.6638169884681702
67,0.6151617765426636,0.5800420641899109
68,0.6895020008087158,0.6407638192176819
69,0.6047652959823608,0.5900773406028748
0,nan,nan
1,nan,nan
2,nan,nan
3,nan,nan
4,nan,nan
5,nan,nan
6,nan,nan
7,nan,nan
8,nan,nan
9,nan,nan
0,nan,nan
1,nan,nan
2,nan,nan
3,nan,nan
4,nan,nan
5,nan,nan
0,211552272.0,41784.671875
1,62.406131744384766,1566.6695556640625
2,19.407453536987305,126.27701568603516
3,11.521903038024902,35.14902114868164
4,9.148484230041504,15.559175491333008
5,6.380352020263672,11.598286628723145
6,5.142899513244629,1.6756871938705444
7,4.122615337371826,1.0254931449890137
8,3.604353189468384,2.0138721466064453
9,5.204147815704346,2.1146364212036133
10,4.542556285858154,1.1880220174789429
11,3.7805912494659424,1.2949752807617188
12,3.6708428859710693,0.9573007225990295
13,3.2950730323791504,0.7008612155914307
14,3.6797094345092773,0.6476686000823975
15,3.069126844406128,1.1373810768127441
16,3.171269178390503,0.953114926815033
17,3.9029016494750977,1.5836544036865234
18,3.350864887237549,0.6586031317710876
19,3.1713430881500244,2.199345588684082
20,3.143097400665283,0.7469942569732666
21,3.436602830886841,1.683640956878662
22,3.2462167739868164,1.068479061126709
23,2.7139368057250977,2.3289968967437744
24,3.1065497398376465,1.7821511030197144
0,103874280.0,216.4134521484375
1,299.1224365234375,217.32443237304688
2,299.49920654296875,217.32318115234375
3,299.4252624511719,217.22021484375
4,299.293701171875,217.104736328125
5,299.15814208984375,216.987060546875
6,299.0208740234375,216.8678436279297
7,298.88189697265625,216.74761962890625
8,298.7414855957031,216.62631225585938
9,298.5998840332031,216.50372314453125
10,298.45672607421875,216.37985229492188
11,298.312255859375,216.25466918945312
12,298.1663818359375,216.12799072265625
13,298.018798828125,216.00035095214844
14,297.8698425292969,215.87139892578125
15,297.7194519042969,215.7410888671875
16,297.5674743652344,215.60955810546875
17,297.4140319824219,215.47679138183594
18,297.259033203125,215.3427276611328
19,297.1028747558594,215.20672607421875
20,296.9443359375,215.07025146484375
21,296.7849426269531,214.93199157714844
22,296.6236572265625,214.79232788085938
23,296.46087646484375,214.6512908935547
24,296.2964172363281,214.5089874267578
25,296.1305847167969,214.364990234375
26,295.96234130859375,214.22048950195312
27,295.79339599609375,214.0738067626953
28,295.62237548828125,213.92559814453125
29,295.449462890625,213.77626037597656
30,295.2751770019531,213.62513732910156
31,295.0986328125,213.47329711914062
32,294.9210205078125,213.31939697265625
33,294.7415771484375,213.16354370117188
34,294.5599060058594,213.00665283203125
35,294.37664794921875,212.8483123779297
36,294.20001220703125,212.68836975097656
37,294.0048828125,212.52685546875
38,293.8162536621094,212.36358642578125
39,293.6257629394531,212.19876098632812
40,293.4331359863281,212.03269958496094
41,293.23931884765625,211.8642578125
42,293.04290771484375,211.6946563720703
43,292.8444519042969,211.52413940429688
44,292.6449890136719,211.3509063720703
45,292.4429626464844,211.1761016845703
46,292.23895263671875,210.99993896484375
47,292.0329284667969,210.82220458984375
48,291.8250427246094,210.6425018310547
49,291.6151123046875,210.46107482910156
50,291.4029846191406,210.27810668945312
51,291.189208984375,210.09295654296875
52,290.97320556640625,209.9059600830078
53,290.7547912597656,209.71759033203125
54,290.5347595214844,209.5269012451172
55,290.3120422363281,209.3348388671875
56,290.0871887207031,209.14149475097656
57,289.86077880859375,208.94558715820312
58,289.6314697265625,208.74832153320312
59,289.4005432128906,208.54856872558594
60,289.16717529296875,208.34690856933594
61,288.93121337890625,208.14389038085938
62,288.6938781738281,207.9377899169922
63,288.45343017578125,207.73045349121094
64,288.2110290527344,207.52108764648438
65,287.96575927734375,207.31060791015625
66,287.71923828125,207.0969696044922
67,287.4695129394531,206.88169860839844
68,287.2178649902344,206.66395568847656
69,286.9632873535156,206.44491577148438
70,286.7065124511719,206.22406005859375
71,286.44830322265625,205.99937438964844
72,286.1854248046875,205.77500915527344
73,285.92218017578125,205.546875
74,285.6553039550781,205.31707763671875
75,285.3862609863281,205.08489990234375
76,285.1142883300781,204.8509979248047
77,284.8408203125,204.61361694335938
78,284.5633544921875,204.37533569335938
79,284.2840270996094,204.13478088378906
80,284.00164794921875,203.89273071289062
81,283.7178649902344,203.64666748046875
82,283.4303894042969,203.3986358642578
83,283.14007568359375,203.14878845214844
84,282.8473205566406,202.89691162109375
85,282.5514831542969,202.6432342529297
86,282.2541809082031,202.38558959960938
87,281.9525451660156,202.1267852783203
88,281.64910888671875,201.86517333984375
89,281.3429260253906,201.60064697265625
90,281.03289794921875,201.33485412597656
91,280.72088623046875,201.06626892089844
92,280.406494140625,200.7936553955078
93,280.0870666503906,200.5210418701172
94,279.76702880859375,200.2444610595703
95,279.4425964355469,199.96630859375
96,279.11566162109375,199.6856689453125
97,278.7858581542969,199.4020538330078
98,278.45318603515625,199.11517333984375
99,278.1170349121094,198.82582092285156
100,277.777587890625,198.53436279296875
101,277.4354248046875,198.2406005859375
102,277.0904846191406,197.94357299804688
103,276.74188232421875,197.64431762695312
104,276.3905334472656,197.34231567382812
105,276.03607177734375,197.0370635986328
106,275.6775817871094,196.73043823242188
107,275.3176574707031,196.41893005371094
108,274.9515686035156,196.10760498046875
109,274.58526611328125,195.79080200195312
110,274.21405029296875,195.47190856933594
111,273.839599609375,195.15081787109375
112,273.4615478515625,194.82757568359375
113,273.08111572265625,194.50050354003906
114,272.69696044921875,194.1700897216797
115,272.30859375,193.83786010742188
116,271.9179992675781,193.50167846679688
117,271.5230407714844,193.16329956054688
118,271.1250915527344,192.82167053222656
119,270.72314453125,192.47779846191406
120,270.3187561035156,192.12960815429688
121,269.9093933105469,191.77980041503906
122,269.4981689453125,191.42523193359375
123,269.0812072753906,191.07003784179688
124,268.6627502441406,190.71009826660156
125,268.2380676269531,190.34970092773438
126,267.8138732910156,189.98179626464844
127,267.3812561035156,189.61477661132812
128,266.94818115234375,189.24266052246094
129,266.5102233886719,188.86773681640625
130,266.068359375,188.489990234375
131,265.62347412109375,188.1079864501953
132,265.17352294921875,187.72422790527344
133,264.72052001953125,187.3371124267578
134,264.2640686035156,186.94615173339844
135,263.8028564453125,186.55279541015625
136,263.339111328125,186.154541015625
137,262.8698425292969,185.75445556640625
138,262.3966369628906,185.3520965576172
139,261.9222412109375,184.94261169433594
140,261.4403991699219,184.53237915039062
141,260.9559020996094,184.1186981201172
142,260.4670715332031,183.7021026611328
143,259.97418212890625,183.2828826904297
144,259.47930908203125,182.85699462890625
145,258.9765319824219,182.4313507080078
146,258.4730529785156,181.99945068359375
147,257.9633483886719,181.56532287597656
148,257.45074462890625,181.12677001953125
149,256.93218994140625,180.68724060058594
150,256.41094970703125,180.24337768554688
151,255.88612365722656,179.7941131591797
152,255.35520935058594,179.3429412841797
153,254.82186889648438,178.8864288330078
154,254.2827911376953,178.42727661132812
155,253.73910522460938,177.96597290039062
156,253.1921844482422,177.50021362304688
157,252.6405792236328,177.0308380126953
158,252.083740234375,176.55917358398438
159,251.52542114257812,176.0803985595703
160,250.95924377441406,175.60084533691406
161,250.39080810546875,175.116455078125
162,249.8166046142578,174.62977600097656
163,249.2388458251953,174.13864135742188
164,248.65672302246094,173.64285278320312
165,248.0688934326172,173.14480590820312
166,247.47915649414062,172.64002990722656
167,246.8818359375,172.13455200195312
168,246.2808074951172,171.6265106201172
169,245.6763916015625,171.1131591796875
170,245.0663604736328,170.59671020507812
171,244.45286560058594,170.07516479492188
172,243.83311462402344,169.5513458251953
173,243.20982360839844,169.0228729248047
174,242.58303833007812,168.48838806152344
175,241.94830322265625,167.9536590576172
176,241.31126403808594,167.4147186279297
177,240.66981506347656,166.8708953857422
178,240.02354431152344,166.32237243652344
179,239.3708953857422,165.77239990234375
180,238.7158966064453,165.21685791015625
181,238.05435180664062,164.6583251953125
182,237.39004516601562,164.09364318847656
183,236.71743774414062,163.52944946289062
184,236.0440673828125,162.9580078125
185,235.36322021484375,162.384521484375
186,234.67922973632812,161.8060302734375
187,233.9884796142578,161.22610473632812
188,233.29495239257812,160.64132690429688
189,232.59698486328125,160.05093383789062
190,231.89205932617188,159.45831298828125
191,231.1833038330078,158.86209106445312
192,230.47067260742188,158.2598419189453
193,229.75173950195312,157.654541015625
194,229.0288848876953,157.0449676513672
195,228.30010986328125,156.432861328125
196,227.5684051513672,155.81521606445312
197,226.8294677734375,155.196533203125
198,226.0873565673828,154.5732879638672
199,225.3404998779297,153.94549560546875
0,2940677632.0,2416.545654296875
1,267.8602294921875,257.8631591796875
2,273.908203125,209.0923614501953
3,274.1318664550781,200.29415893554688
4,274.1544189453125,198.99803161621094
5,273.8333740234375,198.80795288085938
6,273.80206298828125,198.5695037841797
7,273.62506103515625,198.48992919921875
8,273.50421142578125,198.46682739257812
9,273.4713134765625,198.41665649414062
10,273.47393798828125,198.5192108154297
11,273.4302673339844,198.4324951171875
12,273.3341979980469,198.36459350585938
13,273.2459716796875,198.31304931640625
14,273.17987060546875,198.29132080078125
15,273.1600341796875,198.2577362060547
16,273.0782775878906,198.18751525878906
17,273.1757507324219,198.37179565429688
18,272.9925231933594,198.25572204589844
19,272.9598083496094,198.13275146484375
20,272.9261779785156,198.1547393798828
21,272.8630676269531,198.05726623535156
22,272.87445068359375,198.06918334960938
23,272.7998046875,197.99891662597656
24,272.7882995605469,197.9325408935547
25,272.7296447753906,197.90151977539062
26,272.640380859375,197.99876403808594
27,272.6246337890625,197.87515258789062
28,272.5434875488281,197.8596954345703
29,272.6276550292969,197.8553924560547
30,272.6401672363281,197.907470703125
31,272.4407653808594,197.6974334716797
32,272.3639831542969,197.68557739257812
33,272.2909851074219,197.6396484375
34,272.2868347167969,197.86764526367188
35,272.2298583984375,197.54652404785156
36,272.18133544921875,197.5295867919922
37,272.1571044921875,197.52789306640625
38,272.08941650390625,197.5487060546875
39,272.01123046875,197.45379638671875
40,271.96502685546875,197.43624877929688
41,271.9888916015625,197.34043884277344
42,271.89874267578125,197.29074096679688
43,271.8296813964844,197.37147521972656
44,271.8151550292969,197.21530151367188
45,271.7908935546875,197.2979278564453
46,271.7206726074219,197.11492919921875
47,271.6255187988281,197.07313537597656
48,271.5739440917969,197.09893798828125
49,271.5294189453125,197.06344604492188
50,271.46478271484375,196.96359252929688
51,271.4278869628906,196.94219970703125
52,271.3673400878906,196.92153930664062
53,271.3042907714844,196.92138671875
54,271.1981506347656,196.87152099609375
55,271.1944580078125,196.65509033203125
56,271.160400390625,196.68313598632812
57,271.1247253417969,196.70216369628906
58,270.999755859375,196.7689208984375
59,270.9387512207031,196.59860229492188
60,270.8764343261719,196.43930053710938
61,270.8276672363281,196.6082000732422
62,270.7898254394531,196.51693725585938
63,270.7062072753906,196.4877166748047
64,270.62017822265625,196.24559020996094
65,270.5948791503906,196.2425079345703
66,270.5456237792969,196.49517822265625
67,270.48907470703125,196.03053283691406
68,270.4185791015625,196.07669067382812
69,270.3078918457031,196.0926513671875
70,270.2910461425781,196.24156188964844
71,270.25714111328125,196.0950469970703
72,270.13372802734375,195.752685546875
73,270.12371826171875,195.96981811523438
74,270.0565185546875,196.0279541015625
75,269.978271484375,195.636962890625
76,269.8608703613281,195.52769470214844
77,269.7814636230469,195.66351318359375
78,269.6875,195.6070098876953
79,269.6465148925781,195.42295837402344
80,269.5789794921875,195.46240234375
81,269.4808044433594,195.2880096435547
82,269.4029846191406,195.44261169433594
83,269.36212158203125,195.2470245361328
84,269.2691650390625,195.3037567138672
85,269.17852783203125,195.17047119140625
86,269.1281433105469,195.03875732421875
87,269.0484313964844,194.9146270751953
88,268.9886474609375,194.913818359375
89,268.87451171875,194.82923889160156
90,268.8160095214844,194.9886474609375
91,268.7715759277344,194.6288604736328
92,268.65460205078125,194.51304626464844
93,268.5479431152344,194.49122619628906
94,268.4908752441406,194.65057373046875
95,268.41064453125,194.36001586914062
96,268.32958984375,194.45245361328125
97,268.2327575683594,194.24368286132812
98,268.1448974609375,194.2628936767578
99,268.0779724121094,194.0806884765625
100,267.9770812988281,194.16696166992188
101,267.92608642578125,194.21218872070312
102,267.8163146972656,194.0863494873047
103,267.68634033203125,193.85260009765625
104,267.5993347167969,193.7755889892578
105,267.5223083496094,194.01052856445312
106,267.4773254394531,193.8037872314453
107,267.327880859375,193.5919952392578
108,267.2343444824219,193.849609375
109,267.23480224609375,193.41783142089844
110,267.0403137207031,193.2176055908203
111,266.94146728515625,193.18560791015625
112,266.8369140625,193.1749725341797
113,266.7496337890625,193.1024627685547
114,266.6241455078125,192.87857055664062
115,266.56915283203125,193.05596923828125
116,266.46142578125,192.7120819091797
117,266.3414611816406,192.52491760253906
118,266.2665710449219,192.535400390625
119,266.1134338378906,192.39376831054688
120,266.0052795410156,192.3189697265625
121,265.9195251464844,192.24639892578125
122,265.81378173828125,192.38632202148438
123,265.68707275390625,192.10333251953125
124,265.5770263671875,192.01422119140625
125,265.4638366699219,192.0446014404297
126,265.3585205078125,191.7316131591797
127,265.2691650390625,191.75701904296875
128,265.0853271484375,191.68370056152344
129,264.9690246582031,191.50640869140625
130,264.8644714355469,191.45608520507812
131,264.7511291503906,191.2971649169922
132,264.6356506347656,191.08200073242188
133,264.5321960449219,191.08656311035156
134,264.39898681640625,190.94761657714844
135,264.2981262207031,190.81988525390625
136,264.1697692871094,190.68450927734375
137,264.0321044921875,190.63580322265625
138,263.87261962890625,190.6043701171875
139,263.74163818359375,190.5237274169922
140,263.62738037109375,190.33018493652344
141,263.4863586425781,190.25198364257812
142,263.37750244140625,190.1518096923828
143,263.26690673828125,190.11721801757812
144,263.1134948730469,189.88771057128906
145,262.93878173828125,189.75865173339844
146,262.8229675292969,189.78457641601562
147,262.6729736328125,189.51129150390625
148,262.5413818359375,189.46853637695312
149,262.3931884765625,189.44476318359375
150,262.2294921875,189.13294982910156
151,262.115966796875,188.9904327392578
152,261.94091796875,189.00657653808594
153,261.80609130859375,188.81573486328125
154,261.6574401855469,188.7550506591797
155,261.5090637207031,188.51031494140625
156,261.3504638671875,188.23350524902344
157,261.18603515625,188.30267333984375
158,261.031494140625,188.0310821533203
159,260.8934326171875,187.97911071777344
160,260.7959289550781,187.736083984375
161,260.5700988769531,187.56976318359375
162,260.4201354980469,187.4756317138672
163,260.24169921875,187.35540771484375
164,260.1056213378906,187.1259765625
165,259.9337158203125,187.0415802001953
166,259.76690673828125,187.0210418701172
167,259.5665588378906,186.8210906982422
168,259.38409423828125,186.582763671875
169,259.22528076171875,186.55694580078125
170,259.0306091308594,186.2775115966797
171,258.8714294433594,186.48939514160156
172,258.72271728515625,186.0590057373047
173,258.4970703125,185.93222045898438
174,258.349609375,185.68710327148438
175,258.1615295410156,185.59149169921875
176,257.9822998046875,185.61610412597656
177,257.8077087402344,185.29676818847656
178,257.5907287597656,185.03382873535156
179,257.36749267578125,185.0301971435547
180,257.1942443847656,184.69479370117188
181,257.0252990722656,184.50091552734375
182,256.8231201171875,184.3385772705078
183,256.6181945800781,184.33673095703125
184,256.3858947753906,184.0155792236328
185,256.21234130859375,183.84910583496094
186,256.02484130859375,183.64346313476562
187,255.8060760498047,183.55123901367188
188,255.57330322265625,183.41810607910156
189,255.380126953125,183.26321411132812
190,255.19139099121094,183.02365112304688
191,254.95150756835938,182.89483642578125
192,254.73385620117188,182.7554168701172
193,254.53042602539062,182.54420471191406
194,254.2836151123047,182.24703979492188
195,254.06582641601562,182.06149291992188
196,253.84573364257812,182.0838165283203
197,253.60728454589844,181.57806396484375
198,253.41390991210938,181.36465454101562
199,253.17030334472656,181.43649291992188
200,252.9204864501953,181.1049041748047
201,252.66937255859375,180.886474609375
202,252.45042419433594,180.702880859375
203,252.2158966064453,180.57965087890625
204,251.9270782470703,180.28170776367188
205,251.70779418945312,180.12918090820312
206,251.45654296875,179.9448699951172
207,251.24072265625,179.85646057128906
208,250.99032592773438,179.54957580566406
209,250.6969451904297,179.3836212158203
210,250.50035095214844,179.26193237304688
211,250.20504760742188,178.85552978515625
212,249.9223175048828,178.54962158203125
213,249.69834899902344,178.3336639404297
214,249.39266967773438,178.00575256347656
215,249.10809326171875,177.83218383789062
216,248.83407592773438,177.63026428222656
217,248.56222534179688,177.45794677734375
218,248.32139587402344,177.3470001220703
219,248.02394104003906,177.00405883789062
220,247.72769165039062,176.80050659179688
221,247.42236328125,176.32432556152344
222,247.22592163085938,176.11167907714844
223,246.91806030273438,175.83615112304688
224,246.61181640625,175.7331085205078
225,246.27517700195312,175.49098205566406
226,246.00335693359375,175.05859375
227,245.68658447265625,174.8512420654297
228,245.36021423339844,174.63433837890625
229,245.0682830810547,174.49765014648438
230,244.76063537597656,174.1473846435547
231,244.47952270507812,174.04049682617188
232,244.14569091796875,173.71543884277344
233,243.85037231445312,173.41287231445312
234,243.4769287109375,172.98350524902344
235,243.16758728027344,172.81906127929688
236,242.86077880859375,172.38575744628906
237,242.51922607421875,172.53746032714844
238,242.2274627685547,172.0971221923828
239,241.882080078125,171.4985809326172
240,241.53952026367188,171.38162231445312
241,241.16192626953125,170.97523498535156
242,240.835205078125,170.8217315673828
243,240.5225372314453,170.36807250976562
244,240.12017822265625,170.20155334472656
245,239.74636840820312,169.85421752929688
246,239.41079711914062,169.45602416992188
247,239.0521240234375,169.17503356933594
248,238.68014526367188,169.02227783203125
249,238.3085479736328,168.58883666992188
250,237.93399047851562,168.3339080810547
0,5.7606515611215526e+23,139023611854848.0
1,177052467200.0,160040927232.0
2,1030833344.0,20515768320.0
3,312525536.0,7894002176.0
4,212242688.0,4349950464.0
5,169268752.0,2588529408.0
6,133084304.0,1759777664.0
7,136386752.0,1281515392.0
8,122031848.0,973657984.0
9,117159704.0,762786368.0
10,111190656.0,599873088.0
11,107747440.0,482773440.0
12,94200416.0,397230624.0
13,89381528.0,333147360.0
14,97430616.0,280675680.0
15,100451272.0,239276320.0
16,87027696.0,204848752.0
17,86613400.0,176950272.0
18,78778864.0,153684816.0
19,81395336.0,134919888.0
20,83769528.0,118621384.0
21,83145080.0,104954920.0
22,82939888.0,93634680.0
23,78046832.0,84000328.0
24,82603768.0,75063016.0
25,82298536.0,67997368.0
26,73041080.0,60544640.0
27,75835520.0,53986036.0
28,71219480.0,49333812.0
29,78051696.0,45301184.0
30,72077816.0,41840808.0
31,69308336.0,38945056.0
32,74772696.0,36140488.0
33,69957800.0,33728308.0
34,72896184.0,31472970.0
35,76840720.0,29473408.0
36,72540680.0,27695618.0
37,66329172.0,26196672.0
38,67899672.0,24781334.0
39,70736016.0,23502460.0
40,63466436.0,22403308.0
41,64540920.0,21349164.0
42,61302936.0,20379262.0
43,66081028.0,19486656.0
44,59474500.0,18681902.0
45,63734200.0,18021070.0
46,63848056.0,17361614.0
47,59365640.0,16797414.0
48,61088420.0,16251257.0
49,66374584.0,15713784.0
50,58376448.0,15207586.0
51,60923572.0,14754945.0
52,61086656.0,14409647.0
53,59157156.0,14059371.0
54,55467416.0,13728136.0
55,58901232.0,13438264.0
56,57070248.0,13162002.0
57,57834108.0,12891458.0
58,59921824.0,12648323.0
59,53808136.0,12380611.0
60,54340452.0,12152438.0
61,59698200.0,11934898.0
62,57426148.0,11750625.0
63,56917204.0,11574757.0
64,52682264.0,11438187.0
65,58285068.0,11282544.0
66,52340052.0,11203182.0
67,54657372.0,11077607.0
68,55099400.0,10973975.0
69,54966600.0,10849449.0
70,55362492.0,10789834.0
71,50407000.0,10735441.0
72,54096748.0,10660418.0
73,51719800.0,10595136.0
74,55574356.0,10560230.0
75,51298872.0,10482734.0
76,49632648.0,10441493.0
77,52557020.0,10426592.0
78,48750636.0,10413177.0
79,49402572.0,10403209.0
80,52619784.0,10409915.0
81,48759676.0,10391910.0
82,49905904.0,10383378.0
83,48055820.0,10400144.0
84,47337400.0,10399511.0
85,53439416.0,10408670.0
86,46690100.0,10425643.0
87,50062324.0,10417170.0
88,51807964.0,10424958.0
89,49018976.0,10485392.0
90,47942364.0,10507163.0
91,51523880.0,10516153.0
92,45084712.0,10572395.0
93,50254752.0,10595573.0
94,49001844.0,10641305.0
95,45542352.0,10654297.0
96,44249820.0,10703096.0
97,46409916.0,10740310.0
98,45529416.0,10792195.0
99,47625444.0,10817214.0
100,47177680.0,10850666.0
101,45706692.0,10872087.0
102,44207032.0,10919335.0
103,43781740.0,10955827.0
104,45816644.0,10968423.0
105,42025392.0,11039474.0
106,44800528.0,11091904.0
107,42405868.0,11134223.0
0,213.2541961669922,146.56024169921875
1,163.90846252441406,49.54985427856445
2,216.36029052734375,98.43301391601562
3,69.37229919433594,44.624385833740234
4,30.000669479370117,23.727354049682617
5,19.44588851928711,29.24842071533203
6,12.960142135620117,39.116676330566406
7,11.454568862915039,26.206727981567383
8,8.974491119384766,25.151151657104492
9,9.83631420135498,25.74788475036621
10,7.52836799621582,36.21449279785156
11,6.920382499694824,38.676509857177734
12,5.759524345397949,38.31891632080078
13,4.249258041381836,30.253944396972656
14,4.441794395446777,30.517894744873047
15,4.295752048492432,30.53715705871582
16,2.69586443901062,36.24147415161133
17,2.980769395828247,48.85702896118164
18,5.326111316680908,39.89852523803711
19,2.2722110748291016,34.830135345458984
20,1.8100358247756958,37.11531066894531
21,1.8881653547286987,42.06539535522461
22,1.804469108581543,36.58088302612305
23,2.1584315299987793,40.25086975097656
24,1.46742582321167,42.25569152832031
25,1.5716482400894165,46.16936492919922
26,2.4886393547058105,44.69762420654297
27,1.5877397060394287,39.764427185058594
28,1.5883777141571045,40.485496520996094
29,1.4420276880264282,47.60985565185547
0,217.6758575439453,192.13758850097656
1,197.95526123046875,186.19602966308594
2,171.64151000976562,171.55262756347656
3,139.71690368652344,171.81141662597656
4,129.75289916992188,155.7894287109375
5,86.70658874511719,145.8744659423828
6,78.92415618896484,142.51907348632812
7,75.4346694946289,139.68914794921875
8,71.5029525756836,136.55857849121094
9,68.78157806396484,131.64974975585938
10,65.06797790527344,127.81681060791016
11,62.590091705322266,127.35910034179688
12,59.191829681396484,124.41509246826172
13,56.2498893737793,121.36141967773438
14,53.49678039550781,123.12109375
15,49.71937942504883,121.24264526367188
16,46.86017608642578,116.4820785522461
17,41.829654693603516,113.04170227050781
18,35.752620697021484,101.94943237304688
19,25.61680030822754,118.05988311767578
20,26.278919219970703,74.71569061279297
21,15.027464866638184,75.74874114990234
22,11.958941459655762,76.90042877197266
23,3.6247429847717285,75.66759490966797
24,3.421215772628784,70.87198638916016
25,2.331177234649658,65.39994049072266
26,1.964691162109375,70.83837127685547
27,2.0091230869293213,67.01101684570312
28,2.0394179821014404,61.88301467895508
29,1.9324190616607666,68.12032318115234
30,1.8050599098205566,55.85736846923828
31,12.035460472106934,65.77882385253906
32,2.0462076663970947,68.84681701660156
33,2.0707123279571533,59.98017501831055
34,1.5596922636032104,59.50062942504883
35,1.7578012943267822,56.649024963378906
36,1.4504199028015137,54.01749801635742
37,1.4926069974899292,58.329593658447266
38,1.6329225301742554,48.77656555175781
39,4.015377044677734,58.49863815307617
40,1.2901536226272583,57.704071044921875
41,1.682537317276001,55.752750396728516
42,1.3279379606246948,52.77312088012695
43,1.5348693132400513,48.572513580322266
44,1.3564859628677368,51.73820495605469
45,1.8145167827606201,51.656917572021484
46,1.13396418094635,50.01220703125
47,1.1772524118423462,48.809059143066406
48,1.347301959991455,50.23405838012695
49,1.0786895751953125,48.69657897949219
50,1.1731176376342773,45.142513275146484
51,2.119480848312378,45.40375900268555
52,1.6704316139221191,45.889156341552734
53,0.9254934787750244,44.17329025268555
54,1.0565804243087769,44.726009368896484
55,1.2853032350540161,44.61494445800781
56,1.5749711990356445,51.191192626953125
57,2.287513494491577,45.536922454833984
58,1.581134557723999,45.328025817871094
59,1.3031032085418701,40.630191802978516
60,0.9490811824798584,41.712623596191406
61,1.7657228708267212,42.760616302490234
62,1.4282079935073853,39.19198226928711
63,0.9690030217170715,33.694915771484375
64,2.2324533462524414,37.20112228393555
65,0.902810275554657,36.444244384765625
66,1.0531212091445923,36.32426071166992
67,0.9826008677482605,40.011199951171875
68,1.819374918937683,32.61658477783203
69,1.1636077165603638,36.33205795288086
70,1.3086012601852417,36.74489974975586
71,2.1038365364074707,42.66213607788086
72,2.990224838256836,35.27518844604492
73,1.1690051555633545,34.719635009765625
74,1.0986461639404297,29.8720703125
75,0.968612551689148,31.190080642700195
76,1.0474836826324463,26.81905746459961
77,1.9207741022109985,27.5257568359375
78,0.9721854329109192,26.02519989013672
79,0.8908014893531799,30.590299606323242
80,0.9871768355369568,27.26387596130371
81,0.9457901120185852,24.731721878051758
82,0.8632832765579224,25.21920394897461
83,0.7704505324363708,24.97791862487793
84,0.7588221430778503,28.38583755493164
85,0.8252407908439636,23.527711868286133
86,0.7917247414588928,31.708240509033203
87,1.3211065530776978,19.762168884277344
88,1.1457773447036743,18.537126541137695
89,1.1170382499694824,23.09748077392578
90,0.7539998292922974,21.118515014648438
91,0.8580487966537476,22.103899002075195
92,0.671894371509552,18.389944076538086
93,0.7691365480422974,19.463411331176758
94,0.9678115248680115,23.117908477783203
95,1.566956877708435,21.959535598754883
96,0.8141492605209351,14.711332321166992
97,0.7249159812927246,20.32158088684082
98,1.1151204109191895,20.20688819885254
99,0.8990859389305115,18.877195358276367
100,1.0521175861358643,13.731438636779785
101,0.7431347966194153,9.211457252502441
102,3.388190746307373,13.270708084106445
103,1.2111842632293701,15.43636703491211
104,0.8129303455352783,13.22652816772461
105,0.6847012639045715,11.753013610839844
106,0.6339184641838074,10.689106941223145
107,0.9440716505050659,12.93583869934082
108,1.0010414123535156,11.615991592407227
109,1.2065216302871704,12.266068458557129
110,1.2260892391204834,5.755222320556641
111,2.5228822231292725,10.350000381469727
112,1.6398037672042847,7.295684337615967
113,1.4189140796661377,9.643054962158203
114,0.6635984182357788,13.46796703338623
115,1.024071216583252,13.484169006347656
116,0.917080283164978,9.876786231994629
117,0.6254450678825378,9.807085037231445
118,0.6094512939453125,9.542106628417969
119,0.8334652781486511,8.515950202941895
120,0.734935462474823,6.205966949462891
121,1.9804956912994385,7.781456470489502
122,0.702246904373169,6.21761417388916
123,0.7868618965148926,8.03697395324707
124,0.5518525838851929,9.47493839263916
125,0.7774679064750671,9.85089111328125
126,0.9015373587608337,8.971978187561035
127,0.5270035862922668,9.383794784545898
128,0.6335770487785339,6.65918493270874
129,0.562012255191803,7.678355693817139
130,0.5742030143737793,4.536510467529297
131,1.1609946489334106,6.35970401763916
132,0.5272186994552612,4.8000664710998535
133,0.5800367593765259,5.343868255615234
134,0.5733317732810974,5.308442115783691
135,0.7471355199813843,5.542348384857178
136,0.6336550712585449,4.67802619934082
137,0.6715816259384155,5.197387218475342
138,0.7650059461593628,3.8660783767700195
139,1.04292893409729,4.300429344177246
140,1.1992241144180298,5.79990816116333
141,0.4821120500564575,5.143372535705566
142,0.48603665828704834,5.5637969970703125
143,0.48157963156700134,3.8771424293518066
144,0.7810178995132446,3.3008320331573486
145,0.8630309700965881,3.295487642288208
146,0.6779490113258362,3.0795884132385254
147,2.2591450214385986,2.333678960800171
148,1.4163490533828735,2.658108711242676
149,1.2921679019927979,5.647594928741455
150,0.6749417781829834,3.809692144393921
151,0.5235629677772522,5.094829559326172
152,0.483707070350647,4.346599578857422
153,0.5798359513282776,6.641823768615723
154,0.7173686623573303,5.744960308074951
155,0.48714274168014526,5.088505268096924
156,0.7985263466835022,4.5072102546691895
157,0.9450518488883972,4.592419147491455
158,0.46539023518562317,2.8122715950012207
159,0.6799482703208923,4.822786331176758
160,0.5825319290161133,3.2340641021728516
161,0.521904468536377,3.510716199874878
162,0.5069908499717712,5.408824443817139
163,0.9653605818748474,4.967853546142578
164,0.8331053256988525,4.5894083976745605
165,1.0649101734161377,2.961775779724121
166,0.514510452747345,2.918395519256592
167,0.4650692045688629,2.5945401191711426
168,0.39831942319869995,1.3931925296783447
169,1.2507308721542358,3.1767210960388184
170,0.494084894657135,3.1575984954833984
171,0.43251949548721313,1.825553297996521
172,0.447216659784317,2.9255309104919434
173,0.41269609332084656,3.2321279048919678
174,0.4355073571205139,3.709144353866577
175,0.4442058503627777,4.285422325134277
176,0.6392909288406372,2.6530771255493164
177,0.5205325484275818,6.310248374938965
178,2.4693210124969482,3.4557981491088867
179,0.6726230978965759,2.3893024921417236
180,0.5093442797660828,2.1572859287261963
181,0.43141958117485046,3.097573757171631
182,0.5811046957969666,3.065281391143799
183,0.5290459990501404,3.5646533966064453
184,0.4646463990211487,2.4495928287506104
185,0.4050813615322113,2.3867361545562744
186,0.4099583029747009,3.5737736225128174
187,0.7598689794540405,2.772599935531616
188,0.42311152815818787,2.9959726333618164
189,0.4860690236091614,3.147756338119507
190,0.6641568541526794,2.899085760116577
191,0.5023304224014282,2.0401461124420166
192,0.4854729473590851,1.7776641845703125
193,0.4233366847038269,4.094995975494385
0,116.03372192382812,70.14241790771484
1,26.408924102783203,67.98356628417969
2,8.991169929504395,68.39927673339844
3,3.9185566902160645,40.47330856323242
4,2.731658697128296,24.62175178527832
5,3.040019989013672,31.52277374267578
6,1.8297500610351562,13.867427825927734
7,1.5581163167953491,12.208674430847168
8,2.1486315727233887,6.436777114868164
9,2.635483980178833,5.257630348205566
10,1.5440396070480347,7.987936973571777
11,1.737273931503296,5.0103068351745605
12,1.2269524335861206,2.6328487396240234
13,1.3692694902420044,1.9144333600997925
14,1.227927327156067,0.8126000165939331
15,1.0682642459869385,1.528704285621643
16,1.2223012447357178,0.8993311524391174
17,1.1450836658477783,4.191128730773926
18,0.6895707249641418,0.9188165068626404
19,1.1004728078842163,1.3673148155212402
