epoch,loss,val_loss
0,178.31234741210938,45.354713439941406
1,10.469143867492676,1.6574910879135132
2,7.621851921081543,1.704327940940857
3,6.397882461547852,2.042553424835205
4,6.480000019073486,1.5620144605636597
5,6.201010704040527,3.335127592086792
6,6.421430587768555,3.528640031814575
7,5.38584041595459,5.208034515380859
8,4.898651123046875,4.204984664916992
9,5.504279136657715,2.560354232788086
10,5.240692615509033,1.773078203201294
11,4.909549713134766,7.706566333770752
12,4.612308979034424,15.000480651855469
13,4.684243202209473,2.5228612422943115
14,4.953141689300537,2.6925671100616455
15,4.744597911834717,1.8119364976882935
16,3.9434075355529785,1.6909592151641846
17,3.926084518432617,2.3586292266845703
18,4.205427646636963,2.301907777786255
19,3.6658241748809814,3.4309611320495605
20,3.6253628730773926,1.8111531734466553
21,3.906369686126709,1.758866786956787
22,3.809129476547241,1.8273835182189941
23,3.38035249710083,1.584580898284912
24,3.5612428188323975,1.7303125858306885
25,3.8094987869262695,1.888474464416504
26,3.722709894180298,1.5443925857543945
27,3.7388384342193604,1.982316493988037
28,3.67138934135437,2.0105907917022705
29,3.7209413051605225,1.7995493412017822
30,3.522465229034424,2.0627005100250244
31,3.5458152294158936,2.255314588546753
32,3.2967331409454346,4.114093780517578
33,3.1199281215667725,1.7018483877182007
34,3.3663532733917236,4.833123207092285
35,3.4803078174591064,1.649597406387329
36,3.4705193042755127,2.84586763381958
37,3.52734112739563,7.667543888092041
38,3.390287160873413,6.173974990844727
39,3.9432260990142822,2.2972571849823
40,3.7849843502044678,2.106818914413452
41,3.3017919063568115,3.8439581394195557
42,3.644442319869995,1.673898458480835
43,3.0506670475006104,1.6949799060821533
44,3.05694842338562,2.049494981765747
45,3.7271881103515625,11.664708137512207
46,3.3821258544921875,2.8953239917755127
47,3.4081735610961914,1.6618361473083496
48,3.1078171730041504,1.6937203407287598
49,3.0589020252227783,2.563213348388672
50,2.653017282485962,2.7900075912475586
51,3.0696165561676025,3.914844036102295
0,301.955810546875,50.589630126953125
1,46.67371368408203,30.10382652282715
2,35.81209182739258,2.8058431148529053
3,9.556923866271973,8.906704902648926
4,6.907106876373291,1.467883825302124
5,5.872555255889893,3.155517816543579
6,7.228130340576172,1.5615530014038086
7,7.972111225128174,2.1158981323242188
8,5.303400993347168,12.874713897705078
9,6.747256755828857,1.3733388185501099
10,34.3632698059082,11.090937614440918
11,15.669541358947754,3.073046922683716
12,5.382946014404297,5.361178398132324
13,5.837906837463379,1.1717251539230347
14,6.25416898727417,5.235908508300781
15,61.08185577392578,1.1892311573028564
16,4.596259117126465,6.985265731811523
17,6.789957523345947,11.81723403930664
18,4.677890300750732,1.6315842866897583
19,4.159468650817871,1.483522653579712
20,7.202021598815918,2.775623083114624
21,4.386020660400391,2.549116373062134
22,4.529241561889648,10.902061462402344
23,3.8943469524383545,7.496662139892578
24,4.066608428955078,5.007267475128174
25,3.8355319499969482,9.812355041503906
26,6.587514400482178,1.147640347480774
27,3.881199836730957,2.100956916809082
28,4.078962326049805,7.39091682434082
29,3.7944483757019043,3.7100086212158203
30,6.30544376373291,11.0325927734375
31,3.6145384311676025,1.2590422630310059
32,3.438870668411255,2.476402759552002
33,3.786020517349243,4.668852806091309
34,3.3070476055145264,1.735316276550293
35,3.3649446964263916,3.2456231117248535
36,3.193171977996826,2.9769883155822754
37,3.243875503540039,11.416629791259766
38,3.186976671218872,10.675798416137695
39,3.1305384635925293,3.2895195484161377
40,3.0497124195098877,1.930211067199707
41,3.6185033321380615,1.2915269136428833
42,3.0976626873016357,1.9029200077056885
43,2.6403067111968994,5.981173515319824
44,3.3705475330352783,1.5098506212234497
45,4.191591262817383,2.397718667984009
46,2.86283278465271,11.331009864807129
47,2.9637768268585205,10.227239608764648
48,3.337714672088623,7.059063911437988
49,2.671717643737793,2.5251946449279785
50,2.5356335639953613,1.5855646133422852
51,2.938985586166382,1.620486855506897
52,2.6083168983459473,1.9908220767974854
53,2.6461691856384277,2.6228582859039307
54,2.6735751628875732,3.0713558197021484
55,2.675060987472534,2.828706741333008
56,2.5360524654388428,1.1599587202072144
57,2.4916560649871826,5.327193737030029
58,2.5288798809051514,2.463022232055664
59,2.589331865310669,2.7618720531463623
60,2.538396120071411,1.178717017173767
61,2.5156097412109375,9.479783058166504
62,2.673261880874634,5.445812702178955
63,2.563572645187378,1.0134212970733643
64,2.319401741027832,5.505418300628662
65,2.4725890159606934,2.3042874336242676
66,2.4256904125213623,5.272152900695801
67,2.3747146129608154,4.173849582672119
68,2.351343870162964,6.5522894859313965
69,2.3973875045776367,1.7913585901260376
70,2.1877896785736084,1.095051884651184
71,2.322324514389038,4.367054462432861
72,2.2269787788391113,3.744318723678589
73,2.227886199951172,3.020954132080078
74,2.2749969959259033,14.743599891662598
75,2.1338186264038086,1.487587809562683
76,2.4314005374908447,3.7057430744171143
77,2.0806984901428223,3.892671823501587
78,2.3667216300964355,3.1904139518737793
79,2.23272967338562,5.68975830078125
80,2.344470739364624,3.0826640129089355
81,2.284726858139038,1.834094524383545
82,2.098294496536255,5.313302993774414
83,2.1782422065734863,4.253399848937988
84,2.294914960861206,1.5886642932891846
85,2.0384409427642822,6.2349467277526855
86,2.1106371879577637,2.357819080352783
87,2.113274574279785,1.0958776473999023
88,2.025388479232788,6.060966968536377
89,2.1224842071533203,1.0995128154754639
90,2.0686264038085938,3.0284571647644043
91,2.00455904006958,1.2253602743148804
92,2.096297264099121,3.627950429916382
93,2.1227242946624756,5.529286861419678
94,2.0556647777557373,1.1559231281280518
95,1.8684427738189697,1.4970426559448242
96,1.9236493110656738,1.052844762802124
97,1.9429364204406738,1.5077728033065796
98,1.9450198411941528,1.3248924016952515
99,2.0336556434631348,5.856085300445557
100,2.0074222087860107,6.44118595123291
101,1.878014087677002,2.6850013732910156
102,1.8773880004882812,1.663341760635376
103,1.8338979482650757,1.3753198385238647
104,1.934565782546997,1.0571645498275757
105,1.8275160789489746,2.376481056213379
106,1.9949896335601807,2.096813917160034
107,1.9017667770385742,3.239856004714966
108,1.8989208936691284,1.500921607017517
109,1.8787823915481567,1.673745036125183
110,1.9296514987945557,4.771830081939697
111,1.7423337697982788,2.0667243003845215
112,1.9032008647918701,2.6101326942443848
113,1.9396510124206543,1.8878252506256104
114,1.9472736120224,1.2355512380599976
115,1.9189465045928955,1.416123628616333
116,1.7553311586380005,1.3168916702270508
117,1.869571328163147,2.0165812969207764
118,1.752056360244751,0.976511538028717
119,1.831103801727295,1.6628283262252808
120,1.822422742843628,2.492779016494751
121,1.9428246021270752,5.995129585266113
122,1.7747927904129028,2.116689443588257
123,1.7022210359573364,2.057096481323242
124,1.6666295528411865,2.0790350437164307
125,1.9987956285476685,0.8885661959648132
126,1.874140739440918,2.2639760971069336
127,1.791553258895874,6.972040176391602
128,1.8202993869781494,3.7860050201416016
129,1.7517917156219482,3.035362720489502
130,1.8060821294784546,4.1025214195251465
131,1.7383326292037964,2.2884650230407715
132,1.7071433067321777,4.331052303314209
133,1.796891212463379,0.6073349118232727
134,1.7518171072006226,2.4800832271575928
135,1.746783971786499,2.712820529937744
136,1.7248631715774536,1.4667259454727173
137,1.7703648805618286,2.1215758323669434
138,1.7083925008773804,1.4638712406158447
139,2.4634945392608643,1.933522343635559
140,1.4585992097854614,3.6685683727264404
141,1.735804796218872,2.7310314178466797
142,1.6644984483718872,2.2283763885498047
143,1.7422388792037964,4.099419593811035
144,1.683547854423523,4.025850772857666
145,1.6219918727874756,1.363157868385315
146,1.7614330053329468,2.4128432273864746
147,1.5452625751495361,2.5960748195648193
148,1.7648495435714722,2.6783783435821533
149,1.4940792322158813,4.7771830558776855
150,1.7246547937393188,3.0456080436706543
151,1.6512786149978638,3.394728899002075
152,1.557823657989502,2.282299757003784
153,1.7041360139846802,1.8481922149658203
154,1.5406877994537354,5.362762451171875
155,1.5969146490097046,3.988053798675537
156,1.5917989015579224,6.6288371086120605
157,1.5653051137924194,3.7574846744537354
158,1.5613218545913696,3.3228509426116943
159,1.5396955013275146,1.7037057876586914
160,1.6285171508789062,2.1412370204925537
161,1.5900248289108276,1.484694480895996
162,1.3658998012542725,1.730635643005371
163,1.6182494163513184,3.6996352672576904
164,1.6035429239273071,2.5496792793273926
165,1.5581945180892944,1.9829552173614502
166,1.6676685810089111,2.361923933029175
167,1.7183661460876465,10.512296676635742
168,1.4959847927093506,2.4820194244384766
169,1.4839283227920532,5.250304698944092
170,1.4903388023376465,2.920677423477173
171,1.616750717163086,3.757784605026245
172,1.4584563970565796,5.628517150878906
173,17.797454833984375,1.0879576206207275
174,1.640073299407959,5.357062339782715
175,1.558350682258606,2.5839905738830566
176,1.5362101793289185,3.0429463386535645
177,1.4822821617126465,4.240171432495117
178,1.491254210472107,1.9797289371490479
179,1.3984917402267456,3.460749626159668
180,1.5360331535339355,4.889653205871582
181,1.478081226348877,7.111104488372803
182,1.4725513458251953,2.6688101291656494
183,1.4330202341079712,5.747519016265869
184,1.4345959424972534,2.2138965129852295
185,1.488267183303833,3.025083541870117
186,1.5024410486221313,2.6794843673706055
187,1.4537080526351929,1.5105199813842773
188,1.5070902109146118,3.794612169265747
189,1.4622137546539307,1.4034212827682495
190,1.4602195024490356,3.8829283714294434
191,1.4597562551498413,4.521049976348877
192,1.5015294551849365,4.498684883117676
193,1.4618185758590698,2.443103790283203
194,1.3655898571014404,2.728736162185669
195,1.4916718006134033,3.639411687850952
196,1.4521408081054688,4.163560390472412
197,1.4724255800247192,3.2315433025360107
198,1.416086196899414,5.355597019195557
199,1.3922028541564941,2.220306158065796
200,1.4281100034713745,1.930773377418518
201,1.4007350206375122,4.2726521492004395
202,1.380262017250061,1.9596867561340332
203,1.3182746171951294,2.524017333984375
204,1.4333781003952026,3.2835464477539062
205,1.4599038362503052,2.2908318042755127
206,1.3260219097137451,5.529141902923584
207,1.3455686569213867,1.9788535833358765
208,1.370661735534668,3.3983421325683594
209,1.3615119457244873,2.446446180343628
210,1.3738322257995605,2.867464303970337
211,1.3838694095611572,5.652222156524658
212,1.3285819292068481,1.5798768997192383
213,1.410359263420105,2.0079400539398193
214,1.357950210571289,4.599379062652588
215,1.289435863494873,2.0064313411712646
216,1.3642995357513428,2.103579521179199
217,1.3809376955032349,4.58375358581543
218,1.2872874736785889,1.352567434310913
219,1.321465253829956,4.287169933319092
220,1.4034242630004883,3.9069859981536865
221,1.3704129457473755,3.2976584434509277
222,1.3079485893249512,2.9859893321990967
223,1.3410567045211792,2.494250774383545
224,1.3055989742279053,2.6437087059020996
225,1.3607560396194458,4.699979305267334
226,1.2692257165908813,2.2397499084472656
227,1.3252513408660889,3.055732488632202
228,1.8941045999526978,4.44302225112915
229,1.3853052854537964,2.5962839126586914
230,1.2872111797332764,2.360990524291992
231,1.3163917064666748,2.351691961288452
232,1.3343796730041504,2.9532430171966553
233,1.229641318321228,3.784790515899658
0,943.9153442382812,488.1394958496094
1,483.78485107421875,242.50253295898438
2,221.26828002929688,116.25061798095703
3,114.31864166259766,52.947879791259766
4,53.00611877441406,22.3062744140625
5,23.009620666503906,8.071173667907715
6,10.43599796295166,5.39729642868042
7,7.228917598724365,2.1582767963409424
8,5.844541549682617,2.66153883934021
9,5.538846492767334,2.1621017456054688
10,5.3565239906311035,1.864741563796997
11,5.8177714347839355,1.6738638877868652
12,5.157034397125244,1.6639784574508667
13,5.571238040924072,2.8306262493133545
14,5.557102203369141,1.795154333114624
15,6.209932804107666,1.955165982246399
16,5.035604953765869,1.8628748655319214
17,5.19441556930542,2.243377685546875
