epoch,loss,val_loss
0,196.3014373779297,373.9634094238281
1,14.84296989440918,133.8235321044922
2,10.98816967010498,14.546889305114746
3,10.303123474121094,5.6254096031188965
4,7.341268539428711,8.781693458557129
5,7.378077507019043,6.246776103973389
6,9.758330345153809,18.277219772338867
7,7.298637866973877,5.98038911819458
8,6.183175563812256,5.021402359008789
9,6.907166957855225,11.285250663757324
10,5.544626235961914,19.62468910217285
11,6.522895812988281,4.8813652992248535
12,6.764259338378906,6.725573539733887
13,5.806511878967285,8.142473220825195
14,5.75162935256958,7.116264820098877
15,6.335927486419678,4.3846282958984375
16,7.702151775360107,4.048785209655762
17,4.59894323348999,9.017736434936523
18,4.841400146484375,11.1201171875
19,4.637546539306641,4.191363334655762
20,4.71219539642334,8.742380142211914
21,4.653079986572266,21.290782928466797
22,5.7617998123168945,20.859981536865234
23,4.183183193206787,10.165194511413574
24,4.856269359588623,5.085634231567383
25,4.673551559448242,3.863649606704712
26,5.120720863342285,7.421104431152344
27,4.883462429046631,3.9814231395721436
28,5.09918737411499,3.956569194793701
29,4.262543678283691,4.567961692810059
30,4.512860298156738,5.695148468017578
31,4.090958118438721,12.05164623260498
32,4.327868938446045,5.788327693939209
33,4.358213901519775,10.831881523132324
34,4.258167266845703,8.450092315673828
35,4.2104644775390625,5.390230178833008
36,3.962144374847412,13.275436401367188
37,4.246147155761719,5.18421745300293
38,3.718827724456787,7.961746692657471
39,4.437243461608887,4.306078910827637
40,3.656543731689453,8.257582664489746
41,4.614185333251953,10.638856887817383
42,3.680145502090454,6.911569118499756
43,3.744816541671753,6.521358966827393
44,3.802220106124878,7.173587799072266
45,3.7821059226989746,5.619694232940674
46,4.126135349273682,3.2165377140045166
47,3.4345338344573975,5.567947864532471
48,3.8182601928710938,4.024838447570801
49,3.335956335067749,3.273327112197876
50,3.302644729614258,4.487075328826904
51,3.249831199645996,4.568949222564697
52,2.9841134548187256,4.41775369644165
53,3.3891377449035645,4.3840861320495605
54,3.1557140350341797,4.728137016296387
55,3.3074352741241455,3.7081615924835205
56,3.405608892440796,6.354458808898926
57,3.1260409355163574,5.990762710571289
58,2.910036087036133,3.1270968914031982
59,3.265120267868042,3.0015196800231934
60,2.9717931747436523,3.4052462577819824
61,3.112525224685669,3.989548921585083
62,3.4230005741119385,4.843579292297363
63,3.3991990089416504,3.7960362434387207
64,3.4199907779693604,3.691579818725586
65,3.1470673084259033,3.372598171234131
66,3.060350179672241,2.9646193981170654
67,3.364083766937256,3.1610496044158936
68,3.371706247329712,3.4430274963378906
69,3.025803565979004,3.4766483306884766
70,3.268400192260742,2.9571166038513184
71,2.6163296699523926,3.3619840145111084
72,2.876786708831787,4.339118957519531
73,2.662409543991089,5.515030860900879
74,3.524043321609497,4.448633670806885
75,2.9304921627044678,9.18234634399414
76,3.011385202407837,4.470818042755127
77,2.952153444290161,4.260198593139648
78,2.9846408367156982,3.8186662197113037
79,3.1397528648376465,8.179032325744629
80,3.7065556049346924,3.421506881713867
81,2.6457724571228027,4.7169976234436035
82,2.6959612369537354,3.7425873279571533
83,2.849736213684082,4.309078216552734
84,3.1617236137390137,3.23341703414917
85,2.838608980178833,4.292069911956787
86,2.7057061195373535,3.6688790321350098
87,2.5640761852264404,4.1375555992126465
88,2.846799373626709,5.896770477294922
89,2.8163001537323,4.340578556060791
90,2.8562252521514893,4.355696678161621
91,2.9073398113250732,3.322356939315796
92,2.6859259605407715,3.063868761062622
93,2.9488446712493896,4.176908016204834
94,2.8846235275268555,3.320744276046753
95,2.4853010177612305,3.689971446990967
0,0.019307922571897507,0.04327317699790001
1,0.005643551237881184,0.023074116557836533
2,0.004382230341434479,0.006818048655986786
3,0.0033336870837956667,0.004272126127034426
4,0.003419380635023117,0.0067269629798829556
5,0.0034090857952833176,0.004814520478248596
6,0.003633579472079873,0.0038395102601498365
7,0.0032915109768509865,0.004077986814081669
8,0.0031383333262056112,0.0037410659715533257
9,0.003087420715019107,0.003336376277729869
10,0.0032352530397474766,0.005271528381854296
11,0.002989775501191616,0.0032800582703202963
12,0.0028769285418093204,0.0031638850923627615
13,0.0029482811223715544,0.006477639079093933
14,0.002650287002325058,0.005576740950345993
15,0.0028038164600729942,0.004925864282995462
16,0.002709923544898629,0.0079616354778409
17,0.0026055185589939356,0.006223669741302729
18,0.0026704310439527035,0.005430025514215231
19,0.0027858824469149113,0.004218870308250189
20,0.0026641697622835636,0.004966973792761564
21,0.0024661736097186804,0.004902414511889219
22,0.0025640882086008787,0.007203877903521061
23,0.00240380153991282,0.005153384059667587
24,0.0026533696800470352,0.004073686432093382
25,0.0030753398314118385,0.005678774323314428
26,0.002541612833738327,0.004716137424111366
27,0.002666807034984231,0.005337122827768326
28,0.002386602107435465,0.005245222710072994
29,0.002222543815150857,0.004970422014594078
30,0.0023527166340500116,0.003141166875138879
31,0.002223825780674815,0.004934644792228937
32,0.00232648104429245,0.003937262110412121
33,0.0021979771554470062,0.006454526446759701
34,0.0020066858269274235,0.004248786251991987
35,0.002232033060863614,0.00826934352517128
36,0.0023489026352763176,0.005056219641119242
37,0.0019263580907136202,0.003910731989890337
38,0.002091284841299057,0.00472798990085721
39,0.002020998625084758,0.005217036698013544
40,0.00196066009812057,0.0034620489459484816
41,0.0023519466631114483,0.004438712727278471
42,0.0021280115470290184,0.00424313684925437
43,0.002009279327467084,0.0049431174993515015
44,0.0022705821320414543,0.005079920869320631
45,0.0018751483876258135,0.005631600506603718
46,0.0020900145173072815,0.004303355701267719
47,0.0019448080565780401,0.006500372663140297
48,0.0018345157150179148,0.0049247583374381065
49,0.0018170452676713467,0.004768631421029568
50,0.0018088490469381213,0.004832882899791002
51,0.001854996895417571,0.004159612115472555
52,0.0016524913953617215,0.004052364267408848
53,0.0018839045660570264,0.003964294213801622
54,0.0018863758305087686,0.004011969547718763
55,0.0019185232231393456,0.004306391812860966
