epoch,loss,mean_absolute_error,val_loss,val_mean_absolute_error
0,0.3653546869754791,0.3653546869754791,0.5699617266654968,0.5699617266654968
1,0.25515687465667725,0.25515687465667725,0.39882874488830566,0.39882874488830566
2,0.15431997179985046,0.15431997179985046,0.21095283329486847,0.21095283329486847
3,0.08891395479440689,0.08891395479440689,0.04852032661437988,0.04852032661437988
4,0.08454936742782593,0.08454936742782593,0.07596380263566971,0.07596380263566971
5,0.08181145042181015,0.08181145042181015,0.04854947328567505,0.04854947328567505
6,0.0638529434800148,0.0638529434800148,0.068411685526371,0.068411685526371
7,0.06264199316501617,0.06264199316501617,0.06877457350492477,0.06877457350492477
8,0.05462264269590378,0.05462264269590378,0.05208435654640198,0.05208435654640198
9,0.044856708496809006,0.044856708496809006,0.06690023094415665,0.06690023094415665
10,0.044663023203611374,0.044663023203611374,0.07491637766361237,0.07491637766361237
11,0.04320915415883064,0.04320915415883064,0.05681014433503151,0.05681014433503151
12,0.043116260319948196,0.043116260319948196,0.05004466325044632,0.05004466325044632
13,0.042190976440906525,0.042190976440906525,0.0511712022125721,0.0511712022125721
14,0.03993777930736542,0.03993777930736542,0.05010654777288437,0.05010654777288437
15,0.03884970396757126,0.03884970396757126,0.04724523425102234,0.04724523425102234
16,0.038963817059993744,0.038963817059993744,0.046266473829746246,0.046266473829746246
17,0.03852883726358414,0.03852883726358414,0.04622214287519455,0.04622214287519455
18,0.03773518279194832,0.03773518279194832,0.04696935787796974,0.04696935787796974
19,0.03708891570568085,0.03708891570568085,0.0478125624358654,0.0478125624358654
20,0.03701739013195038,0.03701739013195038,0.04746035113930702,0.04746035113930702
21,0.036993786692619324,0.036993786692619324,0.045093175023794174,0.045093175023794174
22,0.03619084134697914,0.03619084134697914,0.04702448472380638,0.04702448472380638
23,0.035865794867277145,0.035865794867277145,0.04545310139656067,0.04545310139656067
24,0.03523435816168785,0.03523435816168785,0.04527300223708153,0.04527300223708153
25,0.03509475290775299,0.03509475290775299,0.04412246495485306,0.04412246495485306
26,0.03520260751247406,0.03520260751247406,0.04582686349749565,0.04582686349749565
27,0.034211546182632446,0.034211546182632446,0.04377374425530434,0.04377374425530434
28,0.03507666662335396,0.03507666662335396,0.04362965375185013,0.04362965375185013
29,0.03428056091070175,0.03428056091070175,0.04446316137909889,0.04446316137909889
30,0.03414066508412361,0.03414066508412361,0.04497849941253662,0.04497849941253662
31,0.03399506211280823,0.03399506211280823,0.04202969744801521,0.04202969744801521
32,0.03332790732383728,0.03332790732383728,0.04357313737273216,0.04357313737273216
33,0.0329715795814991,0.0329715833067894,0.041531674563884735,0.041531674563884735
34,0.03314950689673424,0.03314950689673424,0.0418710932135582,0.0418710932135582
35,0.03352312371134758,0.03352312371134758,0.04421815276145935,0.04421815276145935
36,0.033055081963539124,0.033055081963539124,0.043485041707754135,0.043485041707754135
37,0.03323526680469513,0.03323526680469513,0.04076540842652321,0.04076540842652321
38,0.031960174441337585,0.031960174441337585,0.04049412161111832,0.04049412161111832
39,0.03253309428691864,0.03253309428691864,0.042274944484233856,0.042274944484233856
40,0.03135840594768524,0.03135840594768524,0.04077717661857605,0.04077717661857605
41,0.03160190209746361,0.03160190209746361,0.04080454632639885,0.04080454632639885
42,0.03138282522559166,0.03138282522559166,0.040251199156045914,0.040251199156045914
43,0.0316532701253891,0.0316532701253891,0.04043818265199661,0.04043818265199661
44,0.030351709574460983,0.030351709574460983,0.04289926961064339,0.04289926961064339
45,0.03087875247001648,0.03087875247001648,0.04009241983294487,0.04009241983294487
46,0.03090357966721058,0.03090357966721058,0.038652416318655014,0.038652416318655014
47,0.03030429407954216,0.03030429407954216,0.039353497326374054,0.039353497326374054
48,0.029722437262535095,0.029722437262535095,0.037926945835351944,0.037926945835351944
49,0.029461493715643883,0.029461493715643883,0.039659760892391205,0.039659760892391205
50,0.029598576948046684,0.029598576948046684,0.03745998814702034,0.03745998814702034
51,0.029294483363628387,0.029294483363628387,0.03704286366701126,0.03704286366701126
52,0.028932936489582062,0.028932936489582062,0.040155064314603806,0.040155064314603806
53,0.02876995876431465,0.02876995876431465,0.03777053952217102,0.03777053952217102
54,0.028301270678639412,0.028301270678639412,0.042092736810445786,0.042092736810445786
55,0.029093118384480476,0.029093118384480476,0.03667878732085228,0.03667878732085228
56,0.028074318543076515,0.028074318543076515,0.03843251243233681,0.03843251243233681
57,0.028970537707209587,0.028970537707209587,0.039618391543626785,0.039618391543626785
58,0.0291791670024395,0.0291791670024395,0.03679442033171654,0.03679442033171654
59,0.02692795917391777,0.02692795917391777,0.04070720449090004,0.04070720449090004
60,0.027077412232756615,0.027077412232756615,0.035796310752630234,0.035796310752630234
61,0.027602877467870712,0.027602877467870712,0.04102662205696106,0.04102662205696106
62,0.027242833748459816,0.027242833748459816,0.03763622045516968,0.03763622045516968
63,0.026595570147037506,0.026595570147037506,0.03818731755018234,0.03818731755018234
64,0.02665776200592518,0.02665776200592518,0.03903636708855629,0.03903636708855629
65,0.026439642533659935,0.026439642533659935,0.03962983563542366,0.03962983563542366
66,0.026475386694073677,0.026475386694073677,0.03721874952316284,0.03721874952316284
67,0.025815894827246666,0.025815892964601517,0.03621599078178406,0.03621599078178406
68,0.02587951347231865,0.02587951347231865,0.039317552000284195,0.039317552000284195
69,0.026026753708720207,0.026026753708720207,0.034655340015888214,0.034655340015888214
70,0.025800932198762894,0.025800932198762894,0.036971040070056915,0.036971040070056915
71,0.025701850652694702,0.025701850652694702,0.043369781225919724,0.043369781225919724
72,0.025855258107185364,0.025855258107185364,0.03508218005299568,0.03508218005299568
73,0.02775314263999462,0.02775314263999462,0.03291940689086914,0.03291940689086914
74,0.02745063230395317,0.02745063230395317,0.03664400056004524,0.03664400056004524
75,0.028085436671972275,0.028085436671972275,0.047864098101854324,0.047864098101854324
76,0.02575267292559147,0.02575267292559147,0.032268594950437546,0.032268594950437546
77,0.02554653212428093,0.02554653212428093,0.04778369888663292,0.04778369888663292
78,0.027118224650621414,0.027118224650621414,0.0320562906563282,0.0320562906563282
79,0.025571661069989204,0.025571661069989204,0.04143892973661423,0.04143892973661423
80,0.026710111647844315,0.026710111647844315,0.037122853100299835,0.037122853100299835
81,0.026028865948319435,0.026028865948319435,0.03950819745659828,0.03950819745659828
82,0.026418879628181458,0.026418879628181458,0.038558606058359146,0.038558606058359146
83,0.026220450177788734,0.026220450177788734,0.03197145089507103,0.03197145089507103
84,0.025707824155688286,0.025707824155688286,0.036517463624477386,0.036517463624477386
85,0.024677341803908348,0.024677341803908348,0.03882911056280136,0.03882911056280136
86,0.02462090365588665,0.02462090365588665,0.03881705552339554,0.03881705552339554
87,0.025137124583125114,0.025137124583125114,0.032311003655195236,0.032311003655195236
88,0.02483144961297512,0.02483144961297512,0.04502222687005997,0.04502222687005997
89,0.024420559406280518,0.024420559406280518,0.03473351523280144,0.03473351523280144
90,0.024533554911613464,0.024533554911613464,0.03392022103071213,0.03392022103071213
91,0.024582844227552414,0.024582844227552414,0.03613557294011116,0.03613557294011116
92,0.02453216351568699,0.02453216351568699,0.04004976525902748,0.04004976525902748
93,0.024214204400777817,0.024214204400777817,0.03588755801320076,0.03588755801320076
94,0.024230577051639557,0.024230577051639557,0.03499281406402588,0.03499281406402588
95,0.023987209424376488,0.023987209424376488,0.03637799248099327,0.03637799248099327
96,0.024366024881601334,0.024366024881601334,0.038778532296419144,0.038778532296419144
97,0.02453899011015892,0.02453899011015892,0.03958290070295334,0.03958290070295334
98,0.02409997582435608,0.02409997582435608,0.048401087522506714,0.048401087522506714
99,0.02499755285680294,0.02499755285680294,0.033462222665548325,0.033462222665548325
100,0.024599650874733925,0.024599650874733925,0.03947098180651665,0.03947098180651665
101,0.02354135550558567,0.02354135550558567,0.03539049252867699,0.03539049252867699
102,0.02359253540635109,0.02359253540635109,0.03509744256734848,0.03509744256734848
103,0.02443244867026806,0.02443244867026806,0.049199916422367096,0.049199916422367096
104,0.024006284773349762,0.024006284773349762,0.03187837451696396,0.03187837451696396
105,0.0243325587362051,0.0243325587362051,0.03490665927529335,0.03490665927529335
106,0.024360347539186478,0.024360347539186478,0.03426232188940048,0.03426232188940048
107,0.02359701693058014,0.02359701693058014,0.03572990372776985,0.03572990372776985
108,0.023189343512058258,0.023189343512058258,0.04744633287191391,0.04744633287191391
109,0.02323894388973713,0.02323894388973713,0.030802760273218155,0.030802760273218155
110,0.024502579122781754,0.024502579122781754,0.04360342398285866,0.04360342398285866
111,0.02357354573905468,0.02357354573905468,0.03455211967229843,0.03455211967229843
112,0.02324192225933075,0.02324192225933075,0.038882944732904434,0.038882944732904434
113,0.023536259308457375,0.023536259308457375,0.031045695766806602,0.031045695766806602
114,0.023650337010622025,0.023650337010622025,0.04612290486693382,0.04612290486693382
115,0.023945793509483337,0.023945793509483337,0.04690968990325928,0.04690968990325928
116,0.023202793672680855,0.023202793672680855,0.030994372442364693,0.030994372442364693
117,0.023242685943841934,0.023242685943841934,0.05320262908935547,0.05320262908935547
118,0.023777982220053673,0.023777982220053673,0.03271154314279556,0.03271154314279556
119,0.022746125236153603,0.022746125236153603,0.0484871082007885,0.0484871082007885
120,0.023180915042757988,0.023180915042757988,0.04003752022981644,0.04003752022981644
121,0.022633614018559456,0.022633612155914307,0.03380269557237625,0.03380269557237625
122,0.022596312686800957,0.022596312686800957,0.04062459245324135,0.04062459245324135
123,0.022261852398514748,0.022261852398514748,0.04325930401682854,0.04325930401682854
124,0.022516388446092606,0.022516388446092606,0.041243575513362885,0.041243575513362885
125,0.022747717797756195,0.022747717797756195,0.03594823554158211,0.03594823554158211
126,0.02305072918534279,0.02305072918534279,0.05513666197657585,0.05513666197657585
127,0.024532141163945198,0.024532141163945198,0.03035900369286537,0.03035900369286537
128,0.025955181568861008,0.025955181568861008,0.04677100107073784,0.04677100107073784
129,0.02414277195930481,0.02414277195930481,0.03207001835107803,0.03207001835107803
130,0.02209451049566269,0.02209451049566269,0.034413278102874756,0.034413278102874756
131,0.022080454975366592,0.022080454975366592,0.04333559796214104,0.04333559796214104
132,0.021953867748379707,0.021953867748379707,0.030090374872088432,0.030090374872088432
133,0.02212849073112011,0.02212849073112011,0.03701653704047203,0.03701653704047203
134,0.02156161516904831,0.02156161516904831,0.037789665162563324,0.037789665162563324
135,0.02191101387143135,0.02191101387143135,0.040982794016599655,0.040982794016599655
136,0.021792201325297356,0.021792201325297356,0.031858619302511215,0.031858619302511215
137,0.022082317620515823,0.022082317620515823,0.04120243340730667,0.04120243340730667
138,0.021918632090091705,0.021918632090091705,0.03532121330499649,0.03532121330499649
139,0.022489311173558235,0.022489311173558235,0.04547162726521492,0.04547162726521492
140,0.02331373654305935,0.02331373654305935,0.029184529557824135,0.029184529557824135
141,0.023540273308753967,0.023540273308753967,0.06054158881306648,0.06054158881306648
142,0.024139920249581337,0.024139920249581337,0.029226213693618774,0.029226213693618774
143,0.023226125165820122,0.023226125165820122,0.06891082227230072,0.06891082227230072
144,0.026778142899274826,0.026778142899274826,0.03099714033305645,0.03099714033305645
145,0.02240937389433384,0.02240937575697899,0.03986065834760666,0.03986065834760666
146,0.021477997303009033,0.021477997303009033,0.032845389097929,0.032845389097929
147,0.02251853607594967,0.02251853607594967,0.03823801875114441,0.03823801875114441
148,0.02216051146388054,0.02216051146388054,0.03269781544804573,0.03269781544804573
149,0.021466968581080437,0.021466968581080437,0.03284841775894165,0.03284841775894165
150,0.021277155727148056,0.021277155727148056,0.035116128623485565,0.035116128623485565
151,0.021452415734529495,0.021452415734529495,0.033778782933950424,0.033778782933950424
152,0.021586520597338676,0.021586520597338676,0.028893420472741127,0.028893420472741127
153,0.02262783981859684,0.02262783981859684,0.046116530895233154,0.046116530895233154
154,0.02142060361802578,0.02142060361802578,0.03676925227046013,0.03676925227046013
155,0.020645590499043465,0.020645590499043465,0.03633735701441765,0.03633735701441765
156,0.021713050082325935,0.021713050082325935,0.034786760807037354,0.034786760807037354
157,0.02142561599612236,0.02142561599612236,0.040056198835372925,0.040056198835372925
158,0.02087409980595112,0.02087409980595112,0.032308999449014664,0.032308999449014664
159,0.020874740555882454,0.020874740555882454,0.033487726002931595,0.033487726002931595
160,0.020574094727635384,0.020574094727635384,0.04114313796162605,0.04114313796162605
161,0.02252449281513691,0.02252449281513691,0.04593529924750328,0.04593529924750328
162,0.0213701743632555,0.0213701743632555,0.032259341329336166,0.032259341329336166
163,0.02275087498128414,0.02275087498128414,0.046885449439287186,0.046885449439287186
164,0.022407351061701775,0.022407351061701775,0.02880733273923397,0.02880733273923397
165,0.02353358268737793,0.02353358268737793,0.05428013205528259,0.05428013205528259
166,0.022510012611746788,0.022510012611746788,0.03168606013059616,0.03168606013059616
167,0.02200465090572834,0.02200465090572834,0.030272934585809708,0.030272934585809708
168,0.021293794736266136,0.021293794736266136,0.03982725366950035,0.03982725366950035
169,0.020579976961016655,0.020579976961016655,0.028670605272054672,0.028670605272054672
170,0.02207881584763527,0.02207881584763527,0.04358604550361633,0.04358604550361633
171,0.022514961659908295,0.022514961659908295,0.02887553907930851,0.02887553907930851
172,0.025202874094247818,0.025202874094247818,0.03928348794579506,0.03928348794579506
173,0.021409060806035995,0.021409060806035995,0.03916728124022484,0.03916728124022484
174,0.0207204706966877,0.0207204706966877,0.03586957976222038,0.03586957976222038
175,0.02042574994266033,0.02042574994266033,0.03630736842751503,0.03630736842751503
176,0.02027246169745922,0.02027246169745922,0.038087014108896255,0.038087014108896255
177,0.02025284804403782,0.02025284804403782,0.029624147340655327,0.029624147340655327
178,0.02014692686498165,0.02014692686498165,0.04028240591287613,0.04028240591287613
179,0.020213231444358826,0.020213231444358826,0.03132316470146179,0.03132316470146179
180,0.021918389946222305,0.021918389946222305,0.03946557641029358,0.03946557641029358
181,0.020097414031624794,0.020097414031624794,0.0404808446764946,0.0404808446764946
182,0.019821004942059517,0.019821004942059517,0.034192610532045364,0.034192610532045364
183,0.019977323710918427,0.019977323710918427,0.037601321935653687,0.037601321935653687
184,0.02020212635397911,0.02020212635397911,0.030204342678189278,0.030204342678189278
185,0.0199093259871006,0.0199093259871006,0.04094836115837097,0.04094836115837097
186,0.01963917724788189,0.01963917538523674,0.042762793600559235,0.042762793600559235
187,0.019771413877606392,0.019771413877606392,0.0341348759829998,0.0341348759829998
188,0.019489895552396774,0.019489895552396774,0.039061278104782104,0.039061278104782104
189,0.019180525094270706,0.019180525094270706,0.03509756177663803,0.03509756177663803
190,0.020137717947363853,0.020137717947363853,0.054182492196559906,0.054182492196559906
191,0.020943190902471542,0.020943190902471542,0.03828558325767517,0.03828558325767517
192,0.02129204012453556,0.02129204012453556,0.03866436332464218,0.03866436332464218
193,0.020604390650987625,0.020604390650987625,0.05391572788357735,0.05391572788357735
194,0.022859808057546616,0.022859808057546616,0.028581062331795692,0.028581062331795692
195,0.023417247459292412,0.023417247459292412,0.04165885969996452,0.04165885969996452
196,0.021085817366838455,0.021085817366838455,0.028168920427560806,0.028168920427560806
197,0.0198303684592247,0.0198303684592247,0.05242765322327614,0.05242765322327614
198,0.021116768941283226,0.021116768941283226,0.035386767238378525,0.035386767238378525
199,0.020023241639137268,0.020023241639137268,0.04750175029039383,0.04750175029039383
200,0.019483936950564384,0.019483936950564384,0.03650489076972008,0.03650489076972008
201,0.019244764000177383,0.019244764000177383,0.04072875156998634,0.04072875156998634
202,0.019203336909413338,0.019203336909413338,0.043980710208415985,0.043980710208415985
203,0.019793111830949783,0.019793111830949783,0.028238901868462563,0.028238901868462563
204,0.022748667746782303,0.022748667746782303,0.07279260456562042,0.07279260456562042
205,0.022020284086465836,0.022020284086465836,0.02776275761425495,0.02776275761425495
206,0.023725898936390877,0.023725898936390877,0.04686665162444115,0.04686665162444115
207,0.019313722848892212,0.019313722848892212,0.03355620428919792,0.03355620428919792
208,0.01913473568856716,0.01913473568856716,0.057740598917007446,0.057740598917007446
209,0.019804414361715317,0.019804414361715317,0.029935836791992188,0.029935836791992188
210,0.01909160614013672,0.01909160614013672,0.04630415514111519,0.04630415514111519
211,0.02094128169119358,0.02094128169119358,0.03601030632853508,0.03601030632853508
212,0.018826408311724663,0.018826408311724663,0.03391799330711365,0.03391799330711365
213,0.019406432285904884,0.019406432285904884,0.041353799402713776,0.041353799402713776
214,0.019067397341132164,0.019067397341132164,0.043287258595228195,0.043287258595228195
215,0.019181644544005394,0.019181644544005394,0.05190548673272133,0.05190548673272133
216,0.021977903321385384,0.021977903321385384,0.02853047475218773,0.02853047475218773
217,0.02168622426688671,0.02168622426688671,0.032891254872083664,0.032891254872083664
218,0.018998412415385246,0.018998412415385246,0.036712728440761566,0.036712728440761566
219,0.01892884261906147,0.01892884261906147,0.07349104434251785,0.07349104434251785
220,0.02349766530096531,0.02349766530096531,0.03283444792032242,0.03283444792032242
221,0.020756449550390244,0.020756449550390244,0.053147342056035995,0.053147342056035995
222,0.021181348711252213,0.021181348711252213,0.030573533847928047,0.030573533847928047
223,0.020046381279826164,0.020046381279826164,0.04790050536394119,0.04790050536394119
224,0.019265081733465195,0.019265081733465195,0.0363711342215538,0.0363711342215538
225,0.01942666433751583,0.01942666433751583,0.047824837267398834,0.047824837267398834
226,0.019542591646313667,0.019542591646313667,0.02843671664595604,0.02843671664595604
227,0.019559180364012718,0.019559180364012718,0.06550932675600052,0.06550932675600052
228,0.02264460176229477,0.02264460176229477,0.035128917545080185,0.035128917545080185
229,0.01861865259706974,0.01861865259706974,0.05254139378666878,0.05254139378666878
230,0.019111033529043198,0.019111033529043198,0.027804626151919365,0.027804626151919365
