epoch,loss,mean_absolute_error,val_loss,val_mean_absolute_error
0,0.2969505786895752,0.2969505786895752,0.6617972254753113,0.6617972254753113
1,0.24730141460895538,0.24730141460895538,0.5821046829223633,0.5821046829223633
2,0.19110363721847534,0.19110363721847534,0.33253583312034607,0.33253583312034607
3,0.11432340741157532,0.11432340741157532,0.13949644565582275,0.13949644565582275
4,0.09367706626653671,0.09367706626653671,0.1498917192220688,0.1498917192220688
5,0.08214068412780762,0.08214068412780762,0.13534283638000488,0.13534283638000488
6,0.07685448229312897,0.07685448229312897,0.13036330044269562,0.13036330044269562
7,0.06636186689138412,0.06636186689138412,0.12019069492816925,0.12019069492816925
8,0.06024947762489319,0.06024947762489319,0.1212967187166214,0.1212967187166214
9,0.052600279450416565,0.052600279450416565,0.12912173569202423,0.12912173569202423
10,0.04862285405397415,0.04862285405397415,0.0980377346277237,0.0980377346277237
11,0.03804122656583786,0.03804122656583786,0.09285829216241837,0.09285829216241837
12,0.03738420456647873,0.03738420456647873,0.08359801024198532,0.08359801024198532
13,0.03567352890968323,0.03567352890968323,0.08892663568258286,0.08892663568258286
14,0.03838453069329262,0.03838453069329262,0.09469056874513626,0.09469056874513626
15,0.03617521747946739,0.03617521747946739,0.08811180293560028,0.08811180293560028
16,0.03569889813661575,0.03569889813661575,0.08705469965934753,0.08705469965934753
17,0.03347742557525635,0.03347742557525635,0.07709944248199463,0.07709944248199463
18,0.03306172043085098,0.03306172043085098,0.07538996636867523,0.07538996636867523
19,0.03333615884184837,0.03333615884184837,0.07114303112030029,0.07114303112030029
20,0.03658647462725639,0.03658647462725639,0.07643873989582062,0.07643873989582062
21,0.030419081449508667,0.030419081449508667,0.06941451132297516,0.06941451132297516
22,0.03033219650387764,0.03033219650387764,0.07044235616922379,0.07044235616922379
23,0.03099711425602436,0.03099711425602436,0.06623725593090057,0.06623725593090057
24,0.03437947481870651,0.03437947481870651,0.06131473183631897,0.06131473183631897
25,0.03230231627821922,0.03230231627821922,0.07272791862487793,0.07272791862487793
26,0.030130969360470772,0.030130969360470772,0.06499763578176498,0.06499763578176498
27,0.033734746277332306,0.033734746277332306,0.060875654220581055,0.060875654220581055
28,0.030274294316768646,0.030274294316768646,0.07899460941553116,0.07899460941553116
29,0.030936546623706818,0.030936546623706818,0.08153349906206131,0.08153349906206131
30,0.03034193068742752,0.03034193068742752,0.054127421230077744,0.054127421230077744
31,0.027140788733959198,0.027140788733959198,0.061692774295806885,0.061692774295806885
32,0.02965410239994526,0.02965410239994526,0.058297861367464066,0.058297861367464066
33,0.029217755421996117,0.029217755421996117,0.05655844137072563,0.05655844137072563
34,0.02676256187260151,0.02676256187260151,0.0521879568696022,0.0521879568696022
35,0.026967311277985573,0.026967311277985573,0.052167151123285294,0.052167151123285294
36,0.027759654447436333,0.027759654447436333,0.06517776101827621,0.06517776101827621
37,0.03220260888338089,0.03220260888338089,0.06286285072565079,0.06286285072565079
38,0.028083909302949905,0.028083909302949905,0.06035661697387695,0.06035661697387695
39,0.026607930660247803,0.026607930660247803,0.049552105367183685,0.049552105367183685
40,0.02658911421895027,0.02658911421895027,0.052515529096126556,0.052515529096126556
41,0.02673344872891903,0.02673344872891903,0.05364356189966202,0.05364356189966202
42,0.025782570242881775,0.025782570242881775,0.05622448772192001,0.05622448772192001
43,0.02538364566862583,0.02538364566862583,0.05790470913052559,0.05790470913052559
44,0.025834357365965843,0.025834357365965843,0.058926742523908615,0.058926742523908615
45,0.026910630986094475,0.026910630986094475,0.05847104638814926,0.05847104638814926
46,0.02592393569648266,0.02592393569648266,0.0484723225235939,0.0484723225235939
47,0.029810979962348938,0.029810979962348938,0.04746024310588837,0.04746024310588837
48,0.0252622589468956,0.0252622589468956,0.05096513032913208,0.05096513032913208
49,0.025282161310315132,0.025282161310315132,0.049838580191135406,0.049838580191135406
50,0.026445165276527405,0.026445165276527405,0.053577907383441925,0.053577907383441925
51,0.028150172904133797,0.028150172904133797,0.05028025433421135,0.05028025433421135
52,0.02989054098725319,0.02989054098725319,0.06482134014368057,0.06482134014368057
53,0.02701953984797001,0.02701953984797001,0.05243963003158569,0.05243963003158569
54,0.02790183573961258,0.02790183573961258,0.046371400356292725,0.046371400356292725
55,0.0331583246588707,0.0331583246588707,0.06184384599328041,0.06184384599328041
56,0.028276454657316208,0.028276454657316208,0.059468694031238556,0.059468694031238556
57,0.030393829569220543,0.030393829569220543,0.0572592057287693,0.0572592057287693
58,0.026245441287755966,0.026245441287755966,0.05344533920288086,0.05344533920288086
59,0.02567477338016033,0.02567477338016033,0.050603512674570084,0.050603512674570084
60,0.025530794635415077,0.025530794635415077,0.05028907209634781,0.05028907209634781
61,0.027172982692718506,0.027172982692718506,0.04653941094875336,0.04653941094875336
62,0.026143869385123253,0.026143869385123253,0.056652773171663284,0.056652773171663284
63,0.025829797610640526,0.025829797610640526,0.04899684339761734,0.04899684339761734
64,0.024252984672784805,0.024252984672784805,0.052820511162281036,0.052820511162281036
65,0.025982579216361046,0.025982579216361046,0.052892446517944336,0.052892446517944336
66,0.025649765506386757,0.025649765506386757,0.049090541899204254,0.049090541899204254
67,0.02688429318368435,0.02688429318368435,0.05537968873977661,0.05537968873977661
68,0.02747383899986744,0.02747383899986744,0.048590194433927536,0.048590194433927536
69,0.024707838892936707,0.024707838892936707,0.04731985181570053,0.04731985181570053
70,0.024631448090076447,0.024631448090076447,0.0686722993850708,0.0686722993850708
71,0.03144645690917969,0.03144645690917969,0.048434652388095856,0.048434652388095856
72,0.028025658801198006,0.028025658801198006,0.061659328639507294,0.061659328639507294
73,0.02594112791121006,0.02594112791121006,0.06501464545726776,0.06501464545726776
74,0.025788940489292145,0.025788940489292145,0.05536835268139839,0.05536835268139839
75,0.023655639961361885,0.023655639961361885,0.0483752116560936,0.0483752116560936
76,0.024256933480501175,0.024256933480501175,0.044881608337163925,0.044881608337163925
77,0.023732325062155724,0.023732325062155724,0.05286789312958717,0.05286789312958717
78,0.02577204816043377,0.02577204816043377,0.0609135627746582,0.0609135627746582
79,0.02872052974998951,0.02872052974998951,0.04882773756980896,0.04882773756980896
80,0.025264546275138855,0.025264546275138855,0.049619901925325394,0.049619901925325394
81,0.02436257153749466,0.02436257153749466,0.05001738667488098,0.05001738667488098
82,0.023524636402726173,0.023524636402726173,0.0433606319129467,0.0433606319129467
83,0.025178493931889534,0.025178493931889534,0.04466572031378746,0.04466572031378746
84,0.02610878087580204,0.02610878087580204,0.056666646152734756,0.056666646152734756
85,0.024599989876151085,0.024599989876151085,0.05251314118504524,0.05251314118504524
86,0.02460627630352974,0.02460627630352974,0.0514431931078434,0.0514431931078434
87,0.02532966621220112,0.02532966621220112,0.05223795399069786,0.05223795399069786
88,0.026561858132481575,0.026561858132481575,0.05423615500330925,0.05423615500330925
89,0.02489362843334675,0.02489362843334675,0.06419207900762558,0.06419207900762558
90,0.0269923098385334,0.0269923098385334,0.0585295632481575,0.0585295632481575
91,0.029949676245450974,0.029949676245450974,0.06117141619324684,0.06117141619324684
92,0.024521656334400177,0.024521656334400177,0.05549350380897522,0.05549350380897522
93,0.026793694123625755,0.026793694123625755,0.062196191400289536,0.062196191400289536
94,0.02549220249056816,0.02549220249056816,0.04888785257935524,0.04888785257935524
95,0.024296201765537262,0.024296201765537262,0.048446059226989746,0.048446059226989746
96,0.02455606870353222,0.02455606870353222,0.04629527032375336,0.04629527032375336
97,0.023071400821208954,0.023071400821208954,0.04389646649360657,0.04389646649360657
98,0.023068061098456383,0.023068061098456383,0.05291948840022087,0.05291948840022087
99,0.02374272048473358,0.02374272048473358,0.04512197896838188,0.04512197896838188
100,0.02301320992410183,0.02301320992410183,0.04688885062932968,0.04688885062932968
101,0.023569688200950623,0.023569688200950623,0.05312565341591835,0.05312565341591835
102,0.023854216560721397,0.023854216560721397,0.045129843056201935,0.045129843056201935
103,0.02345297671854496,0.02345297671854496,0.04902416840195656,0.04902416840195656
104,0.02319595031440258,0.02319595031440258,0.0414859764277935,0.0414859764277935
105,0.023072008043527603,0.023072008043527603,0.04078705981373787,0.04078705981373787
106,0.025692371651530266,0.025692371651530266,0.0423646941781044,0.0423646941781044
107,0.026645846664905548,0.026645846664905548,0.04833042994141579,0.04833042994141579
108,0.02353542484343052,0.02353542484343052,0.059182245284318924,0.059182245284318924
109,0.025519900023937225,0.025519900023937225,0.05040556192398071,0.05040556192398071
110,0.026433296501636505,0.026433296501636505,0.04015422984957695,0.04015422984957695
111,0.024296050891280174,0.024296050891280174,0.05379284545779228,0.05379284545779228
112,0.024549409747123718,0.024549409747123718,0.05481324344873428,0.05481324344873428
113,0.024805204942822456,0.024805204942822456,0.0581747442483902,0.0581747442483902
114,0.024603085592389107,0.024603085592389107,0.049255382269620895,0.049255382269620895
115,0.02259743958711624,0.02259743958711624,0.04894888773560524,0.04894888773560524
116,0.02317214384675026,0.02317214384675026,0.042322199791669846,0.042322199791669846
117,0.0248884204775095,0.0248884204775095,0.05105986073613167,0.05105986073613167
118,0.02334119752049446,0.02334119752049446,0.042587872594594955,0.042587872594594955
119,0.022237323224544525,0.022237323224544525,0.04308917745947838,0.04308917745947838
120,0.022312752902507782,0.022312752902507782,0.045530568808317184,0.045530568808317184
121,0.02325751818716526,0.02325751818716526,0.042169470340013504,0.042169470340013504
122,0.022675644606351852,0.022675644606351852,0.042155951261520386,0.042155951261520386
123,0.022996269166469574,0.022996269166469574,0.042192380875349045,0.042192380875349045
124,0.022747071459889412,0.022747071459889412,0.042520683258771896,0.042520683258771896
125,0.023802943527698517,0.023802943527698517,0.04717353731393814,0.04717353731393814
126,0.030129030346870422,0.030129030346870422,0.051517944782972336,0.051517944782972336
127,0.0296756811439991,0.0296756811439991,0.04273975268006325,0.04273975268006325
128,0.02402922883629799,0.02402922883629799,0.04486566036939621,0.04486566036939621
129,0.0225668977946043,0.0225668977946043,0.04622090235352516,0.04622090235352516
130,0.022790487855672836,0.022790487855672836,0.04152436926960945,0.04152436926960945
131,0.022116433829069138,0.022116433829069138,0.043995201587677,0.043995201587677
132,0.02615400031208992,0.02615400031208992,0.045503661036491394,0.045503661036491394
133,0.0269485991448164,0.0269485991448164,0.05022924020886421,0.05022924020886421
134,0.022670798003673553,0.022670798003673553,0.04932841658592224,0.04932841658592224
135,0.024005074054002762,0.024005074054002762,0.04531366750597954,0.04531366750597954
