epoch,loss,mean_absolute_error,val_loss,val_mean_absolute_error
0,0.11607304215431213,0.11607304215431213,0.06003986671566963,0.06003986671566963
1,0.04209011793136597,0.04209011793136597,0.05999397486448288,0.05999397486448288
2,0.03230467066168785,0.03230467066168785,0.05565375089645386,0.05565374717116356
3,0.029755624011158943,0.029755624011158943,0.05537964776158333,0.05537964776158333
4,0.02673729881644249,0.02673729881644249,0.05567863956093788,0.05567863956093788
5,0.024407293647527695,0.024407293647527695,0.0569162480533123,0.0569162480533123
6,0.025242125615477562,0.025242125615477562,0.07053901255130768,0.07053901255130768
7,0.023381855338811874,0.023381855338811874,0.054619647562503815,0.054619647562503815
8,0.023024020716547966,0.023024020716547966,0.05967600271105766,0.05967600271105766
9,0.021605979651212692,0.021605979651212692,0.05455232411623001,0.05455232411623001
10,0.021823037415742874,0.021823037415742874,0.04942838475108147,0.04942838475108147
11,0.02369111403822899,0.02369111403822899,0.04649454355239868,0.04649454355239868
12,0.021433718502521515,0.021433718502521515,0.046334393322467804,0.046334393322467804
13,0.02098579704761505,0.02098579704761505,0.04750837758183479,0.04750837758183479
14,0.022020915523171425,0.022020915523171425,0.04455093294382095,0.04455093294382095
15,0.023670274764299393,0.023670274764299393,0.06726931035518646,0.06726931035518646
16,0.02345525473356247,0.02345525473356247,0.0429348424077034,0.0429348424077034
17,0.021197840571403503,0.021197840571403503,0.058409567922353745,0.058409567922353745
18,0.023217162117362022,0.023217162117362022,0.05243298411369324,0.05243298411369324
19,0.020382728427648544,0.020382728427648544,0.04267483949661255,0.04267483949661255
20,0.02108008973300457,0.02108008973300457,0.047233521938323975,0.047233521938323975
21,0.01997004821896553,0.01997004821896553,0.05647869408130646,0.05647869408130646
22,0.022762227803468704,0.022762227803468704,0.06768292188644409,0.06768292188644409
23,0.024401016533374786,0.024401016533374786,0.0471806675195694,0.0471806675195694
24,0.02400445006787777,0.02400445006787777,0.041337259113788605,0.041337259113788605
25,0.02118953876197338,0.02118953876197338,0.04022537171840668,0.04022537171840668
26,0.02032182551920414,0.02032182551920414,0.05922897905111313,0.05922897905111313
27,0.022633206099271774,0.022633206099271774,0.03983360901474953,0.03983360901474953
28,0.021784216165542603,0.021784216165542603,0.04153336584568024,0.04153336584568024
29,0.01961512863636017,0.01961512863636017,0.04011528566479683,0.04011528566479683
30,0.019990641623735428,0.019990641623735428,0.04002778232097626,0.04002778232097626
31,0.01906825788319111,0.01906825788319111,0.03761136904358864,0.03761136904358864
32,0.019282503053545952,0.019282503053545952,0.03693389892578125,0.03693389892578125
33,0.018626725301146507,0.018626725301146507,0.04166638106107712,0.04166638106107712
34,0.018691083416342735,0.018691083416342735,0.04934295266866684,0.04934295266866684
35,0.01936030015349388,0.01936030015349388,0.04863337054848671,0.04863337054848671
36,0.019189130514860153,0.019189130514860153,0.04303685575723648,0.04303685575723648
37,0.017754187807440758,0.017754187807440758,0.04391336441040039,0.04391336441040039
38,0.019923487678170204,0.019923487678170204,0.05135941505432129,0.05135941505432129
39,0.01932526007294655,0.01932526007294655,0.04110954701900482,0.04110954701900482
40,0.01883406937122345,0.01883406937122345,0.06022410839796066,0.06022410839796066
41,0.018472060561180115,0.018472060561180115,0.039769917726516724,0.039769917726516724
42,0.01988939568400383,0.01988939568400383,0.08648491650819778,0.08648491650819778
43,0.026216501370072365,0.026216501370072365,0.04112056642770767,0.04112056642770767
44,0.019809233024716377,0.019809233024716377,0.0412040650844574,0.0412040650844574
45,0.01813308708369732,0.01813308708369732,0.04011928662657738,0.04011928662657738
46,0.01816990040242672,0.01816990040242672,0.04431572183966637,0.04431572183966637
47,0.017902985215187073,0.017902985215187073,0.03983398899435997,0.03983398899435997
48,0.016899198293685913,0.016899198293685913,0.04605180770158768,0.04605180770158768
49,0.016952525824308395,0.016952525824308395,0.03663419932126999,0.03663419932126999
50,0.018037455156445503,0.018037455156445503,0.047848619520664215,0.047848619520664215
51,0.01887545920908451,0.01887545920908451,0.03730098530650139,0.03730098530650139
52,0.018666474148631096,0.018666474148631096,0.040471963584423065,0.040471963584423065
53,0.017544496804475784,0.017544496804475784,0.037618301808834076,0.037618301808834076
54,0.017987588420510292,0.017987588420510292,0.04586736857891083,0.04586736857891083
55,0.01657797582447529,0.01657797582447529,0.044320736080408096,0.044320736080408096
56,0.016494333744049072,0.016494333744049072,0.04350445047020912,0.04350445047020912
57,0.017068389803171158,0.017068389803171158,0.03767217695713043,0.03767217695713043
58,0.0185233224183321,0.0185233224183321,0.05711347982287407,0.05711347982287407
59,0.019536912441253662,0.019536912441253662,0.04143392667174339,0.04143392667174339
60,0.01909644342958927,0.01909644342958927,0.03996909782290459,0.03996909782290459
61,0.01900179497897625,0.01900179497897625,0.040660642087459564,0.040660642087459564
62,0.01769835688173771,0.01769835688173771,0.03836401551961899,0.03836401551961899
63,0.01656060293316841,0.01656060293316841,0.04301731660962105,0.04301731660962105
64,0.017979362979531288,0.017979362979531288,0.04318568482995033,0.04318568482995033
65,0.016975805163383484,0.016975805163383484,0.04155633598566055,0.04155633598566055
66,0.016528453677892685,0.016528453677892685,0.0386945866048336,0.0386945866048336
67,0.015901410952210426,0.015901410952210426,0.05011904612183571,0.05011904612183571
68,0.016684385016560555,0.016684385016560555,0.04692121595144272,0.04692121595144272
69,0.017176054418087006,0.017176054418087006,0.045456673949956894,0.045456673949956894
70,0.01694575883448124,0.01694575883448124,0.06965247541666031,0.06965247541666031
71,0.019607210531830788,0.019607210531830788,0.04031313955783844,0.04031313955783844
72,0.01803641952574253,0.01803641952574253,0.043464746326208115,0.043464746326208115
73,0.01662478968501091,0.01662478968501091,0.0438687689602375,0.0438687689602375
74,0.016619764268398285,0.016619764268398285,0.03774935007095337,0.03774935007095337
